Mplus VERSION 8.3
MUTHEN & MUTHEN
02/14/2023   1:22 PM

INPUT INSTRUCTIONS

  TITLE:
    1-component paper 2 normal mixture model
    !LPA with no restrictions to variance

  DATA: FILE IS C:\Users\bpinget\Desktop\factormeans.csv;

  VARIABLE:
    NAMES ARE ID General12 Threat12 Cope12 FNR12 Loss12 Sleep12 Somatic12 PA12
                 General3 Threat3 Cope3 FNR3 Loss3 Sleep3 Somatic3 PA3
                 General4 Threat4 Cope4 FNR4 Loss4 Sleep4 Somatic4 PA4
                 General567 Threat567 Cope567 FNR567 Loss567 Sleep567 Somatic567 PA567;
    USEVARIABLES General12 Threat12 Cope12 FNR12 Loss12 Sleep12 Somatic12 PA12
                 General3 Threat3 Cope3 FNR3 Loss3 Sleep3 Somatic3 PA3
                 General4 Threat4 Cope4 FNR4 Loss4 Sleep4 Somatic4 PA4
                 General567 Threat567 Cope567 FNR567 Loss567 Sleep567 Somatic567 PA567;
    IDVARIABLE IS ID;
    CLASSES = class (1);
    MISSING IS General12 Threat12 Cope12 FNR12 Loss12 Sleep12 Somatic12 PA12
                 General3 Threat3 Cope3 FNR3 Loss3 Sleep3 Somatic3 PA3
                 General4 Threat4 Cope4 FNR4 Loss4 Sleep4 Somatic4 PA4
                 General567 Threat567 Cope567 FNR567 Loss567 Sleep567 Somatic567 PA567(-99);

  ANALYSIS:
    TYPE = MIXTURE;
    STARTS = 10000 1000;
    ESTIMATOR = ML;
    MODEL = NOCOV;

  MODEL:
  %class#1%
                 [General12 Threat12 Cope12 FNR12 Loss12 Sleep12 Somatic12 PA12
                 General3 Threat3 Cope3 FNR3 Loss3 Sleep3 Somatic3 PA3
                 General4 Threat4 Cope4 FNR4 Loss4 Sleep4 Somatic4 PA4
                 General567 Threat567 Cope567 FNR567 Loss567 Sleep567 Somatic567 PA567];

                 General12 Threat12 Cope12 FNR12 Loss12 Sleep12 Somatic12 PA12
                 General3 Threat3 Cope3 FNR3 Loss3 Sleep3 Somatic3 PA3
                 General4 Threat4 Cope4 FNR4 Loss4 Sleep4 Somatic4 PA4
                 General567 Threat567 Cope567 FNR567 Loss567 Sleep567 Somatic567 PA567;

  OUTPUT: STDYX;

  SAVEDATA: FILE IS C:\Users\bpinget\Desktop\Dissertation2\1r;
               SAVE = cprob;



*** WARNING in VARIABLE command
  Note that only the first 8 characters of variable names are used in the output.
  Shorten variable names to avoid any confusion.
*** WARNING in MODEL command
  All variables are uncorrelated with all other variables within class.
  Check that this is what is intended.
   2 WARNING(S) FOUND IN THE INPUT INSTRUCTIONS




1-component paper 2 normal mixture model

SUMMARY OF ANALYSIS

Number of groups                                                 1
Number of observations                                         617

Number of dependent variables                                   32
Number of independent variables                                  0
Number of continuous latent variables                            0
Number of categorical latent variables                           1

Observed dependent variables

  Continuous
   GENERAL12   THREAT12    COPE12      FNR12       LOSS12      SLEEP12
   SOMATIC12   PA12        GENERAL3    THREAT3     COPE3       FNR3
   LOSS3       SLEEP3      SOMATIC3    PA3         GENERAL4    THREAT4
   COPE4       FNR4        LOSS4       SLEEP4      SOMATIC4    PA4
   GENERAL567  THREAT567   COPE567     FNR567      LOSS567     SLEEP567
   SOMATIC567  PA567

Categorical latent variables
   CLASS

Variables with special functions

  ID variable           ID

Estimator                                                       ML
Information matrix                                        OBSERVED
Optimization Specifications for the Quasi-Newton Algorithm for
Continuous Outcomes
  Maximum number of iterations                                 100
  Convergence criterion                                  0.100D-05
Optimization Specifications for the EM Algorithm
  Maximum number of iterations                                 500
  Convergence criteria
    Loglikelihood change                                 0.100D-06
    Relative loglikelihood change                        0.100D-06
    Derivative                                           0.100D-05
Optimization Specifications for the M step of the EM Algorithm for
Categorical Latent variables
  Number of M step iterations                                    1
  M step convergence criterion                           0.100D-05
  Basis for M step termination                           ITERATION
Optimization Specifications for the M step of the EM Algorithm for
Censored, Binary or Ordered Categorical (Ordinal), Unordered
Categorical (Nominal) and Count Outcomes
  Number of M step iterations                                    1
  M step convergence criterion                           0.100D-05
  Basis for M step termination                           ITERATION
  Maximum value for logit thresholds                            15
  Minimum value for logit thresholds                           -15
  Minimum expected cell size for chi-square              0.100D-01
Maximum number of iterations for H1                           2000
Convergence criterion for H1                             0.100D-03
Optimization algorithm                                         EMA
Random Starts Specifications
  Number of initial stage random starts                      10000
  Number of final stage optimizations                         1000
  Number of initial stage iterations                            10
  Initial stage convergence criterion                    0.100D+01
  Random starts scale                                    0.500D+01
  Random seed for generating random starts                       0

Input data file(s)
  C:\Users\bpinget\Desktop\factormeans.csv
Input data format  FREE


SUMMARY OF DATA

     Number of missing data patterns            23
     Number of y missing data patterns          23
     Number of u missing data patterns           0


COVARIANCE COVERAGE OF DATA

Minimum covariance coverage value   0.100


     PROPORTION OF DATA PRESENT FOR Y


           Covariance Coverage
              GENERAL1      THREAT12      COPE12        FNR12         LOSS12
              ________      ________      ________      ________      ________
 GENERAL1       0.566
 THREAT12       0.566         0.566
 COPE12         0.566         0.566         0.566
 FNR12          0.566         0.566         0.566         0.566
 LOSS12         0.566         0.566         0.566         0.566         0.566
 SLEEP12        0.566         0.566         0.566         0.566         0.566
 SOMATIC1       0.566         0.566         0.566         0.566         0.566
 PA12           0.566         0.566         0.566         0.566         0.566
 GENERAL3       0.251         0.251         0.251         0.251         0.251
 THREAT3        0.251         0.251         0.251         0.251         0.251
 COPE3          0.251         0.251         0.251         0.251         0.251
 FNR3           0.251         0.251         0.251         0.251         0.251
 LOSS3          0.251         0.251         0.251         0.251         0.251
 SLEEP3         0.251         0.251         0.251         0.251         0.251
 SOMATIC3       0.251         0.251         0.251         0.251         0.251
 PA3            0.251         0.251         0.251         0.251         0.251
 GENERAL4       0.261         0.261         0.261         0.261         0.261
 THREAT4        0.261         0.261         0.261         0.261         0.261
 COPE4          0.261         0.261         0.261         0.261         0.261
 FNR4           0.261         0.261         0.261         0.261         0.261
 LOSS4          0.261         0.261         0.261         0.261         0.261
 SLEEP4         0.261         0.261         0.261         0.261         0.261
 SOMATIC4       0.261         0.261         0.261         0.261         0.261
 PA4            0.261         0.261         0.261         0.261         0.261
 GENERAL5       0.361         0.361         0.361         0.361         0.361
 THREAT56       0.361         0.361         0.361         0.361         0.361
 COPE567        0.361         0.361         0.361         0.361         0.361
 FNR567         0.361         0.361         0.361         0.361         0.361
 LOSS567        0.361         0.361         0.361         0.361         0.361
 SLEEP567       0.361         0.361         0.361         0.361         0.361
 SOMATIC5       0.310         0.310         0.310         0.310         0.310
 PA567          0.361         0.361         0.361         0.361         0.361


           Covariance Coverage
              SLEEP12       SOMATIC1      PA12          GENERAL3      THREAT3
              ________      ________      ________      ________      ________
 SLEEP12        0.566
 SOMATIC1       0.566         0.566
 PA12           0.566         0.566         0.566
 GENERAL3       0.251         0.251         0.251         0.447
 THREAT3        0.251         0.251         0.251         0.447         0.447
 COPE3          0.251         0.251         0.251         0.447         0.447
 FNR3           0.251         0.251         0.251         0.447         0.447
 LOSS3          0.251         0.251         0.251         0.447         0.447
 SLEEP3         0.251         0.251         0.251         0.447         0.447
 SOMATIC3       0.251         0.251         0.251         0.447         0.447
 PA3            0.251         0.251         0.251         0.447         0.447
 GENERAL4       0.261         0.261         0.261         0.203         0.203
 THREAT4        0.261         0.261         0.261         0.203         0.203
 COPE4          0.261         0.261         0.261         0.203         0.203
 FNR4           0.261         0.261         0.261         0.203         0.203
 LOSS4          0.261         0.261         0.261         0.203         0.203
 SLEEP4         0.261         0.261         0.261         0.203         0.203
 SOMATIC4       0.261         0.261         0.261         0.203         0.203
 PA4            0.261         0.261         0.261         0.203         0.203
 GENERAL5       0.361         0.361         0.361         0.288         0.288
 THREAT56       0.361         0.361         0.361         0.288         0.288
 COPE567        0.361         0.361         0.361         0.288         0.288
 FNR567         0.361         0.361         0.361         0.288         0.288
 LOSS567        0.361         0.361         0.361         0.288         0.288
 SLEEP567       0.361         0.361         0.361         0.288         0.288
 SOMATIC5       0.310         0.310         0.310         0.248         0.248
 PA567          0.361         0.361         0.361         0.288         0.288


           Covariance Coverage
              COPE3         FNR3          LOSS3         SLEEP3        SOMATIC3
              ________      ________      ________      ________      ________
 COPE3          0.447
 FNR3           0.447         0.447
 LOSS3          0.447         0.447         0.447
 SLEEP3         0.447         0.447         0.447         0.447
 SOMATIC3       0.447         0.447         0.447         0.447         0.447
 PA3            0.447         0.447         0.447         0.447         0.447
 GENERAL4       0.203         0.203         0.203         0.203         0.203
 THREAT4        0.203         0.203         0.203         0.203         0.203
 COPE4          0.203         0.203         0.203         0.203         0.203
 FNR4           0.203         0.203         0.203         0.203         0.203
 LOSS4          0.203         0.203         0.203         0.203         0.203
 SLEEP4         0.203         0.203         0.203         0.203         0.203
 SOMATIC4       0.203         0.203         0.203         0.203         0.203
 PA4            0.203         0.203         0.203         0.203         0.203
 GENERAL5       0.288         0.288         0.288         0.288         0.288
 THREAT56       0.288         0.288         0.288         0.288         0.288
 COPE567        0.288         0.288         0.288         0.288         0.288
 FNR567         0.288         0.288         0.288         0.288         0.288
 LOSS567        0.288         0.288         0.288         0.288         0.288
 SLEEP567       0.288         0.288         0.288         0.288         0.288
 SOMATIC5       0.248         0.248         0.248         0.248         0.248
 PA567          0.288         0.288         0.288         0.288         0.288


           Covariance Coverage
              PA3           GENERAL4      THREAT4       COPE4         FNR4
              ________      ________      ________      ________      ________
 PA3            0.447
 GENERAL4       0.203         0.465
 THREAT4        0.203         0.465         0.465
 COPE4          0.203         0.465         0.465         0.465
 FNR4           0.203         0.465         0.465         0.465         0.465
 LOSS4          0.203         0.465         0.465         0.465         0.465
 SLEEP4         0.203         0.465         0.465         0.465         0.465
 SOMATIC4       0.203         0.465         0.465         0.465         0.465
 PA4            0.203         0.465         0.465         0.465         0.465
 GENERAL5       0.288         0.301         0.301         0.301         0.301
 THREAT56       0.288         0.301         0.301         0.301         0.301
 COPE567        0.288         0.301         0.301         0.301         0.301
 FNR567         0.288         0.301         0.301         0.301         0.301
 LOSS567        0.288         0.301         0.301         0.301         0.301
 SLEEP567       0.288         0.301         0.301         0.301         0.301
 SOMATIC5       0.248         0.264         0.264         0.264         0.264
 PA567          0.288         0.301         0.301         0.301         0.301


           Covariance Coverage
              LOSS4         SLEEP4        SOMATIC4      PA4           GENERAL5
              ________      ________      ________      ________      ________
 LOSS4          0.465
 SLEEP4         0.465         0.465
 SOMATIC4       0.465         0.465         0.465
 PA4            0.465         0.465         0.465         0.465
 GENERAL5       0.301         0.301         0.301         0.301         0.687
 THREAT56       0.301         0.301         0.301         0.301         0.687
 COPE567        0.301         0.301         0.301         0.301         0.687
 FNR567         0.301         0.301         0.301         0.301         0.687
 LOSS567        0.301         0.301         0.301         0.301         0.687
 SLEEP567       0.301         0.301         0.301         0.301         0.687
 SOMATIC5       0.264         0.264         0.264         0.264         0.605
 PA567          0.301         0.301         0.301         0.301         0.687


           Covariance Coverage
              THREAT56      COPE567       FNR567        LOSS567       SLEEP567
              ________      ________      ________      ________      ________
 THREAT56       0.687
 COPE567        0.687         0.687
 FNR567         0.687         0.687         0.687
 LOSS567        0.687         0.687         0.687         0.687
 SLEEP567       0.687         0.687         0.687         0.687         0.687
 SOMATIC5       0.605         0.605         0.605         0.605         0.605
 PA567          0.687         0.687         0.687         0.687         0.687


           Covariance Coverage
              SOMATIC5      PA567
              ________      ________
 SOMATIC5       0.605
 PA567          0.605         0.687



UNIVARIATE SAMPLE STATISTICS


     UNIVARIATE HIGHER-ORDER MOMENT DESCRIPTIVE STATISTICS

         Variable/         Mean/     Skewness/   Minimum/ % with                Percentiles
        Sample Size      Variance    Kurtosis    Maximum  Min/Max      20%/60%    40%/80%    Median

     GENERAL12             0.101       1.007      -1.460    0.29%      -0.707     -0.350     -0.152
             349.000       0.879       0.638       3.615    0.29%       0.109      0.815
     THREAT12             -0.016       0.237      -1.801    0.29%      -0.529     -0.188     -0.026
             349.000       0.376       0.663       2.511    0.29%       0.111      0.480
     COPE12                0.000      -0.397      -2.481    0.29%      -0.486     -0.159      0.035
             349.000       0.480       0.763       1.693    0.29%       0.173      0.523
     FNR12                -0.013      -0.015      -2.476    0.29%      -0.560     -0.150      0.008
             349.000       0.470       0.582       2.258    0.29%       0.167      0.494
     LOSS12               -0.009       1.021      -1.986    0.29%      -0.536     -0.281     -0.138
             349.000       0.554       3.334       4.204    0.29%       0.072      0.492
     SLEEP12              -0.012       0.567      -2.139    0.29%      -0.576     -0.277     -0.108
             349.000       0.525       0.849       3.078    0.29%       0.077      0.554
     SOMATIC12            -0.002       0.079      -2.246    0.29%      -0.699     -0.215     -0.023
             349.000       0.549      -0.398       1.706    0.29%       0.204      0.589
     PA12                  0.029       0.088      -1.920    0.29%      -0.424     -0.134     -0.009
             349.000       0.321       0.501       1.966    0.29%       0.131      0.467
     GENERAL3             -0.023       0.829      -1.362    0.36%      -0.753     -0.381     -0.190
             276.000       0.711       0.417       3.153    0.36%       0.016      0.625
     THREAT3               0.012      -0.160      -1.940    0.36%      -0.498     -0.128     -0.007
             276.000       0.323       0.102       1.495    0.36%       0.173      0.478
     COPE3                -0.002       0.168      -2.308    0.36%      -0.535     -0.122      0.022
             276.000       0.497       1.897       3.396    0.36%       0.142      0.544
     FNR3                  0.015      -0.114      -2.235    0.36%      -0.454     -0.089      0.011
             276.000       0.433       0.528       1.798    0.36%       0.135      0.517
     LOSS3                -0.028       1.491      -2.387    0.36%      -0.524     -0.228     -0.097
             276.000       0.567       7.830       5.008    0.36%       0.052      0.417
     SLEEP3                0.026       0.329      -1.913    0.36%      -0.626     -0.201     -0.045
             276.000       0.564       0.130       2.084    0.36%       0.153      0.602
     SOMATIC3              0.006       0.050      -1.815    0.36%      -0.904     -0.281     -0.002
             276.000       0.710      -1.291       1.446    0.36%       0.241      0.893
     PA3                  -0.015       0.373      -1.901    0.36%      -0.466     -0.181     -0.048
             276.000       0.354       1.579       2.690    0.36%       0.092      0.442
     GENERAL4             -0.072       0.457      -2.430    0.35%      -0.790     -0.358     -0.148
             287.000       0.743       0.392       2.609    0.35%       0.037      0.620
     THREAT4              -0.028       0.824      -1.618    0.35%      -0.517     -0.217     -0.095
             287.000       0.367       2.027       2.704    0.35%       0.074      0.421
     COPE4                 0.004      -1.890      -4.758    0.35%      -0.452     -0.045      0.050
             287.000       0.628       9.018       1.748    0.35%       0.165      0.568
     FNR4                  0.000       2.344      -1.895    0.35%      -0.503     -0.148     -0.050
             287.000       0.581      13.263       5.046    0.35%       0.069      0.426
     LOSS4                -0.009       1.646      -1.779    0.35%      -0.564     -0.266     -0.119
             287.000       0.560       6.433       4.776    0.35%       0.014      0.537
     SLEEP4               -0.008       1.489      -1.169    0.35%      -0.500     -0.352     -0.234
             287.000       0.487       2.511       3.258    0.35%      -0.088      0.417
     SOMATIC4             -0.001       1.339      -1.838    0.35%      -0.568     -0.239     -0.082
             287.000       0.555       3.620       3.301    0.35%       0.036      0.439
     PA4                   0.011      -0.941      -3.067    0.35%      -0.473     -0.065      0.093
             287.000       0.459       2.412       2.094    0.35%       0.210      0.544
     GENERAL567           -0.100       1.216      -1.312    0.24%      -0.815     -0.492     -0.280
             424.000       0.676       1.506       3.372    0.24%      -0.106      0.474
     THREAT567            -0.005       0.328      -2.469    0.24%      -0.441     -0.147     -0.024
             424.000       0.395       2.225       2.835    0.24%       0.106      0.415
     COPE567               0.012      -0.197      -2.281    0.24%      -0.536     -0.093      0.036
             424.000       0.478       0.562       2.014    0.24%       0.153      0.534
     FNR567                0.006       0.083      -1.973    0.24%      -0.492     -0.103      0.009
             424.000       0.462       0.807       2.472    0.24%       0.136      0.514
     LOSS567               0.005       0.709      -2.362    0.24%      -0.461     -0.163     -0.062
             424.000       0.435       2.852       3.459    0.24%       0.078      0.462
     SLEEP567              0.015       0.797      -1.755    0.24%      -0.517     -0.215     -0.084
             424.000       0.496       1.072       2.498    0.24%       0.049      0.515
     SOMATIC567            0.003       0.254      -1.649    0.27%      -0.794     -0.218     -0.009
             373.000       0.640      -0.923       1.759    0.27%       0.173      0.745
     PA567                 0.016       0.034      -1.899    0.24%      -0.436     -0.121     -0.006
             424.000       0.351       0.628       2.023    0.24%       0.118      0.476

RANDOM STARTS RESULTS RANKED FROM THE BEST TO THE WORST LOGLIKELIHOOD VALUES

Final stage loglikelihood values at local maxima, seeds, and initial stage start numbers:

          -11414.469  160235           9446
          -11414.469  685140           1450
          -11414.469  15160            3507
          -11414.469  568728           8578
          -11414.469  521558           4295
          -11414.469  168530           5618
          -11414.469  45724            2833
          -11414.469  80846            8413
          -11414.469  163519           8586
          -11414.469  458226           1078
          -11414.469  710971           9689
          -11414.469  163519           2441
          -11414.469  310924           5024
          -11414.469  123102           1302
          -11414.469  880807           6726
          -11414.469  898808           7449
          -11414.469  41551            3933
          -11414.469  271637           8487
          -11414.469  903246           3176
          -11414.469  884416           7659
          -11414.469  344109           1044
          -11414.469  503195           4213
          -11414.469  233820           8513
          -11414.469  866140           4265
          -11414.469  410208           4453
          -11414.469  534483           290
          -11414.469  242055           9580
          -11414.469  257480           4805
          -11414.469  753644           2437
          -11414.469  667250           318
          -11414.469  294811           637
          -11414.469  605358           321
          -11414.469  135288           5248
          -11414.469  370823           2640
          -11414.469  848505           2799
          -11414.469  650857           5956
          -11414.469  318177           748
          -11414.469  553636           6114
          -11414.469  809593           3329
          -11414.469  337181           3437
          -11414.469  854944           7363
          -11414.469  243346           930
          -11414.469  807595           7509
          -11414.469  90218            1932
          -11414.469  818496           7776
          -11414.469  521009           8065
          -11414.469  97547            8080
          -11414.469  222513           1088
          -11414.469  812112           8911
          -11414.469  911275           2311
          -11414.469  571612           9255
          -11414.469  316694           2320
          -11414.469  313539           9298
          -11414.469  545628           2332
          -11414.469  883041           9370
          -11414.469  510012           9382
          -11414.469  228504           9425
          -11414.469  923816           9943
          -11414.469  392602           2487
          -11414.469  807996           5036
          -11414.469  938242           2625
          -11414.469  699700           5493
          -11414.469  344013           5707
          -11414.469  444166           1443
          -11414.469  135072           2915
          -11414.469  613960           5937
          -11414.469  877429           1489
          -11414.469  554099           5966
          -11414.469  665772           5973
          -11414.469  57148            1561
          -11414.469  961908           3194
          -11414.469  36714            201
          -11414.469  649686           6541
          -11414.469  852701           6851
          -11414.469  584397           428
          -11414.469  65651            214
          -11414.469  423661           875
          -11414.469  666197           3650
          -11414.469  189568           3651
          -11414.469  881552           3664
          -11414.469  392602           7372
          -11414.469  635245           121
          -11414.469  495490           990
          -11414.469  737350           8074
          -11414.469  65328            8264
          -11414.469  877722           1053
          -11414.469  661919           1062
          -11414.469  4659             8749
          -11414.469  712534           8932
          -11414.469  143944           8934
          -11414.469  709521           8948
          -11414.469  341041           34
          -11414.469  760403           9060
          -11414.469  597056           9115
          -11414.469  340683           9269
          -11414.469  120343           9270
          -11414.469  926654           9322
          -11414.469  861644           9361
          -11414.469  973427           2340
          -11414.469  508062           4772
          -11414.469  119818           4783
          -11414.469  798642           9572
          -11414.469  275864           2426
          -11414.469  18266            9754
          -11414.469  544835           9786
          -11414.469  491109           9808
          -11414.469  988970           2492
          -11414.469  992389           77
          -11414.469  758398           5071
          -11414.469  307843           664
          -11414.469  943783           5797
          -11414.469  876090           5885
          -11414.469  611281           5890
          -11414.469  466544           6016
          -11414.469  382895           6148
          -11414.469  403287           1558
          -11414.469  347515           24
          -11414.469  21345            199
          -11414.469  401026           6400
          -11414.469  452606           1675
          -11414.469  623663           3446
          -11414.469  119023           3521
          -11414.469  307998           3584
          -11414.469  681731           7357
          -11414.469  749479           7401
          -11414.469  105624           3977
          -11414.469  988363           7999
          -11414.469  735618           4055
          -11414.469  975432           4126
          -11414.469  92764            2064
          -11414.469  520685           2084
          -11414.469  532628           4197
          -11414.469  382257           8493
          -11414.469  323935           4348
          -11414.469  481422           4412
          -11414.469  402049           4468
          -11414.469  513777           9071
          -11414.469  225539           1150
          -11414.469  566739           575
          -11414.469  357229           9228
          -11414.469  324409           4645
          -11414.469  52907            9351
          -11414.469  427119           9390
          -11414.469  323359           2469
          -11414.469  947865           4950
          -11414.469  398292           9946
          -11414.469  874392           4997
          -11414.469  391179           78
          -11414.469  636052           2569
          -11414.469  218683           5325
          -11414.469  166642           5346
          -11414.469  450181           2760
          -11414.469  56630            2793
          -11414.469  887991           5651
          -11414.469  742450           2853
          -11414.469  491333           5808
          -11414.469  188490           1460
          -11414.469  328455           5989
          -11414.469  42234            6108
          -11414.469  88388            1527
          -11414.469  354592           6167
          -11414.469  251783           6252
          -11414.469  743613           3179
          -11414.469  137377           397
          -11414.469  776574           6367
          -11414.469  863643           1619
          -11414.469  266504           6569
          -11414.469  859400           6656
          -11414.469  987174           1689
          -11414.469  76451            211
          -11414.469  283112           1713
          -11414.469  444228           860
          -11414.469  727176           861
          -11414.469  703271           6906
          -11414.469  12593            6937
          -11414.469  499150           216
          -11414.469  876407           6945
          -11414.469  182256           3481
          -11414.469  826241           1779
          -11414.469  580753           7204
          -11414.469  340820           3622
          -11414.469  229150           7391
          -11414.469  336547           7423
          -11414.469  606843           7535
          -11414.469  245197           7646
          -11414.469  69639            7794
          -11414.469  189463           1961
          -11414.469  752741           7898
          -11414.469  75718            1987
          -11414.469  838620           4004
          -11414.469  516986           8224
          -11414.469  753578           8250
          -11414.469  836627           8301
          -11414.469  578653           8400
          -11414.469  297299           8490
          -11414.469  201894           4246
          -11414.469  765767           8529
          -11414.469  989029           4281
          -11414.469  137654           1084
          -11414.469  642899           8735
          -11414.469  82255            2186
          -11414.469  815269           2187
          -11414.469  248033           4398
          -11414.469  109524           4400
          -11414.469  733518           8871
          -11414.469  108878           8956
          -11414.469  840861           8972
          -11414.469  490643           4539
          -11414.469  311484           1135
          -11414.469  460747           2274
          -11414.469  254821           9111
          -11414.469  694663           2278
          -11414.469  668015           9140
          -11414.469  797971           9162
          -11414.469  956508           9311
          -11414.469  438935           9353
          -11414.469  685900           4681
          -11414.469  670864           9396
          -11414.469  651046           9438
          -11414.469  502001           9470
          -11414.469  966039           9475
          -11414.469  726120           2378
          -11414.469  30449            4761
          -11414.469  816159           9537
          -11414.469  73215            4807
          -11414.469  848356           602
          -11414.469  567008           9655
          -11414.469  139330           4828
          -11414.469  915975           4852
          -11414.469  570805           4863
          -11414.469  264605           4879
          -11414.469  614032           1226
          -11414.469  962080           2480
          -11414.469  684648           4965
          -11414.469  557916           9935
          -11414.469  425702           5080
          -11414.469  225991           5167
          -11414.469  198504           5196
          -11414.469  170658           2609
          -11414.469  634407           2620
          -11414.469  358449           2627
          -11414.469  673203           5261
          -11414.469  753485           5394
          -11414.469  415473           5404
          -11414.469  360898           5454
          -11414.469  148918           682
          -11414.469  320441           5486
          -11414.469  97243            2810
          -11414.469  534256           1410
          -11414.469  80737            5648
          -11414.469  728038           177
          -11414.469  284716           713
          -11414.469  602306           2856
          -11414.469  370657           5715
          -11414.469  91793            2862
          -11414.469  256781           1448
          -11414.469  253673           5800
          -11414.469  464174           1461
          -11414.469  616720           5872
          -11414.469  182528           5884
          -11414.469  34312            5942
          -11414.469  806153           5967
          -11414.469  710535           6014
          -11414.469  845508           6051
          -11414.469  993885           6104
          -11414.469  721392           768
          -11414.469  425133           3079
          -11414.469  453384           1545
          -11414.469  829851           6260
          -11414.469  819031           6342
          -11414.469  251680           794
          -11414.469  699580           3190
          -11414.469  710036           6411
          -11414.469  195299           6473
          -11414.469  94115            6490
          -11414.469  243903           6584
          -11414.469  719104           6684
          -11414.469  185823           3369
          -11414.469  798821           423
          -11414.469  821111           6824
          -11414.469  699554           427
          -11414.469  350076           3442
          -11414.469  580549           6917
          -11414.469  516391           6928
          -11414.469  294492           3513
          -11414.469  314015           3517
          -11414.469  491386           1787
          -11414.469  231986           7210
          -11414.469  408713           450
          -11414.469  186678           7310
          -11414.469  75870            7335
          -11414.469  762465           7453
          -11414.469  866261           1866
          -11414.469  767370           7487
          -11414.469  612218           3784
          -11414.469  456199           3845
          -11414.469  108881           3869
          -11414.469  643910           1957
          -11414.469  618760           489
          -11414.469  454291           7865
          -11414.469  243298           3953
          -11414.469  911071           7913
          -11414.469  459844           7932
          -11414.469  966518           7937
          -11414.469  152496           123
          -11414.469  206840           3985
          -11414.469  141887           2006
          -11414.469  937727           1011
          -11414.469  154924           4051
          -11414.469  933578           506
          -11414.469  524326           8111
          -11414.469  714808           8135
          -11414.469  759802           4068
          -11414.469  816310           8174
          -11414.469  962359           4118
          -11414.469  549017           8284
          -11414.469  786248           2076
          -11414.469  484624           8351
          -11414.469  25530            4179
          -11414.469  938551           8386
          -11414.469  26049            4199
          -11414.469  579277           4206
          -11414.469  159853           8453
          -11414.469  268642           2114
          -11414.469  203433           8566
          -11414.469  991522           4304
          -11414.469  861943           8694
          -11414.469  568267           4347
          -11414.469  286533           8711
          -11414.469  220461           4370
          -11414.469  729267           2202
          -11414.469  15715            274
          -11414.469  574942           558
          -11414.469  457623           2246
          -11414.469  379033           2253
          -11414.469  679747           4509
          -11414.469  250108           9029
          -11414.469  861961           9046
          -11414.469  483996           9052
          -11414.469  141325           9114
          -11414.469  717359           9211
          -11414.469  467843           1157
          -11414.469  956060           4641
          -11414.469  486978           9301
          -11414.469  909219           9357
          -11414.469  110800           4689
          -11414.469  302198           9405
          -11414.469  705786           9413
          -11414.469  985203           2363
          -11414.469  107656           9467
          -11414.469  344422           296
          -11414.469  638049           9554
          -11414.469  382976           9566
          -11414.469  788325           2409
          -11414.469  71057            9639
          -11414.469  906033           4835
          -11414.469  943486           2460
          -11414.469  375609           4937
          -11414.469  72591            9932
          -11414.469  940258           1242
          -11414.469  316390           4985
          -11414.469  12477            155
          -11414.469  659147           2499
          -11414.469  701860           5108
          -11414.469  666617           5160
          -11414.469  270257           5176
          -11414.469  642386           662
          -11414.469  526094           5315
          -11414.469  439720           5352
          -11414.469  407818           5422
          -11414.469  545848           5502
          -11414.469  20194            2757
          -11414.469  411615           171
          -11414.469  495622           2762
          -11414.469  921419           5527
          -11414.469  470153           5550
          -11414.469  917702           693
          -11414.469  924828           1389
          -11414.469  981826           5591
          -11414.469  424891           2811
          -11414.469  935687           5630
          -11414.469  973314           5717
          -11414.469  228617           5766
          -11414.469  902202           2911
          -11414.469  878749           728
          -11414.469  51597            5851
          -11414.469  715466           5857
          -11414.469  833955           2954
          -11414.469  906782           2966
          -11414.469  497536           5980
          -11414.469  601237           5996
          -11414.469  331210           3040
          -11414.469  124535           6085
          -11414.469  122612           3055
          -11414.469  573791           6121
          -11414.469  92056            3068
          -11414.469  848890           95
          -11414.469  116342           6173
          -11414.469  173709           1560
          -11414.469  251641           784
          -11414.469  417713           3222
          -11414.469  739214           807
          -11414.469  76064            6485
          -11414.469  619752           3244
          -11414.469  503619           3249
          -11414.469  466834           6557
          -11414.469  196425           3280
          -11414.469  412313           6615
          -11414.469  970791           3310
          -11414.469  135842           6772
          -11414.469  348226           6818
          -11414.469  254469           6826
          -11414.469  812064           3427
          -11414.469  245811           6863
          -11414.469  405547           6915
          -11414.469  949505           6922
          -11414.469  789081           6962
          -11414.469  262320           1744
          -11414.469  569131           26
          -11414.469  867570           7054
          -11414.469  18840            3536
          -11414.469  804111           1775
          -11414.469  684448           7187
          -11414.469  318505           7193
          -11414.469  824484           7209
          -11414.469  643533           7218
          -11414.469  71570            7243
          -11414.469  28919            7249
          -11414.469  560622           7272
          -11414.469  656834           7277
          -11414.469  568048           7297
          -11414.469  216818           7306
          -11414.469  961762           7324
          -11414.469  439388           7366
          -11414.469  309926           1841
          -11414.469  883305           7442
          -11414.469  652282           7462
          -11414.469  952682           1882
          -11414.469  751054           117
          -11414.469  765421           7552
          -11414.469  206705           3822
          -11414.469  158926           7669
          -11414.469  440005           7778
          -11414.469  528584           7799
          -11414.469  290140           7811
          -11414.469  506228           3939
          -11414.469  479232           7887
          -11414.469  968256           3948
          -11414.469  26170            7926
          -11414.469  950567           7963
          -11414.469  818743           3991
          -11414.469  557592           8059
          -11414.469  823753           8073
          -11414.469  776546           2027
          -11414.469  553174           2033
          -11414.469  879409           2041
          -11414.469  927753           4092
          -11414.469  357893           8199
          -11414.469  783934           4122
          -11414.469  480539           8259
          -11414.469  155725           8327
          -11414.469  584838           4181
          -11414.469  537741           8401
          -11414.469  943627           4211
          -11414.469  139864           8435
          -11414.469  965957           8519
          -11414.469  419786           8526
          -11414.469  135              2132
          -11414.469  5944             4301
          -11414.469  413831           8685
          -11414.469  199595           8687
          -11414.469  589282           8703
          -11414.469  289148           1092
          -11414.469  919857           4378
          -11414.469  178644           8789
          -11414.469  351622           551
          -11414.469  337377           4418
          -11414.469  799949           8861
          -11414.469  565763           2231
          -11414.469  983413           8931
          -11414.469  293304           8958
          -11414.469  594620           4491
          -11414.469  691251           2249
          -11414.469  270203           4499
          -11414.469  206617           9038
          -11414.469  156848           4531
          -11414.469  243072           2286
          -11414.469  543722           4577
          -11414.469  180735           9160
          -11414.469  97223            1146
          -11414.469  765744           4617
          -11414.469  257978           9277
          -11414.469  586399           9285
          -11414.469  493241           9334
          -11414.469  74736            2335
          -11414.469  254558           9379
          -11414.469  197621           1172
          -11414.469  715121           9460
          -11414.469  748083           4737
          -11414.469  25531            2390
          -11414.469  316165           299
          -11414.469  587127           9602
          -11414.469  459291           9671
          -11414.469  343309           9685
          -11414.469  484568           4847
          -11414.469  506129           9699
          -11414.469  46858            9731
          -11414.469  446237           9740
          -11414.469  460407           2435
          -11414.469  157058           9791
          -11414.469  287259           9804
          -11414.469  763134           4903
          -11414.469  524904           4913
          -11414.469  291376           9856
          -11414.469  620070           4940
          -11414.469  150336           9911
          -11414.469  252552           2489
          -11414.469  891675           9971
          -11414.469  676560           1250
          -11414.469  77596            1258
          -11414.469  869767           5079
          -11414.469  805404           5113
          -11414.469  976103           1289
          -11414.469  459136           5199
          -11414.469  544422           5229
          -11414.469  314084           81
          -11414.469  535063           329
          -11414.469  84256            2662
          -11414.469  961454           665
          -11414.469  869796           5365
          -11414.469  266038           672
          -11414.469  890950           5406
          -11414.469  734922           5409
          -11414.469  47965            5412
          -11414.469  526408           5415
          -11414.469  391735           5495
          -11414.469  646290           2792
          -11414.469  869684           5589
          -11414.469  847658           2803
          -11414.469  335928           5730
          -11414.469  572684           5754
          -11414.469  403575           5812
          -11414.469  22362            365
          -11414.469  185071           370
          -11414.469  381263           5988
          -11414.469  348637           749
          -11414.469  116923           6027
          -11414.469  764966           6034
          -11414.469  828901           3019
          -11414.469  513684           6068
          -11414.469  352347           6150
          -11414.469  464308           6178
          -11414.469  12939            3096
          -11414.469  775881           778
          -11414.469  100345           3123
          -11414.469  98872            6255
          -11414.469  313763           6265
          -11414.469  492535           6280
          -11414.469  226887           6318
          -11414.469  873388           3173
          -11414.469  633984           3184
          -11414.469  530309           6393
          -11414.469  391368           802
          -11414.469  865027           6434
          -11414.469  16220            3221
          -11414.469  419858           1617
          -11414.469  167280           3238
          -11414.469  439246           6563
          -11414.469  430583           6573
          -11414.469  614098           3308
          -11414.469  551282           1657
          -11414.469  749756           3321
          -11414.469  399220           6648
          -11414.469  492489           6669
          -11414.469  746304           3335
          -11414.469  427979           3337
          -11414.469  985156           6677
          -11414.469  62277            6678
          -11414.469  593036           6688
          -11414.469  128345           6702
          -11414.469  427006           839
          -11414.469  785215           3364
          -11414.469  276802           6732
          -11414.469  787105           6907
          -11414.469  224513           6973
          -11414.469  855715           6992
          -11414.469  872029           7003
          -11414.469  433245           7080
          -11414.469  404510           442
          -11414.469  754885           3555
          -11414.469  295734           7141
          -11414.469  764692           1795
          -11414.469  562291           7270
          -11414.469  916242           7301
          -11414.469  241299           912
          -11414.469  380106           7305
          -11414.469  495917           7331
          -11414.469  265218           924
          -11414.469  255439           7403
          -11414.469  853985           7409
          -11414.469  118802           7420
          -11414.469  768472           3740
          -11414.469  993988           7484
          -11414.469  37287            7531
          -11414.469  93285            7579
          -11414.469  103653           3821
          -11414.469  406935           958
          -11414.469  303628           7673
          -11414.469  702808           3886
          -11414.469  52311            7800
          -11414.469  215483           1952
          -11414.469  739458           1963
          -11414.469  816590           7897
          -11414.469  573488           7948
          -11414.469  273985           3975
          -11414.469  430395           3978
          -11414.469  994893           2002
          -11414.469  523554           8018
          -11414.469  788293           1003
          -11414.469  513448           2016
          -11414.469  919494           2018
          -11414.469  933186           4056
          -11414.469  490972           4073
          -11414.469  354693           2038
          -11414.469  981480           1025
          -11414.469  406663           8214
          -11414.469  344236           2061
          -11414.469  27075            8270
          -11414.469  217675           8279
          -11414.469  83866            1034
          -11414.469  570529           4153
          -11414.469  859577           8321
          -11414.469  874104           8353
          -11414.469  276669           8394
          -11414.469  231581           1048
          -11414.469  538028           8414
          -11414.469  777601           4216
          -11414.469  274041           8444
          -11414.469  766857           8452
          -11414.469  256938           4230
          -11414.469  452983           8486
          -11414.469  607820           4247
          -11414.469  198571           4261
          -11414.469  609602           4298
          -11414.469  231116           8614
          -11414.469  730511           8633
          -11414.469  267077           8637
          -11414.469  979988           2164
          -11414.469  705816           8661
          -11414.469  441118           1091
          -11414.469  777504           2190
          -11414.469  321363           1095
          -11414.469  286978           4387
          -11414.469  321667           8786
          -11414.469  75212            8801
          -11414.469  151216           4408
          -11414.469  397552           2213
          -11414.469  422004           1107
          -11414.469  892564           8950
          -11414.469  374433           2240
          -11414.469  584226           4481
          -11414.469  607263           1121
          -11414.469  193238           4498
          -11414.469  208730           9027
          -11414.469  555228           9088
          -11414.469  718336           2280
          -11414.469  55699            4581
          -11414.469  140200           4584
          -11414.469  168382           2296
          -11414.469  767845           2297
          -11414.469  674774           4607
          -11414.469  119049           9226
          -11414.469  333082           578
          -11414.469  157351           579
          -11414.469  7033             2329
          -11414.469  384819           2333
          -11414.469  360039           9366
          -11414.469  720514           9368
          -11414.469  415872           4685
          -11414.469  999176           9374
          -11414.469  113138           585
          -11414.469  19732            9442
          -11414.469  321574           1185
          -11414.469  394465           9555
          -11414.469  586380           9558
          -11414.469  883688           1197
          -11414.469  33398            2399
          -11414.469  70976            9610
          -11414.469  439621           4812
          -11414.469  204677           9638
          -11414.469  25846            4860
          -11414.469  227851           4868
          -11414.469  70040            9775
          -11414.469  826737           4891
          -11414.469  35241            9803
          -11414.469  97127            9822
          -11414.469  486657           4916
          -11414.469  380381           9836
          -11414.469  647690           1232
          -11414.469  207921           9870
          -11414.469  914092           9904
          -11414.469  83354            2478
          -11414.469  302423           4961
          -11414.469  441053           4975
          -11414.469  785309           2490
          -11414.469  424280           1245
          -11414.469  712066           2494
          -11414.469  69032            9980
          -11414.469  380492           9991
          -11414.469  209031           632
          -11414.469  648824           5092
          -11414.469  510491           1275
          -11414.469  486913           2575
          -11414.469  124829           1292
          -11414.469  898154           5184
          -11414.469  934217           5197
          -11414.469  953843           651
          -11414.469  660326           2639
          -11414.469  537745           1324
          -11414.469  95387            2651
          -11414.469  996507           5324
          -11414.469  708577           1350
          -11414.469  274618           5430
          -11414.469  559354           5451
          -11414.469  422747           2730
          -11414.469  356754           1372
          -11414.469  894877           5496
          -11414.469  592426           5504
          -11414.469  434543           5564
          -11414.469  847341           1398
          -11414.469  88178            5619
          -11414.469  182606           5633
          -11414.469  915328           5655
          -11414.469  292169           5681
          -11414.469  464810           1424
          -11414.469  350066           5744
          -11414.469  610066           1438
          -11414.469  434139           5772
          -11414.469  75391            5818
          -11414.469  991258           2910
          -11414.469  777160           5914
          -11414.469  868112           1484
          -11414.469  733001           2985
          -11414.469  754917           2988
          -11414.469  928733           5990
          -11414.469  690526           6000
          -11414.469  403298           6024
          -11414.469  838944           3018
          -11414.469  569338           755
          -11414.469  414211           6069
          -11414.469  435599           6080
          -11414.469  458181           189
          -11414.469  392260           1526
          -11414.469  638577           769
          -11414.469  24344            6163
          -11414.469  792848           6176
          -11414.469  134830           780
          -11414.469  999166           3146
          -11414.469  941043           3148
          -11414.469  250747           6329
          -11414.469  399682           6340
          -11414.469  328734           6352
          -11414.469  896551           6366
          -11414.469  287545           3198
          -11414.469  529308           3209
          -11414.469  118724           3250
          -11414.469  891510           1625
          -11414.469  693264           3274
          -11414.469  858002           1644
          -11414.469  691575           6654
          -11414.469  802682           419
          -11414.469  544009           842
          -11414.469  784646           1687
          -11414.469  590046           6753
          -11414.469  286860           6840
          -11414.469  286539           6868
          -11414.469  853195           431
          -11414.469  430511           6953
          -11414.469  522169           6957
          -11414.469  640833           434
          -11414.469  219197           3480
          -11414.469  3607             873
          -11414.469  376363           7000
          -11414.469  964235           7026
          -11414.469  906196           1758
          -11414.469  157343           7040
          -11414.469  633122           3524
          -11414.469  73288            7071
          -11414.469  867719           7078
          -11414.469  217130           443
          -11414.469  37664            7194
          -11414.469  304865           7206
          -11414.469  753922           7226
          -11414.469  460241           7265
          -11414.469  414110           1821
          -11414.469  524328           7288
          -11414.469  435856           7296
          -11414.469  203510           7314
          -11414.469  769907           457
          -11414.469  821206           1840
          -11414.469  567252           1843
          -11414.469  489243           7384
          -11414.469  590437           3699
          -11414.469  299996           1853
          -11414.469  481835           57
          -11414.469  196983           3722
          -11414.469  178475           231
          -11414.469  331689           1872
          -11414.469  250295           1884
          -11414.469  821912           3788
          -11414.469  228459           947
          -11414.469  933977           1918
          -11414.469  359864           7709
          -11414.469  446548           3875
          -11414.469  326976           7787
          -11414.469  49525            3928
          -11414.469  401221           7921
          -11414.469  392300           3962
          -11414.469  852736           7934
          -11414.469  296598           7946
          -11414.469  115929           1991
          -11414.469  822080           7987
          -11414.469  966442           7990
          -11414.469  698162           8014
          -11414.469  610363           4033
          -11414.469  392916           8081
          -11414.469  766903           505
          -11414.469  429460           8099
          -11414.469  198571           8109
          -11414.469  804413           8157
          -11414.469  672985           8211
          -11414.469  442101           8225
          -11414.469  582061           2057
          -11414.469  239977           4115
          -11414.469  297509           4134
          -11414.469  85735            2067
          -11414.469  416465           8362
          -11414.469  469581           8407
          -11414.469  258756           2111
          -11414.469  280721           2118
          -11414.469  95528            8498
          -11414.469  689546           2124
          -11414.469  867583           8543
          -11414.469  513195           8559
          -11414.469  512820           1071
          -11414.469  791087           4308
          -11414.469  33126            8617
          -11414.469  43673            4317
          -11414.469  607916           4323
          -11414.469  448206           8695
          -11414.469  575452           8710
          -11414.469  436673           4356
          -11414.469  47908            8730
          -11414.469  341349           8750
          -11414.469  925636           8772
          -11414.469  126143           4397
          -11414.469  434915           552
          -11414.469  710409           8856
          -11414.469  676154           8866
          -11414.469  937706           4464
          -11414.469  810688           8957
          -11414.469  605126           8959
          -11414.469  899912           8966
          -11414.469  519357           559
          -11414.469  283327           8983
          -11414.469  709199           4492
          -11414.469  21260            1125
          -11414.469  104430           4530
          -11414.469  185473           2281
          -11414.469  219591           9137
          -11414.469  378199           9154
          -11414.469  918085           9167
          -11414.469  713469           9182
          -11414.469  54267            9184
          -11414.469  419005           9197
          -11414.469  192071           142
          -11414.469  176373           4603
          -11414.469  639612           9216
          -11414.469  447276           9268
          -11414.469  678226           4640
          -11414.469  801574           9292
          -11414.469  150802           4651
          -11414.469  953490           9307
          -11414.469  170903           9321
          -11414.469  54323            4671
          -11414.469  214476           4697
          -11414.469  547345           4731
          -11414.469  817779           2376
          -11414.469  262218           4755
          -11414.469  276102           599
          -11414.469  805935           615
          -11414.469  442512           2468
          -11414.469  46437            153
          -11414.469  36642            2509
          -11414.469  401601           1267
          -11414.469  667455           2558
          -11414.469  41801            5127
          -11414.469  732596           320
          -11414.469  421051           1287
          -11414.469  788783           5165
          -11414.469  957392           79
          -11414.469  754975           5198
          -11414.469  864390           5217
          -11414.469  282686           5225
          -11414.469  140272           5266
          -11414.469  22075            659
          -11414.469  120100           5289
          -11414.469  293618           5299
          -11414.469  487494           5312
          -11414.469  662983           666
          -11414.469  262968           5369
          -11414.469  153302           2685
          -11414.469  18109            2690
          -11414.469  702334           2702
          -11414.469  856920           2714
          -11414.469  115218           1382
          -11414.469  622896           1385
          -11414.469  535763           5573
          -11414.469  341365           2794
          -11414.469  273992           349
          -11414.469  531546           702
          -11414.469  998513           2820
          -11414.469  23012            352
          -11414.469  608496           4
          -11414.469  408234           2840
          -11414.469  209869           2861
          -11414.469  606094           2866
          -11414.469  215756           5756
          -11414.469  441597           5757
          -11414.469  563002           360
          -11414.469  74086            5788
          -11414.469  468731           1451
          -11414.469  318032           5897
          -11414.469  50005            5940
          -11414.469  714319           5941
          -11414.469  271114           2998
          -11414.469  492040           1503
          -11414.469  243594           6045
          -11414.469  240276           6063
          -11414.469  616111           6100
          -11414.469  438792           1525
          -11414.469  208020           6119
          -11414.469  167517           6138
          -11414.469  60380            3099
          -11414.469  499538           6210
          -11414.469  87752            6219
          -11414.469  841121           3112
          -11414.469  138695           783
          -11414.469  657994           788
          -11414.469  61587            400
          -11414.469  399539           3218
          -11414.469  603416           6452
          -11414.469  487581           6453
          -11414.469  189710           6479
          -11414.469  738379           3247
          -11414.469  58195            3254
          -11414.469  328661           813
          -11414.469  243593           3261
          -11414.469  128920           1632
          -11414.469  427987           3284
          -11414.469  990322           3309
          -11414.469  53089            1660
          -11414.469  461687           833
          -11414.469  822358           1667
          -11414.469  216091           1670
          -11414.469  192731           3351
          -11414.469  654377           1684
          -11414.469  634005           6769
          -11414.469  124781           6796
          -11414.469  559216           6823
          -11414.469  441988           6845
          -11414.469  550959           6847
          -11414.469  607148           6862
          -11414.469  779895           6879
          -11414.469  963875           6908
          -11414.469  71909            3483
          -11414.469  171700           6978
          -11414.469  908674           1748
          -11414.469  425149           878
          -11414.469  177801           7049
          -11414.469  153153           1763
          -11414.469  308183           7090
          -11414.469  917048           7116
          -11414.469  715948           3568
          -11414.469  437885           7147
          -11414.469  693445           7172
          -11414.469  624309           3588
          -11414.469  479110           1796
          -11414.469  400467           1806
          -11414.469  unperturbed      0

10 perturbed starting value run(s) did not converge.



THE MODEL ESTIMATION TERMINATED NORMALLY



MODEL FIT INFORMATION

Number of Free Parameters                       64

Loglikelihood

          H0 Value                      -11414.469

Information Criteria

          Akaike (AIC)                   22956.937
          Bayesian (BIC)                 23240.129
          Sample-Size Adjusted BIC       23036.941
            (n* = (n + 2) / 24)



FINAL CLASS COUNTS AND PROPORTIONS FOR THE LATENT CLASSES
BASED ON THE ESTIMATED MODEL

    Latent
   Classes

       1        617.00000          1.00000


FINAL CLASS COUNTS AND PROPORTIONS FOR THE LATENT CLASSES
BASED ON ESTIMATED POSTERIOR PROBABILITIES

    Latent
   Classes

       1        617.00000          1.00000


FINAL CLASS COUNTS AND PROPORTIONS FOR THE LATENT CLASSES
BASED ON THEIR MOST LIKELY LATENT CLASS MEMBERSHIP

Class Counts and Proportions

    Latent
   Classes

       1              617          1.00000


Average Latent Class Probabilities for Most Likely Latent Class Membership (Row)
by Latent Class (Column)

           1

    1   1.000


Classification Probabilities for the Most Likely Latent Class Membership (Column)
by Latent Class (Row)

           1

    1   1.000


Logits for the Classification Probabilities for the Most Likely Latent Class Membership (Column)
by Latent Class (Row)

              1

    1      0.000


MODEL RESULTS

                                                    Two-Tailed
                    Estimate       S.E.  Est./S.E.    P-Value

Latent Class 1

 Means
    GENERAL12          0.101      0.050      2.016      0.044
    THREAT12          -0.016      0.033     -0.501      0.616
    COPE12             0.000      0.037     -0.005      0.996
    FNR12             -0.013      0.037     -0.364      0.715
    LOSS12            -0.009      0.040     -0.231      0.818
    SLEEP12           -0.012      0.039     -0.312      0.755
    SOMATIC12         -0.002      0.040     -0.040      0.968
    PA12               0.029      0.030      0.965      0.335
    GENERAL3          -0.023      0.051     -0.447      0.655
    THREAT3            0.012      0.034      0.343      0.732
    COPE3             -0.002      0.042     -0.049      0.961
    FNR3               0.015      0.040      0.384      0.701
    LOSS3             -0.028      0.045     -0.613      0.540
    SLEEP3             0.026      0.045      0.571      0.568
    SOMATIC3           0.006      0.051      0.125      0.901
    PA3               -0.015      0.036     -0.424      0.672
    GENERAL4          -0.072      0.051     -1.411      0.158
    THREAT4           -0.028      0.036     -0.779      0.436
    COPE4              0.004      0.047      0.078      0.938
    FNR4               0.000      0.045      0.006      0.996
    LOSS4             -0.009      0.044     -0.197      0.844
    SLEEP4            -0.008      0.041     -0.199      0.842
    SOMATIC4          -0.001      0.044     -0.031      0.975
    PA4                0.011      0.040      0.272      0.786
    GENERAL567        -0.100      0.040     -2.512      0.012
    THREAT567         -0.005      0.031     -0.164      0.870
    COPE567            0.012      0.034      0.352      0.725
    FNR567             0.006      0.033      0.171      0.864
    LOSS567            0.005      0.032      0.158      0.875
    SLEEP567           0.015      0.034      0.442      0.658
    SOMATIC567         0.003      0.041      0.068      0.946
    PA567              0.016      0.029      0.550      0.582

 Variances
    GENERAL12          0.879      0.067     13.210      0.000
    THREAT12           0.376      0.028     13.210      0.000
    COPE12             0.480      0.036     13.210      0.000
    FNR12              0.470      0.036     13.210      0.000
    LOSS12             0.554      0.042     13.210      0.000
    SLEEP12            0.525      0.040     13.210      0.000
    SOMATIC12          0.549      0.042     13.210      0.000
    PA12               0.321      0.024     13.210      0.000
    GENERAL3           0.711      0.060     11.747      0.000
    THREAT3            0.323      0.027     11.747      0.000
    COPE3              0.497      0.042     11.747      0.000
    FNR3               0.433      0.037     11.747      0.000
    LOSS3              0.567      0.048     11.747      0.000
    SLEEP3             0.564      0.048     11.747      0.000
    SOMATIC3           0.710      0.060     11.747      0.000
    PA3                0.354      0.030     11.747      0.000
    GENERAL4           0.743      0.062     11.979      0.000
    THREAT4            0.367      0.031     11.979      0.000
    COPE4              0.628      0.052     11.979      0.000
    FNR4               0.581      0.049     11.979      0.000
    LOSS4              0.560      0.047     11.979      0.000
    SLEEP4             0.487      0.041     11.979      0.000
    SOMATIC4           0.555      0.046     11.979      0.000
    PA4                0.459      0.038     11.979      0.000
    GENERAL567         0.676      0.046     14.560      0.000
    THREAT567          0.395      0.027     14.560      0.000
    COPE567            0.478      0.033     14.560      0.000
    FNR567             0.462      0.032     14.560      0.000
    LOSS567            0.435      0.030     14.560      0.000
    SLEEP567           0.496      0.034     14.560      0.000
    SOMATIC567         0.640      0.047     13.656      0.000
    PA567              0.351      0.024     14.560      0.000


STANDARDIZED MODEL RESULTS


STDYX Standardization

                                                    Two-Tailed
                    Estimate       S.E.  Est./S.E.    P-Value

Latent Class 1

 Means
    GENERAL12          0.108      0.054      2.010      0.044
    THREAT12          -0.027      0.054     -0.501      0.616
    COPE12             0.000      0.054     -0.005      0.996
    FNR12             -0.020      0.054     -0.364      0.716
    LOSS12            -0.012      0.054     -0.231      0.818
    SLEEP12           -0.017      0.054     -0.312      0.755
    SOMATIC12         -0.002      0.054     -0.040      0.968
    PA12               0.052      0.054      0.964      0.335
    GENERAL3          -0.027      0.060     -0.447      0.655
    THREAT3            0.021      0.060      0.343      0.732
    COPE3             -0.003      0.060     -0.049      0.961
    FNR3               0.023      0.060      0.384      0.701
    LOSS3             -0.037      0.060     -0.612      0.540
    SLEEP3             0.034      0.060      0.571      0.568
    SOMATIC3           0.008      0.060      0.125      0.901
    PA3               -0.026      0.060     -0.424      0.672
    GENERAL4          -0.083      0.059     -1.409      0.159
    THREAT4           -0.046      0.059     -0.779      0.436
    COPE4              0.005      0.059      0.078      0.938
    FNR4               0.000      0.059      0.006      0.996
    LOSS4             -0.012      0.059     -0.197      0.844
    SLEEP4            -0.012      0.059     -0.199      0.842
    SOMATIC4          -0.002      0.059     -0.031      0.975
    PA4                0.016      0.059      0.272      0.786
    GENERAL567        -0.122      0.049     -2.503      0.012
    THREAT567         -0.008      0.049     -0.164      0.870
    COPE567            0.017      0.049      0.352      0.725
    FNR567             0.008      0.049      0.171      0.864
    LOSS567            0.008      0.049      0.158      0.875
    SLEEP567           0.021      0.049      0.442      0.658
    SOMATIC567         0.004      0.052      0.068      0.946
    PA567              0.027      0.049      0.550      0.582

 Variances
    GENERAL12          1.000      0.000    999.000    999.000
    THREAT12           1.000      0.000    999.000    999.000
    COPE12             1.000      0.000    999.000    999.000
    FNR12              1.000      0.000    999.000    999.000
    LOSS12             1.000      0.000    999.000    999.000
    SLEEP12            1.000      0.000    999.000    999.000
    SOMATIC12          1.000      0.000    999.000    999.000
    PA12               1.000      0.000    999.000    999.000
    GENERAL3           1.000      0.000    999.000    999.000
    THREAT3            1.000      0.000    999.000    999.000
    COPE3              1.000      0.000    999.000    999.000
    FNR3               1.000      0.000    999.000    999.000
    LOSS3              1.000      0.000    999.000    999.000
    SLEEP3             1.000      0.000    999.000    999.000
    SOMATIC3           1.000      0.000    999.000    999.000
    PA3                1.000      0.000    999.000    999.000
    GENERAL4           1.000      0.000    999.000    999.000
    THREAT4            1.000      0.000    999.000    999.000
    COPE4              1.000      0.000    999.000    999.000
    FNR4               1.000      0.000    999.000    999.000
    LOSS4              1.000      0.000    999.000    999.000
    SLEEP4             1.000      0.000    999.000    999.000
    SOMATIC4           1.000      0.000    999.000    999.000
    PA4                1.000      0.000    999.000    999.000
    GENERAL567         1.000      0.000    999.000    999.000
    THREAT567          1.000      0.000    999.000    999.000
    COPE567            1.000      0.000    999.000    999.000
    FNR567             1.000      0.000    999.000    999.000
    LOSS567            1.000      0.000    999.000    999.000
    SLEEP567           1.000      0.000    999.000    999.000
    SOMATIC567         1.000      0.000    999.000    999.000
    PA567              1.000      0.000    999.000    999.000


R-SQUARE

Class 1


QUALITY OF NUMERICAL RESULTS

     Condition Number for the Information Matrix              0.163E-05
       (ratio of smallest to largest eigenvalue)


SAVEDATA INFORMATION


  Save file
    C:\Users\bpinget\Desktop\Dissertation2\1r

  Order and format of variables

    GENERAL1       F10.3
    THREAT12       F10.3
    COPE12         F10.3
    FNR12          F10.3
    LOSS12         F10.3
    SLEEP12        F10.3
    SOMATIC1       F10.3
    PA12           F10.3
    GENERAL3       F10.3
    THREAT3        F10.3
    COPE3          F10.3
    FNR3           F10.3
    LOSS3          F10.3
    SLEEP3         F10.3
    SOMATIC3       F10.3
    PA3            F10.3
    GENERAL4       F10.3
    THREAT4        F10.3
    COPE4          F10.3
    FNR4           F10.3
    LOSS4          F10.3
    SLEEP4         F10.3
    SOMATIC4       F10.3
    PA4            F10.3
    GENERAL5       F10.3
    THREAT56       F10.3
    COPE567        F10.3
    FNR567         F10.3
    LOSS567        F10.3
    SLEEP567       F10.3
    SOMATIC5       F10.3
    PA567          F10.3
    CPROB1         F10.3
    CLASS          F10.3
    ID             I4

  Save file format
    34F10.3 I4

  Save file record length    10000


DIAGRAM INFORMATION

  Mplus diagrams are currently not available for Mixture analysis.
  No diagram output was produced.


     Beginning Time:  13:22:26
        Ending Time:  13:33:33
       Elapsed Time:  00:11:07



MUTHEN & MUTHEN
3463 Stoner Ave.
Los Angeles, CA  90066

Tel: (310) 391-9971
Fax: (310) 391-8971
Web: www.StatModel.com
Support: Support@StatModel.com

Copyright (c) 1998-2019 Muthen & Muthen
