Mplus VERSION 8.3
MUTHEN & MUTHEN
02/14/2023   1:38 PM

INPUT INSTRUCTIONS

  TITLE:
    2-component paper 2 normal mixture model
    !LPA with no restrictions to variance

   DATA: FILE IS C:\Users\bpinget\Desktop\factormeans.csv;


  VARIABLE:
    NAMES ARE ID General12 Threat12 Cope12 FNR12 Loss12 Sleep12 Somatic12 PA12
                 General3 Threat3 Cope3 FNR3 Loss3 Sleep3 Somatic3 PA3
                 General4 Threat4 Cope4 FNR4 Loss4 Sleep4 Somatic4 PA4
                 General567 Threat567 Cope567 FNR567 Loss567 Sleep567 Somatic567 PA567;
    USEVARIABLES General12 Threat12 Cope12 FNR12 Loss12 Sleep12 Somatic12 PA12
                 General3 Threat3 Cope3 FNR3 Loss3 Sleep3 Somatic3 PA3
                 General4 Threat4 Cope4 FNR4 Loss4 Sleep4 Somatic4 PA4
                 General567 Threat567 Cope567 FNR567 Loss567 Sleep567 Somatic567 PA567;
    IDVARIABLE IS ID;
    CLASSES = class (2);
    MISSING IS General12 Threat12 Cope12 FNR12 Loss12 Sleep12 Somatic12 PA12
                 General3 Threat3 Cope3 FNR3 Loss3 Sleep3 Somatic3 PA3
                 General4 Threat4 Cope4 FNR4 Loss4 Sleep4 Somatic4 PA4
                 General567 Threat567 Cope567 FNR567 Loss567 Sleep567 Somatic567 PA567(-99);

  ANALYSIS:
    TYPE = MIXTURE;
    STARTS = 10000 1000;
    ESTIMATOR = ML;
    MODEL = NOCOV;

  MODEL:
  %class#1%
                 [General12 Threat12 Cope12 FNR12 Loss12 Sleep12 Somatic12 PA12
                 General3 Threat3 Cope3 FNR3 Loss3 Sleep3 Somatic3 PA3
                 General4 Threat4 Cope4 FNR4 Loss4 Sleep4 Somatic4 PA4
                 General567 Threat567 Cope567 FNR567 Loss567 Sleep567 Somatic567 PA567];

                 General12 Threat12 Cope12 FNR12 Loss12 Sleep12 Somatic12 PA12
                 General3 Threat3 Cope3 FNR3 Loss3 Sleep3 Somatic3 PA3
                 General4 Threat4 Cope4 FNR4 Loss4 Sleep4 Somatic4 PA4
                 General567 Threat567 Cope567 FNR567 Loss567 Sleep567 Somatic567 PA567;

  %class#2%
                 [General12 Threat12 Cope12 FNR12 Loss12 Sleep12 Somatic12 PA12
                 General3 Threat3 Cope3 FNR3 Loss3 Sleep3 Somatic3 PA3
                 General4 Threat4 Cope4 FNR4 Loss4 Sleep4 Somatic4 PA4
                 General567 Threat567 Cope567 FNR567 Loss567 Sleep567 Somatic567 PA567];

                 General12 Threat12 Cope12 FNR12 Loss12 Sleep12 Somatic12 PA12
                 General3 Threat3 Cope3 FNR3 Loss3 Sleep3 Somatic3 PA3
                 General4 Threat4 Cope4 FNR4 Loss4 Sleep4 Somatic4 PA4
                 General567 Threat567 Cope567 FNR567 Loss567 Sleep567 Somatic567 PA567;

  OUTPUT: STDYX;

  SAVEDATA: FILE IS C:\Users\bpinget\Desktop\Dissertation2\2r;
               SAVE = cprob;



*** WARNING in VARIABLE command
  Note that only the first 8 characters of variable names are used in the output.
  Shorten variable names to avoid any confusion.
*** WARNING in MODEL command
  All variables are uncorrelated with all other variables within class.
  Check that this is what is intended.
   2 WARNING(S) FOUND IN THE INPUT INSTRUCTIONS




2-component paper 2 normal mixture model

SUMMARY OF ANALYSIS

Number of groups                                                 1
Number of observations                                         617

Number of dependent variables                                   32
Number of independent variables                                  0
Number of continuous latent variables                            0
Number of categorical latent variables                           1

Observed dependent variables

  Continuous
   GENERAL12   THREAT12    COPE12      FNR12       LOSS12      SLEEP12
   SOMATIC12   PA12        GENERAL3    THREAT3     COPE3       FNR3
   LOSS3       SLEEP3      SOMATIC3    PA3         GENERAL4    THREAT4
   COPE4       FNR4        LOSS4       SLEEP4      SOMATIC4    PA4
   GENERAL567  THREAT567   COPE567     FNR567      LOSS567     SLEEP567
   SOMATIC567  PA567

Categorical latent variables
   CLASS

Variables with special functions

  ID variable           ID

Estimator                                                       ML
Information matrix                                        OBSERVED
Optimization Specifications for the Quasi-Newton Algorithm for
Continuous Outcomes
  Maximum number of iterations                                 100
  Convergence criterion                                  0.100D-05
Optimization Specifications for the EM Algorithm
  Maximum number of iterations                                 500
  Convergence criteria
    Loglikelihood change                                 0.100D-06
    Relative loglikelihood change                        0.100D-06
    Derivative                                           0.100D-05
Optimization Specifications for the M step of the EM Algorithm for
Categorical Latent variables
  Number of M step iterations                                    1
  M step convergence criterion                           0.100D-05
  Basis for M step termination                           ITERATION
Optimization Specifications for the M step of the EM Algorithm for
Censored, Binary or Ordered Categorical (Ordinal), Unordered
Categorical (Nominal) and Count Outcomes
  Number of M step iterations                                    1
  M step convergence criterion                           0.100D-05
  Basis for M step termination                           ITERATION
  Maximum value for logit thresholds                            15
  Minimum value for logit thresholds                           -15
  Minimum expected cell size for chi-square              0.100D-01
Maximum number of iterations for H1                           2000
Convergence criterion for H1                             0.100D-03
Optimization algorithm                                         EMA
Random Starts Specifications
  Number of initial stage random starts                      10000
  Number of final stage optimizations                         1000
  Number of initial stage iterations                            10
  Initial stage convergence criterion                    0.100D+01
  Random starts scale                                    0.500D+01
  Random seed for generating random starts                       0

Input data file(s)
  C:\Users\bpinget\Desktop\factormeans.csv
Input data format  FREE


SUMMARY OF DATA

     Number of missing data patterns            23
     Number of y missing data patterns          23
     Number of u missing data patterns           0


COVARIANCE COVERAGE OF DATA

Minimum covariance coverage value   0.100


     PROPORTION OF DATA PRESENT FOR Y


           Covariance Coverage
              GENERAL1      THREAT12      COPE12        FNR12         LOSS12
              ________      ________      ________      ________      ________
 GENERAL1       0.566
 THREAT12       0.566         0.566
 COPE12         0.566         0.566         0.566
 FNR12          0.566         0.566         0.566         0.566
 LOSS12         0.566         0.566         0.566         0.566         0.566
 SLEEP12        0.566         0.566         0.566         0.566         0.566
 SOMATIC1       0.566         0.566         0.566         0.566         0.566
 PA12           0.566         0.566         0.566         0.566         0.566
 GENERAL3       0.251         0.251         0.251         0.251         0.251
 THREAT3        0.251         0.251         0.251         0.251         0.251
 COPE3          0.251         0.251         0.251         0.251         0.251
 FNR3           0.251         0.251         0.251         0.251         0.251
 LOSS3          0.251         0.251         0.251         0.251         0.251
 SLEEP3         0.251         0.251         0.251         0.251         0.251
 SOMATIC3       0.251         0.251         0.251         0.251         0.251
 PA3            0.251         0.251         0.251         0.251         0.251
 GENERAL4       0.261         0.261         0.261         0.261         0.261
 THREAT4        0.261         0.261         0.261         0.261         0.261
 COPE4          0.261         0.261         0.261         0.261         0.261
 FNR4           0.261         0.261         0.261         0.261         0.261
 LOSS4          0.261         0.261         0.261         0.261         0.261
 SLEEP4         0.261         0.261         0.261         0.261         0.261
 SOMATIC4       0.261         0.261         0.261         0.261         0.261
 PA4            0.261         0.261         0.261         0.261         0.261
 GENERAL5       0.361         0.361         0.361         0.361         0.361
 THREAT56       0.361         0.361         0.361         0.361         0.361
 COPE567        0.361         0.361         0.361         0.361         0.361
 FNR567         0.361         0.361         0.361         0.361         0.361
 LOSS567        0.361         0.361         0.361         0.361         0.361
 SLEEP567       0.361         0.361         0.361         0.361         0.361
 SOMATIC5       0.310         0.310         0.310         0.310         0.310
 PA567          0.361         0.361         0.361         0.361         0.361


           Covariance Coverage
              SLEEP12       SOMATIC1      PA12          GENERAL3      THREAT3
              ________      ________      ________      ________      ________
 SLEEP12        0.566
 SOMATIC1       0.566         0.566
 PA12           0.566         0.566         0.566
 GENERAL3       0.251         0.251         0.251         0.447
 THREAT3        0.251         0.251         0.251         0.447         0.447
 COPE3          0.251         0.251         0.251         0.447         0.447
 FNR3           0.251         0.251         0.251         0.447         0.447
 LOSS3          0.251         0.251         0.251         0.447         0.447
 SLEEP3         0.251         0.251         0.251         0.447         0.447
 SOMATIC3       0.251         0.251         0.251         0.447         0.447
 PA3            0.251         0.251         0.251         0.447         0.447
 GENERAL4       0.261         0.261         0.261         0.203         0.203
 THREAT4        0.261         0.261         0.261         0.203         0.203
 COPE4          0.261         0.261         0.261         0.203         0.203
 FNR4           0.261         0.261         0.261         0.203         0.203
 LOSS4          0.261         0.261         0.261         0.203         0.203
 SLEEP4         0.261         0.261         0.261         0.203         0.203
 SOMATIC4       0.261         0.261         0.261         0.203         0.203
 PA4            0.261         0.261         0.261         0.203         0.203
 GENERAL5       0.361         0.361         0.361         0.288         0.288
 THREAT56       0.361         0.361         0.361         0.288         0.288
 COPE567        0.361         0.361         0.361         0.288         0.288
 FNR567         0.361         0.361         0.361         0.288         0.288
 LOSS567        0.361         0.361         0.361         0.288         0.288
 SLEEP567       0.361         0.361         0.361         0.288         0.288
 SOMATIC5       0.310         0.310         0.310         0.248         0.248
 PA567          0.361         0.361         0.361         0.288         0.288


           Covariance Coverage
              COPE3         FNR3          LOSS3         SLEEP3        SOMATIC3
              ________      ________      ________      ________      ________
 COPE3          0.447
 FNR3           0.447         0.447
 LOSS3          0.447         0.447         0.447
 SLEEP3         0.447         0.447         0.447         0.447
 SOMATIC3       0.447         0.447         0.447         0.447         0.447
 PA3            0.447         0.447         0.447         0.447         0.447
 GENERAL4       0.203         0.203         0.203         0.203         0.203
 THREAT4        0.203         0.203         0.203         0.203         0.203
 COPE4          0.203         0.203         0.203         0.203         0.203
 FNR4           0.203         0.203         0.203         0.203         0.203
 LOSS4          0.203         0.203         0.203         0.203         0.203
 SLEEP4         0.203         0.203         0.203         0.203         0.203
 SOMATIC4       0.203         0.203         0.203         0.203         0.203
 PA4            0.203         0.203         0.203         0.203         0.203
 GENERAL5       0.288         0.288         0.288         0.288         0.288
 THREAT56       0.288         0.288         0.288         0.288         0.288
 COPE567        0.288         0.288         0.288         0.288         0.288
 FNR567         0.288         0.288         0.288         0.288         0.288
 LOSS567        0.288         0.288         0.288         0.288         0.288
 SLEEP567       0.288         0.288         0.288         0.288         0.288
 SOMATIC5       0.248         0.248         0.248         0.248         0.248
 PA567          0.288         0.288         0.288         0.288         0.288


           Covariance Coverage
              PA3           GENERAL4      THREAT4       COPE4         FNR4
              ________      ________      ________      ________      ________
 PA3            0.447
 GENERAL4       0.203         0.465
 THREAT4        0.203         0.465         0.465
 COPE4          0.203         0.465         0.465         0.465
 FNR4           0.203         0.465         0.465         0.465         0.465
 LOSS4          0.203         0.465         0.465         0.465         0.465
 SLEEP4         0.203         0.465         0.465         0.465         0.465
 SOMATIC4       0.203         0.465         0.465         0.465         0.465
 PA4            0.203         0.465         0.465         0.465         0.465
 GENERAL5       0.288         0.301         0.301         0.301         0.301
 THREAT56       0.288         0.301         0.301         0.301         0.301
 COPE567        0.288         0.301         0.301         0.301         0.301
 FNR567         0.288         0.301         0.301         0.301         0.301
 LOSS567        0.288         0.301         0.301         0.301         0.301
 SLEEP567       0.288         0.301         0.301         0.301         0.301
 SOMATIC5       0.248         0.264         0.264         0.264         0.264
 PA567          0.288         0.301         0.301         0.301         0.301


           Covariance Coverage
              LOSS4         SLEEP4        SOMATIC4      PA4           GENERAL5
              ________      ________      ________      ________      ________
 LOSS4          0.465
 SLEEP4         0.465         0.465
 SOMATIC4       0.465         0.465         0.465
 PA4            0.465         0.465         0.465         0.465
 GENERAL5       0.301         0.301         0.301         0.301         0.687
 THREAT56       0.301         0.301         0.301         0.301         0.687
 COPE567        0.301         0.301         0.301         0.301         0.687
 FNR567         0.301         0.301         0.301         0.301         0.687
 LOSS567        0.301         0.301         0.301         0.301         0.687
 SLEEP567       0.301         0.301         0.301         0.301         0.687
 SOMATIC5       0.264         0.264         0.264         0.264         0.605
 PA567          0.301         0.301         0.301         0.301         0.687


           Covariance Coverage
              THREAT56      COPE567       FNR567        LOSS567       SLEEP567
              ________      ________      ________      ________      ________
 THREAT56       0.687
 COPE567        0.687         0.687
 FNR567         0.687         0.687         0.687
 LOSS567        0.687         0.687         0.687         0.687
 SLEEP567       0.687         0.687         0.687         0.687         0.687
 SOMATIC5       0.605         0.605         0.605         0.605         0.605
 PA567          0.687         0.687         0.687         0.687         0.687


           Covariance Coverage
              SOMATIC5      PA567
              ________      ________
 SOMATIC5       0.605
 PA567          0.605         0.687



UNIVARIATE SAMPLE STATISTICS


     UNIVARIATE HIGHER-ORDER MOMENT DESCRIPTIVE STATISTICS

         Variable/         Mean/     Skewness/   Minimum/ % with                Percentiles
        Sample Size      Variance    Kurtosis    Maximum  Min/Max      20%/60%    40%/80%    Median

     GENERAL12             0.101       1.007      -1.460    0.29%      -0.707     -0.350     -0.152
             349.000       0.879       0.638       3.615    0.29%       0.109      0.815
     THREAT12             -0.016       0.237      -1.801    0.29%      -0.529     -0.188     -0.026
             349.000       0.376       0.663       2.511    0.29%       0.111      0.480
     COPE12                0.000      -0.397      -2.481    0.29%      -0.486     -0.159      0.035
             349.000       0.480       0.763       1.693    0.29%       0.173      0.523
     FNR12                -0.013      -0.015      -2.476    0.29%      -0.560     -0.150      0.008
             349.000       0.470       0.582       2.258    0.29%       0.167      0.494
     LOSS12               -0.009       1.021      -1.986    0.29%      -0.536     -0.281     -0.138
             349.000       0.554       3.334       4.204    0.29%       0.072      0.492
     SLEEP12              -0.012       0.567      -2.139    0.29%      -0.576     -0.277     -0.108
             349.000       0.525       0.849       3.078    0.29%       0.077      0.554
     SOMATIC12            -0.002       0.079      -2.246    0.29%      -0.699     -0.215     -0.023
             349.000       0.549      -0.398       1.706    0.29%       0.204      0.589
     PA12                  0.029       0.088      -1.920    0.29%      -0.424     -0.134     -0.009
             349.000       0.321       0.501       1.966    0.29%       0.131      0.467
     GENERAL3             -0.023       0.829      -1.362    0.36%      -0.753     -0.381     -0.190
             276.000       0.711       0.417       3.153    0.36%       0.016      0.625
     THREAT3               0.012      -0.160      -1.940    0.36%      -0.498     -0.128     -0.007
             276.000       0.323       0.102       1.495    0.36%       0.173      0.478
     COPE3                -0.002       0.168      -2.308    0.36%      -0.535     -0.122      0.022
             276.000       0.497       1.897       3.396    0.36%       0.142      0.544
     FNR3                  0.015      -0.114      -2.235    0.36%      -0.454     -0.089      0.011
             276.000       0.433       0.528       1.798    0.36%       0.135      0.517
     LOSS3                -0.028       1.491      -2.387    0.36%      -0.524     -0.228     -0.097
             276.000       0.567       7.830       5.008    0.36%       0.052      0.417
     SLEEP3                0.026       0.329      -1.913    0.36%      -0.626     -0.201     -0.045
             276.000       0.564       0.130       2.084    0.36%       0.153      0.602
     SOMATIC3              0.006       0.050      -1.815    0.36%      -0.904     -0.281     -0.002
             276.000       0.710      -1.291       1.446    0.36%       0.241      0.893
     PA3                  -0.015       0.373      -1.901    0.36%      -0.466     -0.181     -0.048
             276.000       0.354       1.579       2.690    0.36%       0.092      0.442
     GENERAL4             -0.072       0.457      -2.430    0.35%      -0.790     -0.358     -0.148
             287.000       0.743       0.392       2.609    0.35%       0.037      0.620
     THREAT4              -0.028       0.824      -1.618    0.35%      -0.517     -0.217     -0.095
             287.000       0.367       2.027       2.704    0.35%       0.074      0.421
     COPE4                 0.004      -1.890      -4.758    0.35%      -0.452     -0.045      0.050
             287.000       0.628       9.018       1.748    0.35%       0.165      0.568
     FNR4                  0.000       2.344      -1.895    0.35%      -0.503     -0.148     -0.050
             287.000       0.581      13.263       5.046    0.35%       0.069      0.426
     LOSS4                -0.009       1.646      -1.779    0.35%      -0.564     -0.266     -0.119
             287.000       0.560       6.433       4.776    0.35%       0.014      0.537
     SLEEP4               -0.008       1.489      -1.169    0.35%      -0.500     -0.352     -0.234
             287.000       0.487       2.511       3.258    0.35%      -0.088      0.417
     SOMATIC4             -0.001       1.339      -1.838    0.35%      -0.568     -0.239     -0.082
             287.000       0.555       3.620       3.301    0.35%       0.036      0.439
     PA4                   0.011      -0.941      -3.067    0.35%      -0.473     -0.065      0.093
             287.000       0.459       2.412       2.094    0.35%       0.210      0.544
     GENERAL567           -0.100       1.216      -1.312    0.24%      -0.815     -0.492     -0.280
             424.000       0.676       1.506       3.372    0.24%      -0.106      0.474
     THREAT567            -0.005       0.328      -2.469    0.24%      -0.441     -0.147     -0.024
             424.000       0.395       2.225       2.835    0.24%       0.106      0.415
     COPE567               0.012      -0.197      -2.281    0.24%      -0.536     -0.093      0.036
             424.000       0.478       0.562       2.014    0.24%       0.153      0.534
     FNR567                0.006       0.083      -1.973    0.24%      -0.492     -0.103      0.009
             424.000       0.462       0.807       2.472    0.24%       0.136      0.514
     LOSS567               0.005       0.709      -2.362    0.24%      -0.461     -0.163     -0.062
             424.000       0.435       2.852       3.459    0.24%       0.078      0.462
     SLEEP567              0.015       0.797      -1.755    0.24%      -0.517     -0.215     -0.084
             424.000       0.496       1.072       2.498    0.24%       0.049      0.515
     SOMATIC567            0.003       0.254      -1.649    0.27%      -0.794     -0.218     -0.009
             373.000       0.640      -0.923       1.759    0.27%       0.173      0.745
     PA567                 0.016       0.034      -1.899    0.24%      -0.436     -0.121     -0.006
             424.000       0.351       0.628       2.023    0.24%       0.118      0.476

RANDOM STARTS RESULTS RANKED FROM THE BEST TO THE WORST LOGLIKELIHOOD VALUES

116 perturbed starting value run(s) did not converge in the initial stage
optimizations.

Final stage loglikelihood values at local maxima, seeds, and initial stage start numbers:

          -10556.148  692628           3554
          -10556.148  460354           8358
          -10556.148  407608           5538
          -10556.148  3461             3879
          -10556.148  172732           8572
          -10556.148  902233           5701
          -10556.148  666040           8716
          -10556.148  782708           8545
          -10556.148  188833           3576
          -10556.148  195181           5013
          -10556.148  786984           2035
          -10556.148  211555           2243
          -10556.148  403235           6717
          -10556.148  624932           7337
          -10556.148  707083           9839
          -10556.148  685233           8076
          -10556.148  264901           634
          -10556.148  867570           7054
          -10556.148  352576           9565
          -10556.148  68090            4383
          -10556.148  364449           2239
          -10556.148  385194           6529
          -10556.148  365620           1457
          -10556.148  190781           2095
          -10556.148  458386           8577
          -10556.148  715948           3568
          -10556.148  618638           6708
          -10556.148  112573           6737
          -10556.148  642386           662
          -10556.148  807225           3452
          -10556.148  699983           3510
          -10556.148  564258           2653
          -10556.148  492040           1503
          -10556.148  65651            214
          -10556.148  785215           3364
          -10556.148  854682           6803
          -10556.148  577058           2673
          -10556.148  115562           9985
          -10556.148  872342           3765
          -10556.148  649686           6541
          -10556.148  88526            4394
          -10556.148  119049           9226
          -10556.148  616917           261
          -10556.148  74452            8527
          -10556.148  280104           1875
          -10556.148  87137            6837
          -10556.148  155622           507
          -10556.148  408694           6640
          -10556.148  775726           7126
          -10556.148  127098           4914
          -10556.148  281857           6556
          -10556.148  110911           1234
          -10556.148  728776           7379
          -10556.148  26115            8050
          -10556.148  704532           3637
          -10556.148  195705           7761
          -10556.148  854487           6966
          -10556.148  960958           9739
          -10556.148  709117           7537
          -10556.148  696958           8428
          -10556.148  485607           6722
          -10556.148  179090           2206
          -10556.148  643311           888
          -10556.148  922115           4059
          -10556.148  340820           3622
          -10556.148  748692           204
          -10556.148  510983           7252
          -10556.148  74049            2269
          -10556.148  290140           7811
          -10556.148  181149           6789
          -10556.148  56176            3476
          -10556.148  984099           8636
          -10556.148  945925           2583
          -10556.148  945711           1419
          -10556.148  798434           6729
          -10556.148  582918           9974
          -10556.148  280263           8365
          -10556.148  129174           8179
          -10556.148  655183           9835
          -10556.148  886352           2748
          -10556.148  unperturbed      0
          -10556.148  877572           5481
          -10556.148  269529           1850
          -10556.148  168870           3295
          -10556.148  855696           2357
          -10556.148  950970           2963
          -10556.148  227478           2396
          -10556.148  166480           8571
          -10556.148  242502           2615
          -10556.148  667250           318
          -10556.148  917267           3731
          -10556.148  51375            148
          -10556.148  774758           7457
          -10556.148  42362            6125
          -10556.148  446971           7455
          -10556.148  698646           9584
          -10556.148  420322           1165
          -10556.148  470038           3874
          -10556.148  311215           5396
          -10556.148  860732           2774
          -10556.148  97223            1146
          -10556.148  919030           6180
          -10556.148  992008           6454
          -10556.148  746172           2691
          -10556.148  928339           7390
          -10556.148  148079           1773
          -10556.148  188607           7600
          -10556.148  749313           8430
          -10556.148  295213           9865
          -10556.148  591019           2695
          -10556.148  261752           7894
          -10556.148  505528           1604
          -10556.148  34654            4311
          -10556.148  114115           2007
          -10556.148  804115           9858
          -10556.148  325724           1043
          -10556.148  810034           8492
          -10556.148  689589           3947
          -10556.148  83082            7258
          -10556.148  33915            3624
          -10556.148  217830           9521
          -10556.148  440963           3012
          -10556.148  995152           9863
          -10556.148  147553           9416
          -10556.148  65427            7315
          -10556.148  332156           4043
          -10556.148  602088           9080
          -10556.148  65917            3572
          -10556.148  907810           795
          -10556.148  655883           7750
          -10556.148  535336           2355
          -10556.148  204584           9275
          -10556.148  931192           2323
          -10556.148  479256           1915
          -10556.148  594945           9415
          -10556.148  735329           9908
          -10556.148  425133           3079
          -10556.148  953267           3840
          -10556.148  34346            330
          -10556.148  777504           2190
          -10556.148  394505           9613
          -10556.148  393711           8629
          -10556.148  794535           6692
          -10556.148  611398           5858
          -10556.148  65999            4344
          -10556.148  859041           2096
          -10556.148  584602           2973
          -10556.148  204959           695
          -10556.148  165213           2343
          -10556.148  252888           8898
          -10556.148  740658           9064
          -10556.148  50182            8509
          -10556.148  792389           746
          -10556.148  53584            5162
          -10556.148  559463           6644
          -10556.148  524328           7288
          -10556.148  856440           8269
          -10556.148  675197           7564
          -10556.148  494275           8538
          -10556.148  934216           1369
          -10556.148  492605           4368
          -10556.148  355126           9510
          -10556.148  802250           7675
          -10556.148  650699           4419
          -10556.148  145560           5410
          -10556.148  140849           515
          -10556.148  731124           6009
          -10556.148  877429           1489
          -10556.148  514326           325
          -10556.148  29286            8103
          -10556.148  921023           782
          -10556.148  426103           3577
          -10556.148  30166            1888
          -10556.148  51746            5725
          -10556.148  792439           8336
          -10556.148  434543           5564
          -10556.148  578236           4268
          -10556.148  759125           3824
          -10556.148  356870           6621
          -10556.148  166171           1577
          -10556.148  229746           8169
          -10556.148  369266           7511
          -10556.148  526675           2549
          -10556.148  528598           7981
          -10556.148  624728           9977
          -10556.148  892990           4516
          -10556.148  15270            610
          -10556.148  870582           6543
          -10556.148  688999           3529
          -10556.148  784849           4568
          -10556.148  320441           5486
          -10556.148  853577           5722
          -10556.148  771103           3504
          -10556.148  254551           996
          -10556.148  701586           5384
          -10556.148  374797           6242
          -10556.148  693641           9765
          -10556.148  269800           1686
          -10556.148  170813           4894
          -10556.148  650857           5956
          -10556.148  962199           5992
          -10556.148  502470           8827
          -10556.148  993275           9219
          -10556.148  930218           3738
          -10556.148  437379           6514
          -10556.148  672339           1693
          -10556.148  90353            2121
          -10556.148  877578           9574
          -10556.148  126371           526
          -10556.148  909803           7631
          -10556.148  409172           6077
          -10556.148  120675           9994
          -10556.148  140694           5735
          -10556.148  595846           4036
          -10556.148  574942           558
          -10556.148  224785           2053
          -10556.148  707215           4816
          -10556.148  462228           298
          -10556.148  74096            3359
          -10556.148  805935           615
          -10556.148  66813            6337
          -10556.148  465705           5612
          -10556.148  419118           8292
          -10556.148  4737             1662
          -10556.148  13412            7847
          -10556.148  672489           3679
          -10556.148  502843           6988
          -10556.148  235689           3794
          -10556.148  790099           4838
          -10556.148  553093           4463
          -10556.148  425749           5601
          -10556.148  119932           8252
          -10556.148  318974           6562
          -10556.148  852314           7439
          -10556.148  525406           3029
          -10556.148  527646           6924
          -10556.148  323788           3307
          -10556.148  298479           4593
          -10556.148  693300           3487
          -10556.148  523610           6591
          -10556.148  837741           7998
          -10556.148  832418           9868
          -10556.148  597046           4957
          -10556.148  321766           5605
          -10556.148  954302           7257
          -10556.148  870721           3701
          -10556.148  742688           594
          -10556.148  391674           5400
          -10556.148  392602           2487
          -10556.148  392602           7372
          -10556.148  570518           6831
          -10556.148  462371           8535
          -10556.148  671019           4690
          -10556.148  375590           438
          -10556.148  158157           1183
          -10556.148  504507           5246
          -10556.148  65562            1395
          -10556.148  248033           4398
          -10556.148  766903           505
          -10556.148  808981           4872
          -10556.148  736047           4944
          -10556.148  517119           9386
          -10556.148  753916           2300
          -10556.148  12593            6937
          -10556.148  288190           2844
          -10556.148  396795           323
          -10556.148  203592           3162
          -10556.148  524017           8655
          -10556.148  347022           7816
          -10556.148  797818           8656
          -10556.148  138977           5146
          -10556.148  591390           7532
          -10556.148  88844            8935
          -10556.148  699580           3190
          -10556.148  376992           1199
          -10556.148  442072           625
          -10556.148  485590           3195
          -10556.148  2907             8122
          -10556.148  707795           9422
          -10556.148  857127           6079
          -10556.148  523463           4305
          -10556.148  420037           6143
          -10556.148  228617           5766
          -10556.148  310591           4901
          -10556.148  73288            7071
          -10556.148  643533           7218
          -10556.148  419492           6460
          -10556.148  865080           5751
          -10556.148  341025           7242
          -10556.148  512370           4175
          -10556.148  818085           6236
          -10556.148  77758            2126
          -10556.148  948399           4360
          -10556.148  614764           4637
          -10556.148  751123           6142
          -10556.148  290168           2423
          -10556.148  518561           1856
          -10556.148  48513            5239
          -10556.148  357229           9228
          -10556.148  305958           8923
          -10556.148  320859           9829
          -10556.148  90350            4363
          -10556.148  392717           4834
          -10556.148  476211           7181
          -10556.148  67602            4848
          -10556.148  549964           3035
          -10556.148  422103           62
          -10556.148  667120           2859
          -10556.148  359578           458
          -10556.148  437714           9079
          -10556.148  470082           6136
          -10556.148  61127            2044
          -10556.148  389538           2052
          -10556.148  72174            6426
          -10556.148  613342           3894
          -10556.148  511950           4982
          -10556.148  149357           1743
          -10556.148  605126           8959
          -10556.148  405371           569
          -10556.148  375958           4564
          -10556.148  853343           5752
          -10556.148  787066           7447
          -10556.148  109442           7871
          -10556.148  915107           54
          -10556.148  429564           5869
          -10556.148  694918           1206
          -10556.148  252510           5282
          -10556.148  438372           4108
          -10556.148  808098           7112
          -10556.148  203711           5520
          -10556.148  558208           1403
          -10556.148  66796            9640
          -10556.148  270418           8836
          -10556.148  799949           8861
          -10556.148  83878            2541
          -10556.148  245593           9186
          -10556.148  605969           3639
          -10556.148  180596           4523
          -10556.148  193465           4670
          -10556.148  366505           9887
          -10556.148  901382           5534
          -10556.148  788599           1180
          -10556.148  494085           4955
          -10556.148  120368           6622
          -10556.148  548673           732
          -10556.148  378199           9154
          -10556.148  91231            727
          -10556.148  229018           8728
          -10556.148  651982           2944
          -10556.148  444660           3137
          -10556.148  911874           6787
          -10556.148  413360           3422
          -10556.148  213486           8891
          -10556.148  62571            3923
          -10556.148  293963           3447
          -10556.148  318571           3574
          -10556.148  293259           3614
          -10556.148  320161           9882
          -10556.148  382690           8331
          -10556.148  303834           798
          -10556.148  972415           7863
          -10556.148  864952           6225
          -10556.148  638032           1706
          -10556.148  563002           360
          -10556.148  455942           6371
          -10556.148  612192           5007
          -10556.148  439388           7366
          -10556.148  261810           7111
          -10556.148  338858           1342
          -10556.148  919098           2465
          -10556.148  177230           9547
          -10556.148  429510           4040
          -10556.148  866183           2319
          -10556.148  761633           50
          -10556.148  532095           2004
          -10556.148  941525           609
          -10556.148  886510           3906
          -10556.148  673496           218
          -10556.148  629720           926
          -10556.148  49525            3928
          -10556.148  281245           3634
          -10556.148  695404           3071
          -10556.148  992650           4876
          -10556.148  34938            6271
          -10556.148  839912           3360
          -10556.148  379823           905
          -10556.148  858266           2330
          -10556.148  96160            5039
          -10556.148  588056           3232
          -10556.148  903420           5
          -10556.148  997222           229
          -10556.148  92764            2064
          -10556.148  736774           5585
          -10556.148  91119            3204
          -10556.148  820055           4797
          -10556.148  196948           1465
          -10556.148  477797           9984
          -10556.148  499003           8086
          -10556.148  882077           5509
          -10556.148  993760           7826
          -10556.148  206646           2156
          -10556.148  20976            1336
          -10556.148  524998           6486
          -10556.148  340878           7473
          -10556.148  146857           1673
          -10556.148  747551           1190
          -10556.148  587886           3883
          -10556.148  428104           8615
          -10556.148  780726           1270
          -10556.148  91002            8998
          -10556.148  453260           1106
          -10556.148  996577           4328
          -10556.148  340711           2353
          -10556.148  916242           7301
          -10556.148  100579           8215
          -10556.148  699554           427
          -10556.148  238176           3876
          -10556.148  466595           6228
          -10556.148  538872           949
          -10556.148  768782           4597
          -10556.148  648824           5092
          -10556.148  237520           6438
          -10556.148  436615           8653
          -10556.148  192780           2264
          -10556.148  379033           2253
          -10556.148  335353           5419
          -10556.148  627679           4242
          -10556.148  182163           1264
          -10556.148  400319           887
          -10556.148  923160           3652
          -10556.148  140015           1556
          -10556.148  846255           4851
          -10556.148  852736           7934
          -10556.148  982127           5570
          -10556.148  952886           3428
          -10556.148  483093           3467
          -10556.148  110361           6835
          -10556.148  619846           3528
          -10556.148  236257           8381
          -10556.148  987237           5424
          -10556.148  553920           2961
          -10556.148  328852           8542
          -10556.148  115929           1991
          -10556.148  939870           655
          -10556.148  296598           7946
          -10556.148  420002           9847
          -10556.148  840499           9910
          -10556.148  833487           6549
          -10556.148  420002           2011
          -10556.148  425999           7392
          -10556.148  52404            7797
          -10556.148  164305           128
          -10556.148  332986           1193
          -10556.148  142853           3228
          -10556.148  574093           7468
          -10556.148  524326           8111
          -10556.148  373582           5631
          -10556.148  997633           6682
          -10556.148  298997           1315
          -10556.148  991281           5854
          -10556.148  148039           8149
          -10556.148  225539           1150
          -10556.148  676943           1916
          -10556.148  806943           5959
          -10556.148  922227           4865
          -10556.148  920263           4698
          -10556.148  848590           694
          -10556.148  160235           9446
          -10556.148  380179           4457
          -10556.148  22089            143
          -10556.148  62277            6678
          -10556.148  217990           1077
          -10556.148  88088            8905
          -10556.148  895437           6513
          -10556.148  462821           745
          -10556.148  259161           2229
          -10556.148  298553           773
          -10556.148  607884           6407
          -10556.148  503388           5777
          -10556.148  314662           1036
          -10556.148  196425           3280
          -10556.148  954214           7307
          -10556.148  703715           2171
          -10556.148  34050            2235
          -10556.148  224084           9919
          -10556.148  168082           5993
          -10556.148  973369           202
          -10556.148  427979           3337
          -10556.148  451348           2972
          -10556.148  720085           3423
          -10556.148  448206           8695
          -10556.148  777300           2522
          -10556.148  291962           2151
          -10556.148  64121            8354
          -10556.148  297024           7259
          -10556.148  942358           644
          -10556.148  39136            226
          -10556.148  395644           8928
          -10556.148  622173           992
          -10556.148  626208           698
          -10556.148  217645           2102
          -10556.148  609367           4562
          -10556.148  110800           4689
          -10556.148  807339           4334
          -10556.148  696266           1192
          -10556.148  364729           5499
          -10556.148  774166           8026
          -10556.148  280765           3917
          -10556.148  273985           3975
          -10556.148  230385           3488
          -10556.148  76930            1767
          -10556.148  211879           3922
          -10556.148  437567           8416
          -10556.148  655825           8218
          -10556.148  666066           9633
          -10556.148  328661           813
          -10556.148  929412           8933
          -10556.148  405079           68
          -10556.148  510652           7879
          -10556.148  495089           8798
          -10556.148  302174           5922
          -10556.148  469158           1145
          -10556.148  471040           403
          -10556.148  656707           4642
          -10556.148  660142           9776
          -10556.148  506228           3939
          -10556.148  132524           2316
          -10556.148  889772           2832
          -10556.148  475949           6203
          -10556.148  224950           455
          -10556.148  309852           2802
          -10556.148  748953           4546
          -10556.148  143515           8322
          -10556.148  989029           4281
          -10556.148  877722           1053
          -10556.148  355384           7479
          -10556.148  937507           8598
          -10556.148  637095           207
          -10556.148  622873           1218
          -10556.148  861304           4432
          -10556.148  633073           3871
          -10556.148  545585           9420
          -10556.148  147767           3750
          -10556.148  404426           344
          -10556.148  689400           6375
          -10556.148  739462           6116
          -10556.148  438631           7526
          -10556.148  121729           3011
          -10556.148  447690           5391
          -10556.148  182880           1396
          -10556.148  217415           1240
          -10556.148  22874            588
          -10556.148  970748           8255
          -10556.148  875746           7074
          -10556.148  247610           2039
          -10556.148  698130           8960
          -10556.148  21740            3286
          -10556.148  766076           4014
          -10556.148  684857           4620
          -10556.148  200041           810
          -10556.148  878975           8643
          -10556.148  308942           8864
          -10556.148  701092           7682
          -10556.148  820075           8680
          -10556.148  238262           1541
          -10556.148  205254           9649
          -10556.148  490123           995
          -10556.148  893448           3352
          -10556.148  317614           8850
          -10556.148  945490           3300
          -10556.148  19732            9442
          -10556.148  584265           9837
          -10556.148  188944           3585
          -10556.148  865598           9498
          -10556.148  463237           6839
          -10556.148  863849           1122
          -10556.148  521571           9139
          -10556.148  274006           4488
          -10556.148  294661           3963
          -10556.148  926654           9322
          -10556.148  404042           675
          -10556.148  172983           6031
          -10556.148  802079           7067
          -10556.148  885279           8835
          -10556.148  944796           6311
          -10556.148  447198           7824
          -10556.148  780698           337
          -10556.148  496182           8450
          -10556.148  578567           2212
          -10556.148  987461           9960
          -10556.148  746978           410
          -10556.148  695800           6604
          -10556.148  928624           981
          -10556.148  436784           9511
          -10556.148  19333            3229
          -10556.148  302064           4447
          -10556.148  91558            7284
          -10556.148  418284           2080
          -10556.148  670531           5953
          -10556.148  611281           5890
          -10556.148  392418           28
          -10556.148  7906             8404
          -10556.148  427119           9390
          -10556.148  953003           1478
          -10556.148  174062           9553
          -10556.148  883305           7442
          -10556.148  9311             1597
          -10556.148  951829           9570
          -10556.148  88592            9676
          -10556.148  986297           5663
          -10556.148  618255           5273
          -10556.148  483056           2880
          -10556.148  627358           6291
          -10556.148  239977           4115
          -10556.148  612092           1409
          -10556.148  60038            1064
          -10556.148  413564           535
          -10556.148  526094           5315
          -10556.148  34373            8448
          -10556.148  821891           8823
          -10556.148  221146           1046
          -10556.148  437181           135
          -10556.148  449171           1260
          -10556.148  746487           3711
          -10556.148  751787           6141
          -10556.148  941919           6650
          -10556.148  453948           9061
          -10556.148  77289            2693
          -10556.148  299996           1853
          -10556.148  679427           2446
          -10556.148  547415           9953
          -10556.148  976112           4060
          -10556.148  967567           1377
          -10556.148  369037           5037
          -10556.148  946098           5670
          -10556.148  602032           648
          -10556.148  340165           5864
          -10556.148  790703           8663
          -10556.148  558723           9717
          -10556.148  151083           6491
          -10556.148  643676           6715
          -10556.148  344109           1044
          -10556.148  528719           9702
          -10556.148  74296            9474
          -10556.148  582181           2417
          -10556.148  226757           8070
          -10556.148  797872           7655
          -10556.148  862182           8291
          -10556.148  967562           9828
          -10556.148  481720           5691
          -10556.148  713348           2976
          -10556.148  593259           6146
          -10556.148  961832           5011
          -10556.148  570782           193
          -10556.148  694666           4424
          -10556.148  454111           2097
          -10556.148  305245           2749
          -10556.148  208020           6119
          -10556.148  279357           8272
          -10556.148  560714           8981
          -10556.148  996133           5991
          -10556.148  981480           1025
          -10556.148  990504           827
          -10556.148  74623            8581
          -10556.148  353580           1794
          -10556.148  933064           8164
          -10556.148  208730           9027
          -10556.148  289148           1092
          -10556.148  723136           2848
          -10556.148  519511           4219
          -10556.148  109893           4391
          -10556.148  899062           3493
          -10556.148  694303           282
          -10556.148  483599           1935
          -10556.148  454280           7909
          -10556.148  407248           7220
          -10556.148  426364           1325
          -10556.148  690031           6510
          -10556.148  472543           1917
          -10556.148  662807           4554
          -10556.148  606576           151
          -10556.148  450584           3772
          -10556.148  79212            517
          -10556.148  683188           4267
          -10556.148  459083           9308
          -10556.148  85738            6033
          -10556.148  604729           3891
          -10556.148  219090           8347
          -10556.148  884619           1441
          -10556.148  447259           9151
          -10556.148  512296           2476
          -10556.148  563156           7165
          -10556.148  137342           8456
          -10556.148  723970           8782
          -10556.148  538823           6056
          -10556.148  712775           8970
          -10556.148  456969           9011
          -10556.148  249922           8035
          -10556.148  285380           4372
          -10556.148  285380           1
          -10556.148  525962           8236
          -10556.148  241073           6897
          -10556.148  145042           2798
          -10556.148  764774           8937
          -10556.148  195104           3905
          -10556.148  511345           9711
          -10556.148  848505           2799
          -10556.148  222996           7011
          -10556.148  69487            3163
          -10556.148  382895           6148
          -10556.148  823498           7101
          -10556.148  948991           5661
          -10556.148  544075           8359
          -10556.148  204979           5195
          -10556.148  107066           3147
          -10556.148  383371           3818
          -10556.148  863643           1619
          -10556.148  690012           2686
          -10556.148  119680           4434
          -10556.148  928287           197
          -10556.148  822773           4147
          -10556.148  6390             6841
          -10556.148  519506           5387
          -10556.148  135211           9940
          -10556.148  798734           2869
          -10556.148  741888           138
          -10556.148  117671           6525
          -10556.148  189496           2572
          -10556.148  551472           5819
          -10556.148  517917           5157
          -10556.148  868958           4083
          -10556.148  790452           303
          -10556.148  509189           6164
          -10556.148  957636           5232
          -10556.148  316736           8984
          -10556.148  450164           5105
          -10556.148  775840           7454
          -10556.148  829927           4587
          -10556.148  979620           4480
          -10556.148  180889           920
          -10556.148  193581           2898
          -10556.148  656067           4044
          -10556.148  588887           2025
          -10556.148  84241            2877
          -10556.148  653091           5877
          -10556.148  452030           9220
          -10556.148  175767           3362
          -10556.148  19271            3020
          -10556.148  910119           1886
          -10556.148  910119           2034
          -10556.148  396682           7494
          -10556.148  476865           7318
          -10556.148  18366            1473
          -10556.148  232559           136
          -10556.148  791087           4308
          -10556.148  282955           1073
          -10556.148  781082           7906
          -10556.148  513053           5961
          -10556.148  262728           9949
          -10556.148  519416           7608
          -10556.148  375145           5805
          -10556.148  241299           912
          -10556.148  244349           736
          -10556.148  422242           8667
          -10556.148  75870            7335
          -10556.148  578347           9050
          -10556.148  431759           6500
          -10556.148  203536           7979
          -10556.148  497606           7434
          -10556.148  990197           1055
          -10556.148  494911           7916
          -10556.148  888978           4959
          -10556.148  179714           4258
          -10556.148  970728           1371
          -10556.148  673091           3053
          -10556.148  275003           1674
          -10556.148  115506           9523
          -10556.148  630704           2295
          -10556.148  798642           9572
          -10556.148  105998           8173
          -10556.148  463282           5830
          -10556.148  608633           5995
          -10556.148  167603           5277
          -10556.148  560402           1532
          -10556.148  414059           1200
          -10556.148  476383           3058
          -10556.148  57610            5561
          -10556.148  276270           6994
          -10556.148  5568             8837
          -10556.148  598455           7803
          -10556.148  6424             8515
          -10556.148  350608           334
          -10556.148  21068            5270
          -10556.148  875907           5433
          -10556.148  45556            3294
          -10556.148  219306           6751
          -10556.148  742231           8715
          -10556.148  503308           4490
          -10556.148  812651           9008
          -10556.148  57226            208
          -10556.148  476830           3388
          -10556.148  76847            1959
          -10556.148  591420           9781
          -10556.148  226887           6318
          -10556.148  298613           9611
          -10556.148  465108           8177
          -10556.148  778963           5107
          -10556.148  977135           5984
          -10556.148  211184           7758
          -10556.148  362343           7580
          -10556.148  674419           2870
          -10556.148  607447           7247
          -10556.148  499319           7657
          -10556.148  720520           3285
          -10556.148  688839           273
          -10556.148  558975           6852
          -10556.148  421731           886
          -10556.148  893936           8714
          -10556.148  458788           9058
          -10556.148  616196           8245
          -10556.148  771522           9982
          -10556.148  254469           6826
          -10556.148  633239           6893
          -10556.148  502532           445
          -10556.148  883688           1197
          -10556.148  473118           6441
          -10556.148  842969           7300
          -10556.148  119796           7503
          -10556.148  180978           5468
          -10556.148  604581           8620
          -10556.148  877914           3025
          -10556.148  370380           5334
          -10556.148  476408           4070
          -10556.148  691368           3416
          -10556.148  589483           950
          -10556.148  494121           7912
          -10556.148  642261           4187
          -10556.148  332693           2655
          -10556.148  707200           1005
          -10556.148  640759           7174
          -10556.148  155465           7522
          -10556.148  485948           3188
          -10556.148  940717           7185
          -10556.148  595590           3027
          -10556.148  497536           5980
          -10556.148  374756           3154
          -10556.148  443917           60
          -10556.148  399194           3430
          -10556.148  709906           2904
          -10556.148  913786           7638
          -10556.148  497953           4986
          -10556.148  697928           7551
          -10556.148  262017           5660
          -10556.148  430055           6380
          -10556.148  978781           497
          -10556.148  754975           5198
          -10556.148  275305           4638
          -10556.148  582246           4842
          -10556.148  489243           7384
          -10556.148  920521           4029
          -10556.148  588962           1790
          -10556.148  185171           8807
          -10556.148  513949           1910
          -10556.148  736102           5843
          -10556.148  789227           4290
          -10556.148  970838           3615
          -10556.148  657473           9191
          -10556.148  795367           2990
          -10556.148  417600           1416
          -10556.148  181178           1069
          -10556.148  936964           5302
          -10556.148  847540           3988
          -10556.148  690740           6890
          -10556.148  546943           865
          -10556.148  491838           2851
          -10556.148  972430           491
          -10556.148  125531           4284
          -10556.148  145322           4996
          -10556.148  871438           561
          -10556.148  789906           7609
          -10556.148  303959           1063
          -10556.148  418416           7534
          -10556.148  301105           4652
          -10556.148  483374           4585
          -10556.148  241758           9044
          -10556.148  236311           8454
          -10556.148  312869           8312
          -10556.148  485256           371
          -10556.148  921206           1277
          -10556.148  514366           5920
          -10556.148  28983            1574
          -10556.148  195796           6874
          -10556.148  564572           2893
          -10556.148  432430           9476
          -10556.148  262844           9952
          -10556.148  634313           5295
          -10556.148  105826           8131
          -10556.148  849379           4669
          -10556.148  775844           2371
          -10556.148  415595           9243
          -10556.148  797493           1563
          -10556.148  197904           1782
          -10556.148  647115           9763
          -10556.148  821210           7283
          -10556.148  170954           86
          -10556.148  193238           4498
          -10556.148  329626           2457
          -10556.148  424433           5883
          -10556.148  628375           7248
          -10556.148  441538           7098
          -10556.148  665135           8303
          -10556.148  499150           216
          -10556.148  876076           4125
          -10556.148  501799           4702
          -10556.148  726491           4442
          -10556.148  367056           4677
          -10556.148  100066           5304
          -10556.148  288876           8350
          -10556.148  332649           5124
          -10556.148  234937           4167
          -10556.148  459547           2467
          -10556.148  115440           8153
          -10556.148  96433            7594
          -10556.148  942173           7587
          -10556.148  874660           5814
          -10556.148  135514           3739
          -10556.148  36816            9013
          -10556.148  889968           6472
          -10556.148  192733           8441
          -10556.148  774425           5532
          -10556.148  264951           1130
          -10556.602  973427           2340
          -10556.602  180654           3150
          -10556.602  303697           8110
          -10556.602  624106           7267
          -10556.602  228884           8194
          -10556.602  263870           7601
          -10556.602  614535           449
          -10556.602  598784           6892
          -10556.602  859577           8321
          -10556.602  416034           5383
          -10556.602  588295           8996
          -10556.602  633681           2580
          -10556.602  406599           6387
          -10556.602  659160           6436
          -10556.602  564202           9713
          -10556.602  238260           7978
          -10556.602  165376           7459
          -10556.602  193081           6820
          -10556.602  551762           4002
          -10556.602  481706           9169
          -10556.602  690330           2014
          -10556.602  152789           4911
          -10556.602  383071           9760
          -10556.602  136990           5135
          -10556.602  86880            6315
          -10556.602  699810           571
          -10556.602  507276           5572
          -10556.602  179877           7203
          -10556.602  402699           604
          -10556.602  816260           4138
          -10556.602  36477            8734
          -10556.602  862515           9148
          -10556.602  574769           4921
          -10556.602  377463           7679
          -10556.602  918558           412
          -10556.602  283033           6967
          -10556.602  374119           8980
          -10556.602  909990           3843
          -10556.602  568728           8578
          -10556.602  494365           1331
          -10556.602  715121           9460
          -10556.602  641034           6561
          -10556.602  692194           5809
          -10556.602  536063           6330
          -10556.602  401245           1929
          -10556.602  856955           8608
          -10556.602  444363           1936
          -10556.602  139941           3271
          -10556.602  379729           512
          -10556.602  750483           7905
          -10556.602  957601           7061
          -10556.602  791132           6388
          -10556.602  791132           6507
          -10556.602  429550           9601
          -10556.602  719865           8440
          -10556.602  453915           975
          -10556.602  823753           8073
          -10556.602  554097           4648
          -10556.602  260601           36
          -10556.602  231373           2766
          -10556.602  659755           6853
          -10556.602  346102           2765
          -10556.602  708350           4325
          -10556.602  304762           4712
          -10556.602  2850             1110
          -10556.602  462129           9986
          -10556.602  664138           3993
          -10556.602  260888           6335
          -10556.602  322897           9539



THE BEST LOGLIKELIHOOD VALUE HAS BEEN REPLICATED.  RERUN WITH AT LEAST TWICE THE
RANDOM STARTS TO CHECK THAT THE BEST LOGLIKELIHOOD IS STILL OBTAINED AND REPLICATED.


THE MODEL ESTIMATION TERMINATED NORMALLY



MODEL FIT INFORMATION

Number of Free Parameters                      129

Loglikelihood

          H0 Value                      -10556.148

Information Criteria

          Akaike (AIC)                   21370.297
          Bayesian (BIC)                 21941.105
          Sample-Size Adjusted BIC       21531.553
            (n* = (n + 2) / 24)



FINAL CLASS COUNTS AND PROPORTIONS FOR THE LATENT CLASSES
BASED ON THE ESTIMATED MODEL

    Latent
   Classes

       1        373.83230          0.60589
       2        243.16770          0.39411


FINAL CLASS COUNTS AND PROPORTIONS FOR THE LATENT CLASSES
BASED ON ESTIMATED POSTERIOR PROBABILITIES

    Latent
   Classes

       1        373.83230          0.60589
       2        243.16770          0.39411


FINAL CLASS COUNTS AND PROPORTIONS FOR THE LATENT CLASSES
BASED ON THEIR MOST LIKELY LATENT CLASS MEMBERSHIP

Class Counts and Proportions

    Latent
   Classes

       1              377          0.61102
       2              240          0.38898


CLASSIFICATION QUALITY

     Entropy                         0.815


Average Latent Class Probabilities for Most Likely Latent Class Membership (Row)
by Latent Class (Column)

           1        2

    1   0.952    0.048
    2   0.062    0.938


Classification Probabilities for the Most Likely Latent Class Membership (Column)
by Latent Class (Row)

           1        2

    1   0.960    0.040
    2   0.074    0.926


Logits for the Classification Probabilities for the Most Likely Latent Class Membership (Column)
by Latent Class (Row)

              1        2

    1      3.187    0.000
    2     -2.527    0.000


MODEL RESULTS

                                                    Two-Tailed
                    Estimate       S.E.  Est./S.E.    P-Value

Latent Class 1

 Means
    GENERAL12         -0.216      0.053     -4.106      0.000
    THREAT12          -0.192      0.039     -4.962      0.000
    COPE12             0.223      0.042      5.301      0.000
    FNR12             -0.220      0.044     -5.039      0.000
    LOSS12            -0.223      0.034     -6.511      0.000
    SLEEP12           -0.068      0.044     -1.537      0.124
    SOMATIC12          0.004      0.050      0.085      0.933
    PA12               0.206      0.036      5.774      0.000
    GENERAL3          -0.427      0.047     -9.148      0.000
    THREAT3           -0.094      0.043     -2.209      0.027
    COPE3              0.200      0.042      4.762      0.000
    FNR3              -0.165      0.042     -3.958      0.000
    LOSS3             -0.189      0.034     -5.495      0.000
    SLEEP3             0.041      0.058      0.706      0.480
    SOMATIC3          -0.029      0.067     -0.428      0.668
    PA3                0.129      0.041      3.139      0.002
    GENERAL4          -0.290      0.048     -6.096      0.000
    THREAT4           -0.219      0.034     -6.455      0.000
    COPE4              0.241      0.035      6.818      0.000
    FNR4              -0.201      0.035     -5.759      0.000
    LOSS4             -0.285      0.030     -9.352      0.000
    SLEEP4            -0.111      0.043     -2.565      0.010
    SOMATIC4          -0.050      0.039     -1.275      0.202
    PA4                0.244      0.032      7.644      0.000
    GENERAL567        -0.448      0.036    -12.379      0.000
    THREAT567         -0.095      0.031     -3.058      0.002
    COPE567            0.183      0.041      4.494      0.000
    FNR567            -0.158      0.042     -3.810      0.000
    LOSS567           -0.134      0.030     -4.480      0.000
    SLEEP567          -0.085      0.038     -2.205      0.027
    SOMATIC567        -0.018      0.054     -0.331      0.741
    PA567              0.135      0.034      3.934      0.000

 Variances
    GENERAL12          0.561      0.057      9.837      0.000
    THREAT12           0.296      0.029     10.143      0.000
    COPE12             0.335      0.035      9.590      0.000
    FNR12              0.373      0.037      9.963      0.000
    LOSS12             0.227      0.023      9.781      0.000
    SLEEP12            0.393      0.040      9.797      0.000
    SOMATIC12          0.511      0.050     10.173      0.000
    PA12               0.254      0.025     10.230      0.000
    GENERAL3           0.306      0.038      8.111      0.000
    THREAT3            0.288      0.032      8.887      0.000
    COPE3              0.271      0.031      8.693      0.000
    FNR3               0.268      0.031      8.789      0.000
    LOSS3              0.178      0.023      7.869      0.000
    SLEEP3             0.531      0.059      8.929      0.000
    SOMATIC3           0.711      0.077      9.179      0.000
    PA3                0.264      0.031      8.506      0.000
    GENERAL4           0.398      0.042      9.392      0.000
    THREAT4            0.198      0.022      9.090      0.000
    COPE4              0.215      0.024      9.058      0.000
    FNR4               0.212      0.023      9.183      0.000
    LOSS4              0.159      0.017      9.178      0.000
    SLEEP4             0.286      0.044      6.572      0.000
    SOMATIC4           0.272      0.029      9.401      0.000
    PA4                0.174      0.019      9.043      0.000
    GENERAL567         0.257      0.029      8.757      0.000
    THREAT567          0.231      0.022     10.688      0.000
    COPE567            0.379      0.035     10.832      0.000
    FNR567             0.386      0.036     10.594      0.000
    LOSS567            0.204      0.020     10.137      0.000
    SLEEP567           0.338      0.034     10.019      0.000
    SOMATIC567         0.624      0.059     10.505      0.000
    PA567              0.273      0.025     10.741      0.000

Latent Class 2

 Means
    GENERAL12          0.619      0.090      6.906      0.000
    THREAT12           0.270      0.055      4.928      0.000
    COPE12            -0.364      0.063     -5.741      0.000
    FNR12              0.324      0.060      5.421      0.000
    LOSS12             0.340      0.084      4.023      0.000
    SLEEP12            0.079      0.077      1.032      0.302
    SOMATIC12         -0.011      0.071     -0.157      0.875
    PA12              -0.259      0.048     -5.341      0.000
    GENERAL3           0.635      0.085      7.493      0.000
    THREAT3            0.184      0.059      3.133      0.002
    COPE3             -0.332      0.084     -3.950      0.000
    FNR3               0.308      0.076      4.051      0.000
    LOSS3              0.235      0.105      2.228      0.026
    SLEEP3             0.001      0.080      0.019      0.985
    SOMATIC3           0.063      0.086      0.731      0.465
    PA3               -0.249      0.065     -3.826      0.000
    GENERAL4           0.335      0.110      3.055      0.002
    THREAT4            0.327      0.072      4.526      0.000
    COPE4             -0.437      0.108     -4.045      0.000
    FNR4               0.374      0.105      3.567      0.000
    LOSS4              0.505      0.100      5.058      0.000
    SLEEP4             0.183      0.095      1.929      0.054
    SOMATIC4           0.089      0.105      0.849      0.396
    PA4               -0.423      0.088     -4.829      0.000
    GENERAL567         0.465      0.077      6.047      0.000
    THREAT567          0.142      0.064      2.214      0.027
    COPE567           -0.267      0.059     -4.493      0.000
    FNR567             0.272      0.058      4.723      0.000
    LOSS567            0.231      0.070      3.304      0.001
    SLEEP567           0.177      0.070      2.540      0.011
    SOMATIC567         0.037      0.073      0.503      0.615
    PA567             -0.179      0.054     -3.331      0.001

 Variances
    GENERAL12          0.964      0.120      8.036      0.000
    THREAT12           0.374      0.047      7.900      0.000
    COPE12             0.504      0.064      7.911      0.000
    FNR12              0.445      0.059      7.575      0.000
    LOSS12             0.891      0.112      7.923      0.000
    SLEEP12            0.728      0.092      7.917      0.000
    SOMATIC12          0.609      0.077      7.939      0.000
    PA12               0.297      0.038      7.896      0.000
    GENERAL3           0.671      0.096      7.006      0.000
    THREAT3            0.332      0.048      6.900      0.000
    COPE3              0.689      0.097      7.075      0.000
    FNR3               0.563      0.080      7.024      0.000
    LOSS3              1.090      0.154      7.084      0.000
    SLEEP3             0.615      0.089      6.917      0.000
    SOMATIC3           0.702      0.098      7.148      0.000
    PA3                0.411      0.061      6.743      0.000
    GENERAL4           1.130      0.162      6.984      0.000
    THREAT4            0.487      0.071      6.894      0.000
    COPE4              1.097      0.158      6.958      0.000
    FNR4               1.052      0.151      6.958      0.000
    LOSS4              0.900      0.129      6.951      0.000
    SLEEP4             0.804      0.119      6.737      0.000
    SOMATIC4           1.069      0.153      6.969      0.000
    PA4                0.697      0.101      6.919      0.000
    GENERAL567         0.841      0.096      8.730      0.000
    THREAT567          0.626      0.072      8.709      0.000
    COPE567            0.514      0.059      8.700      0.000
    FNR567             0.469      0.055      8.542      0.000
    LOSS567            0.728      0.083      8.752      0.000
    SLEEP567           0.711      0.082      8.665      0.000
    SOMATIC567         0.663      0.081      8.174      0.000
    PA567              0.418      0.049      8.586      0.000

Categorical Latent Variables

 Means
    CLASS#1            0.430      0.101      4.260      0.000


STANDARDIZED MODEL RESULTS


STDYX Standardization

                                                    Two-Tailed
                    Estimate       S.E.  Est./S.E.    P-Value

Latent Class 1

 Means
    GENERAL12         -0.289      0.073     -3.972      0.000
    THREAT12          -0.353      0.074     -4.784      0.000
    COPE12             0.385      0.077      4.984      0.000
    FNR12             -0.361      0.074     -4.857      0.000
    LOSS12            -0.469      0.077     -6.105      0.000
    SLEEP12           -0.109      0.071     -1.526      0.127
    SOMATIC12          0.006      0.071      0.085      0.933
    PA12               0.409      0.074      5.532      0.000
    GENERAL3          -0.771      0.104     -7.413      0.000
    THREAT3           -0.176      0.080     -2.186      0.029
    COPE3              0.384      0.085      4.513      0.000
    FNR3              -0.318      0.083     -3.825      0.000
    LOSS3             -0.448      0.086     -5.233      0.000
    SLEEP3             0.056      0.079      0.706      0.480
    SOMATIC3          -0.034      0.079     -0.428      0.668
    PA3                0.250      0.081      3.076      0.002
    GENERAL4          -0.460      0.080     -5.750      0.000
    THREAT4           -0.491      0.082     -5.991      0.000
    COPE4              0.519      0.082      6.312      0.000
    FNR4              -0.436      0.080     -5.448      0.000
    LOSS4             -0.716      0.087     -8.233      0.000
    SLEEP4            -0.208      0.087     -2.390      0.017
    SOMATIC4          -0.096      0.075     -1.273      0.203
    PA4                0.586      0.084      6.934      0.000
    GENERAL567        -0.883      0.099     -8.953      0.000
    THREAT567         -0.198      0.066     -3.009      0.003
    COPE567            0.298      0.069      4.331      0.000
    FNR567            -0.255      0.069     -3.687      0.000
    LOSS567           -0.296      0.069     -4.299      0.000
    SLEEP567          -0.146      0.067     -2.162      0.031
    SOMATIC567        -0.023      0.069     -0.331      0.741
    PA567              0.259      0.068      3.830      0.000

 Variances
    GENERAL12          1.000      0.000    999.000    999.000
    THREAT12           1.000      0.000    999.000    999.000
    COPE12             1.000      0.000    999.000    999.000
    FNR12              1.000      0.000    999.000    999.000
    LOSS12             1.000      0.000    999.000    999.000
    SLEEP12            1.000      0.000    999.000    999.000
    SOMATIC12          1.000      0.000    999.000    999.000
    PA12               1.000      0.000    999.000    999.000
    GENERAL3           1.000      0.000    999.000    999.000
    THREAT3            1.000      0.000    999.000    999.000
    COPE3              1.000      0.000    999.000    999.000
    FNR3               1.000      0.000    999.000    999.000
    LOSS3              1.000      0.000    999.000    999.000
    SLEEP3             1.000      0.000    999.000    999.000
    SOMATIC3           1.000      0.000    999.000    999.000
    PA3                1.000      0.000    999.000    999.000
    GENERAL4           1.000      0.000    999.000    999.000
    THREAT4            1.000      0.000    999.000    999.000
    COPE4              1.000      0.000    999.000    999.000
    FNR4               1.000      0.000    999.000    999.000
    LOSS4              1.000      0.000    999.000    999.000
    SLEEP4             1.000      0.000    999.000    999.000
    SOMATIC4           1.000      0.000    999.000    999.000
    PA4                1.000      0.000    999.000    999.000
    GENERAL567         1.000      0.000    999.000    999.000
    THREAT567          1.000      0.000    999.000    999.000
    COPE567            1.000      0.000    999.000    999.000
    FNR567             1.000      0.000    999.000    999.000
    LOSS567            1.000      0.000    999.000    999.000
    SLEEP567           1.000      0.000    999.000    999.000
    SOMATIC567         1.000      0.000    999.000    999.000
    PA567              1.000      0.000    999.000    999.000

Latent Class 2

 Means
    GENERAL12          0.631      0.099      6.360      0.000
    THREAT12           0.441      0.094      4.685      0.000
    COPE12            -0.513      0.095     -5.405      0.000
    FNR12              0.486      0.096      5.045      0.000
    LOSS12             0.360      0.092      3.895      0.000
    SLEEP12            0.093      0.090      1.032      0.302
    SOMATIC12         -0.014      0.091     -0.157      0.876
    PA12              -0.475      0.094     -5.048      0.000
    GENERAL3           0.775      0.119      6.491      0.000
    THREAT3            0.320      0.105      3.038      0.002
    COPE3             -0.400      0.105     -3.800      0.000
    FNR3               0.411      0.106      3.876      0.000
    LOSS3              0.225      0.102      2.201      0.028
    SLEEP3             0.002      0.103      0.019      0.985
    SOMATIC3           0.075      0.103      0.730      0.466
    PA3               -0.389      0.106     -3.653      0.000
    GENERAL4           0.315      0.106      2.979      0.003
    THREAT4            0.468      0.110      4.274      0.000
    COPE4             -0.417      0.107     -3.885      0.000
    FNR4               0.365      0.105      3.463      0.001
    LOSS4              0.533      0.113      4.717      0.000
    SLEEP4             0.204      0.106      1.932      0.053
    SOMATIC4           0.086      0.102      0.848      0.396
    PA4               -0.507      0.112     -4.519      0.000
    GENERAL567         0.507      0.089      5.684      0.000
    THREAT567          0.180      0.082      2.197      0.028
    COPE567           -0.372      0.086     -4.341      0.000
    FNR567             0.398      0.088      4.527      0.000
    LOSS567            0.271      0.083      3.249      0.001
    SLEEP567           0.210      0.083      2.525      0.012
    SOMATIC567         0.045      0.089      0.503      0.615
    PA567             -0.276      0.085     -3.260      0.001

 Variances
    GENERAL12          1.000      0.000    999.000    999.000
    THREAT12           1.000      0.000    999.000    999.000
    COPE12             1.000      0.000    999.000    999.000
    FNR12              1.000      0.000    999.000    999.000
    LOSS12             1.000      0.000    999.000    999.000
    SLEEP12            1.000      0.000    999.000    999.000
    SOMATIC12          1.000      0.000    999.000    999.000
    PA12               1.000      0.000    999.000    999.000
    GENERAL3           1.000      0.000    999.000    999.000
    THREAT3            1.000      0.000    999.000    999.000
    COPE3              1.000      0.000    999.000    999.000
    FNR3               1.000      0.000    999.000    999.000
    LOSS3              1.000      0.000    999.000    999.000
    SLEEP3             1.000      0.000    999.000    999.000
    SOMATIC3           1.000      0.000    999.000    999.000
    PA3                1.000      0.000    999.000    999.000
    GENERAL4           1.000      0.000    999.000    999.000
    THREAT4            1.000      0.000    999.000    999.000
    COPE4              1.000      0.000    999.000    999.000
    FNR4               1.000      0.000    999.000    999.000
    LOSS4              1.000      0.000    999.000    999.000
    SLEEP4             1.000      0.000    999.000    999.000
    SOMATIC4           1.000      0.000    999.000    999.000
    PA4                1.000      0.000    999.000    999.000
    GENERAL567         1.000      0.000    999.000    999.000
    THREAT567          1.000      0.000    999.000    999.000
    COPE567            1.000      0.000    999.000    999.000
    FNR567             1.000      0.000    999.000    999.000
    LOSS567            1.000      0.000    999.000    999.000
    SLEEP567           1.000      0.000    999.000    999.000
    SOMATIC567         1.000      0.000    999.000    999.000
    PA567              1.000      0.000    999.000    999.000


R-SQUARE

Class 1

Class 2


QUALITY OF NUMERICAL RESULTS

     Condition Number for the Information Matrix              0.205E-04
       (ratio of smallest to largest eigenvalue)


SAVEDATA INFORMATION


  Save file
    C:\Users\bpinget\Desktop\Dissertation2\2r

  Order and format of variables

    GENERAL1       F10.3
    THREAT12       F10.3
    COPE12         F10.3
    FNR12          F10.3
    LOSS12         F10.3
    SLEEP12        F10.3
    SOMATIC1       F10.3
    PA12           F10.3
    GENERAL3       F10.3
    THREAT3        F10.3
    COPE3          F10.3
    FNR3           F10.3
    LOSS3          F10.3
    SLEEP3         F10.3
    SOMATIC3       F10.3
    PA3            F10.3
    GENERAL4       F10.3
    THREAT4        F10.3
    COPE4          F10.3
    FNR4           F10.3
    LOSS4          F10.3
    SLEEP4         F10.3
    SOMATIC4       F10.3
    PA4            F10.3
    GENERAL5       F10.3
    THREAT56       F10.3
    COPE567        F10.3
    FNR567         F10.3
    LOSS567        F10.3
    SLEEP567       F10.3
    SOMATIC5       F10.3
    PA567          F10.3
    CPROB1         F10.3
    CPROB2         F10.3
    CLASS          F10.3
    ID             I4

  Save file format
    35F10.3 I4

  Save file record length    10000


     Beginning Time:  13:38:12
        Ending Time:  15:12:56
       Elapsed Time:  01:34:44



MUTHEN & MUTHEN
3463 Stoner Ave.
Los Angeles, CA  90066

Tel: (310) 391-9971
Fax: (310) 391-8971
Web: www.StatModel.com
Support: Support@StatModel.com

Copyright (c) 1998-2019 Muthen & Muthen
