Mplus VERSION 8.3
MUTHEN & MUTHEN
02/14/2023   1:33 PM

INPUT INSTRUCTIONS

  TITLE:
    1-component paper 2 normal mixture model
    !LPA with covariances added within factors

  DATA: FILE IS C:\Users\bpinget\Desktop\factormeans.csv;

  VARIABLE:
    NAMES ARE ID General12 Threat12 Cope12 FNR12 Loss12 Sleep12 Somatic12 PA12
                 General3 Threat3 Cope3 FNR3 Loss3 Sleep3 Somatic3 PA3
                 General4 Threat4 Cope4 FNR4 Loss4 Sleep4 Somatic4 PA4
                 General567 Threat567 Cope567 FNR567 Loss567 Sleep567 Somatic567 PA567;
    USEVARIABLES General12 Threat12 Cope12 FNR12 Loss12 Sleep12 Somatic12 PA12
                 General3 Threat3 Cope3 FNR3 Loss3 Sleep3 Somatic3 PA3
                 General4 Threat4 Cope4 FNR4 Loss4 Sleep4 Somatic4 PA4
                 General567 Threat567 Cope567 FNR567 Loss567 Sleep567 Somatic567 PA567;
    IDVARIABLE IS ID;
    CLASSES = class (1);
    MISSING IS General12 Threat12 Cope12 FNR12 Loss12 Sleep12 Somatic12 PA12
                 General3 Threat3 Cope3 FNR3 Loss3 Sleep3 Somatic3 PA3
                 General4 Threat4 Cope4 FNR4 Loss4 Sleep4 Somatic4 PA4
                 General567 Threat567 Cope567 FNR567 Loss567 Sleep567 Somatic567 PA567(-99);

  ANALYSIS:
    TYPE = MIXTURE;
    STARTS = 10000 1000;
    ESTIMATOR = ML;

  MODEL:
  %class#1%
                 [General12 Threat12 Cope12 FNR12 Loss12 Sleep12 Somatic12 PA12
                 General3 Threat3 Cope3 FNR3 Loss3 Sleep3 Somatic3 PA3
                 General4 Threat4 Cope4 FNR4 Loss4 Sleep4 Somatic4 PA4
                 General567 Threat567 Cope567 FNR567 Loss567 Sleep567 Somatic567 PA567];

                 General12 Threat12 Cope12 FNR12 Loss12 Sleep12 Somatic12 PA12
                 General3 Threat3 Cope3 FNR3 Loss3 Sleep3 Somatic3 PA3
                 General4 Threat4 Cope4 FNR4 Loss4 Sleep4 Somatic4 PA4
                 General567 Threat567 Cope567 FNR567 Loss567 Sleep567 Somatic567 PA567;

                 General12 WITH General3;
                 General12 WITH General4;
                 General12 WITH General567;
                 General3 WITH General4;
                 General3 WITH General567;
                 General4 WITH General567;

                 Threat12 WITH Threat3;
                 Threat12 WITH Threat4;
                 Threat12 WITH Threat567;
                 Threat3 WITH Threat4;
                 Threat3 WITH Threat567;
                 Threat4 WITH Threat567;

                 Cope12 WITH Cope3;
                 Cope12 WITH Cope4;
                 Cope12 WITH Cope567;
                 Cope3 WITH Cope4;
                 Cope3 WITH Cope567;
                 Cope4 WITH Cope567;

                 FNR12 WITH FNR3;
                 FNR12 WITH FNR4;
                 FNR12 WITH FNR567;
                 FNR3 WITH FNR4;
                 FNR3 WITH FNR567;
                 FNR4 WITH FNR567;

                 Loss12 WITH Loss3;
                 Loss12 WITH Loss4;
                 Loss12 WITH Loss567;
                 Loss3 WITH Loss4;
                 Loss3 WITH Loss567;
                 Loss4 WITH Loss567;

                 Sleep12 WITH Sleep3;
                 Sleep12 WITH Sleep4;
                 Sleep12 WITH Sleep567;
                 Sleep3 WITH Sleep4;
                 Sleep3 WITH Sleep567;
                 Sleep4 WITH Sleep567;

                 Somatic12 WITH Somatic3;
                 Somatic12 WITH Somatic4;
                 Somatic12 WITH Somatic567;
                 Somatic3 WITH Somatic4;
                 Somatic3 WITH Somatic567;
                 Somatic4 WITH Somatic567;

                 PA12 WITH PA3;
                 PA12 WITH PA4;
                 PA12 WITH PA567;
                 PA3 WITH PA4;
                 PA3 WITH PA567;
                 PA4 WITH PA567;


  OUTPUT: STDYX;

  PLOT:
      TYPE=PLOT3;
      SERIES=
      General12 General3 General4 General567
      Threat12 Threat3 Threat4 Threat567
      Cope12 Cope3 Cope4 Cope567
      FNR12 FNR3 FNR4 FNR567
      Loss12 Loss3 Loss4 Loss567
      Sleep12 Sleep3 Sleep4 Sleep567
      Somatic12 Somatic3 Somatic4 Somatic567
      PA12 PA3 PA4 PA567(*);



*** WARNING in VARIABLE command
  Note that only the first 8 characters of variable names are used in the output.
  Shorten variable names to avoid any confusion.
*** WARNING in MODEL command
  All variables are uncorrelated with all other variables within class.
  Check that this is what is intended.
*** WARNING in PLOT command
  Note that only the first 8 characters of variable names are used in plots.
  If variable names are not unique within the first 8 characters, problems
  may occur.
   3 WARNING(S) FOUND IN THE INPUT INSTRUCTIONS




1-component paper 2 normal mixture model

SUMMARY OF ANALYSIS

Number of groups                                                 1
Number of observations                                         617

Number of dependent variables                                   32
Number of independent variables                                  0
Number of continuous latent variables                            0
Number of categorical latent variables                           1

Observed dependent variables

  Continuous
   GENERAL12   THREAT12    COPE12      FNR12       LOSS12      SLEEP12
   SOMATIC12   PA12        GENERAL3    THREAT3     COPE3       FNR3
   LOSS3       SLEEP3      SOMATIC3    PA3         GENERAL4    THREAT4
   COPE4       FNR4        LOSS4       SLEEP4      SOMATIC4    PA4
   GENERAL567  THREAT567   COPE567     FNR567      LOSS567     SLEEP567
   SOMATIC567  PA567

Categorical latent variables
   CLASS

Variables with special functions

  ID variable           ID

Estimator                                                       ML
Information matrix                                        OBSERVED
Optimization Specifications for the Quasi-Newton Algorithm for
Continuous Outcomes
  Maximum number of iterations                                 100
  Convergence criterion                                  0.100D-05
Optimization Specifications for the EM Algorithm
  Maximum number of iterations                                 500
  Convergence criteria
    Loglikelihood change                                 0.100D-06
    Relative loglikelihood change                        0.100D-06
    Derivative                                           0.100D-05
Optimization Specifications for the M step of the EM Algorithm for
Categorical Latent variables
  Number of M step iterations                                    1
  M step convergence criterion                           0.100D-05
  Basis for M step termination                           ITERATION
Optimization Specifications for the M step of the EM Algorithm for
Censored, Binary or Ordered Categorical (Ordinal), Unordered
Categorical (Nominal) and Count Outcomes
  Number of M step iterations                                    1
  M step convergence criterion                           0.100D-05
  Basis for M step termination                           ITERATION
  Maximum value for logit thresholds                            15
  Minimum value for logit thresholds                           -15
  Minimum expected cell size for chi-square              0.100D-01
Maximum number of iterations for H1                           2000
Convergence criterion for H1                             0.100D-03
Optimization algorithm                                         EMA
Random Starts Specifications
  Number of initial stage random starts                      10000
  Number of final stage optimizations                         1000
  Number of initial stage iterations                            10
  Initial stage convergence criterion                    0.100D+01
  Random starts scale                                    0.500D+01
  Random seed for generating random starts                       0

Input data file(s)
  C:\Users\bpinget\Desktop\factormeans.csv
Input data format  FREE


SUMMARY OF DATA

     Number of missing data patterns            23
     Number of y missing data patterns          23
     Number of u missing data patterns           0


COVARIANCE COVERAGE OF DATA

Minimum covariance coverage value   0.100


     PROPORTION OF DATA PRESENT FOR Y


           Covariance Coverage
              GENERAL1      THREAT12      COPE12        FNR12         LOSS12
              ________      ________      ________      ________      ________
 GENERAL1       0.566
 THREAT12       0.566         0.566
 COPE12         0.566         0.566         0.566
 FNR12          0.566         0.566         0.566         0.566
 LOSS12         0.566         0.566         0.566         0.566         0.566
 SLEEP12        0.566         0.566         0.566         0.566         0.566
 SOMATIC1       0.566         0.566         0.566         0.566         0.566
 PA12           0.566         0.566         0.566         0.566         0.566
 GENERAL3       0.251         0.251         0.251         0.251         0.251
 THREAT3        0.251         0.251         0.251         0.251         0.251
 COPE3          0.251         0.251         0.251         0.251         0.251
 FNR3           0.251         0.251         0.251         0.251         0.251
 LOSS3          0.251         0.251         0.251         0.251         0.251
 SLEEP3         0.251         0.251         0.251         0.251         0.251
 SOMATIC3       0.251         0.251         0.251         0.251         0.251
 PA3            0.251         0.251         0.251         0.251         0.251
 GENERAL4       0.261         0.261         0.261         0.261         0.261
 THREAT4        0.261         0.261         0.261         0.261         0.261
 COPE4          0.261         0.261         0.261         0.261         0.261
 FNR4           0.261         0.261         0.261         0.261         0.261
 LOSS4          0.261         0.261         0.261         0.261         0.261
 SLEEP4         0.261         0.261         0.261         0.261         0.261
 SOMATIC4       0.261         0.261         0.261         0.261         0.261
 PA4            0.261         0.261         0.261         0.261         0.261
 GENERAL5       0.361         0.361         0.361         0.361         0.361
 THREAT56       0.361         0.361         0.361         0.361         0.361
 COPE567        0.361         0.361         0.361         0.361         0.361
 FNR567         0.361         0.361         0.361         0.361         0.361
 LOSS567        0.361         0.361         0.361         0.361         0.361
 SLEEP567       0.361         0.361         0.361         0.361         0.361
 SOMATIC5       0.310         0.310         0.310         0.310         0.310
 PA567          0.361         0.361         0.361         0.361         0.361


           Covariance Coverage
              SLEEP12       SOMATIC1      PA12          GENERAL3      THREAT3
              ________      ________      ________      ________      ________
 SLEEP12        0.566
 SOMATIC1       0.566         0.566
 PA12           0.566         0.566         0.566
 GENERAL3       0.251         0.251         0.251         0.447
 THREAT3        0.251         0.251         0.251         0.447         0.447
 COPE3          0.251         0.251         0.251         0.447         0.447
 FNR3           0.251         0.251         0.251         0.447         0.447
 LOSS3          0.251         0.251         0.251         0.447         0.447
 SLEEP3         0.251         0.251         0.251         0.447         0.447
 SOMATIC3       0.251         0.251         0.251         0.447         0.447
 PA3            0.251         0.251         0.251         0.447         0.447
 GENERAL4       0.261         0.261         0.261         0.203         0.203
 THREAT4        0.261         0.261         0.261         0.203         0.203
 COPE4          0.261         0.261         0.261         0.203         0.203
 FNR4           0.261         0.261         0.261         0.203         0.203
 LOSS4          0.261         0.261         0.261         0.203         0.203
 SLEEP4         0.261         0.261         0.261         0.203         0.203
 SOMATIC4       0.261         0.261         0.261         0.203         0.203
 PA4            0.261         0.261         0.261         0.203         0.203
 GENERAL5       0.361         0.361         0.361         0.288         0.288
 THREAT56       0.361         0.361         0.361         0.288         0.288
 COPE567        0.361         0.361         0.361         0.288         0.288
 FNR567         0.361         0.361         0.361         0.288         0.288
 LOSS567        0.361         0.361         0.361         0.288         0.288
 SLEEP567       0.361         0.361         0.361         0.288         0.288
 SOMATIC5       0.310         0.310         0.310         0.248         0.248
 PA567          0.361         0.361         0.361         0.288         0.288


           Covariance Coverage
              COPE3         FNR3          LOSS3         SLEEP3        SOMATIC3
              ________      ________      ________      ________      ________
 COPE3          0.447
 FNR3           0.447         0.447
 LOSS3          0.447         0.447         0.447
 SLEEP3         0.447         0.447         0.447         0.447
 SOMATIC3       0.447         0.447         0.447         0.447         0.447
 PA3            0.447         0.447         0.447         0.447         0.447
 GENERAL4       0.203         0.203         0.203         0.203         0.203
 THREAT4        0.203         0.203         0.203         0.203         0.203
 COPE4          0.203         0.203         0.203         0.203         0.203
 FNR4           0.203         0.203         0.203         0.203         0.203
 LOSS4          0.203         0.203         0.203         0.203         0.203
 SLEEP4         0.203         0.203         0.203         0.203         0.203
 SOMATIC4       0.203         0.203         0.203         0.203         0.203
 PA4            0.203         0.203         0.203         0.203         0.203
 GENERAL5       0.288         0.288         0.288         0.288         0.288
 THREAT56       0.288         0.288         0.288         0.288         0.288
 COPE567        0.288         0.288         0.288         0.288         0.288
 FNR567         0.288         0.288         0.288         0.288         0.288
 LOSS567        0.288         0.288         0.288         0.288         0.288
 SLEEP567       0.288         0.288         0.288         0.288         0.288
 SOMATIC5       0.248         0.248         0.248         0.248         0.248
 PA567          0.288         0.288         0.288         0.288         0.288


           Covariance Coverage
              PA3           GENERAL4      THREAT4       COPE4         FNR4
              ________      ________      ________      ________      ________
 PA3            0.447
 GENERAL4       0.203         0.465
 THREAT4        0.203         0.465         0.465
 COPE4          0.203         0.465         0.465         0.465
 FNR4           0.203         0.465         0.465         0.465         0.465
 LOSS4          0.203         0.465         0.465         0.465         0.465
 SLEEP4         0.203         0.465         0.465         0.465         0.465
 SOMATIC4       0.203         0.465         0.465         0.465         0.465
 PA4            0.203         0.465         0.465         0.465         0.465
 GENERAL5       0.288         0.301         0.301         0.301         0.301
 THREAT56       0.288         0.301         0.301         0.301         0.301
 COPE567        0.288         0.301         0.301         0.301         0.301
 FNR567         0.288         0.301         0.301         0.301         0.301
 LOSS567        0.288         0.301         0.301         0.301         0.301
 SLEEP567       0.288         0.301         0.301         0.301         0.301
 SOMATIC5       0.248         0.264         0.264         0.264         0.264
 PA567          0.288         0.301         0.301         0.301         0.301


           Covariance Coverage
              LOSS4         SLEEP4        SOMATIC4      PA4           GENERAL5
              ________      ________      ________      ________      ________
 LOSS4          0.465
 SLEEP4         0.465         0.465
 SOMATIC4       0.465         0.465         0.465
 PA4            0.465         0.465         0.465         0.465
 GENERAL5       0.301         0.301         0.301         0.301         0.687
 THREAT56       0.301         0.301         0.301         0.301         0.687
 COPE567        0.301         0.301         0.301         0.301         0.687
 FNR567         0.301         0.301         0.301         0.301         0.687
 LOSS567        0.301         0.301         0.301         0.301         0.687
 SLEEP567       0.301         0.301         0.301         0.301         0.687
 SOMATIC5       0.264         0.264         0.264         0.264         0.605
 PA567          0.301         0.301         0.301         0.301         0.687


           Covariance Coverage
              THREAT56      COPE567       FNR567        LOSS567       SLEEP567
              ________      ________      ________      ________      ________
 THREAT56       0.687
 COPE567        0.687         0.687
 FNR567         0.687         0.687         0.687
 LOSS567        0.687         0.687         0.687         0.687
 SLEEP567       0.687         0.687         0.687         0.687         0.687
 SOMATIC5       0.605         0.605         0.605         0.605         0.605
 PA567          0.687         0.687         0.687         0.687         0.687


           Covariance Coverage
              SOMATIC5      PA567
              ________      ________
 SOMATIC5       0.605
 PA567          0.605         0.687



UNIVARIATE SAMPLE STATISTICS


     UNIVARIATE HIGHER-ORDER MOMENT DESCRIPTIVE STATISTICS

         Variable/         Mean/     Skewness/   Minimum/ % with                Percentiles
        Sample Size      Variance    Kurtosis    Maximum  Min/Max      20%/60%    40%/80%    Median

     GENERAL12             0.101       1.007      -1.460    0.29%      -0.707     -0.350     -0.152
             349.000       0.879       0.638       3.615    0.29%       0.109      0.815
     THREAT12             -0.016       0.237      -1.801    0.29%      -0.529     -0.188     -0.026
             349.000       0.376       0.663       2.511    0.29%       0.111      0.480
     COPE12                0.000      -0.397      -2.481    0.29%      -0.486     -0.159      0.035
             349.000       0.480       0.763       1.693    0.29%       0.173      0.523
     FNR12                -0.013      -0.015      -2.476    0.29%      -0.560     -0.150      0.008
             349.000       0.470       0.582       2.258    0.29%       0.167      0.494
     LOSS12               -0.009       1.021      -1.986    0.29%      -0.536     -0.281     -0.138
             349.000       0.554       3.334       4.204    0.29%       0.072      0.492
     SLEEP12              -0.012       0.567      -2.139    0.29%      -0.576     -0.277     -0.108
             349.000       0.525       0.849       3.078    0.29%       0.077      0.554
     SOMATIC12            -0.002       0.079      -2.246    0.29%      -0.699     -0.215     -0.023
             349.000       0.549      -0.398       1.706    0.29%       0.204      0.589
     PA12                  0.029       0.088      -1.920    0.29%      -0.424     -0.134     -0.009
             349.000       0.321       0.501       1.966    0.29%       0.131      0.467
     GENERAL3             -0.023       0.829      -1.362    0.36%      -0.753     -0.381     -0.190
             276.000       0.711       0.417       3.153    0.36%       0.016      0.625
     THREAT3               0.012      -0.160      -1.940    0.36%      -0.498     -0.128     -0.007
             276.000       0.323       0.102       1.495    0.36%       0.173      0.478
     COPE3                -0.002       0.168      -2.308    0.36%      -0.535     -0.122      0.022
             276.000       0.497       1.897       3.396    0.36%       0.142      0.544
     FNR3                  0.015      -0.114      -2.235    0.36%      -0.454     -0.089      0.011
             276.000       0.433       0.528       1.798    0.36%       0.135      0.517
     LOSS3                -0.028       1.491      -2.387    0.36%      -0.524     -0.228     -0.097
             276.000       0.567       7.830       5.008    0.36%       0.052      0.417
     SLEEP3                0.026       0.329      -1.913    0.36%      -0.626     -0.201     -0.045
             276.000       0.564       0.130       2.084    0.36%       0.153      0.602
     SOMATIC3              0.006       0.050      -1.815    0.36%      -0.904     -0.281     -0.002
             276.000       0.710      -1.291       1.446    0.36%       0.241      0.893
     PA3                  -0.015       0.373      -1.901    0.36%      -0.466     -0.181     -0.048
             276.000       0.354       1.579       2.690    0.36%       0.092      0.442
     GENERAL4             -0.072       0.457      -2.430    0.35%      -0.790     -0.358     -0.148
             287.000       0.743       0.392       2.609    0.35%       0.037      0.620
     THREAT4              -0.028       0.824      -1.618    0.35%      -0.517     -0.217     -0.095
             287.000       0.367       2.027       2.704    0.35%       0.074      0.421
     COPE4                 0.004      -1.890      -4.758    0.35%      -0.452     -0.045      0.050
             287.000       0.628       9.018       1.748    0.35%       0.165      0.568
     FNR4                  0.000       2.344      -1.895    0.35%      -0.503     -0.148     -0.050
             287.000       0.581      13.263       5.046    0.35%       0.069      0.426
     LOSS4                -0.009       1.646      -1.779    0.35%      -0.564     -0.266     -0.119
             287.000       0.560       6.433       4.776    0.35%       0.014      0.537
     SLEEP4               -0.008       1.489      -1.169    0.35%      -0.500     -0.352     -0.234
             287.000       0.487       2.511       3.258    0.35%      -0.088      0.417
     SOMATIC4             -0.001       1.339      -1.838    0.35%      -0.568     -0.239     -0.082
             287.000       0.555       3.620       3.301    0.35%       0.036      0.439
     PA4                   0.011      -0.941      -3.067    0.35%      -0.473     -0.065      0.093
             287.000       0.459       2.412       2.094    0.35%       0.210      0.544
     GENERAL567           -0.100       1.216      -1.312    0.24%      -0.815     -0.492     -0.280
             424.000       0.676       1.506       3.372    0.24%      -0.106      0.474
     THREAT567            -0.005       0.328      -2.469    0.24%      -0.441     -0.147     -0.024
             424.000       0.395       2.225       2.835    0.24%       0.106      0.415
     COPE567               0.012      -0.197      -2.281    0.24%      -0.536     -0.093      0.036
             424.000       0.478       0.562       2.014    0.24%       0.153      0.534
     FNR567                0.006       0.083      -1.973    0.24%      -0.492     -0.103      0.009
             424.000       0.462       0.807       2.472    0.24%       0.136      0.514
     LOSS567               0.005       0.709      -2.362    0.24%      -0.461     -0.163     -0.062
             424.000       0.435       2.852       3.459    0.24%       0.078      0.462
     SLEEP567              0.015       0.797      -1.755    0.24%      -0.517     -0.215     -0.084
             424.000       0.496       1.072       2.498    0.24%       0.049      0.515
     SOMATIC567            0.003       0.254      -1.649    0.27%      -0.794     -0.218     -0.009
             373.000       0.640      -0.923       1.759    0.27%       0.173      0.745
     PA567                 0.016       0.034      -1.899    0.24%      -0.436     -0.121     -0.006
             424.000       0.351       0.628       2.023    0.24%       0.118      0.476

RANDOM STARTS RESULTS RANKED FROM THE BEST TO THE WORST LOGLIKELIHOOD VALUES

Final stage loglikelihood values at local maxima, seeds, and initial stage start numbers:

          -10855.972  458065           5364
          -10855.972  237521           6581
          -10855.972  140015           1556
          -10855.972  115506           9523
          -10855.972  850404           2667
          -10855.972  465705           5612
          -10855.972  193847           354
          -10855.972  627224           4579
          -10855.972  158848           5242
          -10855.972  90638            6723
          -10855.972  830392           35
          -10855.972  844504           6354
          -10855.972  881058           3215
          -10855.972  605565           404
          -10855.972  972931           3293
          -10855.972  695800           6604
          -10855.972  61295            6750
          -10855.972  164126           8328
          -10855.972  524017           8655
          -10855.972  145467           9552
          -10855.972  689563           5381
          -10855.972  690103           5963
          -10855.972  301697           5968
          -10855.972  212232           6784
          -10855.972  342381           7132
          -10855.972  236311           8454
          -10855.972  900817           1060
          -10855.972  161130           4518
          -10855.972  438977           5349
          -10855.972  938019           5562
          -10855.972  595160           5594
          -10855.972  97243            2810
          -10855.972  872743           374
          -10855.972  389802           6607
          -10855.972  413974           6836
          -10855.972  779895           6879
          -10855.972  124303           7695
          -10855.972  262076           2015
          -10855.972  675153           8344
          -10855.972  382348           9273
          -10855.972  220789           4767
          -10855.972  363759           4818
          -10855.972  931473           9647
          -10855.972  921083           4825
          -10855.972  951352           2419
          -10855.972  722187           6313
          -10855.972  779878           6421
          -10855.972  462662           872
          -10855.972  992969           7110
          -10855.972  768437           7321
          -10855.972  605784           3836
          -10855.972  547106           7771
          -10855.972  728216           8042
          -10855.972  702571           8361
          -10855.972  316355           8363
          -10855.972  567198           4314
          -10855.972  441118           1091
          -10855.972  549272           8781
          -10855.972  314222           9164
          -10855.972  27690            2347
          -10855.972  588923           606
          -10855.972  144298           5047
          -10855.972  241997           2573
          -10855.972  237520           6438
          -10855.972  281857           6556
          -10855.972  137767           3361
          -10855.972  122121           7144
          -10855.972  133572           8170
          -10855.972  114415           8220
          -10855.972  175952           2075
          -10855.972  605319           8477
          -10855.972  547917           8591
          -10855.972  349989           9059
          -10855.972  997925           9440
          -10855.972  632834           9771
          -10855.972  712296           1243
          -10855.972  249557           2545
          -10855.972  140272           5266
          -10855.972  526750           5268
          -10855.972  360898           5454
          -10855.972  594579           5652
          -10855.972  25814            2864
          -10855.972  204058           3036
          -10855.972  576078           6112
          -10855.972  551340           766
          -10855.972  967237           48
          -10855.972  492751           6381
          -10855.972  510814           3219
          -10855.972  773943           3436
          -10855.972  96452            1783
          -10855.972  68949            7138
          -10855.972  321531           7426
          -10855.972  442471           7730
          -10855.972  506705           4032
          -10855.972  660068           8582
          -10855.972  845853           8697
          -10855.972  666738           8847
          -10855.972  740963           9002
          -10855.972  525188           9544
          -10855.972  730276           9721
          -10855.972  755054           9761
          -10855.972  435287           623
          -10855.972  315808           5183
          -10855.972  750552           5418
          -10855.972  470153           5550
          -10855.972  365620           1457
          -10855.972  628628           3021
          -10855.972  573791           6121
          -10855.972  168762           200
          -10855.972  109669           3257
          -10855.972  736635           7286
          -10855.972  274379           7292
          -10855.972  797594           234
          -10855.972  418416           7534
          -10855.972  821912           3788
          -10855.972  203018           3813
          -10855.972  255806           3901
          -10855.972  249922           8035
          -10855.972  110722           4025
          -10855.972  295141           8479
          -10855.972  789227           4290
          -10855.972  856955           8608
          -10855.972  196770           4329
          -10855.972  689471           4465
          -10855.972  717536           9454
          -10855.972  213984           4854
          -10855.972  738551           1214
          -10855.972  852283           616
          -10855.972  471596           5049
          -10855.972  486913           2575
          -10855.972  62456            5416
          -10855.972  199491           1364
          -10855.972  600373           2769
          -10855.972  729377           5804
          -10855.972  882429           5889
          -10855.972  539967           6088
          -10855.972  464308           6178
          -10855.972  91119            3204
          -10855.972  115170           6497
          -10855.972  983830           1683
          -10855.972  473343           844
          -10855.972  923160           3652
          -10855.972  227272           1831
          -10855.972  325494           3704
          -10855.972  134102           7569
          -10855.972  802250           7675
          -10855.972  344410           1940
          -10855.972  159853           8453
          -10855.972  268642           2114
          -10855.972  808376           2161
          -10855.972  422242           8667
          -10855.972  229744           1096
          -10855.972  679944           8811
          -10855.972  281462           285
          -10855.972  646911           4636
          -10855.972  990489           1167
          -10855.972  703893           2366
          -10855.972  817779           2376
          -10855.972  875688           9526
          -10855.972  59963            670
          -10855.972  907175           5576
          -10855.972  964570           701
          -10855.972  824026           2867
          -10855.972  840623           2872
          -10855.972  308582           752
          -10855.972  659832           754
          -10855.972  302862           6244
          -10855.972  627905           6347
          -10855.972  829575           3177
          -10855.972  427979           3337
          -10855.972  672339           1693
          -10855.972  633239           6893
          -10855.972  633007           7124
          -10855.972  229744           7299
          -10855.972  255439           7403
          -10855.972  842595           3834
          -10855.972  39810            966
          -10855.972  108881           3869
          -10855.972  648551           4063
          -10855.972  951189           4174
          -10855.972  432678           8349
          -10855.972  971278           2094
          -10855.972  866140           4265
          -10855.972  521531           8555
          -10855.972  502587           4792
          -10855.972  448994           2445
          -10855.972  825881           2525
          -10855.972  445157           5208
          -10855.972  206049           5306
          -10855.972  132883           5328
          -10855.972  331021           6001
          -10855.972  769156           6508
          -10855.972  308641           6538
          -10855.972  190358           6570
          -10855.972  654800           6911
          -10855.972  858590           6951
          -10855.972  269545           7180
          -10855.972  96362            1801
          -10855.972  291035           3696
          -10855.972  912110           3853
          -10855.972  471438           252
          -10855.972  879409           2041
          -10855.972  53107            8296
          -10855.972  960485           4433
          -10855.972  632449           8877
          -10855.972  764774           8937
          -10855.972  324409           4645
          -10855.972  465028           2361
          -10855.972  674167           9548
          -10855.972  384225           4801
          -10855.972  832418           9868
          -10855.972  557916           9935
          -10855.972  656945           1255
          -10855.972  29323            2574
          -10855.972  835571           5189
          -10855.972  618255           5273
          -10855.972  878146           5441
          -10855.972  72830            6131
          -10855.972  760477           6378
          -10855.972  575700           100
          -10855.972  704204           3282
          -10855.972  742169           6602
          -10855.972  687229           6959
          -10855.972  806576           6975
          -10855.972  600187           7059
          -10855.972  398480           3596
          -10855.972  243346           930
          -10855.972  917629           7540
          -10855.972  510652           7879
          -10855.972  586939           4021
          -10855.972  69064            8155
          -10855.972  871535           8324
          -10855.972  570842           2137
          -10855.972  523463           4305
          -10855.972  69036            4319
          -10855.972  82711            2181
          -10855.972  754267           2203
          -10855.972  880015           8868
          -10855.972  419078           8881
          -10855.972  120343           9270
          -10855.972  174246           9441
          -10855.972  751512           4747
          -10855.972  951829           9570
          -10855.972  929823           1205
          -10855.972  763134           4903
          -10855.972  751987           9831
          -10855.972  754274           9866
          -10855.972  874392           4997
          -10855.972  185342           2512
          -10855.972  838615           677
          -10855.972  220370           5895
          -10855.972  492839           1493
          -10855.972  79196            3069
          -10855.972  335866           3121
          -10855.972  514098           3306
          -10855.972  736574           414
          -10855.972  538470           1681
          -10855.972  322189           6741
          -10855.972  519234           3479
          -10855.972  480963           7023
          -10855.972  821867           7237
          -10855.972  150154           1829
          -10855.972  88751            7429
          -10855.972  575153           7498
          -10855.972  618760           489
          -10855.972  642235           4137
          -10855.972  153942           31
          -10855.972  163588           8460
          -10855.972  282884           8510
          -10855.972  881960           8611
          -10855.972  143944           8934
          -10855.972  652004           8942
          -10855.972  955502           1119
          -10855.972  542395           8961
          -10855.972  193811           9041
          -10855.972  858364           2273
          -10855.972  926634           4573
          -10855.972  810733           9218
          -10855.972  131087           4673
          -10855.972  268748           9658
          -10855.972  921776           9757
          -10855.972  173582           2454
          -10855.972  771522           9982
          -10855.972  720865           5181
          -10855.972  234334           5297
          -10855.972  36183            1349
          -10855.972  57610            5561
          -10855.972  981826           5591
          -10855.972  979084           2837
          -10855.972  315749           5829
          -10855.972  185071           370
          -10855.972  584602           2973
          -10855.972  814557           5971
          -10855.972  727880           1547
          -10855.972  775881           778
          -10855.972  845466           3157
          -10855.972  611004           6405
          -10855.972  21345            199
          -10855.972  661816           6696
          -10855.972  561782           6822
          -10855.972  131160           7094
          -10855.972  203827           7461
          -10855.972  801526           3747
          -10855.972  876106           7699
          -10855.972  849285           3864
          -10855.972  586985           7756
          -10855.972  280765           3917
          -10855.972  579134           3931
          -10855.972  115929           1991
          -10855.972  764839           7988
          -10855.972  207908           7992
          -10855.972  473959           8077
          -10855.972  403902           8102
          -10855.972  931124           4102
          -10855.972  775686           4107
          -10855.972  508280           4148
          -10855.972  325724           1043
          -10855.972  401701           1080
          -10855.972  996577           4328
          -10855.972  691544           2183
          -10855.972  497183           8936
          -10855.972  253424           4502
          -10855.972  704380           9024
          -10855.972  16096            1147
          -10855.972  814305           2301
          -10855.972  638408           4633
          -10855.972  269374           2321
          -10855.972  550738           9303
          -10855.972  307624           4661
          -10855.972  357173           9349
          -10855.972  788796           145
          -10855.972  482537           9445
          -10855.972  614073           4732
          -10855.972  722923           4751
          -10855.972  891036           2392
          -10855.972  720204           2406
          -10855.972  420002           9847
          -10855.972  54937            9902
          -10855.972  888978           4959
          -10855.972  733809           5100
          -10855.972  55418            5166
          -10855.972  562969           5283
          -10855.972  373731           5310
          -10855.972  953815           1347
          -10855.972  830367           1351
          -10855.972  368056           5554
          -10855.972  794866           2795
          -10855.972  220633           5604
          -10855.972  491838           2851
          -10855.972  253673           5800
          -10855.972  953278           2916
          -10855.972  550447           6105
          -10855.972  722095           1549
          -10855.972  648826           6205
          -10855.972  629269           6429
          -10855.972  154657           6435
          -10855.972  770772           6447
          -10855.972  556951           6488
          -10855.972  431759           6500
          -10855.972  58353            1723
          -10855.972  540319           6943
          -10855.972  501592           1738
          -10855.972  795221           7009
          -10855.972  669610           3525
          -10855.972  505971           7089
          -10855.972  307045           7189
          -10855.972  400467           1806
          -10855.972  535303           923
          -10855.972  985186           7480
          -10855.972  908912           3768
          -10855.972  635245           121
          -10855.972  132680           7891
          -10855.972  294948           1999
          -10855.972  420002           2011
          -10855.972  941206           8195
          -10855.972  209527           8505
          -10855.972  782708           8545
          -10855.972  310508           8580
          -10855.972  276095           8621
          -10855.972  328429           4327
          -10855.972  115436           8745
          -10855.972  294978           1100
          -10855.972  884241           4438
          -10855.972  721907           4479
          -10855.972  208730           9027
          -10855.972  231366           1137
          -10855.972  114475           9142
          -10855.972  226990           9244
          -10855.972  75168            1160
          -10855.972  926654           9322
          -10855.972  210144           9725
          -10855.972  83306            2432
          -10855.972  881652           2539
          -10855.972  410512           1282
          -10855.972  578106           5432
          -10855.972  927789           2742
          -10855.972  404426           344
          -10855.972  135902           5556
          -10855.972  292169           5681
          -10855.972  228271           1422
          -10855.972  46502            714
          -10855.972  413100           5738
          -10855.972  512630           2886
          -10855.972  407168           44
          -10855.972  873388           3173
          -10855.972  621978           1587
          -10855.972  830304           6399
          -10855.972  391368           802
          -10855.972  64717            1631
          -10855.972  374143           6653
          -10855.972  406095           7036
          -10855.972  781190           219
          -10855.972  605969           3639
          -10855.972  677338           3640
          -10855.972  867231           1846
          -10855.972  345726           461
          -10855.972  374630           1869
          -10855.972  416463           467
          -10855.972  451523           7510
          -10855.972  668713           7568
          -10855.972  218950           7674
          -10855.972  377463           7679
          -10855.972  155749           960
          -10855.972  786984           2035
          -10855.972  379464           8257
          -10855.972  121935           8434
          -10855.972  84233            2134
          -10855.972  804990           2154
          -10855.972  688052           8736
          -10855.972  624597           8741
          -10855.972  279850           555
          -10855.972  765589           1140
          -10855.972  668015           9140
          -10855.972  742994           4599
          -10855.972  866183           2319
          -10855.972  246575           291
          -10855.972  545585           9420
          -10855.972  748083           4737
          -10855.972  799936           9483
          -10855.972  646335           9627
          -10855.972  25897            9679
          -10855.972  430577           4888
          -10855.972  822821           9842
          -10855.972  692169           308
          -10855.972  513037           9915
          -10855.972  891175           5019
          -10855.972  213478           5192
          -10855.972  358449           2627
          -10855.972  564258           2653
          -10855.972  817593           2682
          -10855.972  858606           5512
          -10855.972  900432           2808
          -10855.972  572684           5754
          -10855.972  178031           720
          -10855.972  467957           2919
          -10855.972  976140           5876
          -10855.972  379464           1483
          -10855.972  635027           6049
          -10855.972  208020           6119
          -10855.972  791132           6388
          -10855.972  483015           6456
          -10855.972  195299           6473
          -10855.972  791132           6507
          -10855.972  660162           6586
          -10855.972  698420           3334
          -10855.972  200114           6733
          -10855.972  325083           3371
          -10855.972  269800           1686
          -10855.972  293963           3447
          -10855.972  823498           7101
          -10855.972  143810           7103
          -10855.972  917048           7116
          -10855.972  341382           7133
          -10855.972  931558           898
          -10855.972  624932           7337
          -10855.972  656497           7343
          -10855.972  232926           7502
          -10855.972  913786           7638
          -10855.972  837117           3839
          -10855.972  778227           7839
          -10855.972  92021            7841
          -10855.972  41551            3933
          -10855.972  329099           3992
          -10855.972  560407           8015
          -10855.972  557592           8059
          -10855.972  859041           2096
          -10855.972  891294           8521
          -10855.972  28187            8601
          -10855.972  100312           8747
          -10855.972  951125           8779
          -10855.972  606437           8963
          -10855.972  338766           1131
          -10855.972  336610           9152
          -10855.972  316694           2320
          -10855.972  123735           9698
          -10855.972  93171            9916
          -10855.972  658032           9950
          -10855.972  43800            5091
          -10855.972  600228           5209
          -10855.972  344997           5285
          -10855.972  19575            2660
          -10855.972  292794           5362
          -10855.972  634057           5423
          -10855.972  698198           5467
          -10855.972  98056            5477
          -10855.972  148249           5758
          -10855.972  260824           5760
          -10855.972  811298           5871
          -10855.972  710535           6014
          -10855.972  208803           6223
          -10855.972  488814           3170
          -10855.972  170010           6349
          -10855.972  109792           6395
          -10855.972  419492           6460
          -10855.972  494149           815
          -10855.972  146522           6578
          -10855.972  338825           6603
          -10855.972  169819           3322
          -10855.972  628143           854
          -10855.972  68633            6846
          -10855.972  454426           6974
          -10855.972  767778           7158
          -10855.972  418712           7255
          -10855.972  69405            3638
          -10855.972  525890           7322
          -10855.972  484116           915
          -10855.972  274446           7448
          -10855.972  589865           3748
          -10855.972  568973           3758
          -10855.972  884242           957
          -10855.972  345611           7950
          -10855.972  953647           4244
          -10855.972  596241           8649
          -10855.972  584739           4335
          -10855.972  684961           8883
          -10855.972  533061           8965
          -10855.972  863849           1122
          -10855.972  677470           2267
          -10855.972  573900           4559
          -10855.972  914836           9501
          -10855.972  320731           4857
          -10855.972  469640           9851
          -10855.972  260102           5137
          -10855.972  932539           2581
          -10855.972  626789           1304
          -10855.972  862569           5320
          -10855.972  512622           5321
          -10855.972  452356           1341
          -10855.972  669634           335
          -10855.972  952946           2768
          -10855.972  432960           2818
          -10855.972  534256           1410
          -10855.972  862602           5647
          -10855.972  732319           1430
          -10855.972  110208           5870
          -10855.972  648019           2946
          -10855.972  977135           5984
          -10855.972  10632            3008
          -10855.972  726035           191
          -10855.972  58507            793
          -10855.972  604861           800
          -10855.972  373691           1624
          -10855.972  351255           6587
          -10855.972  824969           6597
          -10855.972  735183           1666
          -10855.972  712456           3386
          -10855.972  726896           6882
          -10855.972  758825           3512
          -10855.972  399848           220
          -10855.972  980970           894
          -10855.972  81598            7240
          -10855.972  725009           3633
          -10855.972  530559           1845
          -10855.972  246157           7443
          -10855.972  279482           1895
          -10855.972  908981           7645
          -10855.972  909990           3843
          -10855.972  442009           3848
          -10855.972  144164           3860
          -10855.972  891481           1948
          -10855.972  207917           976
          -10855.972  836219           3913
          -10855.972  682824           3976
          -10855.972  952007           8016
          -10855.972  195873           6
          -10855.972  154924           4051
          -10855.972  454111           2097
          -10855.972  256938           4230
          -10855.972  297299           8490
          -10855.972  458226           1078
          -10855.972  708150           2160
          -10855.972  861943           8694
          -10855.972  794394           4351
          -10855.972  729267           2202
          -10855.972  123671           8884
          -10855.972  273669           1118
          -10855.972  88015            8978
          -10855.972  685765           2244
          -10855.972  875509           9329
          -10855.972  74894            9343
          -10855.972  107656           9467
          -10855.972  986580           9519
          -10855.972  780421           9605
          -10855.972  439621           4812
          -10855.972  132387           1203
          -10855.972  913817           4830
          -10855.972  567704           9860
          -10855.972  794394           5061
          -10855.972  120100           5289
          -10855.972  412095           5353
          -10855.972  515735           5435
          -10855.972  847658           2803
          -10855.972  544048           87
          -10855.972  577774           5696
          -10855.972  121111           5878
          -10855.972  784465           6002
          -10855.972  618662           6038
          -10855.972  127362           757
          -10855.972  400139           3086
          -10855.972  532804           6307
          -10855.972  297104           6462
          -10855.972  302375           6550
          -10855.972  865349           6746
          -10855.972  690596           858
          -10855.972  970402           3502
          -10855.972  100595           1766
          -10855.972  268664           1784
          -10855.972  821210           7283
          -10855.972  797742           7295
          -10855.972  127986           7389
          -10855.972  299996           1853
          -10855.972  608822           7606
          -10855.972  206705           3822
          -10855.972  499319           7657
          -10855.972  804561           59
          -10855.972  309642           7798
          -10855.972  528584           7799
          -10855.972  193905           7883
          -10855.972  479232           7887
          -10855.972  80846            8413
          -10855.972  456895           8569
          -10855.972  611354           8650
          -10855.972  552221           8778
          -10855.972  515983           8810
          -10855.972  321112           1103
          -10855.972  87856            1116
          -10855.972  969074           8964
          -10855.972  381863           4537
          -10855.972  345870           2285
          -10855.972  445974           9207
          -10855.972  363241           9328
          -10855.972  610518           9431
          -10855.972  377504           294
          -10855.972  755526           4743
          -10855.972  357322           4815
          -10855.972  112352           9672
          -10855.972  67720            9869
          -10855.972  491563           4942
          -10855.972  969927           9889
          -10855.972  135211           9940
          -10855.972  380492           9991
          -10855.972  79785            2511
          -10855.972  990548           1276
          -10855.972  815445           1295
          -10855.972  941497           1317
          -10855.972  81648            5344
          -10855.972  609004           2777
          -10855.972  227999           1392
          -10855.972  277405           5638
          -10855.972  413363           2884
          -10855.972  717754           180
          -10855.972  182524           373
          -10855.972  171417           2992
          -10855.972  153053           378
          -10855.972  16207            1568
          -10855.972  627358           6291
          -10855.972  247709           6305
          -10855.972  965445           6341
          -10855.972  256717           3193
          -10855.972  603268           6531
          -10855.972  829273           6572
          -10855.972  170194           1653
          -10855.972  360832           6625
          -10855.972  786713           3343
          -10855.972  724245           3384
          -10855.972  380106           7305
          -10855.972  881552           3664
          -10855.972  762465           7453
          -10855.972  431271           943
          -10855.972  294593           7561
          -10855.972  245197           7646
          -10855.972  517499           7757
          -10855.972  108148           3981
          -10855.972  922115           4059
          -10855.972  327475           518
          -10855.972  143515           8322
          -10855.972  288876           8350
          -10855.972  718876           1104
          -10855.972  832104           2228
          -10855.972  364449           2239
          -10855.972  609367           4562
          -10855.972  959850           9141
          -10855.972  77742            9143
          -10855.972  917364           2314
          -10855.972  910224           580
          -10855.972  321436           4735
          -10855.972  964959           9494
          -10855.972  653495           9551
          -10855.972  82986            9585
          -10855.972  481722           9597
          -10855.972  122081           4809
          -10855.972  925846           2405
          -10855.972  286505           2416
          -10855.972  223706           4925
          -10855.972  426340           4960
          -10855.972  760324           2626
          -10855.972  803696           1340
          -10855.972  136805           5539
          -10855.972  626208           698
          -10855.972  448580           2845
          -10855.972  876370           2855
          -10855.972  720994           1531
          -10855.972  203637           3065
          -10855.972  34938            6271
          -10855.972  166171           1577
          -10855.972  871915           1602
          -10855.972  72174            6426
          -10855.972  459673           3248
          -10855.972  358941           6526
          -10855.972  540799           6555
          -10855.972  171430           1672
          -10855.972  756896           6805
          -10855.972  877053           6827
          -10855.972  87342            6946
          -10855.972  513179           3613
          -10855.972  782099           7469
          -10855.972  679448           937
          -10855.972  693975           3781
          -10855.972  326718           7670
          -10855.972  303628           7673
          -10855.972  856347           1927
          -10855.972  129198           1928
          -10855.972  598455           7803
          -10855.972  260340           7817
          -10855.972  551300           3969
          -10855.972  118958           994
          -10855.972  966442           7990
          -10855.972  644059           4015
          -10855.972  229965           8091
          -10855.972  31504            8139
          -10855.972  644451           8561
          -10855.972  247912           537
          -10855.972  747762           4389
          -10855.972  884884           8821
          -10855.972  923130           8888
          -10855.972  458788           9058
          -10855.972  879778           4586
          -10855.972  452030           9220
          -10855.972  487372           4647
          -10855.972  63712            4662
          -10855.972  429550           9601
          -10855.972  782101           4804
          -10855.972  394632           9631
          -10855.972  679832           302
          -10855.972  834000           4886
          -10855.972  544835           9786
          -10855.972  632584           9884
          -10855.972  510020           4968
          -10855.972  879118           2519
          -10855.972  490008           2542
          -10855.972  291112           645
          -10855.972  39053            1301
          -10855.972  733775           2617
          -10855.972  961454           665
          -10855.972  404042           675
          -10855.972  88979            5542
          -10855.972  336934           2865
          -10855.972  574727           1437
          -10855.972  400708           5838
          -10855.972  433283           5888
          -10855.972  82152            2955
          -10855.972  918903           5955
          -10855.972  583511           6128
          -10855.972  322464           3078
          -10855.972  82985            6158
          -10855.972  383636           3089
          -10855.972  159678           1553
          -10855.972  442879           3114
          -10855.972  440003           6296
          -10855.972  195248           6364
          -10855.972  544077           809
          -10855.972  76064            6485
          -10855.972  36369            3258
          -10855.972  809593           3329
          -10855.972  375863           6801
          -10855.972  13921            6843
          -10855.972  700846           867
          -10855.972  100874           108
          -10855.972  983079           7038
          -10855.972  619846           3528
          -10855.972  662091           3597
          -10855.972  173683           1833
          -10855.972  321661           7393
          -10855.972  737515           7505
          -10855.972  278283           7521
          -10855.972  591390           7532
          -10855.972  63712            3771
          -10855.972  843555           952
          -10855.972  208620           965
          -10855.972  62571            3923
          -10855.972  392300           3962
          -10855.972  350356           7931
          -10855.972  929499           3974
          -10855.972  347410           8012
          -10855.972  239977           4115
          -10855.972  54325            2073
          -10855.972  319638           1049
          -10855.972  552209           2123
          -10855.972  858804           534
          -10855.972  214522           8642
          -10855.972  516730           4354
          -10855.972  326660           8722
          -10855.972  919993           4404
          -10855.972  437146           4510
          -10855.972  366872           1169
          -10855.972  886496           4680
          -10855.972  351310           4691
          -10855.972  497824           9464
          -10855.972  120114           9576
          -10855.972  617786           9783
          -10855.972  680576           9805
          -10855.972  872476           5026
          -10855.972  31701            5056
          -10855.972  144139           1272
          -10855.972  759272           5116
          -10855.972  101331           2582
          -10855.972  563584           657
          -10855.972  332809           2687
          -10855.972  677720           681
          -10855.972  536551           696
          -10855.972  372158           1404
          -10855.972  426140           5637
          -10855.972  945711           1419
          -10855.972  777244           2852
          -10855.972  483056           2880
          -10855.972  403575           5812
          -10855.972  550800           1488
          -10855.972  374157           5981
          -10855.972  513684           6068
          -10855.972  416157           3133
          -10855.972  801065           393
          -10855.972  715260           3217
          -10855.972  578694           1608
          -10855.972  501847           6446
          -10855.972  867669           3303
          -10855.972  650236           6651
          -10855.972  853439           1671
          -10855.972  697914           6806
          -10855.972  276728           6861
          -10855.972  826811           1721
          -10855.972  182256           3481
          -10855.972  589391           3484
          -10855.972  613367           6985
          -10855.972  381913           7102
          -10855.972  670286           3582
          -10855.972  60685            7238
          -10855.972  727396           7281
          -10855.972  788216           7362
          -10855.972  872737           3694
          -10855.972  525650           3774
          -10855.972  765421           7552
          -10855.972  827245           7560
          -10855.972  802256           477
          -10855.972  502266           7767
          -10855.972  290140           7811
          -10855.972  608763           3918
          -10855.972  426708           3987
          -10855.972  23784            3995
          -10855.972  277991           4085
          -10855.972  389815           4093
          -10855.972  389538           2052
          -10855.972  79212            517
          -10855.972  60038            1064
          -10855.972  458386           8577
          -10855.972  705816           8661
          -10855.972  779444           4331
          -10855.972  88140            1089
          -10855.972  649233           8788
          -10855.972  491970           563
          -10855.972  139396           4578
          -10855.972  753916           2300
          -10855.972  650354           577
          -10855.972  74736            2335
          -10855.972  252864           4683
          -10855.972  747223           9383
          -10855.972  298943           9389
          -10855.972  962914           4776
          -10855.972  574534           9617
          -10855.972  584265           9837
          -10855.972  293428           2473
          -10855.972  883210           9909
          -10855.972  453443           9928
          -10855.972  758398           5071
          -10855.972  614009           317
          -10855.972  332649           5124
          -10855.972  85352            2562
          -10855.972  753045           5178
          -10855.972  877180           2604
          -10855.972  959962           5264
          -10855.972  418531           5301
          -10855.972  301545           2672
          -10855.972  574412           679
          -10855.972  34762            5473
          -10855.972  630328           5614
          -10855.972  845197           1456
          -10855.972  42063            5848
          -10855.972  593978           5946
          -10855.972  813351           1507
          -10855.972  172983           6031
          -10855.972  585607           1537
          -10855.972  526742           1546
          -10855.972  173709           1560
          -10855.972  682125           6298
          -10855.972  641034           6561
          -10855.972  467561           819
          -10855.972  388467           3370
          -10855.972  451245           6956
          -10855.972  854487           6966
          -10855.972  628546           6970
          -10855.972  259507           53
          -10855.972  745089           7034
          -10855.972  467509           3546
          -10855.972  795690           3592
          -10855.972  297461           3628
          -10855.972  754867           7430
          -10855.972  892495           3745
          -10855.972  670998           1876
          -10855.972  679615           942
          -10855.972  702808           3886
          -10855.972  105392           7874
          -10855.972  85657            8121
          -10855.972  634388           2055
          -10855.972  442101           8225
          -10855.972  128945           8402
          -10855.972  991623           8832
          -10855.972  146772           2233
          -10855.972  689406           8947
          -10855.972  293304           8958
          -10855.972  456969           9011
          -10855.972  773513           9012
          -10855.972  317444           1136
          -10855.972  474905           9313
          -10855.972  966039           9475
          -10855.972  640051           4748
          -10855.972  24162            4781
          -10855.972  195479           9568
          -10855.972  459291           9671
          -10855.972  67602            4848
          -10855.972  264605           4879
          -10855.972  375609           4937
          -10855.972  661568           9934
          -10855.972  31158            2514
          -10855.972  227797           1263
          -10855.972  170658           2609
          -10855.972  314084           81
          -10855.972  370823           2640
          -10855.972  808777           5367
          -10855.972  391674           5400
          -10855.972  395303           5627
          -10855.972  53205            5667
          -10855.972  302478           2925
          -10855.972  329944           1506
          -10855.972  53570            3143
          -10855.972  716642           3151
          -10855.972  736705           6314
          -10855.972  503324           6382
          -10855.972  272764           3230
          -10855.972  406263           1618
          -10855.972  619752           3244
          -10855.972  411029           6492
          -10855.972  736705           3319
          -10855.972  226042           6639
          -10855.972  877705           3399
          -10855.972  313599           3418
          -10855.972  751592           3458
          -10855.972  535804           111
          -10855.972  408713           450
          -10855.972  110724           7291
          -10855.972  928339           7390
          -10855.972  133843           3729
          -10855.972  908067           3734
          -10855.972  697928           7551
          -10855.972  650688           3851
          -10855.972  401245           1929
          -10855.972  766178           1937
          -10855.972  184656           1978
          -10855.972  252339           7919
          -10855.972  992812           7928
          -10855.972  502974           1998
          -10855.972  unperturbed      0



THE MODEL ESTIMATION TERMINATED NORMALLY



MODEL FIT INFORMATION

Number of Free Parameters                      112

Loglikelihood

          H0 Value                      -10855.972

Information Criteria

          Akaike (AIC)                   21935.943
          Bayesian (BIC)                 22431.528
          Sample-Size Adjusted BIC       22075.949
            (n* = (n + 2) / 24)



FINAL CLASS COUNTS AND PROPORTIONS FOR THE LATENT CLASSES
BASED ON THE ESTIMATED MODEL

    Latent
   Classes

       1        617.00000          1.00000


FINAL CLASS COUNTS AND PROPORTIONS FOR THE LATENT CLASSES
BASED ON ESTIMATED POSTERIOR PROBABILITIES

    Latent
   Classes

       1        617.00000          1.00000


FINAL CLASS COUNTS AND PROPORTIONS FOR THE LATENT CLASSES
BASED ON THEIR MOST LIKELY LATENT CLASS MEMBERSHIP

Class Counts and Proportions

    Latent
   Classes

       1              617          1.00000


Average Latent Class Probabilities for Most Likely Latent Class Membership (Row)
by Latent Class (Column)

           1

    1   1.000


Classification Probabilities for the Most Likely Latent Class Membership (Column)
by Latent Class (Row)

           1

    1   1.000


Logits for the Classification Probabilities for the Most Likely Latent Class Membership (Column)
by Latent Class (Row)

              1

    1      0.000


MODEL RESULTS

                                                    Two-Tailed
                    Estimate       S.E.  Est./S.E.    P-Value

Latent Class 1

 GENERAL1 WITH
    GENERAL3           0.508      0.054      9.493      0.000
    GENERAL4           0.340      0.055      6.198      0.000
    GENERAL567         0.406      0.050      8.094      0.000

 GENERAL3 WITH
    GENERAL4           0.404      0.058      6.996      0.000
    GENERAL567         0.398      0.048      8.290      0.000

 GENERAL4 WITH
    GENERAL567         0.438      0.050      8.715      0.000

 THREAT12 WITH
    THREAT3            0.132      0.024      5.393      0.000
    THREAT4            0.107      0.027      4.036      0.000
    THREAT567          0.049      0.025      1.939      0.053

 THREAT3  WITH
    THREAT4            0.089      0.028      3.184      0.001
    THREAT567          0.051      0.025      2.003      0.045

 THREAT4  WITH
    THREAT567          0.053      0.029      1.825      0.068

 COPE12   WITH
    COPE3              0.211      0.035      6.112      0.000
    COPE4              0.098      0.040      2.444      0.015
    COPE567            0.205      0.029      7.076      0.000

 COPE3    WITH
    COPE4              0.217      0.047      4.591      0.000
    COPE567            0.210      0.034      6.202      0.000

 COPE4    WITH
    COPE567            0.096      0.047      2.025      0.043

 FNR12    WITH
    FNR3               0.170      0.032      5.275      0.000
    FNR4               0.076      0.039      1.952      0.051
    FNR567             0.188      0.029      6.523      0.000

 FNR3     WITH
    FNR4               0.157      0.046      3.415      0.001
    FNR567             0.220      0.030      7.349      0.000

 FNR4     WITH
    FNR567             0.079      0.043      1.824      0.068

 LOSS12   WITH
    LOSS3              0.276      0.035      7.955      0.000
    LOSS4              0.233      0.034      6.775      0.000
    LOSS567            0.207      0.030      6.854      0.000

 LOSS3    WITH
    LOSS4              0.303      0.038      8.036      0.000
    LOSS567            0.173      0.035      4.976      0.000

 LOSS4    WITH
    LOSS567            0.189      0.033      5.815      0.000

 SLEEP12  WITH
    SLEEP3             0.214      0.039      5.426      0.000
    SLEEP4             0.175      0.034      5.090      0.000
    SLEEP567           0.200      0.031      6.549      0.000

 SLEEP3   WITH
    SLEEP4             0.077      0.047      1.628      0.104
    SLEEP567           0.183      0.035      5.238      0.000

 SLEEP4   WITH
    SLEEP567           0.183      0.038      4.809      0.000

 SOMATIC1 WITH
    SOMATIC3           0.270      0.042      6.363      0.000
    SOMATIC4           0.057      0.038      1.480      0.139
    SOMATIC567         0.224      0.038      5.836      0.000

 SOMATIC3 WITH
    SOMATIC4           0.011      0.047      0.234      0.815
    SOMATIC567         0.238      0.050      4.744      0.000

 SOMATIC4 WITH
    SOMATIC567        -0.148      0.046     -3.224      0.001

 PA12     WITH
    PA3                0.123      0.022      5.562      0.000
    PA4                0.078      0.028      2.822      0.005
    PA567              0.109      0.020      5.373      0.000

 PA3      WITH
    PA4                0.085      0.034      2.528      0.011
    PA567              0.158      0.025      6.439      0.000

 PA4      WITH
    PA567              0.035      0.031      1.124      0.261

 Means
    GENERAL12          0.143      0.048      3.015      0.003
    THREAT12          -0.004      0.032     -0.111      0.911
    COPE12            -0.001      0.035     -0.040      0.968
    FNR12             -0.011      0.035     -0.306      0.760
    LOSS12            -0.003      0.037     -0.070      0.945
    SLEEP12           -0.007      0.037     -0.183      0.855
    SOMATIC12          0.002      0.038      0.064      0.949
    PA12               0.025      0.029      0.860      0.390
    GENERAL3          -0.036      0.045     -0.807      0.420
    THREAT3            0.016      0.033      0.475      0.635
    COPE3             -0.010      0.040     -0.255      0.799
    FNR3               0.019      0.037      0.517      0.605
    LOSS3             -0.032      0.041     -0.785      0.433
    SLEEP3             0.044      0.044      1.009      0.313
    SOMATIC3           0.043      0.048      0.895      0.371
    PA3               -0.020      0.034     -0.580      0.562
    GENERAL4          -0.040      0.047     -0.852      0.394
    THREAT4           -0.031      0.035     -0.884      0.377
    COPE4              0.007      0.045      0.161      0.872
    FNR4              -0.006      0.044     -0.139      0.890
    LOSS4             -0.005      0.040     -0.121      0.903
    SLEEP4             0.011      0.040      0.284      0.776
    SOMATIC4           0.002      0.043      0.040      0.968
    PA4                0.014      0.040      0.352      0.725
    GENERAL567        -0.086      0.038     -2.272      0.023
    THREAT567         -0.004      0.031     -0.133      0.894
    COPE567            0.007      0.033      0.216      0.829
    FNR567             0.010      0.032      0.295      0.768
    LOSS567            0.000      0.032      0.004      0.997
    SLEEP567           0.022      0.033      0.645      0.519
    SOMATIC567        -0.006      0.040     -0.159      0.874
    PA567              0.013      0.028      0.462      0.644

 Variances
    GENERAL12          0.912      0.069     13.165      0.000
    THREAT12           0.372      0.028     13.362      0.000
    COPE12             0.470      0.035     13.521      0.000
    FNR12              0.462      0.034     13.464      0.000
    LOSS12             0.530      0.038     13.810      0.000
    SLEEP12            0.517      0.038     13.486      0.000
    SOMATIC12          0.544      0.041     13.385      0.000
    PA12               0.313      0.023     13.506      0.000
    GENERAL3           0.707      0.057     12.307      0.000
    THREAT3            0.323      0.027     11.791      0.000
    COPE3              0.511      0.044     11.599      0.000
    FNR3               0.434      0.037     11.826      0.000
    LOSS3              0.542      0.044     12.449      0.000
    SLEEP3             0.561      0.047     11.856      0.000
    SOMATIC3           0.696      0.058     12.006      0.000
    PA3                0.354      0.030     11.870      0.000
    GENERAL4           0.775      0.065     11.965      0.000
    THREAT4            0.365      0.030     12.055      0.000
    COPE4              0.620      0.051     12.114      0.000
    FNR4               0.578      0.048     12.040      0.000
    LOSS4              0.534      0.042     12.627      0.000
    SLEEP4             0.491      0.041     11.948      0.000
    SOMATIC4           0.554      0.046     12.010      0.000
    PA4                0.458      0.038     12.006      0.000
    GENERAL567         0.687      0.047     14.715      0.000
    THREAT567          0.396      0.027     14.504      0.000
    COPE567            0.482      0.033     14.544      0.000
    FNR567             0.471      0.033     14.428      0.000
    LOSS567            0.447      0.031     14.286      0.000
    SLEEP567           0.499      0.034     14.571      0.000
    SOMATIC567         0.645      0.047     13.641      0.000
    PA567              0.355      0.025     14.488      0.000


STANDARDIZED MODEL RESULTS


STDYX Standardization

                                                    Two-Tailed
                    Estimate       S.E.  Est./S.E.    P-Value

Latent Class 1

 GENERAL1 WITH
    GENERAL3           0.633      0.042     15.060      0.000
    GENERAL4           0.405      0.056      7.290      0.000
    GENERAL567         0.513      0.047     10.842      0.000

 GENERAL3 WITH
    GENERAL4           0.546      0.060      9.073      0.000
    GENERAL567         0.571      0.050     11.436      0.000

 GENERAL4 WITH
    GENERAL567         0.600      0.047     12.858      0.000

 THREAT12 WITH
    THREAT3            0.379      0.062      6.164      0.000
    THREAT4            0.291      0.067      4.338      0.000
    THREAT567          0.129      0.065      1.969      0.049

 THREAT3  WITH
    THREAT4            0.259      0.077      3.345      0.001
    THREAT567          0.141      0.069      2.041      0.041

 THREAT4  WITH
    THREAT567          0.141      0.076      1.855      0.064

 COPE12   WITH
    COPE3              0.431      0.059      7.318      0.000
    COPE4              0.181      0.072      2.506      0.012
    COPE567            0.431      0.050      8.612      0.000

 COPE3    WITH
    COPE4              0.385      0.075      5.159      0.000
    COPE567            0.424      0.058      7.354      0.000

 COPE4    WITH
    COPE567            0.175      0.085      2.062      0.039

 FNR12    WITH
    FNR3               0.379      0.063      5.981      0.000
    FNR4               0.146      0.074      1.984      0.047
    FNR567             0.404      0.052      7.728      0.000

 FNR3     WITH
    FNR4               0.314      0.086      3.653      0.000
    FNR567             0.487      0.052      9.335      0.000

 FNR4     WITH
    FNR567             0.151      0.082      1.849      0.064

 LOSS12   WITH
    LOSS3              0.515      0.049     10.429      0.000
    LOSS4              0.438      0.054      8.040      0.000
    LOSS567            0.426      0.052      8.229      0.000

 LOSS3    WITH
    LOSS4              0.562      0.052     10.788      0.000
    LOSS567            0.352      0.064      5.507      0.000

 LOSS4    WITH
    LOSS567            0.387      0.058      6.716      0.000

 SLEEP12  WITH
    SLEEP3             0.398      0.064      6.221      0.000
    SLEEP4             0.348      0.061      5.705      0.000
    SLEEP567           0.394      0.051      7.713      0.000

 SLEEP3   WITH
    SLEEP4             0.147      0.089      1.648      0.099
    SLEEP567           0.345      0.059      5.851      0.000

 SLEEP4   WITH
    SLEEP567           0.370      0.069      5.386      0.000

 SOMATIC1 WITH
    SOMATIC3           0.438      0.058      7.609      0.000
    SOMATIC4           0.103      0.069      1.493      0.136
    SOMATIC567         0.379      0.057      6.694      0.000

 SOMATIC3 WITH
    SOMATIC4           0.018      0.076      0.234      0.815
    SOMATIC567         0.355      0.068      5.226      0.000

 SOMATIC4 WITH
    SOMATIC567        -0.247      0.073     -3.391      0.001

 PA12     WITH
    PA3                0.369      0.058      6.380      0.000
    PA4                0.205      0.070      2.921      0.003
    PA567              0.327      0.055      5.956      0.000

 PA3      WITH
    PA4                0.211      0.081      2.608      0.009
    PA567              0.447      0.057      7.795      0.000

 PA4      WITH
    PA567              0.087      0.077      1.131      0.258

 Means
    GENERAL12          0.150      0.050      3.012      0.003
    THREAT12          -0.006      0.052     -0.111      0.911
    COPE12            -0.002      0.051     -0.040      0.968
    FNR12             -0.016      0.052     -0.306      0.760
    LOSS12            -0.004      0.051     -0.070      0.945
    SLEEP12           -0.009      0.051     -0.183      0.855
    SOMATIC12          0.003      0.052      0.064      0.949
    PA12               0.045      0.052      0.859      0.390
    GENERAL3          -0.043      0.053     -0.807      0.420
    THREAT3            0.028      0.058      0.475      0.635
    COPE3             -0.014      0.056     -0.255      0.799
    FNR3               0.029      0.056      0.517      0.605
    LOSS3             -0.043      0.055     -0.784      0.433
    SLEEP3             0.059      0.058      1.009      0.313
    SOMATIC3           0.052      0.058      0.897      0.370
    PA3               -0.033      0.057     -0.580      0.562
    GENERAL4          -0.046      0.054     -0.850      0.395
    THREAT4           -0.051      0.058     -0.884      0.377
    COPE4              0.009      0.058      0.161      0.872
    FNR4              -0.008      0.058     -0.139      0.890
    LOSS4             -0.007      0.055     -0.121      0.903
    SLEEP4             0.016      0.057      0.284      0.776
    SOMATIC4           0.002      0.058      0.040      0.968
    PA4                0.021      0.059      0.352      0.725
    GENERAL567        -0.104      0.046     -2.262      0.024
    THREAT567         -0.006      0.048     -0.133      0.894
    COPE567            0.010      0.047      0.216      0.829
    FNR567             0.014      0.047      0.295      0.768
    LOSS567            0.000      0.047      0.004      0.997
    SLEEP567           0.031      0.047      0.645      0.519
    SOMATIC567        -0.008      0.050     -0.159      0.874
    PA567              0.022      0.048      0.461      0.644

 Variances
    GENERAL12          1.000      0.000    999.000    999.000
    THREAT12           1.000      0.000    999.000    999.000
    COPE12             1.000      0.000    999.000    999.000
    FNR12              1.000      0.000    999.000    999.000
    LOSS12             1.000      0.000    999.000    999.000
    SLEEP12            1.000      0.000    999.000    999.000
    SOMATIC12          1.000      0.000    999.000    999.000
    PA12               1.000      0.000    999.000    999.000
    GENERAL3           1.000      0.000    999.000    999.000
    THREAT3            1.000      0.000    999.000    999.000
    COPE3              1.000      0.000    999.000    999.000
    FNR3               1.000      0.000    999.000    999.000
    LOSS3              1.000      0.000    999.000    999.000
    SLEEP3             1.000      0.000    999.000    999.000
    SOMATIC3           1.000      0.000    999.000    999.000
    PA3                1.000      0.000    999.000    999.000
    GENERAL4           1.000      0.000    999.000    999.000
    THREAT4            1.000      0.000    999.000    999.000
    COPE4              1.000      0.000    999.000    999.000
    FNR4               1.000      0.000    999.000    999.000
    LOSS4              1.000      0.000    999.000    999.000
    SLEEP4             1.000      0.000    999.000    999.000
    SOMATIC4           1.000      0.000    999.000    999.000
    PA4                1.000      0.000    999.000    999.000
    GENERAL567         1.000      0.000    999.000    999.000
    THREAT567          1.000      0.000    999.000    999.000
    COPE567            1.000      0.000    999.000    999.000
    FNR567             1.000      0.000    999.000    999.000
    LOSS567            1.000      0.000    999.000    999.000
    SLEEP567           1.000      0.000    999.000    999.000
    SOMATIC567         1.000      0.000    999.000    999.000
    PA567              1.000      0.000    999.000    999.000


R-SQUARE

Class 1


QUALITY OF NUMERICAL RESULTS

     Condition Number for the Information Matrix              0.123E-05
       (ratio of smallest to largest eigenvalue)


PLOT INFORMATION

The following plots are available:

  Histograms (sample values)
  Scatterplots (sample values)
  Sample means
  Estimated means, medians, modes, and percentiles
  Sample and estimated means
  Observed individual values
  Estimated means and observed individual values
  Estimated overall and class-specific distributions

DIAGRAM INFORMATION

  Mplus diagrams are currently not available for Mixture analysis.
  No diagram output was produced.


     Beginning Time:  13:33:38
        Ending Time:  13:56:23
       Elapsed Time:  00:22:45



MUTHEN & MUTHEN
3463 Stoner Ave.
Los Angeles, CA  90066

Tel: (310) 391-9971
Fax: (310) 391-8971
Web: www.StatModel.com
Support: Support@StatModel.com

Copyright (c) 1998-2019 Muthen & Muthen
