Mplus VERSION 8.3
MUTHEN & MUTHEN
01/21/2023  12:02 PM

INPUT INSTRUCTIONS

  TITLE:
    1-component paper 2 normal mixture model
    !Arkansas sample
    !LPA with no restrictions to variance

  DATA:
    File is C:\Users\bpinget\Desktop\Dissertation2\Arkansasdata\ArkM.csv;

  VARIABLE:
    NAMES ARE ID Gen2 Threat2 Cope2 FNR2 Loss2 Sleep2 Somatic2 PA2 Gen3 Threat3
                  Cope3 FNR3 Loss3 Sleep3 Som3 PA3 Gen4 Threat4 Cope4 FNR4 Loss4
                  Sleep4 Somatic4 PA4 Gen567 Threat567 Cope567 FNR567 Loss567
                  Sleep567 Som567 PA567;

    USEVARIABLES Gen2 Threat2 Cope2 FNR2 Loss2 Sleep2 Somatic2 PA2 Gen3 Threat3
                 Cope3 FNR3 Loss3 Sleep3 Som3 PA3 Gen4 Threat4 Cope4 FNR4 Loss4
                 Sleep4 Somatic4 PA4 Gen567 Threat567 Cope567 FNR567 Loss567
                 Sleep567 Som567 PA567;
    IDVARIABLE IS ID;
    CLASSES = class (1);
    MISSING IS Gen2 Threat2 Cope2 FNR2 Loss2 Sleep2 Somatic2 PA2 Gen3 Threat3
               Cope3 FNR3 Loss3 Sleep3 Som3 PA3 Gen4 Threat4 Cope4 FNR4 Loss4
               Sleep4 Somatic4 PA4 Gen567 Threat567 Cope567 FNR567 Loss567 Sleep567
               Som567 PA567(-99);

  ANALYSIS:
    TYPE = MIXTURE;
    STARTS = 10000 1000;
    ESTIMATOR = ML;
    MODEL = NOCOV;

  MODEL:
  %class#1%
                 [Gen2 Threat2 Cope2 FNR2 Loss2 Sleep2 Somatic2 PA2 Gen3 Threat3
                  Cope3 FNR3 Loss3 Sleep3 Som3 PA3 Gen4 Threat4 Cope4 FNR4 Loss4
                  Sleep4 Somatic4 PA4 Gen567 Threat567 Cope567 FNR567 Loss567
                  Sleep567 Som567 PA567];

                 Gen2 Threat2 Cope2 FNR2 Loss2 Sleep2 Somatic2 PA2 Gen3 Threat3
                  Cope3 FNR3 Loss3 Sleep3 Som3 PA3 Gen4 Threat4 Cope4 FNR4 Loss4
                  Sleep4 Somatic4 PA4 Gen567 Threat567 Cope567 FNR567 Loss567
                  Sleep567 Som567 PA567;

  SAVEDATA: FILE IS C:\Users\bpinget\Desktop\1;
             SAVE = cprob;

  OUTPUT: STDYX;

  PLOT:
        TYPE=PLOT3;
        SERIES=
        Gen2 Threat2 Cope2 FNR2 Loss2 Sleep2 Somatic2 PA2 Gen3 Threat3
        Cope3 FNR3 Loss3 Sleep3 Som3 PA3 Gen4 Threat4 Cope4 FNR4 Loss4
        Sleep4 Somatic4 PA4 Gen567 Threat567 Cope567 FNR567 Loss567 Sleep567
        Som567 PA567(*);



*** WARNING in VARIABLE command
  Note that only the first 8 characters of variable names are used in the output.
  Shorten variable names to avoid any confusion.
*** WARNING in MODEL command
  All variables are uncorrelated with all other variables within class.
  Check that this is what is intended.
*** WARNING in PLOT command
  Note that only the first 8 characters of variable names are used in plots.
  If variable names are not unique within the first 8 characters, problems
  may occur.
   3 WARNING(S) FOUND IN THE INPUT INSTRUCTIONS




1-component paper 2 normal mixture model

SUMMARY OF ANALYSIS

Number of groups                                                 1
Number of observations                                         142

Number of dependent variables                                   32
Number of independent variables                                  0
Number of continuous latent variables                            0
Number of categorical latent variables                           1

Observed dependent variables

  Continuous
   GEN2        THREAT2     COPE2       FNR2        LOSS2       SLEEP2
   SOMATIC2    PA2         GEN3        THREAT3     COPE3       FNR3
   LOSS3       SLEEP3      SOM3        PA3         GEN4        THREAT4
   COPE4       FNR4        LOSS4       SLEEP4      SOMATIC4    PA4
   GEN567      THREAT567   COPE567     FNR567      LOSS567     SLEEP567
   SOM567      PA567

Categorical latent variables
   CLASS

Variables with special functions

  ID variable           ID

Estimator                                                       ML
Information matrix                                        OBSERVED
Optimization Specifications for the Quasi-Newton Algorithm for
Continuous Outcomes
  Maximum number of iterations                                 100
  Convergence criterion                                  0.100D-05
Optimization Specifications for the EM Algorithm
  Maximum number of iterations                                 500
  Convergence criteria
    Loglikelihood change                                 0.100D-06
    Relative loglikelihood change                        0.100D-06
    Derivative                                           0.100D-05
Optimization Specifications for the M step of the EM Algorithm for
Categorical Latent variables
  Number of M step iterations                                    1
  M step convergence criterion                           0.100D-05
  Basis for M step termination                           ITERATION
Optimization Specifications for the M step of the EM Algorithm for
Censored, Binary or Ordered Categorical (Ordinal), Unordered
Categorical (Nominal) and Count Outcomes
  Number of M step iterations                                    1
  M step convergence criterion                           0.100D-05
  Basis for M step termination                           ITERATION
  Maximum value for logit thresholds                            15
  Minimum value for logit thresholds                           -15
  Minimum expected cell size for chi-square              0.100D-01
Maximum number of iterations for H1                           2000
Convergence criterion for H1                             0.100D-03
Optimization algorithm                                         EMA
Random Starts Specifications
  Number of initial stage random starts                      10000
  Number of final stage optimizations                         1000
  Number of initial stage iterations                            10
  Initial stage convergence criterion                    0.100D+01
  Random starts scale                                    0.500D+01
  Random seed for generating random starts                       0

Input data file(s)
  C:\Users\bpinget\Desktop\Dissertation2\Arkansasdata\ArkM.csv
Input data format  FREE


SUMMARY OF DATA

     Number of missing data patterns            10
     Number of y missing data patterns          10
     Number of u missing data patterns           0


COVARIANCE COVERAGE OF DATA

Minimum covariance coverage value   0.100


     PROPORTION OF DATA PRESENT FOR Y


           Covariance Coverage
              GEN2          THREAT2       COPE2         FNR2          LOSS2
              ________      ________      ________      ________      ________
 GEN2           0.711
 THREAT2        0.711         0.711
 COPE2          0.711         0.711         0.711
 FNR2           0.711         0.711         0.711         0.711
 LOSS2          0.711         0.711         0.711         0.711         0.711
 SLEEP2         0.711         0.711         0.711         0.711         0.711
 SOMATIC2       0.711         0.711         0.711         0.711         0.711
 PA2            0.711         0.711         0.711         0.711         0.711
 GEN3           0.655         0.655         0.655         0.655         0.655
 THREAT3        0.655         0.655         0.655         0.655         0.655
 COPE3          0.655         0.655         0.655         0.655         0.655
 FNR3           0.655         0.655         0.655         0.655         0.655
 LOSS3          0.655         0.655         0.655         0.655         0.655
 SLEEP3         0.655         0.655         0.655         0.655         0.655
 SOM3           0.655         0.655         0.655         0.655         0.655
 PA3            0.655         0.655         0.655         0.655         0.655
 GEN4           0.669         0.669         0.669         0.669         0.669
 THREAT4        0.669         0.669         0.669         0.669         0.669
 COPE4          0.669         0.669         0.669         0.669         0.669
 FNR4           0.669         0.669         0.669         0.669         0.669
 LOSS4          0.669         0.669         0.669         0.669         0.669
 SLEEP4         0.669         0.669         0.669         0.669         0.669
 SOMATIC4       0.669         0.669         0.669         0.669         0.669
 PA4            0.669         0.669         0.669         0.669         0.669
 GEN567         0.451         0.451         0.451         0.451         0.451
 THREAT56       0.451         0.451         0.451         0.451         0.451
 COPE567        0.451         0.451         0.451         0.451         0.451
 FNR567         0.451         0.451         0.451         0.451         0.451
 LOSS567        0.451         0.451         0.451         0.451         0.451
 SLEEP567       0.451         0.451         0.451         0.451         0.451
 SOM567         0.451         0.451         0.451         0.451         0.451
 PA567          0.451         0.451         0.451         0.451         0.451


           Covariance Coverage
              SLEEP2        SOMATIC2      PA2           GEN3          THREAT3
              ________      ________      ________      ________      ________
 SLEEP2         0.711
 SOMATIC2       0.711         0.711
 PA2            0.711         0.711         0.711
 GEN3           0.655         0.655         0.655         0.944
 THREAT3        0.655         0.655         0.655         0.944         0.944
 COPE3          0.655         0.655         0.655         0.944         0.944
 FNR3           0.655         0.655         0.655         0.944         0.944
 LOSS3          0.655         0.655         0.655         0.944         0.944
 SLEEP3         0.655         0.655         0.655         0.944         0.944
 SOM3           0.655         0.655         0.655         0.944         0.944
 PA3            0.655         0.655         0.655         0.944         0.944
 GEN4           0.669         0.669         0.669         0.880         0.880
 THREAT4        0.669         0.669         0.669         0.880         0.880
 COPE4          0.669         0.669         0.669         0.880         0.880
 FNR4           0.669         0.669         0.669         0.880         0.880
 LOSS4          0.669         0.669         0.669         0.880         0.880
 SLEEP4         0.669         0.669         0.669         0.880         0.880
 SOMATIC4       0.669         0.669         0.669         0.880         0.880
 PA4            0.669         0.669         0.669         0.880         0.880
 GEN567         0.451         0.451         0.451         0.599         0.599
 THREAT56       0.451         0.451         0.451         0.599         0.599
 COPE567        0.451         0.451         0.451         0.599         0.599
 FNR567         0.451         0.451         0.451         0.599         0.599
 LOSS567        0.451         0.451         0.451         0.599         0.599
 SLEEP567       0.451         0.451         0.451         0.599         0.599
 SOM567         0.451         0.451         0.451         0.599         0.599
 PA567          0.451         0.451         0.451         0.599         0.599


           Covariance Coverage
              COPE3         FNR3          LOSS3         SLEEP3        SOM3
              ________      ________      ________      ________      ________
 COPE3          0.944
 FNR3           0.944         0.944
 LOSS3          0.944         0.944         0.944
 SLEEP3         0.944         0.944         0.944         0.944
 SOM3           0.944         0.944         0.944         0.944         0.944
 PA3            0.944         0.944         0.944         0.944         0.944
 GEN4           0.880         0.880         0.880         0.880         0.880
 THREAT4        0.880         0.880         0.880         0.880         0.880
 COPE4          0.880         0.880         0.880         0.880         0.880
 FNR4           0.880         0.880         0.880         0.880         0.880
 LOSS4          0.880         0.880         0.880         0.880         0.880
 SLEEP4         0.880         0.880         0.880         0.880         0.880
 SOMATIC4       0.880         0.880         0.880         0.880         0.880
 PA4            0.880         0.880         0.880         0.880         0.880
 GEN567         0.599         0.599         0.599         0.599         0.599
 THREAT56       0.599         0.599         0.599         0.599         0.599
 COPE567        0.599         0.599         0.599         0.599         0.599
 FNR567         0.599         0.599         0.599         0.599         0.599
 LOSS567        0.599         0.599         0.599         0.599         0.599
 SLEEP567       0.599         0.599         0.599         0.599         0.599
 SOM567         0.599         0.599         0.599         0.599         0.599
 PA567          0.599         0.599         0.599         0.599         0.599


           Covariance Coverage
              PA3           GEN4          THREAT4       COPE4         FNR4
              ________      ________      ________      ________      ________
 PA3            0.944
 GEN4           0.880         0.937
 THREAT4        0.880         0.937         0.937
 COPE4          0.880         0.937         0.937         0.937
 FNR4           0.880         0.937         0.937         0.937         0.937
 LOSS4          0.880         0.937         0.937         0.937         0.937
 SLEEP4         0.880         0.937         0.937         0.937         0.937
 SOMATIC4       0.880         0.937         0.937         0.937         0.937
 PA4            0.880         0.937         0.937         0.937         0.937
 GEN567         0.599         0.627         0.627         0.627         0.627
 THREAT56       0.599         0.627         0.627         0.627         0.627
 COPE567        0.599         0.627         0.627         0.627         0.627
 FNR567         0.599         0.627         0.627         0.627         0.627
 LOSS567        0.599         0.627         0.627         0.627         0.627
 SLEEP567       0.599         0.627         0.627         0.627         0.627
 SOM567         0.599         0.627         0.627         0.627         0.627
 PA567          0.599         0.627         0.627         0.627         0.627


           Covariance Coverage
              LOSS4         SLEEP4        SOMATIC4      PA4           GEN567
              ________      ________      ________      ________      ________
 LOSS4          0.937
 SLEEP4         0.937         0.937
 SOMATIC4       0.937         0.937         0.937
 PA4            0.937         0.937         0.937         0.937
 GEN567         0.627         0.627         0.627         0.627         0.641
 THREAT56       0.627         0.627         0.627         0.627         0.641
 COPE567        0.627         0.627         0.627         0.627         0.641
 FNR567         0.627         0.627         0.627         0.627         0.641
 LOSS567        0.627         0.627         0.627         0.627         0.641
 SLEEP567       0.627         0.627         0.627         0.627         0.641
 SOM567         0.627         0.627         0.627         0.627         0.641
 PA567          0.627         0.627         0.627         0.627         0.641


           Covariance Coverage
              THREAT56      COPE567       FNR567        LOSS567       SLEEP567
              ________      ________      ________      ________      ________
 THREAT56       0.641
 COPE567        0.641         0.641
 FNR567         0.641         0.641         0.641
 LOSS567        0.641         0.641         0.641         0.641
 SLEEP567       0.641         0.641         0.641         0.641         0.641
 SOM567         0.641         0.641         0.641         0.641         0.641
 PA567          0.641         0.641         0.641         0.641         0.641


           Covariance Coverage
              SOM567        PA567
              ________      ________
 SOM567         0.641
 PA567          0.641         0.641



UNIVARIATE SAMPLE STATISTICS


     UNIVARIATE HIGHER-ORDER MOMENT DESCRIPTIVE STATISTICS

         Variable/         Mean/     Skewness/   Minimum/ % with                Percentiles
        Sample Size      Variance    Kurtosis    Maximum  Min/Max      20%/60%    40%/80%    Median

     GEN2                  0.005       0.203      -1.757    0.99%      -0.812     -0.376     -0.130
             101.000       0.767      -0.886       1.724    0.99%       0.239      0.819
     THREAT2              -0.033       0.178      -2.040    0.99%      -0.731     -0.268     -0.071
             101.000       0.602       0.209       2.323    0.99%       0.172      0.673
     COPE2                 0.039       0.535      -1.736    0.99%      -0.443     -0.134      0.018
             101.000       0.433       1.453       2.333    0.99%       0.107      0.464
     FNR2                  0.058       0.118      -1.919    0.99%      -0.604     -0.085      0.080
             101.000       0.480       0.989       2.353    0.99%       0.191      0.557
     LOSS2                 0.032       0.348      -1.633    0.99%      -0.629     -0.180     -0.053
             101.000       0.586      -0.120       2.027    0.99%       0.131      0.604
     SLEEP2                0.009      -0.439      -2.549    0.99%      -0.936     -0.087      0.139
             101.000       0.785      -0.329       1.982    0.99%       0.354      0.800
     SOMATIC2             -0.008       0.141      -1.842    0.99%      -0.834     -0.244     -0.067
             101.000       0.795      -0.544       2.441    0.99%       0.167      0.914
     PA2                   0.070       0.641      -1.542    0.99%      -0.620     -0.207     -0.020
             101.000       0.629       0.745       2.934    0.99%       0.299      0.635
     GEN3                 -0.013       0.000      -1.853    0.75%      -0.771     -0.253      0.008
             134.000       0.734      -0.487       2.131    0.75%       0.187      0.756
     THREAT3               0.013       0.335      -1.684    0.75%      -0.655     -0.283     -0.098
             134.000       0.644      -0.494       1.880    0.75%       0.092      0.738
     COPE3                -0.011      -0.397      -2.280    0.75%      -0.707     -0.222      0.029
             134.000       0.575      -0.102       1.514    0.75%       0.239      0.687
     FNR3                  0.010       0.381      -1.697    0.75%      -0.658     -0.265      0.051
             134.000       0.649       0.329       2.449    0.75%       0.243      0.520
     LOSS3                -0.002       0.583      -1.613    0.75%      -0.753     -0.243     -0.041
             134.000       0.659       0.528       2.727    0.75%       0.146      0.572
     SLEEP3               -0.016      -0.209      -2.021    0.75%      -0.756     -0.215      0.033
             134.000       0.678      -0.453       1.881    0.75%       0.234      0.697
     SOM3                 -0.021       0.239      -1.597    0.75%      -0.853     -0.318     -0.081
             134.000       0.654      -0.848       1.935    0.75%       0.144      0.715
     PA3                   0.009       0.248      -1.696    0.75%      -0.704     -0.248     -0.009
             134.000       0.683      -0.383       1.961    0.75%       0.136      0.690
     GEN4                 -0.031      -0.287      -2.292    0.75%      -0.831     -0.294      0.021
             133.000       0.772      -0.534       1.637    0.75%       0.282      0.704
     THREAT4               0.012      -0.018      -2.108    0.75%      -0.735     -0.285      0.017
             133.000       0.712      -0.504       2.179    0.75%       0.267      0.810
     COPE4                -0.043       0.206      -2.451    0.75%      -0.755     -0.303     -0.062
             133.000       0.762       0.293       2.761    0.75%       0.113      0.626
     FNR4                 -0.027      -0.063      -2.490    0.75%      -0.756     -0.296     -0.035
             133.000       0.771      -0.164       2.328    0.75%       0.188      0.687
     LOSS4                 0.010       0.278      -2.071    0.75%      -0.736     -0.284     -0.053
             133.000       0.803      -0.072       2.440    0.75%       0.197      0.749
     SLEEP4                0.009       0.281      -1.766    0.75%      -0.820     -0.396     -0.008
             133.000       0.753      -0.707       2.288    0.75%       0.192      0.820
     SOMATIC4             -0.015       0.162      -1.921    0.75%      -0.841     -0.459     -0.200
             133.000       0.785      -1.048       2.171    0.75%       0.277      0.879
     PA4                  -0.016       0.396      -2.116    0.75%      -0.737     -0.378     -0.160
             133.000       0.765      -0.164       2.701    0.75%       0.164      0.764
     GEN567               -0.053      -0.352      -2.400    1.10%      -0.963     -0.282      0.052
              91.000       0.684      -0.629       1.428    1.10%       0.269      0.836
     THREAT567            -0.056       0.470      -1.437    1.10%      -0.732     -0.295     -0.041
              91.000       0.569       0.244       2.269    1.10%       0.082      0.476
     COPE567              -0.002      -0.032      -2.244    1.10%      -0.752     -0.238     -0.044
              91.000       0.645      -0.165       2.014    1.10%       0.314      0.664
     FNR567               -0.026       0.057      -2.112    1.10%      -0.674     -0.226      0.019
              91.000       0.603       0.420       2.234    1.10%       0.201      0.476
     LOSS567              -0.006       0.782      -1.384    1.10%      -0.674     -0.390     -0.213
              91.000       0.677       0.127       2.323    1.10%      -0.004      0.745
     SLEEP567             -0.009      -0.063      -2.034    1.10%      -0.790     -0.303      0.081
              91.000       0.670      -0.741       1.725    1.10%       0.259      0.773
     SOM567                0.023       0.422      -1.522    1.10%      -0.716     -0.411     -0.171
              91.000       0.757      -0.703       2.460    1.10%       0.010      0.994
     PA567                 0.033       0.220      -1.801    1.10%      -0.771     -0.282     -0.072
              91.000       0.774      -0.607       1.907    1.10%       0.123      0.863

RANDOM STARTS RESULTS RANKED FROM THE BEST TO THE WORST LOGLIKELIHOOD VALUES

Final stage loglikelihood values at local maxima, seeds, and initial stage start numbers:

           -4504.925  443792           4679
           -4504.925  755526           4743
           -4504.925  91245            5835
           -4504.925  502167           6761
           -4504.925  995648           936
           -4504.925  425982           485
           -4504.925  393318           4188
           -4504.925  107132           4254
           -4504.925  45111            8875
           -4504.925  237781           4495
           -4504.925  759926           9107
           -4504.925  626638           4616
           -4504.925  751987           9831
           -4504.925  60237            9951
           -4504.925  540436           2528
           -4504.925  87331            5201
           -4504.925  43393            2751
           -4504.925  540747           1394
           -4504.925  413100           5738
           -4504.925  661791           3070
           -4504.925  518869           6328
           -4504.925  576596           99
           -4504.925  113049           6474
           -4504.925  562291           7270
           -4504.925  568107           7588
           -4504.925  972415           7863
           -4504.925  16995            8062
           -4504.925  303429           1016
           -4504.925  973659           8198
           -4504.925  390037           8299
           -4504.925  311214           64
           -4504.925  308324           8439
           -4504.925  665799           8481
           -4504.925  889301           8593
           -4504.925  291962           2151
           -4504.925  191162           8625
           -4504.925  622369           8675
           -4504.925  726176           8731
           -4504.925  51011            1111
           -4504.925  600202           1115
           -4504.925  338031           2279
           -4504.925  483374           4585
           -4504.925  861644           9361
           -4504.925  274423           9533
           -4504.925  471398           74
           -4504.925  222459           9660
           -4504.925  426075           4983
           -4504.925  705631           1269
           -4504.925  391080           5095
           -4504.925  877707           2564
           -4504.925  769845           5129
           -4504.925  167220           2608
           -4504.925  907912           5286
           -4504.925  447690           5391
           -4504.925  49633            2701
           -4504.925  702334           2702
           -4504.925  445692           2796
           -4504.925  584017           5621
           -4504.925  717754           180
           -4504.925  937318           5821
           -4504.925  131818           5823
           -4504.925  91895            5907
           -4504.925  846194           93
           -4504.925  965242           6102
           -4504.925  765392           382
           -4504.925  859432           770
           -4504.925  346498           6319
           -4504.925  501847           6446
           -4504.925  358941           6526
           -4504.925  274385           3368
           -4504.925  774527           7202
           -4504.925  551639           55
           -4504.925  725009           3633
           -4504.925  624106           7267
           -4504.925  216400           7465
           -4504.925  568405           233
           -4504.925  78597            7743
           -4504.925  476295           969
           -4504.925  502266           7767
           -4504.925  691355           7833
           -4504.925  159367           7903
           -4504.925  69900            8251
           -4504.925  415036           8254
           -4504.925  910097           1031
           -4504.925  665135           8303
           -4504.925  39931            8320
           -4504.925  810668           4172
           -4504.925  807926           2090
           -4504.925  681708           4186
           -4504.925  231581           1048
           -4504.925  626253           8417
           -4504.925  519511           4219
           -4504.925  135              2132
           -4504.925  203433           8566
           -4504.925  456895           8569
           -4504.925  529455           268
           -4504.925  229744           1096
           -4504.925  272972           8860
           -4504.925  486716           8915
           -4504.925  626490           4476
           -4504.925  605126           8959
           -4504.925  712285           8974
           -4504.925  118421           139
           -4504.925  99433            4520
           -4504.925  579445           9067
           -4504.925  566131           9087
           -4504.925  901150           1143
           -4504.925  141029           4590
           -4504.925  678226           4640
           -4504.925  481032           4699
           -4504.925  947659           2351
           -4504.925  7722             9468
           -4504.925  115506           9523
           -4504.925  997845           2386
           -4504.925  582955           4788
           -4504.925  270185           4798
           -4504.925  646335           9627
           -4504.925  280383           4836
           -4504.925  285627           4839
           -4504.925  730276           9721
           -4504.925  655183           9835
           -4504.925  459547           2467
           -4504.925  432950           1244
           -4504.925  455126           9968
           -4504.925  301631           9998
           -4504.925  87366            2501
           -4504.925  197385           1259
           -4504.925  193042           316
           -4504.925  744582           2621
           -4504.925  798091           5260
           -4504.925  424818           2756
           -4504.925  622346           5543
           -4504.925  880061           5553
           -4504.925  659469           5608
           -4504.925  670993           5684
           -4504.925  77210            712
           -4504.925  991399           1433
           -4504.925  884619           1441
           -4504.925  779009           1458
           -4504.925  715466           5857
           -4504.925  884475           6011
           -4504.925  289928           1529
           -4504.925  896423           6166
           -4504.925  919030           6180
           -4504.925  467054           3103
           -4504.925  203592           3162
           -4504.925  402557           3202
           -4504.925  630133           6410
           -4504.925  785277           1603
           -4504.925  93379            6439
           -4504.925  447949           6483
           -4504.925  76064            6485
           -4504.925  446980           6487
           -4504.925  459673           3248
           -4504.925  746978           410
           -4504.925  987174           1689
           -4504.925  287107           864
           -4504.925  962482           1742
           -4504.925  482402           6990
           -4504.925  480963           7023
           -4504.925  367524           7030
           -4504.925  527412           7073
           -4504.925  613381           7075
           -4504.925  460630           3542
           -4504.925  858982           7230
           -4504.925  263049           454
           -4504.925  989474           7290
           -4504.925  797742           7295
           -4504.925  229744           7299
           -4504.925  867231           1846
           -4504.925  291035           3696
           -4504.925  69413            472
           -4504.925  508445           946
           -4504.925  480649           1900
           -4504.925  519416           7608
           -4504.925  172054           7616
           -4504.925  206705           3822
           -4504.925  56053            7684
           -4504.925  344410           1940
           -4504.925  598455           7803
           -4504.925  189463           1961
           -4504.925  72306            7853
           -4504.925  201311           1995
           -4504.925  539207           8038
           -4504.925  546118           2030
           -4504.925  337422           8127
           -4504.925  132947           4087
           -4504.925  907063           8371
           -4504.925  538028           8414
           -4504.925  729401           2106
           -4504.925  644731           8536
           -4504.925  524942           2139
           -4504.925  432025           8594
           -4504.925  385102           8610
           -4504.925  382342           4306
           -4504.925  885503           8657
           -4504.925  137426           8690
           -4504.925  229018           8728
           -4504.925  487737           8773
           -4504.925  425606           4416
           -4504.925  202717           2210
           -4504.925  32878            8848
           -4504.925  528549           8855
           -4504.925  533425           4435
           -4504.925  938661           2227
           -4504.925  64067            8921
           -4504.925  338029           2234
           -4504.925  884384           8955
           -4504.925  732155           9003
           -4504.925  180596           4523
           -4504.925  86663            9156
           -4504.925  699886           9180
           -4504.925  911275           2311
           -4504.925  930654           1156
           -4504.925  66332            4663
           -4504.925  54323            4671
           -4504.925  976313           9365
           -4504.925  882554           4687
           -4504.925  410457           4700
           -4504.925  302799           9401
           -4504.925  703495           9408
           -4504.925  94272            9434
           -4504.925  788599           1180
           -4504.925  661264           1181
           -4504.925  764597           9477
           -4504.925  156147           1186
           -4504.925  456441           9542
           -4504.925  960239           9563
           -4504.925  462228           298
           -4504.925  394505           9613
           -4504.925  286235           4811
           -4504.925  438869           9637
           -4504.925  582181           2417
           -4504.925  540993           4841
           -4504.925  278870           4843
           -4504.925  710971           9689
           -4504.925  407175           4846
           -4504.925  323107           9716
           -4504.925  492585           9826
           -4504.925  442512           2468
           -4504.925  491563           4942
           -4504.925  226934           4964
           -4504.925  765643           9947
           -4504.925  76337            76
           -4504.925  854084           9966
           -4504.925  435287           623
           -4504.925  635381           9999
           -4504.925  844108           5029
           -4504.925  421430           5062
           -4504.925  547587           5076
           -4504.925  863378           2556
           -4504.925  293820           1279
           -4504.925  290980           1284
           -4504.925  196408           2584
           -4504.925  802772           5205
           -4504.925  877180           2604
           -4504.925  934413           2635
           -4504.925  171202           5284
           -4504.925  837902           2663
           -4504.925  577663           5347
           -4504.925  350608           334
           -4504.925  987237           5424
           -4504.925  753947           5427
           -4504.925  274387           5491
           -4504.925  921419           5527
           -4504.925  880440           5602
           -4504.925  630328           5614
           -4504.925  964570           701
           -4504.925  776569           2847
           -4504.925  360419           356
           -4504.925  973314           5717
           -4504.925  932741           5761
           -4504.925  567446           5791
           -4504.925  297975           5799
           -4504.925  42523            730
           -4504.925  991281           5854
           -4504.925  978319           5866
           -4504.925  124098           5933
           -4504.925  258251           2982
           -4504.925  753899           5977
           -4504.925  518936           6019
           -4504.925  85738            6033
           -4504.925  445903           3038
           -4504.925  196942           3067
           -4504.925  92056            3068
           -4504.925  897864           6222
           -4504.925  645353           6231
           -4504.925  173709           1560
           -4504.925  411984           3134
           -4504.925  541019           3145
           -4504.925  553953           1595
           -4504.925  253358           2
           -4504.925  868637           6423
           -4504.925  764240           6424
           -4504.925  312480           6444
           -4504.925  189710           6479
           -4504.925  242428           6489
           -4504.925  639430           6574
           -4504.925  597337           6601
           -4504.925  226042           6639
           -4504.925  761017           3336
           -4504.925  50983            834
           -4504.925  758926           1682
           -4504.925  575827           3367
           -4504.925  830618           3377
           -4504.925  807225           3452
           -4504.925  654115           6944
           -4504.925  219197           3480
           -4504.925  224513           6973
           -4504.925  582916           1747
           -4504.925  398067           1759
           -4504.925  166700           7162
           -4504.925  263221           447
           -4504.925  684448           7187
           -4504.925  662091           3597
           -4504.925  643533           7218
           -4504.925  400467           1806
           -4504.925  983866           7253
           -4504.925  981310           7276
           -4504.925  624932           7337
           -4504.925  346749           3671
           -4504.925  784708           7370
           -4504.925  475953           3687
           -4504.925  635597           3702
           -4504.925  108961           3714
           -4504.925  866743           7436
           -4504.925  135514           3739
           -4504.925  681439           7525
           -4504.925  288738           940
           -4504.925  655070           7630
           -4504.925  977846           7651
           -4504.925  28652            3828
           -4504.925  865152           7677
           -4504.925  699239           7706
           -4504.925  168903           7722
           -4504.925  966994           1934
           -4504.925  40327            971
           -4504.925  923601           3890
           -4504.925  549099           7852
           -4504.925  132680           7891
           -4504.925  621308           3960
           -4504.925  812484           7949
           -4504.925  105624           3977
           -4504.925  993821           7966
           -4504.925  462359           4020
           -4504.925  481974           2037
           -4504.925  816310           8174
           -4504.925  20818            8202
           -4504.925  24045            2066
           -4504.925  498885           4133
           -4504.925  401572           1033
           -4504.925  822773           4147
           -4504.925  45859            8380
           -4504.925  661609           8384
           -4504.925  626919           4205
           -4504.925  477063           2116
           -4504.925  602328           2117
           -4504.925  730443           8494
           -4504.925  984226           8516
           -4504.925  390177           8546
           -4504.925  670595           1072
           -4504.925  696490           8589
           -4504.925  937507           8598
           -4504.925  47908            8730
           -4504.925  492605           4368
           -4504.925  399109           4375
           -4504.925  916506           8767
           -4504.925  585311           8770
           -4504.925  995875           547
           -4504.925  672942           1098
           -4504.925  655353           8843
           -4504.925  710409           8856
           -4504.925  718112           8865
           -4504.925  119680           4434
           -4504.925  112785           4437
           -4504.925  266854           8886
           -4504.925  42849            8887
           -4504.925  214047           8907
           -4504.925  874097           8917
           -4504.925  395644           8928
           -4504.925  92629            4471
           -4504.925  594620           4491
           -4504.925  85585            9000
           -4504.925  155980           4501
           -4504.925  695253           9028
           -4504.925  455057           9030
           -4504.925  97420            4541
           -4504.925  45490            9124
           -4504.925  477208           4580
           -4504.925  390873           9281
           -4504.925  316694           2320
           -4504.925  297651           4644
           -4504.925  327140           4653
           -4504.925  93468            3
           -4504.925  650387           2345
           -4504.925  703783           2346
           -4504.925  539535           9392
           -4504.925  518785           4720
           -4504.925  814075           4727
           -4504.925  714782           4795
           -4504.925  737516           4813
           -4504.925  666066           9633
           -4504.925  768709           9686
           -4504.925  820604           2421
           -4504.925  536588           4845
           -4504.925  123735           9698
           -4504.925  769133           4849
           -4504.925  367879           4853
           -4504.925  446237           9740
           -4504.925  165268           2436
           -4504.925  882695           9747
           -4504.925  645295           2443
           -4504.925  430616           9799
           -4504.925  423142           9872
           -4504.925  736047           4944
           -4504.925  881575           9891
           -4504.925  897272           1239
           -4504.925  7510             2482
           -4504.925  200257           9954
           -4504.925  785309           2490
           -4504.925  442072           625
           -4504.925  781489           627
           -4504.925  734978           5042
           -4504.925  802015           2527
           -4504.925  304114           5064
           -4504.925  127215           9
           -4504.925  732539           5169
           -4504.925  815445           1295
           -4504.925  881268           1299
           -4504.925  232015           1313
           -4504.925  866438           5271
           -4504.925  659773           663
           -4504.925  16836            5326
           -4504.925  519506           5387
           -4504.925  890950           5406
           -4504.925  344689           1354
           -4504.925  668935           5420
           -4504.925  469571           2712
           -4504.925  327140           678
           -4504.925  2292             2715
           -4504.925  808328           2717
           -4504.925  124605           5492
           -4504.925  652415           5516
           -4504.925  916339           2764
           -4504.925  439009           2771
           -4504.925  470153           5550
           -4504.925  649801           5603
           -4504.925  531546           702
           -4504.925  558741           2815
           -4504.925  811592           2827
           -4504.925  979084           2837
           -4504.925  33404            2858
           -4504.925  398101           5736
           -4504.925  149777           1434
           -4504.925  333389           5745
           -4504.925  483056           2880
           -4504.925  818450           2894
           -4504.925  429893           5840
           -4504.925  611398           5858
           -4504.925  170768           1464
           -4504.925  28321            5861
           -4504.925  511988           1469
           -4504.925  220370           5895
           -4504.925  907224           2950
           -4504.925  833955           2954
           -4504.925  492839           1493
           -4504.925  928733           5990
           -4504.925  417002           1499
           -4504.925  123672           6007
           -4504.925  889514           1505
           -4504.925  835054           6086
           -4504.925  122612           3055
           -4504.925  476383           3058
           -4504.925  573791           6121
           -4504.925  848890           95
           -4504.925  529627           1542
           -4504.925  959768           6209
           -4504.925  864952           6225
           -4504.925  457360           6238
           -4504.925  829851           6260
           -4504.925  120239           6274
           -4504.925  293858           6294
           -4504.925  193926           3165
           -4504.925  363979           1594
           -4504.925  557717           6390
           -4504.925  483678           6397
           -4504.925  37489            6430
           -4504.925  36714            201
           -4504.925  309767           3240
           -4504.925  872473           6495
           -4504.925  975141           1623
           -4504.925  141203           1639
           -4504.925  964448           3281
           -4504.925  613701           6576
           -4504.925  146522           6578
           -4504.925  464143           3302
           -4504.925  970791           3310
           -4504.925  140899           6624
           -4504.925  705057           3313
           -4504.925  972219           6638
           -4504.925  296574           3320
           -4504.925  679391           3354
           -4504.925  85462            51
           -4504.925  30098            209
           -4504.925  112573           6737
           -4504.925  483678           6760
           -4504.925  939470           3383
           -4504.925  597233           6768
           -4504.925  724245           3384
           -4504.925  165853           105
           -4504.925  334728           6813
           -4504.925  573574           1703
           -4504.925  937885           426
           -4504.925  689957           6833
           -4504.925  88117            3417
           -4504.925  283691           6873
           -4504.925  27249            6877
           -4504.925  965074           1719
           -4504.925  635365           6885
           -4504.925  931515           3462
           -4504.925  255016           1731
           -4504.925  417342           6942
           -4504.925  249543           6977
           -4504.925  17228            7028
           -4504.925  880299           7068
           -4504.925  433245           7080
           -4504.925  867690           3543
           -4504.925  502532           445
           -4504.925  715948           3568
           -4504.925  692605           7153
           -4504.925  980970           894
           -4504.925  71251            3579
           -4504.925  678464           7159
           -4504.925  690608           1800
           -4504.925  298201           903
           -4504.925  373203           7269
           -4504.925  322165           7293
           -4504.925  186678           7310
           -4504.925  488342           3656
           -4504.925  738069           1830
           -4504.925  86394            3666
           -4504.925  760898           3673
           -4504.925  928339           7390
           -4504.925  572342           1848
           -4504.925  262043           7422
           -4504.925  985186           7480
           -4504.925  920468           7493
           -4504.925  962560           7544
           -4504.925  819007           7557
           -4504.925  601657           3802
           -4504.925  203018           3813
           -4504.925  474582           7637
           -4504.925  377463           7679
           -4504.925  148760           7774
           -4504.925  297457           7818
           -4504.925  862751           7831
           -4504.925  105392           7874
           -4504.925  304090           7890
           -4504.925  22155            3946
           -4504.925  573367           986
           -4504.925  516908           1977
           -4504.925  639303           7944
           -4504.925  432148           30
           -4504.925  593672           7962
           -4504.925  407352           8041
           -4504.925  901288           8054
           -4504.925  521009           8065
           -4504.925  429335           2021
           -4504.925  105826           8131
           -4504.925  944394           1024
           -4504.925  207616           8228
           -4504.925  811924           4114
           -4504.925  791761           8234
           -4504.925  569929           8242
           -4504.925  177989           8278
           -4504.925  584192           8294
           -4504.925  54325            2073
           -4504.925  272605           8323
           -4504.925  157028           8348
           -4504.925  819358           2093
           -4504.925  814807           4189
           -4504.925  276669           8394
           -4504.925  503195           4213
           -4504.925  583415           4214
           -4504.925  50642            4236
           -4504.925  400979           8533
           -4504.925  422305           8568
           -4504.925  214522           8642
           -4504.925  328429           4327
           -4504.925  18352            8679
           -4504.925  845853           8697
           -4504.925  356951           2178
           -4504.925  111412           4358
           -4504.925  623192           8721
           -4504.925  999327           4369
           -4504.925  666357           8759
           -4504.925  739403           8763
           -4504.925  408333           8780
           -4504.925  224113           8809
           -4504.925  798842           4406
           -4504.925  224508           8833
           -4504.925  176708           8869
           -4504.925  666357           2222
           -4504.925  252888           8898
           -4504.925  812376           4452
           -4504.925  533061           8965
           -4504.925  773513           9012
           -4504.925  921577           9085
           -4504.925  100937           9106
           -4504.925  110522           9108
           -4504.925  664562           1138
           -4504.925  153450           4570
           -4504.925  100727           4592
           -4504.925  298479           4593
           -4504.925  505962           9187
           -4504.925  23688            4596
           -4504.925  445974           9207
           -4504.925  698663           9213
           -4504.925  639612           9216
           -4504.925  742321           4608
           -4504.925  680847           2305
           -4504.925  454734           9271
           -4504.925  204584           9275
           -4504.925  147878           2322
           -4504.925  910224           580
           -4504.925  228046           9305
           -4504.925  919303           4659
           -4504.925  381476           9344
           -4504.925  350812           9348
           -4504.925  366872           1169
           -4504.925  758106           9364
           -4504.925  827570           2341
           -4504.925  294926           4696
           -4504.925  5262             2370
           -4504.925  221460           2375
           -4504.925  474350           2384
           -4504.925  802133           9550
           -4504.925  891036           2392
           -4504.925  230533           9571
           -4504.925  754350           9606
           -4504.925  194601           9609
           -4504.925  118438           601
           -4504.925  930355           4832
           -4504.925  112352           9672
           -4504.925  380564           9694
           -4504.925  484568           4847
           -4504.925  127579           9718
           -4504.925  501950           9720
           -4504.925  898666           9724
           -4504.925  881886           608
           -4504.925  842859           4882
           -4504.925  491109           9808
           -4504.925  102823           9820
           -4504.925  286464           9843
           -4504.925  477604           9849
           -4504.925  364689           1237
           -4504.925  642800           9936
           -4504.925  345974           622
           -4504.925  497953           4986
           -4504.925  23790            9983
           -4504.925  961832           5011
           -4504.925  209031           632
           -4504.925  908248           2536
           -4504.925  973404           2567
           -4504.925  660368           2570
           -4504.925  146412           5158
           -4504.925  985654           5170
           -4504.925  385939           5191
           -4504.925  445157           5208
           -4504.925  504507           5246
           -4504.925  345541           5269
           -4504.925  22075            659
           -4504.925  885099           1320
           -4504.925  557882           5292
           -4504.925  996507           5324
           -4504.925  706874           5350
           -4504.925  224290           5378
           -4504.925  862221           2694
           -4504.925  679890           2703
           -4504.925  574412           679
           -4504.925  418926           5507
           -4504.925  896562           2773
           -4504.925  759147           5552
           -4504.925  671034           5597
           -4504.925  887787           5625
           -4504.925  58222            2823
           -4504.925  845260           5678
           -4504.925  500011           5685
           -4504.925  159216           1423
           -4504.925  284716           713
           -4504.925  526324           178
           -4504.925  13333            2868
           -4504.925  173429           2879
           -4504.925  512630           2886
           -4504.925  949311           2889
           -4504.925  875651           5781
           -4504.925  709906           2904
           -4504.925  177936           726
           -4504.925  609185           181
           -4504.925  201619           5828
           -4504.925  953278           2916
           -4504.925  262022           1467
           -4504.925  651982           2944
           -4504.925  599003           1474
           -4504.925  60814            5931
           -4504.925  348637           749
           -4504.925  758211           6013
           -4504.925  268741           6018
           -4504.925  300741           3010
           -4504.925  403298           6024
           -4504.925  19271            3020
           -4504.925  204058           3036
           -4504.925  708295           6074
           -4504.925  726035           191
           -4504.925  229635           6172
           -4504.925  12939            3096
           -4504.925  288282           6195
           -4504.925  873938           6230
           -4504.925  246967           1557
           -4504.925  158480           3119
           -4504.925  674171           195
           -4504.925  307582           6288
           -4504.925  581912           3149
           -4504.925  958107           790
           -4504.925  526230           1589
           -4504.925  157924           6365
           -4504.925  689400           6375
           -4504.925  256717           3193
           -4504.925  406599           6387
           -4504.925  714997           399
           -4504.925  603181           6414
           -4504.925  779878           6421
           -4504.925  474751           6440
           -4504.925  649554           3231
           -4504.925  599136           811
           -4504.925  732907           6511
           -4504.925  833278           3265
           -4504.925  697558           6558
           -4504.925  641034           6561
           -4504.925  338825           6603
           -4504.925  302933           6614
           -4504.925  461231           3325
           -4504.925  710154           831
           -4504.925  786713           3343
           -4504.925  480414           6704
           -4504.925  612223           6759
           -4504.925  810594           845
           -4504.925  634005           6769
           -4504.925  733346           6790
           -4504.925  17730            1698
           -4504.925  76451            211
           -4504.925  460453           1708
           -4504.925  313599           3418
           -4504.925  628143           854
           -4504.925  276728           6861
           -4504.925  963875           6908
           -4504.925  816796           1728
           -4504.925  496762           870
           -4504.925  37506            3489
           -4504.925  145587           6984
           -4504.925  291063           3501
           -4504.925  285828           7021
           -4504.925  286697           7027
           -4504.925  826241           1779
           -4504.925  389980           7164
           -4504.925  695077           7167
           -4504.925  3910             7176
           -4504.925  24775            7177
           -4504.925  778949           3595
           -4504.925  318505           7193
           -4504.925  613723           1804
           -4504.925  975972           7222
           -4504.925  814173           7264
           -4504.925  891259           3635
           -4504.925  677338           3640
           -4504.925  370434           1832
           -4504.925  357565           7348
           -4504.925  278371           7380
           -4504.925  79156            3698
           -4504.925  280227           1863
           -4504.925  446971           7455
           -4504.925  807750           3733
           -4504.925  930218           3738
           -4504.925  437351           1874
           -4504.925  538482           3755
           -4504.925  332689           7576
           -4504.925  437405           7578
           -4504.925  980958           1896
           -4504.925  528938           1898
           -4504.925  839733           3798
           -4504.925  516243           7610
           -4504.925  351474           3805
           -4504.925  218340           7632
           -4504.925  908981           7645
           -4504.925  245197           7646
           -4504.925  782765           3859
           -4504.925  371459           3863
           -4504.925  849285           3864
           -4504.925  389485           3888
           -4504.925  470252           7836
           -4504.925  925581           7861
           -4504.925  182767           3941
           -4504.925  12177            3942
           -4504.925  689589           3947
           -4504.925  781082           7906
           -4504.925  730553           7925
           -4504.925  471149           7942
           -4504.925  58043            7961
           -4504.925  595759           997
           -4504.925  966442           7990
           -4504.925  266425           2000
           -4504.925  728575           8009
           -4504.925  508856           8022
           -4504.925  879479           8037
           -4504.925  696446           8083
           -4504.925  173697           8145
           -4504.925  88617            8156
           -4504.925  868958           4083
           -4504.925  389815           4093
           -4504.925  362530           4096
           -4504.925  12814            4104
           -4504.925  655825           8218
           -4504.925  613075           2056
           -4504.925  671968           8258
           -4504.925  130971           2072
           -4504.925  62738            2074
           -4504.925  175820           1040
           -4504.925  239642           8357
           -4504.925  745972           521
           -4504.925  435784           8364
           -4504.925  236257           8381
           -4504.925  295033           1052
           -4504.925  761130           4233
           -4504.925  295141           8479
           -4504.925  168437           2127
           -4504.925  578236           4268
           -4504.925  328852           8542
           -4504.925  630051           4282
           -4504.925  784176           8575
           -4504.925  466917           8602
           -4504.925  165794           4312
           -4504.925  705816           8661
           -4504.925  398482           8666
           -4504.925  413831           8685
           -4504.925  670859           4349
           -4504.925  222977           8708
           -4504.925  453360           4367
           -4504.925  115436           8745
           -4504.925  885436           4377
           -4504.925  75212            8801
           -4504.925  331681           549
           -4504.925  688966           4427
           -4504.925  62115            4430
           -4504.925  863849           1122
           -4504.925  316736           8984
           -4504.925  913941           8985
           -4504.925  821360           4504
           -4504.925  454690           9010
           -4504.925  704380           9024
           -4504.925  914953           9047
           -4504.925  156848           4531
           -4504.925  980484           9083
           -4504.925  931874           141
           -4504.925  434903           9096
           -4504.925  795465           4563
           -4504.925  117587           572
           -4504.925  140200           4584
           -4504.925  490879           9173
           -4504.925  829927           4587
           -4504.925  506886           576
           -4504.925  19179            4635
           -4504.925  817813           2324
           -4504.925  155509           4655
           -4504.925  708125           4660
           -4504.925  541128           4674
           -4504.925  909982           4709
           -4504.925  535336           2355
           -4504.925  806363           2374
           -4504.925  371185           4750
           -4504.925  915360           4780
           -4504.925  257480           4805
           -4504.925  509923           4840
           -4504.925  199530           4858
           -4504.925  988709           2430
           -4504.925  354229           4871
           -4504.925  368319           4874
           -4504.925  626266           4880
           -4504.925  313306           612
           -4504.925  314784           2475
           -4504.925  940258           1242
           -4504.925  692261           4976
           -4504.925  478421           311
           -4504.925  46914            5043
           -4504.925  235489           5050
           -4504.925  578153           5083
           -4504.925  322790           636
           -4504.925  366739           1283
           -4504.925  124829           1292
           -4504.925  685767           5172
           -4504.925  262275           5188
           -4504.925  505784           2597
           -4504.925  913639           162
           -4504.925  742953           5219
           -4504.925  95308            2618
           -4504.925  303216           2622
           -4504.925  140272           5266
           -4504.925  502546           2633
           -4504.925  941497           1317
           -4504.925  337570           1319
           -4504.925  185622           5314
           -4504.925  163116           1329
           -4504.925  197223           332
           -4504.925  662983           666
           -4504.925  576603           5340
           -4504.925  459490           5417
           -4504.925  706168           5537
           -4504.925  238115           5549
           -4504.925  952712           2780
           -4504.925  536551           696
           -4504.925  465705           5612
           -4504.925  157105           2817
           -4504.925  962675           5643
           -4504.925  136970           5686
           -4504.925  531924           5731
           -4504.925  607072           717
           -4504.925  419870           1442
           -4504.925  448481           2890
           -4504.925  729377           5804
           -4504.925  903220           5849
           -4504.925  107362           2928
           -4504.925  882429           5889
           -4504.925  875667           367
           -4504.925  540217           1477
           -4504.925  289617           5918
           -4504.925  281558           184
           -4504.925  487484           5929
           -4504.925  65172            5938
           -4504.925  522936           2978
           -4504.925  792389           746
           -4504.925  687988           6004
           -4504.925  554890           6006
           -4504.925  645855           6021
           -4504.925  746557           6026
           -4504.925  29275            6028
           -4504.925  639435           6061
           -4504.925  534583           6098
           -4504.925  88437            761
           -4504.925  212505           6127
           -4504.925  462159           6130
           -4504.925  412135           3072
           -4504.925  595190           1554
           -4504.925  570681           777
           -4504.925  344974           6234
           -4504.925  415502           194
           -4504.925  801114           6243
           -4504.925  846587           6258
           -4504.925  867011           6275
           -4504.925  999166           3146
           -4504.925  66813            6337
           -4504.925  898058           1586
           -4504.925  744938           6348
           -4504.925  685120           6408
           -4504.925  32468            1606
           -4504.925  629269           6429
           -4504.925  292096           6431
           -4504.925  235334           1613
           -4504.925  648352           1615
           -4504.925  471040           403
           -4504.925  660510           6494
           -4504.925  unperturbed      0

30 perturbed starting value run(s) did not converge.



THE MODEL ESTIMATION TERMINATED NORMALLY



MODEL FIT INFORMATION

Number of Free Parameters                       64

Loglikelihood

          H0 Value                       -4504.925

Information Criteria

          Akaike (AIC)                    9137.849
          Bayesian (BIC)                  9327.022
          Sample-Size Adjusted BIC        9124.522
            (n* = (n + 2) / 24)



FINAL CLASS COUNTS AND PROPORTIONS FOR THE LATENT CLASSES
BASED ON THE ESTIMATED MODEL

    Latent
   Classes

       1        142.00000          1.00000


FINAL CLASS COUNTS AND PROPORTIONS FOR THE LATENT CLASSES
BASED ON ESTIMATED POSTERIOR PROBABILITIES

    Latent
   Classes

       1        142.00000          1.00000


FINAL CLASS COUNTS AND PROPORTIONS FOR THE LATENT CLASSES
BASED ON THEIR MOST LIKELY LATENT CLASS MEMBERSHIP

Class Counts and Proportions

    Latent
   Classes

       1              142          1.00000


Average Latent Class Probabilities for Most Likely Latent Class Membership (Row)
by Latent Class (Column)

           1

    1   1.000


Classification Probabilities for the Most Likely Latent Class Membership (Column)
by Latent Class (Row)

           1

    1   1.000


Logits for the Classification Probabilities for the Most Likely Latent Class Membership (Column)
by Latent Class (Row)

              1

    1      0.000


MODEL RESULTS

                                                    Two-Tailed
                    Estimate       S.E.  Est./S.E.    P-Value

Latent Class 1

 Means
    GEN2               0.005      0.087      0.055      0.956
    THREAT2           -0.033      0.077     -0.422      0.673
    COPE2              0.039      0.066      0.602      0.547
    FNR2               0.058      0.069      0.845      0.398
    LOSS2              0.032      0.076      0.425      0.671
    SLEEP2             0.009      0.088      0.101      0.920
    SOMATIC2          -0.008      0.089     -0.092      0.927
    PA2                0.070      0.079      0.890      0.374
    GEN3              -0.013      0.074     -0.172      0.864
    THREAT3            0.013      0.069      0.193      0.847
    COPE3             -0.011      0.065     -0.174      0.862
    FNR3               0.010      0.070      0.137      0.891
    LOSS3             -0.002      0.070     -0.033      0.974
    SLEEP3            -0.016      0.071     -0.229      0.819
    SOM3              -0.021      0.070     -0.300      0.764
    PA3                0.009      0.071      0.126      0.899
    GEN4              -0.031      0.076     -0.412      0.680
    THREAT4            0.012      0.073      0.164      0.870
    COPE4             -0.043      0.076     -0.563      0.573
    FNR4              -0.027      0.076     -0.352      0.725
    LOSS4              0.010      0.078      0.123      0.902
    SLEEP4             0.009      0.075      0.121      0.904
    SOMATIC4          -0.015      0.077     -0.194      0.846
    PA4               -0.016      0.076     -0.211      0.833
    GEN567            -0.053      0.087     -0.614      0.539
    THREAT567         -0.056      0.079     -0.711      0.477
    COPE567           -0.002      0.084     -0.029      0.977
    FNR567            -0.026      0.081     -0.318      0.750
    LOSS567           -0.006      0.086     -0.073      0.942
    SLEEP567          -0.009      0.086     -0.110      0.912
    SOM567             0.023      0.091      0.251      0.802
    PA567              0.033      0.092      0.359      0.719

 Variances
    GEN2               0.767      0.108      7.106      0.000
    THREAT2            0.602      0.085      7.106      0.000
    COPE2              0.433      0.061      7.106      0.000
    FNR2               0.480      0.068      7.106      0.000
    LOSS2              0.586      0.082      7.106      0.000
    SLEEP2             0.785      0.110      7.106      0.000
    SOMATIC2           0.795      0.112      7.106      0.000
    PA2                0.629      0.089      7.106      0.000
    GEN3               0.734      0.090      8.185      0.000
    THREAT3            0.644      0.079      8.185      0.000
    COPE3              0.575      0.070      8.185      0.000
    FNR3               0.649      0.079      8.185      0.000
    LOSS3              0.659      0.081      8.185      0.000
    SLEEP3             0.678      0.083      8.185      0.000
    SOM3               0.654      0.080      8.185      0.000
    PA3                0.683      0.084      8.185      0.000
    GEN4               0.772      0.095      8.155      0.000
    THREAT4            0.712      0.087      8.155      0.000
    COPE4              0.762      0.093      8.155      0.000
    FNR4               0.771      0.095      8.155      0.000
    LOSS4              0.803      0.099      8.155      0.000
    SLEEP4             0.753      0.092      8.155      0.000
    SOMATIC4           0.785      0.096      8.155      0.000
    PA4                0.765      0.094      8.155      0.000
    GEN567             0.684      0.101      6.745      0.000
    THREAT567          0.569      0.084      6.745      0.000
    COPE567            0.645      0.096      6.745      0.000
    FNR567             0.603      0.089      6.745      0.000
    LOSS567            0.677      0.100      6.745      0.000
    SLEEP567           0.670      0.099      6.745      0.000
    SOM567             0.757      0.112      6.745      0.000
    PA567              0.774      0.115      6.745      0.000


STANDARDIZED MODEL RESULTS


STDYX Standardization

                                                    Two-Tailed
                    Estimate       S.E.  Est./S.E.    P-Value

Latent Class 1

 Means
    GEN2               0.006      0.100      0.055      0.956
    THREAT2           -0.042      0.100     -0.422      0.673
    COPE2              0.060      0.100      0.601      0.548
    FNR2               0.084      0.100      0.843      0.399
    LOSS2              0.042      0.100      0.425      0.671
    SLEEP2             0.010      0.100      0.101      0.920
    SOMATIC2          -0.009      0.100     -0.092      0.927
    PA2                0.089      0.100      0.888      0.375
    GEN3              -0.015      0.086     -0.172      0.864
    THREAT3            0.017      0.086      0.193      0.847
    COPE3             -0.015      0.086     -0.174      0.862
    FNR3               0.012      0.086      0.137      0.891
    LOSS3             -0.003      0.086     -0.033      0.974
    SLEEP3            -0.020      0.086     -0.229      0.819
    SOM3              -0.026      0.086     -0.300      0.764
    PA3                0.011      0.086      0.126      0.899
    GEN4              -0.036      0.087     -0.412      0.680
    THREAT4            0.014      0.087      0.164      0.870
    COPE4             -0.049      0.087     -0.563      0.574
    FNR4              -0.030      0.087     -0.351      0.725
    LOSS4              0.011      0.087      0.123      0.902
    SLEEP4             0.010      0.087      0.121      0.904
    SOMATIC4          -0.017      0.087     -0.194      0.846
    PA4               -0.018      0.087     -0.211      0.833
    GEN567            -0.064      0.105     -0.613      0.540
    THREAT567         -0.075      0.105     -0.710      0.478
    COPE567           -0.003      0.105     -0.029      0.977
    FNR567            -0.033      0.105     -0.318      0.750
    LOSS567           -0.008      0.105     -0.073      0.942
    SLEEP567          -0.012      0.105     -0.110      0.912
    SOM567             0.026      0.105      0.251      0.802
    PA567              0.038      0.105      0.359      0.719

 Variances
    GEN2               1.000      0.000    999.000    999.000
    THREAT2            1.000      0.000    999.000    999.000
    COPE2              1.000      0.000    999.000    999.000
    FNR2               1.000      0.000    999.000    999.000
    LOSS2              1.000      0.000    999.000    999.000
    SLEEP2             1.000      0.000    999.000    999.000
    SOMATIC2           1.000      0.000    999.000    999.000
    PA2                1.000      0.000    999.000    999.000
    GEN3               1.000      0.000    999.000    999.000
    THREAT3            1.000      0.000    999.000    999.000
    COPE3              1.000      0.000    999.000    999.000
    FNR3               1.000      0.000    999.000    999.000
    LOSS3              1.000      0.000    999.000    999.000
    SLEEP3             1.000      0.000    999.000    999.000
    SOM3               1.000      0.000    999.000    999.000
    PA3                1.000      0.000    999.000    999.000
    GEN4               1.000      0.000    999.000    999.000
    THREAT4            1.000      0.000    999.000    999.000
    COPE4              1.000      0.000    999.000    999.000
    FNR4               1.000      0.000    999.000    999.000
    LOSS4              1.000      0.000    999.000    999.000
    SLEEP4             1.000      0.000    999.000    999.000
    SOMATIC4           1.000      0.000    999.000    999.000
    PA4                1.000      0.000    999.000    999.000
    GEN567             1.000      0.000    999.000    999.000
    THREAT567          1.000      0.000    999.000    999.000
    COPE567            1.000      0.000    999.000    999.000
    FNR567             1.000      0.000    999.000    999.000
    LOSS567            1.000      0.000    999.000    999.000
    SLEEP567           1.000      0.000    999.000    999.000
    SOM567             1.000      0.000    999.000    999.000
    PA567              1.000      0.000    999.000    999.000


R-SQUARE

Class 1


QUALITY OF NUMERICAL RESULTS

     Condition Number for the Information Matrix              0.689E-06
       (ratio of smallest to largest eigenvalue)


PLOT INFORMATION

The following plots are available:

  Histograms (sample values)
  Scatterplots (sample values)
  Sample means
  Estimated means, medians, modes, and percentiles
  Sample and estimated means
  Observed individual values
  Estimated means and observed individual values
  Estimated overall and class-specific distributions

SAVEDATA INFORMATION


  Save file
    C:\Users\bpinget\Desktop\1

  Order and format of variables

    GEN2           F10.3
    THREAT2        F10.3
    COPE2          F10.3
    FNR2           F10.3
    LOSS2          F10.3
    SLEEP2         F10.3
    SOMATIC2       F10.3
    PA2            F10.3
    GEN3           F10.3
    THREAT3        F10.3
    COPE3          F10.3
    FNR3           F10.3
    LOSS3          F10.3
    SLEEP3         F10.3
    SOM3           F10.3
    PA3            F10.3
    GEN4           F10.3
    THREAT4        F10.3
    COPE4          F10.3
    FNR4           F10.3
    LOSS4          F10.3
    SLEEP4         F10.3
    SOMATIC4       F10.3
    PA4            F10.3
    GEN567         F10.3
    THREAT56       F10.3
    COPE567        F10.3
    FNR567         F10.3
    LOSS567        F10.3
    SLEEP567       F10.3
    SOM567         F10.3
    PA567          F10.3
    CPROB1         F10.3
    CLASS          F10.3
    ID             I4

  Save file format
    34F10.3 I4

  Save file record length    10000


DIAGRAM INFORMATION

  Mplus diagrams are currently not available for Mixture analysis.
  No diagram output was produced.


     Beginning Time:  12:02:03
        Ending Time:  12:07:39
       Elapsed Time:  00:05:36



MUTHEN & MUTHEN
3463 Stoner Ave.
Los Angeles, CA  90066

Tel: (310) 391-9971
Fax: (310) 391-8971
Web: www.StatModel.com
Support: Support@StatModel.com

Copyright (c) 1998-2019 Muthen & Muthen
