Mplus VERSION 8.3
MUTHEN & MUTHEN
01/21/2023  12:06 PM

INPUT INSTRUCTIONS

  TITLE:
    2-component paper 2 normal mixture model
    !Arkansas sample
    !LPA with no restrictions to variance

  DATA:
    File is C:\Users\bpinget\Desktop\Dissertation2\Arkansasdata\ArkM.csv;

  VARIABLE:
    NAMES ARE ID Gen2 Threat2 Cope2 FNR2 Loss2 Sleep2 Somatic2 PA2 Gen3 Threat3
                  Cope3 FNR3 Loss3 Sleep3 Som3 PA3 Gen4 Threat4 Cope4 FNR4 Loss4
                  Sleep4 Somatic4 PA4 Gen567 Threat567 Cope567 FNR567 Loss567
                  Sleep567 Som567 PA567;

    USEVARIABLES Gen2 Threat2 Cope2 FNR2 Loss2 Sleep2 Somatic2 PA2 Gen3 Threat3
                 Cope3 FNR3 Loss3 Sleep3 Som3 PA3 Gen4 Threat4 Cope4 FNR4 Loss4
                 Sleep4 Somatic4 PA4 Gen567 Threat567 Cope567 FNR567 Loss567
                 Sleep567 Som567 PA567;
    IDVARIABLE IS ID;
    CLASSES = class (2);
    MISSING IS Gen2 Threat2 Cope2 FNR2 Loss2 Sleep2 Somatic2 PA2 Gen3 Threat3
               Cope3 FNR3 Loss3 Sleep3 Som3 PA3 Gen4 Threat4 Cope4 FNR4 Loss4
               Sleep4 Somatic4 PA4 Gen567 Threat567 Cope567 FNR567 Loss567 Sleep567
               Som567 PA567(-99);

  ANALYSIS:
    TYPE = MIXTURE;
    STARTS = 10000 1000;
    ESTIMATOR = ML;
    MODEL = NOCOV;

  MODEL:
  %class#1%
                 [Gen2 Threat2 Cope2 FNR2 Loss2 Sleep2 Somatic2 PA2 Gen3 Threat3
                  Cope3 FNR3 Loss3 Sleep3 Som3 PA3 Gen4 Threat4 Cope4 FNR4 Loss4
                  Sleep4 Somatic4 PA4 Gen567 Threat567 Cope567 FNR567 Loss567
                  Sleep567 Som567 PA567];

                 Gen2 Threat2 Cope2 FNR2 Loss2 Sleep2 Somatic2 PA2 Gen3 Threat3
                  Cope3 FNR3 Loss3 Sleep3 Som3 PA3 Gen4 Threat4 Cope4 FNR4 Loss4
                  Sleep4 Somatic4 PA4 Gen567 Threat567 Cope567 FNR567 Loss567
                  Sleep567 Som567 PA567;

  %class#2%
                 [Gen2 Threat2 Cope2 FNR2 Loss2 Sleep2 Somatic2 PA2 Gen3 Threat3
                  Cope3 FNR3 Loss3 Sleep3 Som3 PA3 Gen4 Threat4 Cope4 FNR4 Loss4
                  Sleep4 Somatic4 PA4 Gen567 Threat567 Cope567 FNR567 Loss567
                  Sleep567 Som567 PA567];

                 Gen2 Threat2 Cope2 FNR2 Loss2 Sleep2 Somatic2 PA2 Gen3 Threat3
                  Cope3 FNR3 Loss3 Sleep3 Som3 PA3 Gen4 Threat4 Cope4 FNR4 Loss4
                  Sleep4 Somatic4 PA4 Gen567 Threat567 Cope567 FNR567 Loss567
                  Sleep567 Som567 PA567;

  SAVEDATA: FILE IS C:\Users\bpinget\Desktop\2;
             SAVE = cprob;

  OUTPUT: STDYX;

  PLOT:
        TYPE=PLOT3;
        SERIES=
        Gen2 Threat2 Cope2 FNR2 Loss2 Sleep2 Somatic2 PA2 Gen3 Threat3
        Cope3 FNR3 Loss3 Sleep3 Som3 PA3 Gen4 Threat4 Cope4 FNR4 Loss4
        Sleep4 Somatic4 PA4 Gen567 Threat567 Cope567 FNR567 Loss567 Sleep567
        Som567 PA567(*);



*** WARNING in VARIABLE command
  Note that only the first 8 characters of variable names are used in the output.
  Shorten variable names to avoid any confusion.
*** WARNING in MODEL command
  All variables are uncorrelated with all other variables within class.
  Check that this is what is intended.
*** WARNING in PLOT command
  Note that only the first 8 characters of variable names are used in plots.
  If variable names are not unique within the first 8 characters, problems
  may occur.
   3 WARNING(S) FOUND IN THE INPUT INSTRUCTIONS




2-component paper 2 normal mixture model

SUMMARY OF ANALYSIS

Number of groups                                                 1
Number of observations                                         142

Number of dependent variables                                   32
Number of independent variables                                  0
Number of continuous latent variables                            0
Number of categorical latent variables                           1

Observed dependent variables

  Continuous
   GEN2        THREAT2     COPE2       FNR2        LOSS2       SLEEP2
   SOMATIC2    PA2         GEN3        THREAT3     COPE3       FNR3
   LOSS3       SLEEP3      SOM3        PA3         GEN4        THREAT4
   COPE4       FNR4        LOSS4       SLEEP4      SOMATIC4    PA4
   GEN567      THREAT567   COPE567     FNR567      LOSS567     SLEEP567
   SOM567      PA567

Categorical latent variables
   CLASS

Variables with special functions

  ID variable           ID

Estimator                                                       ML
Information matrix                                        OBSERVED
Optimization Specifications for the Quasi-Newton Algorithm for
Continuous Outcomes
  Maximum number of iterations                                 100
  Convergence criterion                                  0.100D-05
Optimization Specifications for the EM Algorithm
  Maximum number of iterations                                 500
  Convergence criteria
    Loglikelihood change                                 0.100D-06
    Relative loglikelihood change                        0.100D-06
    Derivative                                           0.100D-05
Optimization Specifications for the M step of the EM Algorithm for
Categorical Latent variables
  Number of M step iterations                                    1
  M step convergence criterion                           0.100D-05
  Basis for M step termination                           ITERATION
Optimization Specifications for the M step of the EM Algorithm for
Censored, Binary or Ordered Categorical (Ordinal), Unordered
Categorical (Nominal) and Count Outcomes
  Number of M step iterations                                    1
  M step convergence criterion                           0.100D-05
  Basis for M step termination                           ITERATION
  Maximum value for logit thresholds                            15
  Minimum value for logit thresholds                           -15
  Minimum expected cell size for chi-square              0.100D-01
Maximum number of iterations for H1                           2000
Convergence criterion for H1                             0.100D-03
Optimization algorithm                                         EMA
Random Starts Specifications
  Number of initial stage random starts                      10000
  Number of final stage optimizations                         1000
  Number of initial stage iterations                            10
  Initial stage convergence criterion                    0.100D+01
  Random starts scale                                    0.500D+01
  Random seed for generating random starts                       0

Input data file(s)
  C:\Users\bpinget\Desktop\Dissertation2\Arkansasdata\ArkM.csv
Input data format  FREE


SUMMARY OF DATA

     Number of missing data patterns            10
     Number of y missing data patterns          10
     Number of u missing data patterns           0


COVARIANCE COVERAGE OF DATA

Minimum covariance coverage value   0.100


     PROPORTION OF DATA PRESENT FOR Y


           Covariance Coverage
              GEN2          THREAT2       COPE2         FNR2          LOSS2
              ________      ________      ________      ________      ________
 GEN2           0.711
 THREAT2        0.711         0.711
 COPE2          0.711         0.711         0.711
 FNR2           0.711         0.711         0.711         0.711
 LOSS2          0.711         0.711         0.711         0.711         0.711
 SLEEP2         0.711         0.711         0.711         0.711         0.711
 SOMATIC2       0.711         0.711         0.711         0.711         0.711
 PA2            0.711         0.711         0.711         0.711         0.711
 GEN3           0.655         0.655         0.655         0.655         0.655
 THREAT3        0.655         0.655         0.655         0.655         0.655
 COPE3          0.655         0.655         0.655         0.655         0.655
 FNR3           0.655         0.655         0.655         0.655         0.655
 LOSS3          0.655         0.655         0.655         0.655         0.655
 SLEEP3         0.655         0.655         0.655         0.655         0.655
 SOM3           0.655         0.655         0.655         0.655         0.655
 PA3            0.655         0.655         0.655         0.655         0.655
 GEN4           0.669         0.669         0.669         0.669         0.669
 THREAT4        0.669         0.669         0.669         0.669         0.669
 COPE4          0.669         0.669         0.669         0.669         0.669
 FNR4           0.669         0.669         0.669         0.669         0.669
 LOSS4          0.669         0.669         0.669         0.669         0.669
 SLEEP4         0.669         0.669         0.669         0.669         0.669
 SOMATIC4       0.669         0.669         0.669         0.669         0.669
 PA4            0.669         0.669         0.669         0.669         0.669
 GEN567         0.451         0.451         0.451         0.451         0.451
 THREAT56       0.451         0.451         0.451         0.451         0.451
 COPE567        0.451         0.451         0.451         0.451         0.451
 FNR567         0.451         0.451         0.451         0.451         0.451
 LOSS567        0.451         0.451         0.451         0.451         0.451
 SLEEP567       0.451         0.451         0.451         0.451         0.451
 SOM567         0.451         0.451         0.451         0.451         0.451
 PA567          0.451         0.451         0.451         0.451         0.451


           Covariance Coverage
              SLEEP2        SOMATIC2      PA2           GEN3          THREAT3
              ________      ________      ________      ________      ________
 SLEEP2         0.711
 SOMATIC2       0.711         0.711
 PA2            0.711         0.711         0.711
 GEN3           0.655         0.655         0.655         0.944
 THREAT3        0.655         0.655         0.655         0.944         0.944
 COPE3          0.655         0.655         0.655         0.944         0.944
 FNR3           0.655         0.655         0.655         0.944         0.944
 LOSS3          0.655         0.655         0.655         0.944         0.944
 SLEEP3         0.655         0.655         0.655         0.944         0.944
 SOM3           0.655         0.655         0.655         0.944         0.944
 PA3            0.655         0.655         0.655         0.944         0.944
 GEN4           0.669         0.669         0.669         0.880         0.880
 THREAT4        0.669         0.669         0.669         0.880         0.880
 COPE4          0.669         0.669         0.669         0.880         0.880
 FNR4           0.669         0.669         0.669         0.880         0.880
 LOSS4          0.669         0.669         0.669         0.880         0.880
 SLEEP4         0.669         0.669         0.669         0.880         0.880
 SOMATIC4       0.669         0.669         0.669         0.880         0.880
 PA4            0.669         0.669         0.669         0.880         0.880
 GEN567         0.451         0.451         0.451         0.599         0.599
 THREAT56       0.451         0.451         0.451         0.599         0.599
 COPE567        0.451         0.451         0.451         0.599         0.599
 FNR567         0.451         0.451         0.451         0.599         0.599
 LOSS567        0.451         0.451         0.451         0.599         0.599
 SLEEP567       0.451         0.451         0.451         0.599         0.599
 SOM567         0.451         0.451         0.451         0.599         0.599
 PA567          0.451         0.451         0.451         0.599         0.599


           Covariance Coverage
              COPE3         FNR3          LOSS3         SLEEP3        SOM3
              ________      ________      ________      ________      ________
 COPE3          0.944
 FNR3           0.944         0.944
 LOSS3          0.944         0.944         0.944
 SLEEP3         0.944         0.944         0.944         0.944
 SOM3           0.944         0.944         0.944         0.944         0.944
 PA3            0.944         0.944         0.944         0.944         0.944
 GEN4           0.880         0.880         0.880         0.880         0.880
 THREAT4        0.880         0.880         0.880         0.880         0.880
 COPE4          0.880         0.880         0.880         0.880         0.880
 FNR4           0.880         0.880         0.880         0.880         0.880
 LOSS4          0.880         0.880         0.880         0.880         0.880
 SLEEP4         0.880         0.880         0.880         0.880         0.880
 SOMATIC4       0.880         0.880         0.880         0.880         0.880
 PA4            0.880         0.880         0.880         0.880         0.880
 GEN567         0.599         0.599         0.599         0.599         0.599
 THREAT56       0.599         0.599         0.599         0.599         0.599
 COPE567        0.599         0.599         0.599         0.599         0.599
 FNR567         0.599         0.599         0.599         0.599         0.599
 LOSS567        0.599         0.599         0.599         0.599         0.599
 SLEEP567       0.599         0.599         0.599         0.599         0.599
 SOM567         0.599         0.599         0.599         0.599         0.599
 PA567          0.599         0.599         0.599         0.599         0.599


           Covariance Coverage
              PA3           GEN4          THREAT4       COPE4         FNR4
              ________      ________      ________      ________      ________
 PA3            0.944
 GEN4           0.880         0.937
 THREAT4        0.880         0.937         0.937
 COPE4          0.880         0.937         0.937         0.937
 FNR4           0.880         0.937         0.937         0.937         0.937
 LOSS4          0.880         0.937         0.937         0.937         0.937
 SLEEP4         0.880         0.937         0.937         0.937         0.937
 SOMATIC4       0.880         0.937         0.937         0.937         0.937
 PA4            0.880         0.937         0.937         0.937         0.937
 GEN567         0.599         0.627         0.627         0.627         0.627
 THREAT56       0.599         0.627         0.627         0.627         0.627
 COPE567        0.599         0.627         0.627         0.627         0.627
 FNR567         0.599         0.627         0.627         0.627         0.627
 LOSS567        0.599         0.627         0.627         0.627         0.627
 SLEEP567       0.599         0.627         0.627         0.627         0.627
 SOM567         0.599         0.627         0.627         0.627         0.627
 PA567          0.599         0.627         0.627         0.627         0.627


           Covariance Coverage
              LOSS4         SLEEP4        SOMATIC4      PA4           GEN567
              ________      ________      ________      ________      ________
 LOSS4          0.937
 SLEEP4         0.937         0.937
 SOMATIC4       0.937         0.937         0.937
 PA4            0.937         0.937         0.937         0.937
 GEN567         0.627         0.627         0.627         0.627         0.641
 THREAT56       0.627         0.627         0.627         0.627         0.641
 COPE567        0.627         0.627         0.627         0.627         0.641
 FNR567         0.627         0.627         0.627         0.627         0.641
 LOSS567        0.627         0.627         0.627         0.627         0.641
 SLEEP567       0.627         0.627         0.627         0.627         0.641
 SOM567         0.627         0.627         0.627         0.627         0.641
 PA567          0.627         0.627         0.627         0.627         0.641


           Covariance Coverage
              THREAT56      COPE567       FNR567        LOSS567       SLEEP567
              ________      ________      ________      ________      ________
 THREAT56       0.641
 COPE567        0.641         0.641
 FNR567         0.641         0.641         0.641
 LOSS567        0.641         0.641         0.641         0.641
 SLEEP567       0.641         0.641         0.641         0.641         0.641
 SOM567         0.641         0.641         0.641         0.641         0.641
 PA567          0.641         0.641         0.641         0.641         0.641


           Covariance Coverage
              SOM567        PA567
              ________      ________
 SOM567         0.641
 PA567          0.641         0.641



UNIVARIATE SAMPLE STATISTICS


     UNIVARIATE HIGHER-ORDER MOMENT DESCRIPTIVE STATISTICS

         Variable/         Mean/     Skewness/   Minimum/ % with                Percentiles
        Sample Size      Variance    Kurtosis    Maximum  Min/Max      20%/60%    40%/80%    Median

     GEN2                  0.005       0.203      -1.757    0.99%      -0.812     -0.376     -0.130
             101.000       0.767      -0.886       1.724    0.99%       0.239      0.819
     THREAT2              -0.033       0.178      -2.040    0.99%      -0.731     -0.268     -0.071
             101.000       0.602       0.209       2.323    0.99%       0.172      0.673
     COPE2                 0.039       0.535      -1.736    0.99%      -0.443     -0.134      0.018
             101.000       0.433       1.453       2.333    0.99%       0.107      0.464
     FNR2                  0.058       0.118      -1.919    0.99%      -0.604     -0.085      0.080
             101.000       0.480       0.989       2.353    0.99%       0.191      0.557
     LOSS2                 0.032       0.348      -1.633    0.99%      -0.629     -0.180     -0.053
             101.000       0.586      -0.120       2.027    0.99%       0.131      0.604
     SLEEP2                0.009      -0.439      -2.549    0.99%      -0.936     -0.087      0.139
             101.000       0.785      -0.329       1.982    0.99%       0.354      0.800
     SOMATIC2             -0.008       0.141      -1.842    0.99%      -0.834     -0.244     -0.067
             101.000       0.795      -0.544       2.441    0.99%       0.167      0.914
     PA2                   0.070       0.641      -1.542    0.99%      -0.620     -0.207     -0.020
             101.000       0.629       0.745       2.934    0.99%       0.299      0.635
     GEN3                 -0.013       0.000      -1.853    0.75%      -0.771     -0.253      0.008
             134.000       0.734      -0.487       2.131    0.75%       0.187      0.756
     THREAT3               0.013       0.335      -1.684    0.75%      -0.655     -0.283     -0.098
             134.000       0.644      -0.494       1.880    0.75%       0.092      0.738
     COPE3                -0.011      -0.397      -2.280    0.75%      -0.707     -0.222      0.029
             134.000       0.575      -0.102       1.514    0.75%       0.239      0.687
     FNR3                  0.010       0.381      -1.697    0.75%      -0.658     -0.265      0.051
             134.000       0.649       0.329       2.449    0.75%       0.243      0.520
     LOSS3                -0.002       0.583      -1.613    0.75%      -0.753     -0.243     -0.041
             134.000       0.659       0.528       2.727    0.75%       0.146      0.572
     SLEEP3               -0.016      -0.209      -2.021    0.75%      -0.756     -0.215      0.033
             134.000       0.678      -0.453       1.881    0.75%       0.234      0.697
     SOM3                 -0.021       0.239      -1.597    0.75%      -0.853     -0.318     -0.081
             134.000       0.654      -0.848       1.935    0.75%       0.144      0.715
     PA3                   0.009       0.248      -1.696    0.75%      -0.704     -0.248     -0.009
             134.000       0.683      -0.383       1.961    0.75%       0.136      0.690
     GEN4                 -0.031      -0.287      -2.292    0.75%      -0.831     -0.294      0.021
             133.000       0.772      -0.534       1.637    0.75%       0.282      0.704
     THREAT4               0.012      -0.018      -2.108    0.75%      -0.735     -0.285      0.017
             133.000       0.712      -0.504       2.179    0.75%       0.267      0.810
     COPE4                -0.043       0.206      -2.451    0.75%      -0.755     -0.303     -0.062
             133.000       0.762       0.293       2.761    0.75%       0.113      0.626
     FNR4                 -0.027      -0.063      -2.490    0.75%      -0.756     -0.296     -0.035
             133.000       0.771      -0.164       2.328    0.75%       0.188      0.687
     LOSS4                 0.010       0.278      -2.071    0.75%      -0.736     -0.284     -0.053
             133.000       0.803      -0.072       2.440    0.75%       0.197      0.749
     SLEEP4                0.009       0.281      -1.766    0.75%      -0.820     -0.396     -0.008
             133.000       0.753      -0.707       2.288    0.75%       0.192      0.820
     SOMATIC4             -0.015       0.162      -1.921    0.75%      -0.841     -0.459     -0.200
             133.000       0.785      -1.048       2.171    0.75%       0.277      0.879
     PA4                  -0.016       0.396      -2.116    0.75%      -0.737     -0.378     -0.160
             133.000       0.765      -0.164       2.701    0.75%       0.164      0.764
     GEN567               -0.053      -0.352      -2.400    1.10%      -0.963     -0.282      0.052
              91.000       0.684      -0.629       1.428    1.10%       0.269      0.836
     THREAT567            -0.056       0.470      -1.437    1.10%      -0.732     -0.295     -0.041
              91.000       0.569       0.244       2.269    1.10%       0.082      0.476
     COPE567              -0.002      -0.032      -2.244    1.10%      -0.752     -0.238     -0.044
              91.000       0.645      -0.165       2.014    1.10%       0.314      0.664
     FNR567               -0.026       0.057      -2.112    1.10%      -0.674     -0.226      0.019
              91.000       0.603       0.420       2.234    1.10%       0.201      0.476
     LOSS567              -0.006       0.782      -1.384    1.10%      -0.674     -0.390     -0.213
              91.000       0.677       0.127       2.323    1.10%      -0.004      0.745
     SLEEP567             -0.009      -0.063      -2.034    1.10%      -0.790     -0.303      0.081
              91.000       0.670      -0.741       1.725    1.10%       0.259      0.773
     SOM567                0.023       0.422      -1.522    1.10%      -0.716     -0.411     -0.171
              91.000       0.757      -0.703       2.460    1.10%       0.010      0.994
     PA567                 0.033       0.220      -1.801    1.10%      -0.771     -0.282     -0.072
              91.000       0.774      -0.607       1.907    1.10%       0.123      0.863

RANDOM STARTS RESULTS RANKED FROM THE BEST TO THE WORST LOGLIKELIHOOD VALUES

464 perturbed starting value run(s) did not converge in the initial stage
optimizations.

Final stage loglikelihood values at local maxima, seeds, and initial stage start numbers:

           -4125.107  711097           7311
           -4125.107  250108           9029
           -4125.107  286781           6389
           -4125.107  232337           9380
           -4125.107  531546           702
           -4125.107  243594           6045
           -4125.107  506705           4032
           -4125.107  110724           7291
           -4125.107  954055           2952
           -4125.107  297407           4330
           -4125.107  159611           4548
           -4125.107  196844           3804
           -4125.107  22874            588
           -4125.107  483015           6456
           -4125.107  283482           6278
           -4125.107  290853           6369
           -4125.107  698646           9584
           -4125.107  276071           1551
           -4125.107  487250           8531
           -4125.107  737350           8074
           -4125.107  640942           7097
           -4125.107  707795           9422
           -4125.107  699554           427
           -4125.107  649429           6316
           -4125.107  362343           7580
           -4125.107  711850           8075
           -4125.107  131251           2939
           -4125.107  213704           2165
           -4125.107  945711           1419
           -4125.107  351297           9726
           -4125.107  439388           7366
           -4125.107  399318           4035
           -4125.107  528274           8558
           -4125.107  537166           3712
           -4125.107  159259           1665
           -4125.107  593785           5457
           -4125.107  371105           3770
           -4125.107  765744           4617
           -4125.107  164804           3420
           -4125.107  685900           4681
           -4125.107  633668           2874
           -4125.107  871237           4326
           -4125.107  63470            4478
           -4125.107  555330           1400
           -4125.107  382690           8331
           -4125.107  240276           6063
           -4125.107  981401           4558
           -4125.107  135902           5556
           -4125.107  120675           9994
           -4125.107  618760           489
           -4125.107  832104           2228
           -4125.107  200257           9954
           -4125.107  957542           9166
           -4125.107  892583           2900
           -4125.107  944786           9054
           -4125.107  500065           9942
           -4125.107  468782           4629
           -4125.107  582955           4788
           -4125.107  539207           8038
           -4125.107  549012           9161
           -4125.107  132325           5004
           -4125.107  560838           3426
           -4125.107  280129           7518
           -4125.107  691186           7072
           -4125.107  933977           1918
           -4125.107  804104           566
           -4125.107  671703           3340
           -4125.107  160778           6936
           -4125.107  141333           9042
           -4125.107  125635           9295
           -4125.107  906033           4835
           -4125.107  266038           672
           -4125.107  426364           1325
           -4125.107  418926           5507
           -4125.107  406263           1618
           -4125.107  356068           1924
           -4125.107  995255           2705
           -4125.107  97547            8080
           -4125.107  973315           2060
           -4125.107  546025           7566
           -4125.107  355126           9510
           -4125.107  257480           4805
           -4125.107  82378            6672
           -4125.107  282358           5759
           -4125.107  178455           7812
           -4125.107  816590           7897
           -4125.107  448994           2445
           -4125.107  289688           1330
           -4125.107  451258           848
           -4125.107  599306           2979
           -4125.107  787105           6907
           -4125.107  34900            3002
           -4125.107  578236           4268
           -4125.107  422778           9714
           -4125.107  91876            9957
           -4125.107  142946           1612
           -4125.107  830978           3350
           -4125.107  701525           239
           -4125.107  390037           8299
           -4125.107  705829           2439
           -4125.107  892012           2887
           -4125.107  995152           9863
           -4125.107  573976           1217
           -4125.107  31106            6213
           -4125.107  47658            6718
           -4125.107  76107            1822
           -4125.107  141887           2006
           -4125.107  513589           7936
           -4125.107  921776           9757
           -4125.107  196854           9970
           -4125.107  833196           715
           -4125.107  805768           879
           -4125.107  14170            6734
           -4125.107  475707           7424
           -4125.107  306768           978
           -4125.107  280765           3917
           -4125.107  401195           5053
           -4125.107  45111            8875
           -4125.107  95308            2618
           -4125.107  493083           1370
           -4125.107  225932           1285
           -4125.107  935195           2040
           -4125.107  232249           1629
           -4125.107  768687           1953
           -4125.107  53160            3996
           -4125.107  61295            6750
           -4125.107  319638           1049
           -4125.107  92056            3068
           -4125.107  914368           3838
           -4125.107  977284           8797
           -4125.107  692435           6807
           -4125.107  804476           9848
           -4125.107  242428           6489
           -4125.107  996503           7663
           -4125.107  607916           4323
           -4125.107  264519           9922
           -4125.107  728038           177
           -4125.107  638577           769
           -4125.107  288738           940
           -4125.107  219602           1247
           -4125.107  396609           5770
           -4125.107  194555           6921
           -4125.107  130971           2072
           -4125.107  716525           9592
           -4125.107  522872           7716
           -4125.107  303618           6719
           -4125.107  869796           5365
           -4125.107  83866            1034
           -4125.107  636396           168
           -4125.107  506113           895
           -4125.107  793674           2413
           -4125.107  265778           4152
           -4125.107  699199           6698
           -4125.107  140864           1776
           -4125.107  891364           2892
           -4125.107  814386           5972
           -4125.107  350076           3442
           -4125.107  308886           6611
           -4125.107  4011             7041
           -4125.107  385102           8610
           -4125.107  171931           2257
           -4125.107  440003           6296
           -4125.107  334572           6707
           -4125.107  912110           3853
           -4125.107  14409            8954
           -4125.107  271809           846
           -4125.107  8794             8751
           -4125.107  507242           9587
           -4125.107  556951           6488
           -4125.107  172133           1697
           -4125.107  162898           7173
           -4125.107  39568            7808
           -4125.107  899531           5606
           -4125.107  400497           5101
           -4125.107  536328           5066
           -4125.107  253358           2
           -4125.107  47527            6900
           -4125.107  139043           3028
           -4125.107  455429           3144
           -4125.107  143337           2029
           -4125.107  830416           2120
           -4125.107  388317           8840
           -4125.107  503619           3249
           -4125.107  960137           7223
           -4125.107  647472           3927
           -4125.107  908881           2895
           -4125.107  147744           3331
           -4125.107  992969           7110
           -4125.107  931959           2026
           -4125.107  354060           3887
           -4125.107  179071           6612
           -4125.107  4395             2391
           -4125.107  958249           4924
           -4125.107  424818           2756
           -4125.107  901494           5905
           -4125.107  108148           3981
           -4125.107  651158           8630
           -4125.107  997513           3727
           -4125.107  578623           1849
           -4125.107  226934           4964
           -4125.107  731978           7823
           -4125.107  43523            297
           -4125.107  197899           8993
           -4125.107  452342           3073
           -4125.107  336610           9152
           -4125.107  68129            5119
           -4125.107  667051           5251
           -4125.107  915628           2059
           -4125.107  3086             2112
           -4125.107  67390            6279
           -4125.107  814748           7213
           -4125.107  344275           3632
           -4125.107  823751           8288
           -4125.107  697866           1018
           -4125.107  43897            2230
           -4125.107  476995           2783
           -4125.107  7722             9468
           -4125.107  555550           3380
           -4125.107  783102           433
           -4125.107  15160            3507
           -4125.107  782765           3859
           -4125.107  606437           8963
           -4125.107  303959           1063
           -4125.107  300741           3010
           -4125.107  846562           3760
           -4125.107  943486           2460
           -4125.107  427987           3284
           -4125.107  418712           7255
           -4125.107  862095           9400
           -4125.107  321859           8429
           -4125.107  425702           5080
           -4125.107  294024           5850
           -4125.107  528378           5985
           -4125.107  890946           4203
           -4125.107  273585           9978
           -4125.107  592426           5504
           -4125.107  91413            3045
           -4125.107  859577           8321
           -4125.107  965287           5584
           -4125.107  574534           9617
           -4125.107  4053             7365
           -4125.107  365814           3110
           -4125.107  34373            8448
           -4125.107  355981           5865
           -4125.107  109946           771
           -4125.107  53205            5667
           -4125.107  161130           4518
           -4125.107  816159           9537
           -4125.107  147947           4221
           -4125.107  866307           5666
           -4125.107  690526           6000
           -4125.107  643533           7218
           -4125.107  784504           1943
           -4125.107  400319           887
           -4125.107  342423           3409
           -4125.107  662718           460
           -4125.107  306471           4826
           -4125.107  879338           309
           -4125.107  340820           3622
           -4125.107  672093           7986
           -4125.107  399539           3218
           -4125.107  2850             1110
           -4125.107  161919           4606
           -4125.107  744388           9669
           -4125.107  877053           6827
           -4125.107  961832           5011
           -4125.107  402776           7710
           -4125.107  502974           1998
           -4125.107  608194           9873
           -4125.107  812064           3427
           -4125.107  83882            9457
           -4125.107  696878           1643
           -4125.107  834916           3532
           -4125.107  154750           1921
           -4125.107  42234            6108
           -4125.107  864727           7377
           -4125.107  492605           4368
           -4125.107  648826           6205
           -4125.107  363527           6542
           -4125.107  513448           2016
           -4125.107  456969           9011
           -4125.107  512836           289
           -4125.107  771315           8547
           -4125.107  653990           5439
           -4125.107  623663           3446
           -4125.107  438037           7574
           -4125.107  75718            1987
           -4125.107  21068            5270
           -4125.107  659832           754
           -4125.107  178837           6880
           -4125.107  142416           7121
           -4125.107  299108           1420
           -4125.107  231947           6493
           -4125.107  871915           1602
           -4125.107  659755           6853
           -4125.107  757640           3549
           -4125.107  811197           8152
           -4125.107  567165           319
           -4125.107  915642           40
           -4125.107  535063           329
           -4125.107  781981           8207
           -4125.107  139018           1714
           -4125.107  70301            5557
           -4125.107  31146            7262
           -4125.107  79902            3971
           -4125.107  404741           6854
           -4125.107  392300           3962
           -4125.107  419078           8881
           -4125.107  945278           5712
           -4125.107  172699           1626
           -4125.107  903387           9458
           -4125.107  512622           5321
           -4125.107  903387           6724
           -4125.107  268748           9658
           -4125.107  714867           6200
           -4125.107  893169           1847
           -4125.107  109431           6998
           -4125.107  128920           1632
           -4125.107  371737           532
           -4125.107  22170            3245
           -4125.107  615941           4923
           -4125.107  508445           946
           -4125.107  765643           9947
           -4125.107  251601           2907
           -4125.107  884416           7659
           -4125.107  107132           4254
           -4125.107  587725           9941
           -4125.107  839460           2507
           -4125.107  807051           4634
           -4125.107  420910           928
           -4125.107  689826           4191
           -4125.107  584739           4335
           -4125.107  261147           9664
           -4125.107  695314           6891
           -4125.107  574297           6971
           -4125.107  267983           228
           -4125.107  719889           9710
           -4125.107  666057           5713
           -4125.107  473118           6441
           -4125.107  961880           2019
           -4125.107  81124            2677
           -4125.107  939766           5900
           -4125.107  522936           2978
           -4125.107  750552           5418
           -4125.107  30098            209
           -4125.107  215946           8033
           -4125.107  84241            2877
           -4125.107  844059           9844
           -4125.107  623653           4929
           -4125.107  57775            2725
           -4125.107  571612           9255
           -4125.107  985883           3015
           -4125.107  535187           4575
           -4125.107  435033           9333
           -4125.107  241712           5680
           -4125.107  105912           3363
           -4125.107  33793            8929
           -4125.107  55105            7216
           -4125.107  668223           4139
           -4125.107  687229           6959
           -4125.107  520105           6022
           -4125.107  168870           3295
           -4125.107  402876           3433
           -4125.107  337038           6175
           -4125.107  552272           654
           -4125.107  743963           5740
           -4125.107  142513           5298
           -4125.107  892162           4941
           -4125.107  76451            211
           -4125.107  673767           1736
           -4125.107  377928           7368
           -4125.107  900817           1060
           -4125.107  565595           1412
           -4125.107  313024           5919
           -4125.107  313024           6412
           -4125.107  166220           1502
           -4125.107  758643           7810
           -4125.107  246261           38
           -4125.107  179326           8426
           -4125.107  344276           8437
           -4125.107  637459           5881
           -4125.107  407724           8927
           -4125.107  645353           6231
           -4125.107  311796           4910
           -4125.107  785015           2245
           -4125.107  662665           7707
           -4125.107  222977           8708
           -4125.107  634907           3737
           -4125.107  355194           4693
           -4125.107  380381           9836
           -4125.107  889779           6583
           -4125.107  100727           4592
           -4125.107  877572           5481
           -4125.107  330772           2031
           -4125.107  763802           4958
           -4125.107  719595           5568
           -4125.107  407108           366
           -4125.107  540809           3389
           -4125.107  192267           9701
           -4125.107  192267           8126
           -4125.107  970936           4947
           -4125.107  844630           7711
           -4125.107  770450           6263
           -4125.107  970689           266
           -4125.107  654115           6944
           -4125.107  484116           915
           -4125.107  837741           7998
           -4125.107  442653           2553
           -4125.107  267178           2754
           -4125.107  82983            7278
           -4125.107  439675           7827
           -4125.107  186808           2105
           -4125.107  137347           8605
           -4125.107  681220           5351
           -4125.107  786713           3343
           -4125.107  576220           115
           -4125.107  428783           1176
           -4125.107  97243            2810
           -4125.107  787140           5792
           -4125.107  470082           6136
           -4125.107  566094           2115
           -4125.107  920593           611
           -4125.107  441053           4975
           -4125.107  950843           9354
           -4125.107  752953           5097
           -4125.107  721379           4142
           -4125.107  726973           2138
           -4125.107  782492           7641
           -4125.107  11397            944
           -4125.107  320731           4857
           -4125.107  62115            4430
           -4125.107  142676           5294
           -4125.107  452606           1675
           -4125.107  280104           1875
           -4125.107  445386           5480
           -4125.107  168166           2532
           -4125.107  245560           3341
           -4125.107  763058           4684
           -4125.107  146857           1673
           -4125.107  299774           1777
           -4125.107  888177           5662
           -4125.107  978671           5259
           -4125.107  935456           6872
           -4125.107  870933           9741
           -4125.107  260888           6335
           -4125.107  879409           2041
           -4125.107  110260           2535
           -4125.107  532894           8319
           -4125.107  960766           3046
           -4125.107  568475           3159
           -4125.107  252949           487
           -4125.107  116923           6027
           -4125.107  48713            1880
           -4125.107  309202           8474
           -4125.107  170194           1653
           -4125.107  590046           6753
           -4125.107  685146           1257
           -4125.107  536345           5293
           -4125.107  408878           8924
           -4125.107  225663           5595
           -4125.107  868958           4083
           -4125.107  156106           9103
           -4125.107  341349           8750
           -4125.107  183239           6266
           -4125.107  450164           5105
           -4125.107  27352            1516
           -4125.107  238593           6394
           -4125.107  880232           2100
           -4125.107  799949           8861
           -4125.107  284716           713
           -4125.107  226976           5250
           -4125.107  849670           347
           -4125.107  655117           5708
           -4125.107  715925           6780
           -4125.107  364335           2289
           -4125.107  249543           6977
           -4125.107  866824           7117
           -4125.107  761130           4233
           -4125.107  354413           4065
           -4125.107  377994           3661
           -4125.107  115671           1300
           -4125.107  35562            3491
           -4125.107  817071           6425
           -4125.107  610363           4033
           -4125.107  844111           5278
           -4125.107  297994           3862
           -4125.107  582502           6248
           -4125.107  319575           499
           -4125.107  682315           8387
           -4125.107  828340           1559
           -4125.107  261585           8557
           -4125.107  350026           8293
           -4125.107  139396           4578
           -4125.107  608496           4
           -4125.107  296574           3320
           -4125.107  136297           3686
           -4125.107  554890           6006
           -4125.107  871535           8324
           -4125.107  739205           7643
           -4125.107  39786            4390
           -4125.107  112735           9369
           -4125.107  511696           6881
           -4125.107  781190           219
           -4125.107  496578           9402
           -4125.107  559901           2956
           -4125.107  51296            3485
           -4125.107  345196           3989
           -4125.107  953003           1478
           -4125.107  416957           9662
           -4125.107  997423           2447
           -4125.107  748930           5274
           -4125.107  232480           3496
           -4125.107  50708            6449
           -4125.107  896960           2150
           -4125.107  777178           2530
           -4125.107  304070           6540
           -4125.107  443792           4679
           -4125.107  550319           9827
           -4125.107  992963           7207
           -4125.107  22265            5654
           -4125.107  407732           3211
           -4125.107  925994           1386
           -4125.107  341485           9604
           -4125.107  434591           4144
           -4125.107  298753           2438
           -4125.107  450181           2760
           -4125.107  780726           1270
           -4125.107  87282            6235
           -4125.107  240994           1598
           -4125.107  989214           8813
           -4125.107  195479           9568
           -4125.107  25294            2192
           -4125.107  960958           9739
           -4125.107  422421           1022
           -4125.107  371185           4750
           -4125.107  3607             873
           -4125.107  644059           4015
           -4125.107  602033           5664
           -4125.107  910784           3980
           -4125.107  111813           8203
           -4125.107  180370           1652
           -4125.107  216400           7465
           -4125.107  122121           7144
           -4125.107  603842           61
           -4125.107  771103           3504
           -4125.107  349400           7779
           -4125.107  337438           4320
           -4125.107  169942           8098
           -4125.107  161819           8567
           -4125.107  977507           1716
           -4125.107  49959            1074
           -4125.107  496762           870
           -4125.107  318505           7193
           -4125.107  307090           3900
           -4125.107  858364           2273
           -4125.107  471241           5241
           -4125.107  212168           6416
           -4125.107  586619           1837
           -4125.107  418325           4769
           -4125.107  21329            4163
           -4125.107  906532           7712
           -4125.107  669320           3164
           -4125.107  273985           3975
           -4125.107  321766           5605
           -4125.107  203143           2675
           -4125.107  603391           5986
           -4125.107  288706           3789
           -4125.107  588412           7639
           -4125.107  606717           6218
           -4125.107  234114           1312
           -4125.107  633073           3871
           -4125.107  266854           8886
           -4125.107  919303           4659
           -4125.107  966256           7515
           -4125.107  494085           4955
           -4125.107  922767           9347
           -4125.107  66000            9248
           -4125.107  648213           4160
           -4125.107  218654           6926
           -4125.107  200463           1826
           -4125.107  993275           9219
           -4125.107  821144           6598
           -4125.107  100511           4129
           -4125.107  720663           3478
           -4125.107  832943           6301
           -4125.107  850369           9199
           -4125.107  980115           9279
           -4125.107  798541           1266
           -4125.107  949086           1426
           -4125.107  862284           6154
           -4125.107  986875           4042
           -4125.107  740711           4217
           -4125.107  258753           4338
           -4125.107  679391           3354
           -4125.107  678644           4938
           -4125.107  635696           5936
           -4125.107  564238           5807
           -4125.107  76064            6485
           -4125.107  899062           3493
           -4125.107  417655           4366
           -4125.107  155484           7634
           -4125.107  379464           8257
           -4125.107  5727             9628
           -4125.107  379464           1483
           -4125.107  548673           732
           -4125.107  712068           6673
           -4125.107  634909           8072
           -4125.107  887787           5625
           -4125.107  295033           1052
           -4125.107  969074           8964
           -4125.107  195248           6364
           -4125.107  724412           4981
           -4125.107  813351           1507
           -4125.107  541128           4674
           -4125.107  463949           2403
           -4125.107  462359           4020
           -4125.107  182629           9018
           -4125.107  138555           1712
           -4125.107  889296           7790
           -4125.107  984099           8636
           -4125.107  319298           1375
           -4125.107  212505           6127
           -4125.107  716392           6155
           -4125.107  486646           586
           -4125.107  145602           2578
           -4125.107  469648           6565
           -4125.107  196533           7529
           -4125.107  758437           2017
           -4125.107  916506           8767
           -4125.107  487484           5929
           -4125.107  68291            1565
           -4125.107  18931            6046
           -4125.107  649554           3231
           -4125.107  49293            707
           -4125.107  894877           5496
           -4125.107  289969           8168
           -4125.107  939030           9338
           -4125.107  802133           9550
           -4125.107  987487           3627
           -4125.107  505082           1993
           -4125.107  890921           6055
           -4125.107  568279           1580
           -4125.107  121292           3717
           -4125.107  445974           9207
           -4125.107  603935           8600
           -4125.107  937119           7858
           -4125.107  867423           3084
           -4125.107  110911           1234
           -4125.107  198571           4261
           -4125.107  282955           1073
           -4125.107  198571           8109
           -4125.107  667706           5783
           -4125.107  414372           4094
           -4125.107  275864           2426
           -4125.107  84927            1511
           -4125.107  943158           3059
           -4125.107  245762           7091
           -4125.107  644731           8536
           -4125.107  310707           4460
           -4125.107  928154           4902
           -4125.107  952682           1882
           -4125.107  34346            330
           -4125.107  333418           7017
           -4125.107  874339           2782
           -4125.107  736549           8800
           -4125.107  477208           4580
           -4125.107  560267           6666
           -4125.107  616196           8245
           -4125.107  453384           1545
           -4125.107  923160           3652
           -4125.107  442072           625
           -4125.107  451188           2113
           -4125.107  581389           2505
           -4125.107  558058           5428
           -4125.107  242372           6420
           -4125.107  318757           8720
           -4125.107  768683           6997
           -4125.107  372176           23
           -4125.107  999211           628
           -4125.107  398777           5174
           -4125.107  714323           9084
           -4125.107  435112           2339
           -4125.107  425831           2022
           -4125.107  613075           2056
           -4125.107  236311           8454
           -4125.107  186678           7310
           -4125.107  318596           3710
           -4125.107  802015           2527
           -4125.107  549017           8284
           -4125.107  735149           6451
           -4125.107  208182           3591
           -4125.107  372599           9324
           -4125.107  208620           965
           -4125.107  775996           1481
           -4125.107  119796           7503
           -4125.107  307998           3584
           -4125.107  12298            8664
           -4125.107  79739            8718
           -4125.107  871293           9616
           -4125.107  950397           9514
           -4125.107  453657           5578
           -4125.107  908977           2740
           -4125.107  491563           4942
           -4125.107  394812           7782
           -4125.107  182256           3481
           -4125.107  569833           85
           -4125.107  965578           3276
           -4125.107  242135           5533
           -4125.107  690761           2600
           -4125.107  682824           3976
           -4125.107  23143            2012
           -4125.107  802256           477
           -4125.107  375105           9326
           -4125.107  352347           6150
           -4125.107  935426           3142
           -4125.107  643220           6969
           -4125.107  230533           9571
           -4125.107  67009            564
           -4125.107  351255           6587
           -4125.107  69413            472
           -4125.107  130077           4646
           -4125.107  582296           452
           -4125.107  757136           8146
           -4125.107  814807           4189
           -4125.107  590244           5765
           -4125.107  673203           5261
           -4125.107  847658           2803
           -4125.107  200451           8707
           -4125.107  884632           9894
           -4125.107  988209           7713
           -4125.107  217475           4831
           -4125.107  580549           6917
           -4125.107  660510           6494
           -4125.107  149950           7323
           -4125.107  951709           348
           -4125.107  809654           1491
           -4125.107  972420           8562
           -4125.107  80               2188
           -4125.107  867231           1846
           -4125.107  6113             8651
           -4125.107  262848           5917
           -4125.107  443474           7759
           -4125.107  273992           349
           -4125.107  854745           6372
           -4125.107  767770           1725
           -4125.107  584937           6580
           -4125.107  298997           1315
           -4125.107  341041           34
           -4125.107  566170           9735
           -4125.107  954354           840
           -4125.107  842637           2453
           -4125.107  938399           8406
           -4125.107  307081           8814
           -4125.107  586939           4021
           -4125.107  993871           5032
           -4125.107  33489            7828
           -4125.107  451265           5147
           -4125.107  119419           6730
           -4125.107  256938           4230
           -4125.107  337249           9663
           -4125.107  374219           353
           -4125.107  560897           8799
           -4125.107  777897           5360
           -4125.107  86168            4810
           -4125.107  686933           7378
           -4125.107  90078            4008
           -4125.107  859041           2096
           -4125.107  156983           5262
           -4125.107  297509           4134
           -4125.107  172787           8818
           -4125.107  368319           4874
           -4125.107  651337           2772
           -4125.107  821111           6824
           -4125.107  639911           3945
           -4125.107  442471           7730
           -4125.107  164643           1941
           -4125.107  99079            8628
           -4125.107  615062           8574
           -4125.107  849611           4441
           -4125.107  182568           2903
           -4125.107  400730           8997
           -4125.107  923099           7064
           -4125.107  349857           5121
           -4125.107  398482           8666
           -4125.107  529184           9168
           -4125.107  332960           5463
           -4125.107  913422           7565
           -4125.107  196983           3722
           -4125.107  462371           8535
           -4125.107  968857           3140
           -4125.107  996507           5324
           -4125.107  325494           3704
           -4125.107  386046           7010
           -4125.107  320161           9882
           -4125.107  452792           1726
           -4125.107  529627           1542
           -4125.107  499347           881
           -4125.107  994893           2002
           -4125.107  194094           5109
           -4125.107  252864           4683
           -4125.107  496881           192
           -4125.107  86205            9759
           -4125.107  534052           3298
           -4125.107  681069           6658
           -4125.107  178341           1592
           -4125.107  794535           6692
           -4125.107  413100           5738
           -4125.107  741911           9179
           -4125.107  271591           5458
           -4125.107  920355           4145
           -4125.107  216005           5641
           -4125.107  500895           9595
           -4125.107  196942           3067
           -4125.107  704204           3282
           -4125.107  52036            7404
           -4125.107  638032           1706
           -4125.107  705057           3313
           -4125.107  173832           8991
           -4125.107  797186           6336
           -4125.107  204860           5437
           -4125.107  466544           6016
           -4125.107  286835           1969
           -4125.107  480963           7023
           -4125.107  706874           5350
           -4125.107  608253           7696
           -4125.107  501017           1904
           -4125.107  143515           8322
           -4125.107  393510           5272
           -4125.107  451245           6956
           -4125.107  790099           4838
           -4125.107  826241           1779
           -4125.107  475715           8757
           -4125.107  553953           1595
           -4125.107  937133           8158
           -4125.107  599136           811
           -4125.107  339265           9622
           -4125.107  301428           885
           -4125.107  725497           2415
           -4125.107  961215           4989
           -4125.107  791396           243
           -4125.107  650857           5956
           -4125.107  359063           1108
           -4125.107  772844           4765
           -4125.107  752503           5639
           -4125.107  212202           3125
           -4125.107  471512           1951
           -4125.107  599087           9165
           -4125.107  536551           696
           -4125.107  334396           4594
           -4125.107  322959           8485
           -4125.107  337381           1397
           -4125.107  914953           9047
           -4125.107  31158            2514
           -4125.107  402049           4468
           -4125.107  677041           3206
           -4125.107  749479           7401
           -4125.107  953486           8185
           -4125.107  694690           7171
           -4125.107  165375           1514
           -4125.107  211555           2243
           -4125.107  570278           5243
           -4125.107  301180           236
           -4125.107  156848           4531
           -4125.107  623120           1114
           -4125.107  94272            9434
           -4125.107  30251            7843
           -4125.107  313278           1887
           -4125.107  490312           8988
           -4125.107  252493           6157
           -4125.107  416463           467
           -4125.107  877758           6740
           -4125.107  709990           3581
           -4125.107  597614           284
           -4125.107  865152           7677
           -4125.107  969240           7045
           -4125.107  580181           691
           -4125.107  529303           8136
           -4125.107  303304           2450
           -4125.107  422776           5742
           -4125.107  32782            5891
           -4125.107  322631           4945
           -4125.107  104055           3224
           -4125.107  115831           3223
           -4125.107  363759           4818
           -4125.107  257082           5245
           -4125.107  45724            2833
           -4125.107  85437            6905
           -4125.107  651282           7274
           -4125.107  91710            1908
           -4125.107  868261           7876
           -4125.107  553636           6114
           -4125.107  12148            7143
           -4125.107  489927           520
           -4125.107  217130           443
           -4125.107  87366            2501
           -4125.107  875940           5767
           -4125.107  816412           6679
           -4125.107  800161           3565
           -4126.105  105656           909
           -4126.105  549964           3035
           -4126.105  91002            8998
           -4126.105  364895           1590
           -4126.105  269874           1756
           -4126.105  346838           1170
           -4126.105  990115           7052
           -4126.105  177936           726
           -4126.105  525001           4013
           -4126.105  657909           2912
           -4126.105  102504           7215
           -4126.105  426557           1306
           -4126.105  274379           7292
           -4126.105  877722           1053
           -4126.105  31888            8461
           -4126.105  643829           9117
           -4126.105  104499           8463
           -4126.105  262407           9719
           -4126.105  605442           3715
           -4126.105  201894           4246
           -4126.105  579138           706
           -4126.105  880274           7229
           -4126.105  963975           6544
           -4126.105  679476           7768
           -4126.105  399391           9688
           -4126.105  252778           6368
           -4126.105  500460           2953
           -4126.105  714574           2046
           -4126.105  38165            2716
           -4126.105  156147           1186
           -4126.105  353772           1508
           -4126.105  466221           4421
           -4126.105  261364           3301
           -4126.105  553093           4463
           -4126.105  456895           8569
           -4126.105  722647           2722
           -4126.105  829063           2276
           -4126.105  404870           2452
           -4126.105  761633           50
           -4126.105  782099           7469
           -4126.105  236625           4980
           -4126.105  472383           9650
           -4126.105  596706           4141
           -4126.105  521025           9410
           -4126.105  845750           9272
           -4126.105  845750           5143
           -4126.105  675197           7564
           -4126.105  300697           820
           -4126.105  69900            8251
           -4126.105  751054           117
           -4126.105  626359           5951
           -4126.105  661337           1754
           -4126.105  889020           2277
           -4126.105  530291           2488
           -4126.105  62571            3923
           -4126.105  622639           6259
           -4126.105  109229           3573
           -4126.105  313497           6689
           -4126.105  838943           6374
           -4126.105  875907           5433
           -4126.105  468300           4176
           -4126.105  12939            3096
           -4126.105  528719           9702
           -4126.105  99433            4520
           -4126.105  139941           3271
           -4126.105  311215           5396
           -4126.105  343026           6465
           -4126.105  942173           7587
           -4126.105  584838           4181
           -4126.105  834526           3655
           -4126.105  189496           2572
           -4126.105  742450           2853
           -4126.105  369266           7511
           -4126.105  476408           4070
           -4126.105  122040           1231
           -4126.105  868112           1484
           -4126.105  90350            4363
           -4126.105  723096           1388
           -4126.105  263863           8488
           -4126.105  296244           8271
           -4126.105  584674           9485
           -4126.105  446955           5778
           -4126.105  696958           8428
           -4126.105  373702           669
           -4126.105  383071           9760
           -4126.105  253673           5800
           -4126.105  274618           5430
           -4126.105  584372           6039
           -4126.105  64121            8354
           -4126.105  610181           711
           -4126.105  410457           4700
           -4126.105  91342            4100
           -4126.105  922115           4059
           -4126.105  923816           9943
           -4126.105  10499            4742
           -4126.105  128236           7644
           -4126.105  381162           7022
           -4126.105  365207           9053
           -4126.105  888626           3959
           -4126.105  834000           4886
           -4126.105  999865           6747
           -4126.105  479256           1915



THE BEST LOGLIKELIHOOD VALUE HAS BEEN REPLICATED.  RERUN WITH AT LEAST TWICE THE
RANDOM STARTS TO CHECK THAT THE BEST LOGLIKELIHOOD IS STILL OBTAINED AND REPLICATED.


THE MODEL ESTIMATION TERMINATED NORMALLY



MODEL FIT INFORMATION

Number of Free Parameters                      129

Loglikelihood

          H0 Value                       -4125.107

Information Criteria

          Akaike (AIC)                    8508.214
          Bayesian (BIC)                  8889.516
          Sample-Size Adjusted BIC        8481.351
            (n* = (n + 2) / 24)



FINAL CLASS COUNTS AND PROPORTIONS FOR THE LATENT CLASSES
BASED ON THE ESTIMATED MODEL

    Latent
   Classes

       1         57.64411          0.40594
       2         84.35589          0.59406


FINAL CLASS COUNTS AND PROPORTIONS FOR THE LATENT CLASSES
BASED ON ESTIMATED POSTERIOR PROBABILITIES

    Latent
   Classes

       1         57.64411          0.40594
       2         84.35589          0.59406


FINAL CLASS COUNTS AND PROPORTIONS FOR THE LATENT CLASSES
BASED ON THEIR MOST LIKELY LATENT CLASS MEMBERSHIP

Class Counts and Proportions

    Latent
   Classes

       1               57          0.40141
       2               85          0.59859


CLASSIFICATION QUALITY

     Entropy                         0.939


Average Latent Class Probabilities for Most Likely Latent Class Membership (Row)
by Latent Class (Column)

           1        2

    1   0.986    0.014
    2   0.017    0.983


Classification Probabilities for the Most Likely Latent Class Membership (Column)
by Latent Class (Row)

           1        2

    1   0.975    0.025
    2   0.010    0.990


Logits for the Classification Probabilities for the Most Likely Latent Class Membership (Column)
by Latent Class (Row)

              1        2

    1      3.655    0.000
    2     -4.638    0.000


MODEL RESULTS

                                                    Two-Tailed
                    Estimate       S.E.  Est./S.E.    P-Value

Latent Class 1

 Means
    GEN2              -0.570      0.118     -4.817      0.000
    THREAT2            0.175      0.101      1.729      0.084
    COPE2             -0.226      0.079     -2.854      0.004
    FNR2              -0.159      0.097     -1.652      0.099
    LOSS2              0.283      0.161      1.753      0.080
    SLEEP2            -0.157      0.157     -0.996      0.319
    SOMATIC2          -0.155      0.159     -0.975      0.329
    PA2               -0.270      0.096     -2.815      0.005
    GEN3              -0.475      0.101     -4.719      0.000
    THREAT3            0.427      0.097      4.384      0.000
    COPE3             -0.553      0.085     -6.489      0.000
    FNR3               0.648      0.087      7.441      0.000
    LOSS3              0.581      0.099      5.900      0.000
    SLEEP3             0.023      0.112      0.208      0.836
    SOM3               0.025      0.110      0.222      0.824
    PA3               -0.515      0.088     -5.858      0.000
    GEN4              -0.166      0.109     -1.515      0.130
    THREAT4            0.514      0.096      5.370      0.000
    COPE4             -0.670      0.085     -7.840      0.000
    FNR4              -0.659      0.093     -7.051      0.000
    LOSS4              0.572      0.110      5.199      0.000
    SLEEP4            -0.036      0.130     -0.275      0.783
    SOMATIC4           0.158      0.120      1.323      0.186
    PA4               -0.676      0.074     -9.133      0.000
    GEN567            -0.189      0.128     -1.481      0.139
    THREAT567          0.468      0.124      3.762      0.000
    COPE567           -0.705      0.096     -7.360      0.000
    FNR567             0.601      0.109      5.505      0.000
    LOSS567            0.638      0.143      4.449      0.000
    SLEEP567          -0.139      0.152     -0.911      0.362
    SOM567            -0.140      0.151     -0.925      0.355
    PA567             -0.765      0.085     -8.995      0.000

 Variances
    GEN2               0.469      0.118      3.983      0.000
    THREAT2            0.328      0.085      3.848      0.000
    COPE2              0.225      0.054      4.203      0.000
    FNR2               0.328      0.077      4.246      0.000
    LOSS2              0.899      0.217      4.147      0.000
    SLEEP2             0.864      0.204      4.232      0.000
    SOMATIC2           0.893      0.211      4.233      0.000
    PA2                0.324      0.077      4.215      0.000
    GEN3               0.538      0.105      5.125      0.000
    THREAT3            0.470      0.094      4.988      0.000
    COPE3              0.387      0.075      5.186      0.000
    FNR3               0.387      0.075      5.194      0.000
    LOSS3              0.500      0.099      5.061      0.000
    SLEEP3             0.643      0.125      5.148      0.000
    SOM3               0.662      0.128      5.183      0.000
    PA3                0.403      0.078      5.142      0.000
    GEN4               0.628      0.122      5.145      0.000
    THREAT4            0.480      0.093      5.169      0.000
    COPE4              0.376      0.073      5.170      0.000
    FNR4               0.456      0.088      5.157      0.000
    LOSS4              0.629      0.122      5.165      0.000
    SLEEP4             0.885      0.171      5.165      0.000
    SOMATIC4           0.756      0.146      5.176      0.000
    PA4                0.279      0.055      5.071      0.000
    GEN567             0.540      0.132      4.093      0.000
    THREAT567          0.517      0.126      4.096      0.000
    COPE567            0.306      0.075      4.057      0.000
    FNR567             0.398      0.097      4.094      0.000
    LOSS567            0.690      0.168      4.100      0.000
    SLEEP567           0.778      0.189      4.105      0.000
    SOM567             0.769      0.188      4.098      0.000
    PA567              0.238      0.059      4.018      0.000

Latent Class 2

 Means
    GEN2               0.328      0.101      3.243      0.001
    THREAT2           -0.149      0.106     -1.403      0.161
    COPE2              0.189      0.088      2.153      0.031
    FNR2               0.180      0.091      1.980      0.048
    LOSS2             -0.108      0.077     -1.404      0.160
    SLEEP2             0.102      0.106      0.958      0.338
    SOMATIC2           0.074      0.107      0.694      0.488
    PA2                0.261      0.105      2.485      0.013
    GEN3               0.307      0.090      3.420      0.001
    THREAT3           -0.273      0.085     -3.217      0.001
    COPE3              0.363      0.069      5.262      0.000
    FNR3              -0.432      0.068     -6.400      0.000
    LOSS3             -0.406      0.070     -5.813      0.000
    SLEEP3            -0.044      0.096     -0.454      0.649
    SOM3              -0.052      0.091     -0.579      0.563
    PA3                0.372      0.085      4.381      0.000
    GEN4               0.061      0.105      0.581      0.561
    THREAT4           -0.333      0.086     -3.853      0.000
    COPE4              0.388      0.086      4.518      0.000
    FNR4               0.407      0.082      4.936      0.000
    LOSS4             -0.376      0.085     -4.437      0.000
    SLEEP4             0.040      0.093      0.430      0.667
    SOMATIC4          -0.134      0.100     -1.341      0.180
    PA4                0.437      0.088      4.975      0.000
    GEN567             0.027      0.115      0.232      0.816
    THREAT567         -0.366      0.077     -4.722      0.000
    COPE567            0.412      0.083      4.994      0.000
    FNR567            -0.396      0.079     -4.993      0.000
    LOSS567           -0.387      0.071     -5.478      0.000
    SLEEP567           0.067      0.102      0.657      0.511
    SOM567             0.119      0.113      1.055      0.291
    PA567              0.504      0.093      5.399      0.000

 Variances
    GEN2               0.645      0.114      5.671      0.000
    THREAT2            0.718      0.127      5.664      0.000
    COPE2              0.488      0.086      5.668      0.000
    FNR2               0.524      0.092      5.665      0.000
    LOSS2              0.355      0.069      5.131      0.000
    SLEEP2             0.717      0.127      5.655      0.000
    SOMATIC2           0.720      0.127      5.656      0.000
    PA2                0.699      0.124      5.660      0.000
    GEN3               0.619      0.099      6.271      0.000
    THREAT3            0.563      0.090      6.260      0.000
    COPE3              0.362      0.058      6.266      0.000
    FNR3               0.353      0.056      6.269      0.000
    LOSS3              0.371      0.059      6.243      0.000
    SLEEP3             0.700      0.112      6.223      0.000
    SOM3               0.647      0.103      6.251      0.000
    PA3                0.556      0.089      6.254      0.000
    GEN4               0.851      0.136      6.252      0.000
    THREAT4            0.579      0.093      6.253      0.000
    COPE4              0.572      0.091      6.255      0.000
    FNR4               0.525      0.084      6.261      0.000
    LOSS4              0.557      0.089      6.240      0.000
    SLEEP4             0.660      0.106      6.226      0.000
    SOMATIC4           0.770      0.123      6.264      0.000
    PA4                0.594      0.095      6.267      0.000
    GEN567             0.752      0.141      5.339      0.000
    THREAT567          0.341      0.064      5.333      0.000
    COPE567            0.382      0.072      5.296      0.000
    FNR567             0.356      0.067      5.344      0.000
    LOSS567            0.280      0.053      5.308      0.000
    SLEEP567           0.591      0.111      5.342      0.000
    SOM567             0.725      0.136      5.340      0.000
    PA567              0.493      0.092      5.343      0.000

Categorical Latent Variables

 Means
    CLASS#1           -0.381      0.180     -2.117      0.034


STANDARDIZED MODEL RESULTS


STDYX Standardization

                                                    Two-Tailed
                    Estimate       S.E.  Est./S.E.    P-Value

Latent Class 1

 Means
    GEN2              -0.833      0.209     -3.981      0.000
    THREAT2            0.306      0.186      1.640      0.101
    COPE2             -0.477      0.177     -2.696      0.007
    FNR2              -0.279      0.172     -1.622      0.105
    LOSS2              0.298      0.175      1.706      0.088
    SLEEP2            -0.169      0.171     -0.989      0.323
    SOMATIC2          -0.164      0.169     -0.969      0.333
    PA2               -0.474      0.178     -2.667      0.008
    GEN3              -0.648      0.152     -4.249      0.000
    THREAT3            0.624      0.160      3.901      0.000
    COPE3             -0.889      0.161     -5.506      0.000
    FNR3               1.041      0.174      5.993      0.000
    LOSS3              0.822      0.164      4.999      0.000
    SLEEP3             0.029      0.139      0.208      0.836
    SOM3               0.030      0.136      0.222      0.824
    PA3               -0.812      0.161     -5.035      0.000
    GEN4              -0.209      0.140     -1.498      0.134
    THREAT4            0.742      0.156      4.750      0.000
    COPE4             -1.093      0.176     -6.202      0.000
    FNR4              -0.976      0.168     -5.799      0.000
    LOSS4              0.721      0.156      4.621      0.000
    SLEEP4            -0.038      0.138     -0.275      0.783
    SOMATIC4           0.182      0.139      1.312      0.190
    PA4               -1.279      0.192     -6.667      0.000
    GEN567            -0.257      0.176     -1.458      0.145
    THREAT567          0.651      0.191      3.417      0.001
    COPE567           -1.275      0.236     -5.414      0.000
    FNR567             0.952      0.209      4.564      0.000
    LOSS567            0.768      0.196      3.911      0.000
    SLEEP567          -0.157      0.174     -0.905      0.365
    SOM567            -0.160      0.174     -0.919      0.358
    PA567             -1.566      0.264     -5.927      0.000

 Variances
    GEN2               1.000      0.000    999.000    999.000
    THREAT2            1.000      0.000    999.000    999.000
    COPE2              1.000      0.000    999.000    999.000
    FNR2               1.000      0.000    999.000    999.000
    LOSS2              1.000      0.000    999.000    999.000
    SLEEP2             1.000      0.000    999.000    999.000
    SOMATIC2           1.000      0.000    999.000    999.000
    PA2                1.000      0.000    999.000    999.000
    GEN3               1.000      0.000    999.000    999.000
    THREAT3            1.000      0.000    999.000    999.000
    COPE3              1.000      0.000    999.000    999.000
    FNR3               1.000      0.000    999.000    999.000
    LOSS3              1.000      0.000    999.000    999.000
    SLEEP3             1.000      0.000    999.000    999.000
    SOM3               1.000      0.000    999.000    999.000
    PA3                1.000      0.000    999.000    999.000
    GEN4               1.000      0.000    999.000    999.000
    THREAT4            1.000      0.000    999.000    999.000
    COPE4              1.000      0.000    999.000    999.000
    FNR4               1.000      0.000    999.000    999.000
    LOSS4              1.000      0.000    999.000    999.000
    SLEEP4             1.000      0.000    999.000    999.000
    SOMATIC4           1.000      0.000    999.000    999.000
    PA4                1.000      0.000    999.000    999.000
    GEN567             1.000      0.000    999.000    999.000
    THREAT567          1.000      0.000    999.000    999.000
    COPE567            1.000      0.000    999.000    999.000
    FNR567             1.000      0.000    999.000    999.000
    LOSS567            1.000      0.000    999.000    999.000
    SLEEP567           1.000      0.000    999.000    999.000
    SOM567             1.000      0.000    999.000    999.000
    PA567              1.000      0.000    999.000    999.000

Latent Class 2

 Means
    GEN2               0.408      0.131      3.118      0.002
    THREAT2           -0.176      0.126     -1.393      0.164
    COPE2              0.270      0.128      2.117      0.034
    FNR2               0.249      0.128      1.949      0.051
    LOSS2             -0.182      0.131     -1.386      0.166
    SLEEP2             0.120      0.126      0.954      0.340
    SOMATIC2           0.087      0.126      0.692      0.489
    PA2                0.312      0.129      2.426      0.015
    GEN3               0.390      0.118      3.295      0.001
    THREAT3           -0.364      0.117     -3.117      0.002
    COPE3              0.603      0.125      4.837      0.000
    FNR3              -0.728      0.128     -5.705      0.000
    LOSS3             -0.667      0.127     -5.234      0.000
    SLEEP3            -0.052      0.115     -0.454      0.650
    SOM3              -0.065      0.113     -0.578      0.563
    PA3                0.498      0.121      4.127      0.000
    GEN4               0.066      0.114      0.581      0.562
    THREAT4           -0.437      0.119     -3.681      0.000
    COPE4              0.513      0.121      4.252      0.000
    FNR4               0.562      0.122      4.590      0.000
    LOSS4             -0.504      0.121     -4.172      0.000
    SLEEP4             0.049      0.114      0.430      0.667
    SOMATIC4          -0.152      0.114     -1.333      0.182
    PA4                0.566      0.122      4.626      0.000
    GEN567             0.031      0.133      0.232      0.816
    THREAT567         -0.626      0.145     -4.314      0.000
    COPE567            0.667      0.149      4.485      0.000
    FNR567            -0.663      0.147     -4.519      0.000
    LOSS567           -0.730      0.151     -4.841      0.000
    SLEEP567           0.087      0.133      0.655      0.512
    SOM567             0.140      0.133      1.050      0.294
    PA567              0.718      0.149      4.812      0.000

 Variances
    GEN2               1.000      0.000    999.000    999.000
    THREAT2            1.000      0.000    999.000    999.000
    COPE2              1.000      0.000    999.000    999.000
    FNR2               1.000      0.000    999.000    999.000
    LOSS2              1.000      0.000    999.000    999.000
    SLEEP2             1.000      0.000    999.000    999.000
    SOMATIC2           1.000      0.000    999.000    999.000
    PA2                1.000      0.000    999.000    999.000
    GEN3               1.000      0.000    999.000    999.000
    THREAT3            1.000      0.000    999.000    999.000
    COPE3              1.000      0.000    999.000    999.000
    FNR3               1.000      0.000    999.000    999.000
    LOSS3              1.000      0.000    999.000    999.000
    SLEEP3             1.000      0.000    999.000    999.000
    SOM3               1.000      0.000    999.000    999.000
    PA3                1.000      0.000    999.000    999.000
    GEN4               1.000      0.000    999.000    999.000
    THREAT4            1.000      0.000    999.000    999.000
    COPE4              1.000      0.000    999.000    999.000
    FNR4               1.000      0.000    999.000    999.000
    LOSS4              1.000      0.000    999.000    999.000
    SLEEP4             1.000      0.000    999.000    999.000
    SOMATIC4           1.000      0.000    999.000    999.000
    PA4                1.000      0.000    999.000    999.000
    GEN567             1.000      0.000    999.000    999.000
    THREAT567          1.000      0.000    999.000    999.000
    COPE567            1.000      0.000    999.000    999.000
    FNR567             1.000      0.000    999.000    999.000
    LOSS567            1.000      0.000    999.000    999.000
    SLEEP567           1.000      0.000    999.000    999.000
    SOM567             1.000      0.000    999.000    999.000
    PA567              1.000      0.000    999.000    999.000


R-SQUARE

Class 1

Class 2


QUALITY OF NUMERICAL RESULTS

     Condition Number for the Information Matrix              0.777E-08
       (ratio of smallest to largest eigenvalue)


PLOT INFORMATION

The following plots are available:

  Histograms (sample values)
  Scatterplots (sample values)
  Sample means
  Estimated means, medians, modes, and percentiles
  Sample and estimated means
  Observed individual values
  Estimated means and observed individual values
  Estimated overall and class-specific distributions

SAVEDATA INFORMATION


  Save file
    C:\Users\bpinget\Desktop\2

  Order and format of variables

    GEN2           F10.3
    THREAT2        F10.3
    COPE2          F10.3
    FNR2           F10.3
    LOSS2          F10.3
    SLEEP2         F10.3
    SOMATIC2       F10.3
    PA2            F10.3
    GEN3           F10.3
    THREAT3        F10.3
    COPE3          F10.3
    FNR3           F10.3
    LOSS3          F10.3
    SLEEP3         F10.3
    SOM3           F10.3
    PA3            F10.3
    GEN4           F10.3
    THREAT4        F10.3
    COPE4          F10.3
    FNR4           F10.3
    LOSS4          F10.3
    SLEEP4         F10.3
    SOMATIC4       F10.3
    PA4            F10.3
    GEN567         F10.3
    THREAT56       F10.3
    COPE567        F10.3
    FNR567         F10.3
    LOSS567        F10.3
    SLEEP567       F10.3
    SOM567         F10.3
    PA567          F10.3
    CPROB1         F10.3
    CPROB2         F10.3
    CLASS          F10.3
    ID             I4

  Save file format
    35F10.3 I4

  Save file record length    10000


     Beginning Time:  12:06:14
        Ending Time:  12:57:05
       Elapsed Time:  00:50:51



MUTHEN & MUTHEN
3463 Stoner Ave.
Los Angeles, CA  90066

Tel: (310) 391-9971
Fax: (310) 391-8971
Web: www.StatModel.com
Support: Support@StatModel.com

Copyright (c) 1998-2019 Muthen & Muthen
