Mplus VERSION 8.3
MUTHEN & MUTHEN
02/14/2023   2:40 PM

INPUT INSTRUCTIONS

  TITLE:
    1-component paper 2 normal mixture model
    !LPA with covariances added within adjacent factors
  DATA:
    File is C:\Users\bpinget\Desktop\factormeans.csv;

  VARIABLE:
    NAMES ARE ID General12 Threat12 Cope12 FNR12 Loss12 Sleep12 Somatic12 PA12
                 General3 Threat3 Cope3 FNR3 Loss3 Sleep3 Somatic3 PA3
                 General4 Threat4 Cope4 FNR4 Loss4 Sleep4 Somatic4 PA4
                 General567 Threat567 Cope567 FNR567 Loss567 Sleep567 Somatic567 PA567;
    USEVARIABLES General12 Threat12 Cope12 FNR12 Loss12 Sleep12 Somatic12 PA12
                 General3 Threat3 Cope3 FNR3 Loss3 Sleep3 Somatic3 PA3
                 General4 Threat4 Cope4 FNR4 Loss4 Sleep4 Somatic4 PA4
                 General567 Threat567 Cope567 FNR567 Loss567 Sleep567 Somatic567 PA567;
    IDVARIABLE IS ID;
    CLASSES = class (1);
    MISSING IS General12 Threat12 Cope12 FNR12 Loss12 Sleep12 Somatic12 PA12
                 General3 Threat3 Cope3 FNR3 Loss3 Sleep3 Somatic3 PA3
                 General4 Threat4 Cope4 FNR4 Loss4 Sleep4 Somatic4 PA4
                 General567 Threat567 Cope567 FNR567 Loss567 Sleep567 Somatic567 PA567(-99);

  ANALYSIS:
    TYPE = MIXTURE;
    STARTS = 10000 1000;
    ESTIMATOR = ML;

  MODEL:
  %class#1%
                 [General12 Threat12 Cope12 FNR12 Loss12 Sleep12 Somatic12 PA12
                 General3 Threat3 Cope3 FNR3 Loss3 Sleep3 Somatic3 PA3
                 General4 Threat4 Cope4 FNR4 Loss4 Sleep4 Somatic4 PA4
                 General567 Threat567 Cope567 FNR567 Loss567 Sleep567 Somatic567 PA567];

                 General12 Threat12 Cope12 FNR12 Loss12 Sleep12 Somatic12 PA12
                 General3 Threat3 Cope3 FNR3 Loss3 Sleep3 Somatic3 PA3
                 General4 Threat4 Cope4 FNR4 Loss4 Sleep4 Somatic4 PA4
                 General567 Threat567 Cope567 FNR567 Loss567 Sleep567 Somatic567 PA567;

                 General12 WITH General3;
                 General3 WITH General4;
                 General4 WITH General567;

                 Threat12 WITH Threat3;
                 Threat3 WITH Threat4;
                 Threat4 WITH Threat567;

                 Cope12 WITH Cope3;
                 Cope3 WITH Cope4;
                 Cope4 WITH Cope567;

                 FNR12 WITH FNR3;
                 FNR3 WITH FNR4;
                 FNR4 WITH FNR567;

                 Loss12 WITH Loss3;
                 Loss3 WITH Loss4;
                 Loss4 WITH Loss567;

                 Sleep12 WITH Sleep3;
                 Sleep3 WITH Sleep4;
                 Sleep4 WITH Sleep567;

                 Somatic12 WITH Somatic3;
                 Somatic3 WITH Somatic4;
                 Somatic4 WITH Somatic567;

                 PA12 WITH PA3;
                 PA3 WITH PA4;
                 PA4 WITH PA567;


  OUTPUT: STDYX;

  PLOT:
        TYPE=PLOT3;
        SERIES=
        General12 General3 General4 General567
        Threat12 Threat3 Threat4 Threat567
        Cope12 Cope3 Cope4 Cope567
        FNR12 FNR3 FNR4 FNR567
        Loss12 Loss3 Loss4 Loss567
        Sleep12 Sleep3 Sleep4 Sleep567
        Somatic12 Somatic3 Somatic4 Somatic567
        PA12 PA3 PA4 PA567(*);



*** WARNING in VARIABLE command
  Note that only the first 8 characters of variable names are used in the output.
  Shorten variable names to avoid any confusion.
*** WARNING in MODEL command
  All variables are uncorrelated with all other variables within class.
  Check that this is what is intended.
*** WARNING in PLOT command
  Note that only the first 8 characters of variable names are used in plots.
  If variable names are not unique within the first 8 characters, problems
  may occur.
   3 WARNING(S) FOUND IN THE INPUT INSTRUCTIONS




1-component paper 2 normal mixture model

SUMMARY OF ANALYSIS

Number of groups                                                 1
Number of observations                                         617

Number of dependent variables                                   32
Number of independent variables                                  0
Number of continuous latent variables                            0
Number of categorical latent variables                           1

Observed dependent variables

  Continuous
   GENERAL12   THREAT12    COPE12      FNR12       LOSS12      SLEEP12
   SOMATIC12   PA12        GENERAL3    THREAT3     COPE3       FNR3
   LOSS3       SLEEP3      SOMATIC3    PA3         GENERAL4    THREAT4
   COPE4       FNR4        LOSS4       SLEEP4      SOMATIC4    PA4
   GENERAL567  THREAT567   COPE567     FNR567      LOSS567     SLEEP567
   SOMATIC567  PA567

Categorical latent variables
   CLASS

Variables with special functions

  ID variable           ID

Estimator                                                       ML
Information matrix                                        OBSERVED
Optimization Specifications for the Quasi-Newton Algorithm for
Continuous Outcomes
  Maximum number of iterations                                 100
  Convergence criterion                                  0.100D-05
Optimization Specifications for the EM Algorithm
  Maximum number of iterations                                 500
  Convergence criteria
    Loglikelihood change                                 0.100D-06
    Relative loglikelihood change                        0.100D-06
    Derivative                                           0.100D-05
Optimization Specifications for the M step of the EM Algorithm for
Categorical Latent variables
  Number of M step iterations                                    1
  M step convergence criterion                           0.100D-05
  Basis for M step termination                           ITERATION
Optimization Specifications for the M step of the EM Algorithm for
Censored, Binary or Ordered Categorical (Ordinal), Unordered
Categorical (Nominal) and Count Outcomes
  Number of M step iterations                                    1
  M step convergence criterion                           0.100D-05
  Basis for M step termination                           ITERATION
  Maximum value for logit thresholds                            15
  Minimum value for logit thresholds                           -15
  Minimum expected cell size for chi-square              0.100D-01
Maximum number of iterations for H1                           2000
Convergence criterion for H1                             0.100D-03
Optimization algorithm                                         EMA
Random Starts Specifications
  Number of initial stage random starts                      10000
  Number of final stage optimizations                         1000
  Number of initial stage iterations                            10
  Initial stage convergence criterion                    0.100D+01
  Random starts scale                                    0.500D+01
  Random seed for generating random starts                       0

Input data file(s)
  C:\Users\bpinget\Desktop\factormeans.csv
Input data format  FREE


SUMMARY OF DATA

     Number of missing data patterns            23
     Number of y missing data patterns          23
     Number of u missing data patterns           0


COVARIANCE COVERAGE OF DATA

Minimum covariance coverage value   0.100


     PROPORTION OF DATA PRESENT FOR Y


           Covariance Coverage
              GENERAL1      THREAT12      COPE12        FNR12         LOSS12
              ________      ________      ________      ________      ________
 GENERAL1       0.566
 THREAT12       0.566         0.566
 COPE12         0.566         0.566         0.566
 FNR12          0.566         0.566         0.566         0.566
 LOSS12         0.566         0.566         0.566         0.566         0.566
 SLEEP12        0.566         0.566         0.566         0.566         0.566
 SOMATIC1       0.566         0.566         0.566         0.566         0.566
 PA12           0.566         0.566         0.566         0.566         0.566
 GENERAL3       0.251         0.251         0.251         0.251         0.251
 THREAT3        0.251         0.251         0.251         0.251         0.251
 COPE3          0.251         0.251         0.251         0.251         0.251
 FNR3           0.251         0.251         0.251         0.251         0.251
 LOSS3          0.251         0.251         0.251         0.251         0.251
 SLEEP3         0.251         0.251         0.251         0.251         0.251
 SOMATIC3       0.251         0.251         0.251         0.251         0.251
 PA3            0.251         0.251         0.251         0.251         0.251
 GENERAL4       0.261         0.261         0.261         0.261         0.261
 THREAT4        0.261         0.261         0.261         0.261         0.261
 COPE4          0.261         0.261         0.261         0.261         0.261
 FNR4           0.261         0.261         0.261         0.261         0.261
 LOSS4          0.261         0.261         0.261         0.261         0.261
 SLEEP4         0.261         0.261         0.261         0.261         0.261
 SOMATIC4       0.261         0.261         0.261         0.261         0.261
 PA4            0.261         0.261         0.261         0.261         0.261
 GENERAL5       0.361         0.361         0.361         0.361         0.361
 THREAT56       0.361         0.361         0.361         0.361         0.361
 COPE567        0.361         0.361         0.361         0.361         0.361
 FNR567         0.361         0.361         0.361         0.361         0.361
 LOSS567        0.361         0.361         0.361         0.361         0.361
 SLEEP567       0.361         0.361         0.361         0.361         0.361
 SOMATIC5       0.310         0.310         0.310         0.310         0.310
 PA567          0.361         0.361         0.361         0.361         0.361


           Covariance Coverage
              SLEEP12       SOMATIC1      PA12          GENERAL3      THREAT3
              ________      ________      ________      ________      ________
 SLEEP12        0.566
 SOMATIC1       0.566         0.566
 PA12           0.566         0.566         0.566
 GENERAL3       0.251         0.251         0.251         0.447
 THREAT3        0.251         0.251         0.251         0.447         0.447
 COPE3          0.251         0.251         0.251         0.447         0.447
 FNR3           0.251         0.251         0.251         0.447         0.447
 LOSS3          0.251         0.251         0.251         0.447         0.447
 SLEEP3         0.251         0.251         0.251         0.447         0.447
 SOMATIC3       0.251         0.251         0.251         0.447         0.447
 PA3            0.251         0.251         0.251         0.447         0.447
 GENERAL4       0.261         0.261         0.261         0.203         0.203
 THREAT4        0.261         0.261         0.261         0.203         0.203
 COPE4          0.261         0.261         0.261         0.203         0.203
 FNR4           0.261         0.261         0.261         0.203         0.203
 LOSS4          0.261         0.261         0.261         0.203         0.203
 SLEEP4         0.261         0.261         0.261         0.203         0.203
 SOMATIC4       0.261         0.261         0.261         0.203         0.203
 PA4            0.261         0.261         0.261         0.203         0.203
 GENERAL5       0.361         0.361         0.361         0.288         0.288
 THREAT56       0.361         0.361         0.361         0.288         0.288
 COPE567        0.361         0.361         0.361         0.288         0.288
 FNR567         0.361         0.361         0.361         0.288         0.288
 LOSS567        0.361         0.361         0.361         0.288         0.288
 SLEEP567       0.361         0.361         0.361         0.288         0.288
 SOMATIC5       0.310         0.310         0.310         0.248         0.248
 PA567          0.361         0.361         0.361         0.288         0.288


           Covariance Coverage
              COPE3         FNR3          LOSS3         SLEEP3        SOMATIC3
              ________      ________      ________      ________      ________
 COPE3          0.447
 FNR3           0.447         0.447
 LOSS3          0.447         0.447         0.447
 SLEEP3         0.447         0.447         0.447         0.447
 SOMATIC3       0.447         0.447         0.447         0.447         0.447
 PA3            0.447         0.447         0.447         0.447         0.447
 GENERAL4       0.203         0.203         0.203         0.203         0.203
 THREAT4        0.203         0.203         0.203         0.203         0.203
 COPE4          0.203         0.203         0.203         0.203         0.203
 FNR4           0.203         0.203         0.203         0.203         0.203
 LOSS4          0.203         0.203         0.203         0.203         0.203
 SLEEP4         0.203         0.203         0.203         0.203         0.203
 SOMATIC4       0.203         0.203         0.203         0.203         0.203
 PA4            0.203         0.203         0.203         0.203         0.203
 GENERAL5       0.288         0.288         0.288         0.288         0.288
 THREAT56       0.288         0.288         0.288         0.288         0.288
 COPE567        0.288         0.288         0.288         0.288         0.288
 FNR567         0.288         0.288         0.288         0.288         0.288
 LOSS567        0.288         0.288         0.288         0.288         0.288
 SLEEP567       0.288         0.288         0.288         0.288         0.288
 SOMATIC5       0.248         0.248         0.248         0.248         0.248
 PA567          0.288         0.288         0.288         0.288         0.288


           Covariance Coverage
              PA3           GENERAL4      THREAT4       COPE4         FNR4
              ________      ________      ________      ________      ________
 PA3            0.447
 GENERAL4       0.203         0.465
 THREAT4        0.203         0.465         0.465
 COPE4          0.203         0.465         0.465         0.465
 FNR4           0.203         0.465         0.465         0.465         0.465
 LOSS4          0.203         0.465         0.465         0.465         0.465
 SLEEP4         0.203         0.465         0.465         0.465         0.465
 SOMATIC4       0.203         0.465         0.465         0.465         0.465
 PA4            0.203         0.465         0.465         0.465         0.465
 GENERAL5       0.288         0.301         0.301         0.301         0.301
 THREAT56       0.288         0.301         0.301         0.301         0.301
 COPE567        0.288         0.301         0.301         0.301         0.301
 FNR567         0.288         0.301         0.301         0.301         0.301
 LOSS567        0.288         0.301         0.301         0.301         0.301
 SLEEP567       0.288         0.301         0.301         0.301         0.301
 SOMATIC5       0.248         0.264         0.264         0.264         0.264
 PA567          0.288         0.301         0.301         0.301         0.301


           Covariance Coverage
              LOSS4         SLEEP4        SOMATIC4      PA4           GENERAL5
              ________      ________      ________      ________      ________
 LOSS4          0.465
 SLEEP4         0.465         0.465
 SOMATIC4       0.465         0.465         0.465
 PA4            0.465         0.465         0.465         0.465
 GENERAL5       0.301         0.301         0.301         0.301         0.687
 THREAT56       0.301         0.301         0.301         0.301         0.687
 COPE567        0.301         0.301         0.301         0.301         0.687
 FNR567         0.301         0.301         0.301         0.301         0.687
 LOSS567        0.301         0.301         0.301         0.301         0.687
 SLEEP567       0.301         0.301         0.301         0.301         0.687
 SOMATIC5       0.264         0.264         0.264         0.264         0.605
 PA567          0.301         0.301         0.301         0.301         0.687


           Covariance Coverage
              THREAT56      COPE567       FNR567        LOSS567       SLEEP567
              ________      ________      ________      ________      ________
 THREAT56       0.687
 COPE567        0.687         0.687
 FNR567         0.687         0.687         0.687
 LOSS567        0.687         0.687         0.687         0.687
 SLEEP567       0.687         0.687         0.687         0.687         0.687
 SOMATIC5       0.605         0.605         0.605         0.605         0.605
 PA567          0.687         0.687         0.687         0.687         0.687


           Covariance Coverage
              SOMATIC5      PA567
              ________      ________
 SOMATIC5       0.605
 PA567          0.605         0.687



UNIVARIATE SAMPLE STATISTICS


     UNIVARIATE HIGHER-ORDER MOMENT DESCRIPTIVE STATISTICS

         Variable/         Mean/     Skewness/   Minimum/ % with                Percentiles
        Sample Size      Variance    Kurtosis    Maximum  Min/Max      20%/60%    40%/80%    Median

     GENERAL12             0.101       1.007      -1.460    0.29%      -0.707     -0.350     -0.152
             349.000       0.879       0.638       3.615    0.29%       0.109      0.815
     THREAT12             -0.016       0.237      -1.801    0.29%      -0.529     -0.188     -0.026
             349.000       0.376       0.663       2.511    0.29%       0.111      0.480
     COPE12                0.000      -0.397      -2.481    0.29%      -0.486     -0.159      0.035
             349.000       0.480       0.763       1.693    0.29%       0.173      0.523
     FNR12                -0.013      -0.015      -2.476    0.29%      -0.560     -0.150      0.008
             349.000       0.470       0.582       2.258    0.29%       0.167      0.494
     LOSS12               -0.009       1.021      -1.986    0.29%      -0.536     -0.281     -0.138
             349.000       0.554       3.334       4.204    0.29%       0.072      0.492
     SLEEP12              -0.012       0.567      -2.139    0.29%      -0.576     -0.277     -0.108
             349.000       0.525       0.849       3.078    0.29%       0.077      0.554
     SOMATIC12            -0.002       0.079      -2.246    0.29%      -0.699     -0.215     -0.023
             349.000       0.549      -0.398       1.706    0.29%       0.204      0.589
     PA12                  0.029       0.088      -1.920    0.29%      -0.424     -0.134     -0.009
             349.000       0.321       0.501       1.966    0.29%       0.131      0.467
     GENERAL3             -0.023       0.829      -1.362    0.36%      -0.753     -0.381     -0.190
             276.000       0.711       0.417       3.153    0.36%       0.016      0.625
     THREAT3               0.012      -0.160      -1.940    0.36%      -0.498     -0.128     -0.007
             276.000       0.323       0.102       1.495    0.36%       0.173      0.478
     COPE3                -0.002       0.168      -2.308    0.36%      -0.535     -0.122      0.022
             276.000       0.497       1.897       3.396    0.36%       0.142      0.544
     FNR3                  0.015      -0.114      -2.235    0.36%      -0.454     -0.089      0.011
             276.000       0.433       0.528       1.798    0.36%       0.135      0.517
     LOSS3                -0.028       1.491      -2.387    0.36%      -0.524     -0.228     -0.097
             276.000       0.567       7.830       5.008    0.36%       0.052      0.417
     SLEEP3                0.026       0.329      -1.913    0.36%      -0.626     -0.201     -0.045
             276.000       0.564       0.130       2.084    0.36%       0.153      0.602
     SOMATIC3              0.006       0.050      -1.815    0.36%      -0.904     -0.281     -0.002
             276.000       0.710      -1.291       1.446    0.36%       0.241      0.893
     PA3                  -0.015       0.373      -1.901    0.36%      -0.466     -0.181     -0.048
             276.000       0.354       1.579       2.690    0.36%       0.092      0.442
     GENERAL4             -0.072       0.457      -2.430    0.35%      -0.790     -0.358     -0.148
             287.000       0.743       0.392       2.609    0.35%       0.037      0.620
     THREAT4              -0.028       0.824      -1.618    0.35%      -0.517     -0.217     -0.095
             287.000       0.367       2.027       2.704    0.35%       0.074      0.421
     COPE4                 0.004      -1.890      -4.758    0.35%      -0.452     -0.045      0.050
             287.000       0.628       9.018       1.748    0.35%       0.165      0.568
     FNR4                  0.000       2.344      -1.895    0.35%      -0.503     -0.148     -0.050
             287.000       0.581      13.263       5.046    0.35%       0.069      0.426
     LOSS4                -0.009       1.646      -1.779    0.35%      -0.564     -0.266     -0.119
             287.000       0.560       6.433       4.776    0.35%       0.014      0.537
     SLEEP4               -0.008       1.489      -1.169    0.35%      -0.500     -0.352     -0.234
             287.000       0.487       2.511       3.258    0.35%      -0.088      0.417
     SOMATIC4             -0.001       1.339      -1.838    0.35%      -0.568     -0.239     -0.082
             287.000       0.555       3.620       3.301    0.35%       0.036      0.439
     PA4                   0.011      -0.941      -3.067    0.35%      -0.473     -0.065      0.093
             287.000       0.459       2.412       2.094    0.35%       0.210      0.544
     GENERAL567           -0.100       1.216      -1.312    0.24%      -0.815     -0.492     -0.280
             424.000       0.676       1.506       3.372    0.24%      -0.106      0.474
     THREAT567            -0.005       0.328      -2.469    0.24%      -0.441     -0.147     -0.024
             424.000       0.395       2.225       2.835    0.24%       0.106      0.415
     COPE567               0.012      -0.197      -2.281    0.24%      -0.536     -0.093      0.036
             424.000       0.478       0.562       2.014    0.24%       0.153      0.534
     FNR567                0.006       0.083      -1.973    0.24%      -0.492     -0.103      0.009
             424.000       0.462       0.807       2.472    0.24%       0.136      0.514
     LOSS567               0.005       0.709      -2.362    0.24%      -0.461     -0.163     -0.062
             424.000       0.435       2.852       3.459    0.24%       0.078      0.462
     SLEEP567              0.015       0.797      -1.755    0.24%      -0.517     -0.215     -0.084
             424.000       0.496       1.072       2.498    0.24%       0.049      0.515
     SOMATIC567            0.003       0.254      -1.649    0.27%      -0.794     -0.218     -0.009
             373.000       0.640      -0.923       1.759    0.27%       0.173      0.745
     PA567                 0.016       0.034      -1.899    0.24%      -0.436     -0.121     -0.006
             424.000       0.351       0.628       2.023    0.24%       0.118      0.476

RANDOM STARTS RESULTS RANKED FROM THE BEST TO THE WORST LOGLIKELIHOOD VALUES

Final stage loglikelihood values at local maxima, seeds, and initial stage start numbers:

          -11142.915  76107            1822
          -11142.915  109524           4400
          -11142.915  322897           9539
          -11142.915  344305           7691
          -11142.915  322915           8355
          -11142.915  955502           1119
          -11142.915  656469           9737
          -11142.915  814386           5972
          -11142.915  655497           376
          -11142.915  69032            9980
          -11142.915  311384           5074
          -11142.915  316736           8984
          -11142.915  885099           1320
          -11142.915  361431           5806
          -11142.915  113386           2923
          -11142.915  689303           5882
          -11142.915  679615           942
          -11142.915  43448            7701
          -11142.915  968846           970
          -11142.915  153942           31
          -11142.915  650583           9782
          -11142.915  151247           2913
          -11142.915  919030           6180
          -11142.915  158480           3119
          -11142.915  518162           1611
          -11142.915  975502           3403
          -11142.915  470466           3642
          -11142.915  651952           7573
          -11142.915  552435           7927
          -11142.915  941206           8195
          -11142.915  69900            8251
          -11142.915  627679           4242
          -11142.915  965957           8519
          -11142.915  659755           6853
          -11142.915  737515           7505
          -11142.915  178455           7812
          -11142.915  715399           7825
          -11142.915  319043           8056
          -11142.915  42638            2048
          -11142.915  705495           8585
          -11142.915  22089            143
          -11142.915  653495           9551
          -11142.915  679492           9636
          -11142.915  645545           9666
          -11142.915  25674            9797
          -11142.915  112561           6095
          -11142.915  474283           6159
          -11142.915  193926           3165
          -11142.915  329736           8658
          -11142.915  283913           8949
          -11142.915  511913           9116
          -11142.915  919303           4659
          -11142.915  673039           1173
          -11142.915  627607           9506
          -11142.915  837902           2663
          -11142.915  577663           5347
          -11142.915  671580           2924
          -11142.915  419492           6460
          -11142.915  671390           814
          -11142.915  372483           1645
          -11142.915  928860           1651
          -11142.915  903141           3435
          -11142.915  678371           7013
          -11142.915  805768           879
          -11142.915  157343           7040
          -11142.915  989474           7290
          -11142.915  85186            3674
          -11142.915  869230           7815
          -11142.915  868958           4083
          -11142.915  217403           1028
          -11142.915  235765           8333
          -11142.915  424301           4322
          -11142.915  475715           8757
          -11142.915  810688           8957
          -11142.915  594620           4491
          -11142.915  861961           9046
          -11142.915  352036           9466
          -11142.915  955828           2491
          -11142.915  932539           2581
          -11142.915  619114           2697
          -11142.915  808328           2717
          -11142.915  613264           2781
          -11142.915  539493           2824
          -11142.915  535639           5780
          -11142.915  557717           6390
          -11142.915  177015           6566
          -11142.915  672339           1693
          -11142.915  283691           6873
          -11142.915  890769           7585
          -11142.915  344410           1940
          -11142.915  560115           8024
          -11142.915  937727           1011
          -11142.915  375230           8133
          -11142.915  465108           8177
          -11142.915  536411           8672
          -11142.915  884884           8821
          -11142.915  175239           2208
          -11142.915  188660           4449
          -11142.915  427665           9110
          -11142.915  222000           9118
          -11142.915  443792           4679
          -11142.915  27733            2407
          -11142.915  994290           4934
          -11142.915  220577           5177
          -11142.915  34346            330
          -11142.915  218683           5325
          -11142.915  945797           1471
          -11142.915  682382           2984
          -11142.915  508613           1494
          -11142.915  457360           6238
          -11142.915  997717           6509
          -11142.915  155290           6972
          -11142.915  808960           3713
          -11142.915  420636           2032
          -11142.915  477063           2116
          -11142.915  651158           8630
          -11142.915  859380           1113
          -11142.915  718336           2280
          -11142.915  205402           9132
          -11142.915  386666           9150
          -11142.915  793674           2413
          -11142.915  590471           2534
          -11142.915  25814            2864
          -11142.915  468731           1451
          -11142.915  66600            3186
          -11142.915  808090           6417
          -11142.915  445334           6523
          -11142.915  762461           425
          -11142.915  568287           3791
          -11142.915  538872           949
          -11142.915  676632           8659
          -11142.915  605126           8959
          -11142.915  643829           9117
          -11142.915  632841           9484
          -11142.915  713206           4949
          -11142.915  840773           5072
          -11142.915  221164           5088
          -11142.915  595590           3027
          -11142.915  908237           6467
          -11142.915  864003           7179
          -11142.915  269105           1809
          -11142.915  727338           7260
          -11142.915  37287            7531
          -11142.915  643910           1957
          -11142.915  528598           7981
          -11142.915  485483           498
          -11142.915  877566           8160
          -11142.915  876076           4125
          -11142.915  243651           8618
          -11142.915  3685             2310
          -11142.915  541360           9583
          -11142.915  30891            9728
          -11142.915  879649           5034
          -11142.915  319049           5228
          -11142.915  149595           5322
          -11142.915  238115           5549
          -11142.915  521279           5587
          -11142.915  590244           5765
          -11142.915  302174           5922
          -11142.915  463203           5945
          -11142.915  354564           3098
          -11142.915  897864           6222
          -11142.915  722187           6313
          -11142.915  880969           6620
          -11142.915  269990           3326
          -11142.915  519234           3479
          -11142.915  436806           883
          -11142.915  359053           3552
          -11142.915  731843           7127
          -11142.915  427916           7472
          -11142.915  603765           1006
          -11142.915  515133           8584
          -11142.915  132149           4413
          -11142.915  595994           8859
          -11142.915  497183           8936
          -11142.915  786551           4484
          -11142.915  336610           9152
          -11142.915  982492           4602
          -11142.915  834000           4886
          -11142.915  607901           9841
          -11142.915  209305           9992
          -11142.915  132325           5004
          -11142.915  171251           5015
          -11142.915  225991           5167
          -11142.915  231373           2766
          -11142.915  407168           44
          -11142.915  72662            729
          -11142.915  868305           5867
          -11142.915  586870           1538
          -11142.915  503731           6207
          -11142.915  44644            3181
          -11142.915  246794           801
          -11142.915  978208           6468
          -11142.915  705004           6757
          -11142.915  441620           6964
          -11142.915  226322           478
          -11142.915  886510           3906
          -11142.915  459844           7932
          -11142.915  346486           7957
          -11142.915  380765           4098
          -11142.915  224785           2053
          -11142.915  969110           4157
          -11142.915  662474           8476
          -11142.915  248655           4342
          -11142.915  913861           9620
          -11142.915  808981           4872
          -11142.915  877704           9912
          -11142.915  264901           634
          -11142.915  463409           2648
          -11142.915  301545           2672
          -11142.915  830367           1351
          -11142.915  273423           2711
          -11142.915  578106           5432
          -11142.915  653990           5439
          -11142.915  677720           681
          -11142.915  975315           5518
          -11142.915  194485           5644
          -11142.915  277858           5720
          -11142.915  791598           5741
          -11142.915  787140           5792
          -11142.915  318032           5897
          -11142.915  313024           5919
          -11142.915  236640           3013
          -11142.915  322464           3078
          -11142.915  846587           6258
          -11142.915  313024           6412
          -11142.915  283715           1610
          -11142.915  347593           3407
          -11142.915  643533           7218
          -11142.915  663691           7369
          -11142.915  274446           7448
          -11142.915  74236            3823
          -11142.915  608460           244
          -11142.915  357147           4006
          -11142.915  585385           8043
          -11142.915  16995            8062
          -11142.915  647548           2051
          -11142.915  860128           4103
          -11142.915  293584           4316
          -11142.915  890006           8738
          -11142.915  8794             8751
          -11142.915  662807           4554
          -11142.915  918085           9167
          -11142.915  168199           1155
          -11142.915  782108           9249
          -11142.915  900673           9358
          -11142.915  49475            4730
          -11142.915  411512           9700
          -11142.915  582918           9974
          -11142.915  303216           2622
          -11142.915  289139           5255
          -11142.915  607072           717
          -11142.915  512630           2886
          -11142.915  374171           2920
          -11142.915  753899           5977
          -11142.915  403919           6044
          -11142.915  839525           3054
          -11142.915  68291            1565
          -11142.915  361267           3237
          -11142.915  760599           832
          -11142.915  62277            6678
          -11142.915  23118            6797
          -11142.915  695314           6891
          -11142.915  532915           6940
          -11142.915  505971           7089
          -11142.915  669805           7350
          -11142.915  721368           8229
          -11142.915  906379           8570
          -11142.915  937507           8598
          -11142.915  987090           70
          -11142.915  405371           569
          -11142.915  117587           572
          -11142.915  926654           9322
          -11142.915  158838           9503
          -11142.915  433002           9612
          -11142.915  84120            9766
          -11142.915  114239           9816
          -11142.915  507218           613
          -11142.915  754274           9866
          -11142.915  314784           2475
          -11142.915  712531           631
          -11142.915  571757           1268
          -11142.915  196940           2579
          -11142.915  733490           2834
          -11142.915  331924           5768
          -11142.915  833955           2954
          -11142.915  79196            3069
          -11142.915  167409           772
          -11142.915  202790           198
          -11142.915  758407           6517
          -11142.915  281857           6556
          -11142.915  302933           6614
          -11142.915  773195           849
          -11142.915  411295           3515
          -11142.915  342381           7132
          -11142.915  318571           3574
          -11142.915  814748           7213
          -11142.915  376411           473
          -11142.915  351474           3805
          -11142.915  849910           7672
          -11142.915  856347           1927
          -11142.915  778227           7839
          -11142.915  231264           7967
          -11142.915  818743           3991
          -11142.915  126727           8147
          -11142.915  860177           4271
          -11142.915  547917           8591
          -11142.915  868155           2204
          -11142.915  279850           555
          -11142.915  717560           4485
          -11142.915  856614           4595
          -11142.915  685268           596
          -11142.915  695155           150
          -11142.915  454200           9755
          -11142.915  995354           9768
          -11142.915  557916           9935
          -11142.915  581929           9964
          -11142.915  301631           9998
          -11142.915  10912            5048
          -11142.915  971770           2708
          -11142.915  574412           679
          -11142.915  292169           5681
          -11142.915  395914           5801
          -11142.915  375145           5805
          -11142.915  400708           5838
          -11142.915  715466           5857
          -11142.915  328455           5989
          -11142.915  135790           3060
          -11142.915  586121           3107
          -11142.915  423665           3152
          -11142.915  44679            1591
          -11142.915  168762           200
          -11142.915  599136           811
          -11142.915  5736             6811
          -11142.915  518828           432
          -11142.915  701284           6981
          -11142.915  633007           7124
          -11142.915  96941            890
          -11142.915  665759           7282
          -11142.915  150154           1829
          -11142.915  345244           7514
          -11142.915  402776           7710
          -11142.915  392975           8382
          -11142.915  578236           4268
          -11142.915  892564           8950
          -11142.915  283146           1126
          -11142.915  773146           9222
          -11142.915  720204           2406
          -11142.915  527572           9785
          -11142.915  738094           9789
          -11142.915  497951           9819
          -11142.915  400987           4979
          -11142.915  78059            9990
          -11142.915  910850           2508
          -11142.915  298997           1315
          -11142.915  276392           2927
          -11142.915  943158           3059
          -11142.915  779095           3132
          -11142.915  845466           3157
          -11142.915  272764           3230
          -11142.915  677447           3499
          -11142.915  384199           882
          -11142.915  857122           889
          -11142.915  420573           7273
          -11142.915  434819           7660
          -11142.915  406935           958
          -11142.915  227393           7737
          -11142.915  103864           7881
          -11142.915  820822           3986
          -11142.915  253398           8181
          -11142.915  993390           8238
          -11142.915  65328            8264
          -11142.915  327631           8356
          -11142.915  538748           8595
          -11142.915  176645           8962
          -11142.915  556955           1141
          -11142.915  529184           9168
          -11142.915  217863           9489
          -11142.915  869240           4802
          -11142.915  347328           9709
          -11142.915  20931            9802
          -11142.915  842637           2453
          -11142.915  987461           9960
          -11142.915  246261           38
          -11142.915  660633           5171
          -11142.915  124605           5492
          -11142.915  137790           5503
          -11142.915  538915           5521
          -11142.915  595969           2801
          -11142.915  118157           5773
          -11142.915  872295           2899
          -11142.915  515909           2905
          -11142.915  298825           6097
          -11142.915  184615           6356
          -11142.915  153653           6457
          -11142.915  456812           3246
          -11142.915  428023           6609
          -11142.915  695961           1668
          -11142.915  266630           3429
          -11142.915  306737           6866
          -11142.915  276468           1739
          -11142.915  881201           7122
          -11142.915  237971           1815
          -11142.915  735928           916
          -11142.915  607642           1838
          -11142.915  966256           7515
          -11142.915  495366           964
          -11142.915  330772           2031
          -11142.915  79212            517
          -11142.915  176708           8869
          -11142.915  899912           8966
          -11142.915  438155           9155
          -11142.915  931664           9378
          -11142.915  436784           9511
          -11142.915  24162            4781
          -11142.915  217475           4831
          -11142.915  919098           2465
          -11142.915  676560           1250
          -11142.915  449171           1260
          -11142.915  5005             5140
          -11142.915  436639           2645
          -11142.915  536345           5293
          -11142.915  274618           5430
          -11142.915  546935           5449
          -11142.915  991399           1433
          -11142.915  402224           91
          -11142.915  301136           6060
          -11142.915  32468            1606
          -11142.915  487581           6453
          -11142.915  176439           3235
          -11142.915  396390           6476
          -11142.915  749212           3330
          -11142.915  125188           6752
          -11142.915  124781           6796
          -11142.915  558975           6852
          -11142.915  686482           215
          -11142.915  612814           7047
          -11142.915  100595           1766
          -11142.915  289038           7130
          -11142.915  954581           3583
          -11142.915  791010           7192
          -11142.915  399671           13
          -11142.915  128569           1839
          -11142.915  283689           7460
          -11142.915  501194           7477
          -11142.915  448829           938
          -11142.915  134042           3778
          -11142.915  66174            7658
          -11142.915  607327           7915
          -11142.915  814914           8020
          -11142.915  524326           8111
          -11142.915  316350           8148
          -11142.915  175058           4077
          -11142.915  5502             4101
          -11142.915  720696           2058
          -11142.915  946319           4159
          -11142.915  231281           542
          -11142.915  805728           8870
          -11142.915  370957           554
          -11142.915  748953           4546
          -11142.915  469158           1145
          -11142.915  225539           1150
          -11142.915  63712            4662
          -11142.915  939030           9338
          -11142.915  999176           9374
          -11142.915  705786           9413
          -11142.915  788599           1180
          -11142.915  722532           9479
          -11142.915  775844           2371
          -11142.915  11384            9681
          -11142.915  301195           4899
          -11142.915  958249           4924
          -11142.915  900149           2646
          -11142.915  533355           1328
          -11142.915  284109           82
          -11142.915  88767            2700
          -11142.915  249847           5544
          -11142.915  742029           5763
          -11142.915  599839           5958
          -11142.915  626435           5962
          -11142.915  836066           372
          -11142.915  417002           1499
          -11142.915  686284           6099
          -11142.915  820977           776
          -11142.915  240994           1598
          -11142.915  276397           3205
          -11142.915  964448           3281
          -11142.915  87137            6837
          -11142.915  516391           6928
          -11142.915  648787           7148
          -11142.915  574728           3619
          -11142.915  398329           3677
          -11142.915  181166           7464
          -11142.915  862607           468
          -11142.915  63712            3771
          -11142.915  440841           118
          -11142.915  631318           7956
          -11142.915  215946           8033
          -11142.915  99649            8057
          -11142.915  735618           4055
          -11142.915  164467           2047
          -11142.915  100579           8215
          -11142.915  525962           8236
          -11142.915  957792           2069
          -11142.915  623992           8565
          -11142.915  947754           4411
          -11142.915  579216           8880
          -11142.915  208730           9027
          -11142.915  298923           9418
          -11142.915  260953           589
          -11142.915  779667           9500
          -11142.915  958232           9546
          -11142.915  382906           9656
          -11142.915  3608             4869
          -11142.915  970504           5027
          -11142.915  361131           2563
          -11142.915  786369           5133
          -11142.915  409744           2588
          -11142.915  465996           2638
          -11142.915  642293           5280
          -11142.915  100066           5304
          -11142.915  677344           5333
          -11142.915  364729           5499
          -11142.915  534193           689
          -11142.915  771704           5592
          -11142.915  850545           357
          -11142.915  803816           2909
          -11142.915  657909           2912
          -11142.915  551829           1466
          -11142.915  851200           1479
          -11142.915  421983           5954
          -11142.915  758211           6013
          -11142.915  764966           6034
          -11142.915  354592           6167
          -11142.915  697447           6174
          -11142.915  818199           6221
          -11142.915  474357           789
          -11142.915  863643           1619
          -11142.915  596257           405
          -11142.915  950273           6503
          -11142.915  763415           3374
          -11142.915  623663           3446
          -11142.915  318630           6935
          -11142.915  619187           7233
          -11142.915  937274           7239
          -11142.915  81951            907
          -11142.915  645052           910
          -11142.915  573218           7298
          -11142.915  338064           3691
          -11142.915  826112           3721
          -11142.915  232547           7626
          -11142.915  600244           3830
          -11142.915  286621           3857
          -11142.915  816590           7897
          -11142.915  656067           4044
          -11142.915  246679           8372
          -11142.915  467339           66
          -11142.915  529455           268
          -11142.915  548243           8631
          -11142.915  808376           2161
          -11142.915  731610           1087
          -11142.915  426061           8768
          -11142.915  172787           8818
          -11142.915  62115            4430
          -11142.915  458788           9058
          -11142.915  953490           9307
          -11142.915  806234           2362
          -11142.915  715121           9460
          -11142.915  10499            4742
          -11142.915  742688           594
          -11142.915  997845           2386
          -11142.915  851833           4786
          -11142.915  888901           9619
          -11142.915  411370           9635
          -11142.915  707032           1229
          -11142.915  356033           9945
          -11142.915  180878           1246
          -11142.915  745003           5003
          -11142.915  20625            2636
          -11142.915  550910           5798
          -11142.915  463282           5830
          -11142.915  302478           2925
          -11142.915  703235           3001
          -11142.915  886520           3171
          -11142.915  89703            6496
          -11142.915  243593           3261
          -11142.915  677999           3346
          -11142.915  403235           6717
          -11142.915  617186           6871
          -11142.915  882625           6903
          -11142.915  346885           6948
          -11142.915  451245           6956
          -11142.915  962482           1742
          -11142.915  276270           6994
          -11142.915  920591           7088
          -11142.915  122121           7144
          -11142.915  489243           7384
          -11142.915  345726           461
          -11142.915  802904           7452
          -11142.915  513949           1910
          -11142.915  306768           978
          -11142.915  733349           7902
          -11142.915  399058           4076
          -11142.915  879865           8247
          -11142.915  387016           1035
          -11142.915  198144           4235
          -11142.915  203433           8566
          -11142.915  69036            4319
          -11142.915  874460           4337
          -11142.915  861943           8694
          -11142.915  436673           4356
          -11142.915  4659             8749
          -11142.915  998676           4486
          -11142.915  988419           4614
          -11142.915  914206           9319
          -11142.915  505244           582
          -11142.915  92564            583
          -11142.915  88059            9377
          -11142.915  317504           4752
          -11142.915  782101           4804
          -11142.915  472383           9650
          -11142.915  310591           4901
          -11142.915  491109           9808
          -11142.915  393232           152
          -11142.915  293349           2520
          -11142.915  53584            5162
          -11142.915  617285           5221
          -11142.915  43185            5332
          -11142.915  622346           5543
          -11142.915  981826           5591
          -11142.915  855963           1408
          -11142.915  948991           5661
          -11142.915  53205            5667
          -11142.915  491838           2851
          -11142.915  903220           5849
          -11142.915  131251           2939
          -11142.915  355706           2941
          -11142.915  115030           5910
          -11142.915  518936           6019
          -11142.915  122612           3055
          -11142.915  555074           6182
          -11142.915  972963           6220
          -11142.915  293858           6294
          -11142.915  627151           1601
          -11142.915  906298           6427
          -11142.915  237520           6438
          -11142.915  860135           6710
          -11142.915  877758           6740
          -11142.915  987174           1689
          -11142.915  182256           3481
          -11142.915  264521           929
          -11142.915  962915           7501
          -11142.915  160967           7567
          -11142.915  668713           7568
          -11142.915  385059           7607
          -11142.915  366706           29
          -11142.915  253358           2
          -11142.915  440005           7778
          -11142.915  326976           7787
          -11142.915  748492           7884
          -11142.915  823661           7939
          -11142.915  173814           2024
          -11142.915  613075           2056
          -11142.915  606412           8329
          -11142.915  115933           4274
          -11142.915  568267           4347
          -11142.915  160326           546
          -11142.915  119680           4434
          -11142.915  450958           9045
          -11142.915  573900           4559
          -11142.915  245104           9122
          -11142.915  477917           9240
          -11142.915  550738           9303
          -11142.915  496578           9402
          -11142.915  932960           2369
          -11142.915  667536           9509
          -11142.915  280383           4836
          -11142.915  86205            9759
          -11142.915  693641           9765
          -11142.915  176723           4904
          -11142.915  707083           9839
          -11142.915  840499           9910
          -11142.915  661568           9934
          -11142.915  143659           2516
          -11142.915  291388           2571
          -11142.915  554694           2610
          -11142.915  188340           1343
          -11142.915  621562           5515
          -11142.915  346102           2765
          -11142.915  147731           5656
          -11142.915  531924           5731
          -11142.915  18366            1473
          -11142.915  950970           2963
          -11142.915  755095           2991
          -11142.915  828340           1559
          -11142.915  360976           6325
          -11142.915  250687           6593
          -11142.915  972219           6638
          -11142.915  49910            829
          -11142.915  891749           3324
          -11142.915  919465           6713
          -11142.915  283033           6967
          -11142.915  183779           7025
          -11142.915  741484           441
          -11142.915  323342           3569
          -11142.915  141246           3593
          -11142.915  684448           7187
          -11142.915  614535           449
          -11142.915  487522           7358
          -11142.915  196983           3722
          -11142.915  53936            7785
          -11142.915  932449           1956
          -11142.915  952007           8016
          -11142.915  811197           8152
          -11142.915  422421           1022
          -11142.915  623424           8483
          -11142.915  172732           8572
          -11142.915  812494           2144
          -11142.915  670859           4349
          -11142.915  54479            4385
          -11142.915  495089           8798
          -11142.915  2850             1110
          -11142.915  685765           2244
          -11142.915  536683           9136
          -11142.915  972497           9147
          -11142.915  993275           9219
          -11142.915  475420           71
          -11142.915  807051           4634
          -11142.915  377504           294
          -11142.915  510410           9545
          -11142.915  383979           603
          -11142.915  404840           1210
          -11142.915  339719           9750
          -11142.915  680576           9805
          -11142.915  608353           9833
          -11142.915  332993           9948
          -11142.915  362436           5090
          -11142.915  517385           2554
          -11142.915  821628           5117
          -11142.915  975208           5175
          -11142.915  144172           5413
          -11142.915  547354           1357
          -11142.915  739285           5522
          -11142.915  230121           1391
          -11142.915  114829           5672
          -11142.915  228185           2842
          -11142.915  945278           5712
          -11142.915  297975           5799
          -11142.915  472647           2948
          -11142.915  557812           5964
          -11142.915  264081           186
          -11142.915  520105           6022
          -11142.915  289928           1529
          -11142.915  941043           3148
          -11142.915  482500           6332
          -11142.915  541342           3201
          -11142.915  512024           6409
          -11142.915  427987           3284
          -11142.915  895274           3342
          -11142.915  283112           1713
          -11142.915  673767           1736
          -11142.915  415228           6989
          -11142.915  222996           7011
          -11142.915  527412           7073
          -11142.915  353580           1794
          -11142.915  96362            1801
          -11142.915  738069           1830
          -11142.915  440395           917
          -11142.915  542539           7360
          -11142.915  229452           3718
          -11142.915  489022           7935
          -11142.915  876056           1000
          -11142.915  136469           8088
          -11142.915  993650           8423
          -11142.915  309202           8474
          -11142.915  462371           8535
          -11142.915  889068           4285
          -11142.915  379907           8590
          -11142.915  932784           8606
          -11142.915  124661           2172
          -11142.915  117833           2217
          -11142.915  953205           2247
          -11142.915  948251           9039
          -11142.915  583249           9235
          -11142.915  747245           9258
          -11142.915  830392           35
          -11142.915  52907            9351
          -11142.915  110800           4689
          -11142.915  950397           9514
          -11142.915  921083           4825
          -11142.915  611162           9683
          -11142.915  719889           9710
          -11142.915  224410           1220
          -11142.915  702409           1227
          -11142.915  67720            9869
          -11142.915  781489           627
          -11142.915  687012           5128
          -11142.915  471811           5132
          -11142.915  798091           5260
          -11142.915  167603           5277
          -11142.915  844111           5278
          -11142.915  431418           5318
          -11142.915  836515           341
          -11142.915  677389           5690
          -11142.915  33659            1435
          -11142.915  334766           2929
          -11142.915  919217           1501
          -11142.915  18931            6046
          -11142.915  860029           760
          -11142.915  848163           47
          -11142.915  979276           3085
          -11142.915  60380            3099
          -11142.915  440003           6296
          -11142.915  526230           1589
          -11142.915  151775           3317
          -11142.915  853195           431
          -11142.915  498105           3459
          -11142.915  370202           7018
          -11142.915  375590           438
          -11142.915  795438           3539
          -11142.915  561439           7134
          -11142.915  667376           7289
          -11142.915  939709           112
          -11142.915  480926           1824
          -11142.915  518561           1856
          -11142.915  117116           1909
          -11142.915  734946           3847
          -11142.915  479905           7796
          -11142.915  386904           7972
          -11142.915  644059           4015
          -11142.915  954857           8266
          -11142.915  217675           8279
          -11142.915  697995           8337
          -11142.915  626253           8417
          -11142.915  933860           8458
          -11142.915  895751           8592
          -11142.915  227492           8698
          -11142.915  741888           138
          -11142.915  84672            2255
          -11142.915  944786           9054
          -11142.915  797971           9162
          -11142.915  766111           4612
          -11142.915  327140           4653
          -11142.915  539849           4665
          -11142.915  298943           9389
          -11142.915  848855           4739
          -11142.915  721012           4867
          -11142.915  769845           5129
          -11142.915  517917           5157
          -11142.915  425163           5279
          -11142.915  149379           2696
          -11142.915  898918           5401
          -11142.915  327140           678
          -11142.915  303634           169
          -11142.915  72866            692
          -11142.915  145042           2798
          -11142.915  652179           5703
          -11142.915  434139           5772
          -11142.915  387401           1482
          -11142.915  485816           3092
          -11142.915  981709           6322
          -11142.915  126505           3175
          -11142.915  16220            3221
          -11142.915  833487           6549
          -11142.915  703618           7115
          -11142.915  439638           3625
          -11142.915  767370           7487
          -11142.915  248493           1901
          -11142.915  936226           7648
          -11142.915  155749           960
          -11142.915  966910           7857
          -11142.915  284809           7993
          -11142.915  610363           4033
          -11142.915  714808           8135
          -11142.915  351717           8183
          -11142.915  74623            8581
          -11142.915  703715           2171
          -11142.915  892896           2177
          -11142.915  789985           67
          -11142.915  36465            4455
          -11142.915  146772           2233
          -11142.915  166246           8953
          -11142.915  698130           8960
          -11142.915  454690           9010
          -11142.915  980115           9279
          -11142.915  191021           9448
          -11142.915  17896            592
          -11142.915  471398           74
          -11142.915  930355           4832
          -11142.915  570805           4863
          -11142.915  125750           1221
          -11142.915  46565            9823
          -11142.915  744190           9961
          -11142.915  147318           4988
          -11142.915  792259           10000
          -11142.915  470153           5550
          -11142.915  170954           86
          -11142.915  740441           5613
          -11142.915  967588           1495
          -11142.915  579804           6183
          -11142.915  582502           6248
          -11142.915  603416           6452
          -11142.915  603379           6502
          -11142.915  761633           50
          -11142.915  559463           6644
          -11142.915  853439           1671
          -11142.915  232480           3496
          -11142.915  745674           3511
          -11142.915  269874           1756
          -11142.915  257136           1774
          -11142.915  930501           1819
          -11142.915  539751           459
          -11142.915  187594           3708
          -11142.915  807750           3733
          -11142.915  315029           471
          -11142.915  437405           7578
          -11142.915  956646           3812
          -11142.915  661476           7735
          -11142.915  784504           1943
          -11142.915  255806           3901
          -11142.915  169968           7930
          -11142.915  551300           3969
          -11142.915  593672           7962
          -11142.915  961880           2019
          -11142.915  418787           8116
          -11142.915  232029           4120
          -11142.915  400979           8533
          -11142.915  636329           8563
          -11142.915  889301           8593
          -11142.915  150809           4300
          -11142.915  554395           2195
          -11142.915  202717           2210
          -11142.915  958087           9019
          -11142.915  603899           9032
          -11142.915  659178           9224
          -11142.915  246575           291
          -11142.915  883041           9370
          -11142.915  197621           1172
          -11142.915  932791           9524
          -11142.915  304933           9541
          -11142.915  88882            9561
          -11142.915  2315             2397
          -11142.915  891675           9971
          -11142.915  442158           2644
          -11142.915  163116           1329
          -11142.915  1107             5323
          -11142.915  956896           5494
          -11142.915  666057           5713
          -11142.915  967174           2901
          -11142.915  198593           2996
          -11142.915  484447           6151
          -11142.915  473118           6441
          -11142.915  19333            3229
          -11142.915  746978           410
          -11142.915  103240           3297
          -11142.915  296242           3333
          -11142.915  484406           421
          -11142.915  16258            3530
          -11142.915  144647           7107
          -11142.915  981727           1781
          -11142.915  130541           896
          -11142.915  757461           7241
          -11142.915  340820           3622
          -11142.915  418712           7255
          -11142.915  839992           7308
          -11142.915  581196           921
          -11142.915  698617           7418
          -11142.915  19918            7435
          -11142.915  185630           7482
          -11142.915  69413            472
          -11142.915  755198           3814
          -11142.915  238176           3876
          -11142.915  495490           990
          -11142.915  625871           8124
          -11142.915  323431           8129
          -11142.915  468300           4176
          -11142.915  814807           4189
          -11142.915  225445           8619
          -11142.915  809240           543
          -11142.915  658955           4462
          -11142.915  100937           9106
          -11142.915  147878           2322
          -11142.915  435112           2339
          -11142.915  19732            9442
          -11142.915  185201           9798
          -11142.915  692169           308
          -11142.915  569001           4966
          -11142.915  386373           2504
          -11142.915  58297            5031
          -11142.915  802015           2527
          -11142.915  531668           1271
          -11142.915  797807           5203
          -11142.915  447690           5391
          -11142.915  971119           1358
          -11142.915  319298           1375
          -11142.915  481720           5691
          -11142.915  615089           5732
          -11142.915  729377           5804
          -11142.915  168599           6083
          -11142.915  unperturbed      0



THE MODEL ESTIMATION TERMINATED NORMALLY



MODEL FIT INFORMATION

Number of Free Parameters                       88

Loglikelihood

          H0 Value                      -11142.915

Information Criteria

          Akaike (AIC)                   22461.831
          Bayesian (BIC)                 22851.219
          Sample-Size Adjusted BIC       22571.835
            (n* = (n + 2) / 24)



FINAL CLASS COUNTS AND PROPORTIONS FOR THE LATENT CLASSES
BASED ON THE ESTIMATED MODEL

    Latent
   Classes

       1        617.00000          1.00000


FINAL CLASS COUNTS AND PROPORTIONS FOR THE LATENT CLASSES
BASED ON ESTIMATED POSTERIOR PROBABILITIES

    Latent
   Classes

       1        617.00000          1.00000


FINAL CLASS COUNTS AND PROPORTIONS FOR THE LATENT CLASSES
BASED ON THEIR MOST LIKELY LATENT CLASS MEMBERSHIP

Class Counts and Proportions

    Latent
   Classes

       1              617          1.00000


Average Latent Class Probabilities for Most Likely Latent Class Membership (Row)
by Latent Class (Column)

           1

    1   1.000


Classification Probabilities for the Most Likely Latent Class Membership (Column)
by Latent Class (Row)

           1

    1   1.000


Logits for the Classification Probabilities for the Most Likely Latent Class Membership (Column)
by Latent Class (Row)

              1

    1      0.000


MODEL RESULTS

                                                    Two-Tailed
                    Estimate       S.E.  Est./S.E.    P-Value

Latent Class 1

 GENERAL1 WITH
    GENERAL3           0.462      0.053      8.688      0.000

 GENERAL3 WITH
    GENERAL4           0.160      0.052      3.056      0.002

 GENERAL4 WITH
    GENERAL567         0.419      0.049      8.595      0.000

 THREAT12 WITH
    THREAT3            0.121      0.025      4.901      0.000

 THREAT3  WITH
    THREAT4            0.067      0.028      2.399      0.016

 THREAT4  WITH
    THREAT567          0.043      0.030      1.435      0.151

 COPE12   WITH
    COPE3              0.204      0.034      5.938      0.000

 COPE3    WITH
    COPE4              0.172      0.048      3.575      0.000

 COPE4    WITH
    COPE567            0.100      0.047      2.138      0.033

 FNR12    WITH
    FNR3               0.174      0.033      5.272      0.000

 FNR3     WITH
    FNR4               0.113      0.050      2.248      0.025

 FNR4     WITH
    FNR567             0.077      0.045      1.714      0.086

 LOSS12   WITH
    LOSS3              0.224      0.035      6.349      0.000

 LOSS3    WITH
    LOSS4              0.230      0.037      6.266      0.000

 LOSS4    WITH
    LOSS567            0.154      0.033      4.714      0.000

 SLEEP12  WITH
    SLEEP3             0.221      0.041      5.414      0.000

 SLEEP3   WITH
    SLEEP4             0.013      0.050      0.265      0.791

 SLEEP4   WITH
    SLEEP567           0.190      0.039      4.898      0.000

 SOMATIC1 WITH
    SOMATIC3           0.273      0.043      6.333      0.000

 SOMATIC3 WITH
    SOMATIC4          -0.001      0.045     -0.028      0.978

 SOMATIC4 WITH
    SOMATIC567        -0.135      0.049     -2.769      0.006

 PA12     WITH
    PA3                0.109      0.023      4.725      0.000

 PA3      WITH
    PA4                0.065      0.035      1.861      0.063

 PA4      WITH
    PA567              0.016      0.033      0.481      0.631

 Means
    GENERAL12          0.124      0.049      2.546      0.011
    THREAT12          -0.009      0.032     -0.278      0.781
    COPE12            -0.003      0.036     -0.096      0.923
    FNR12             -0.009      0.036     -0.258      0.797
    LOSS12            -0.012      0.039     -0.319      0.750
    SLEEP12           -0.009      0.038     -0.247      0.805
    SOMATIC12          0.000      0.039      0.008      0.993
    PA12               0.023      0.030      0.760      0.448
    GENERAL3          -0.046      0.046     -0.993      0.321
    THREAT3            0.013      0.033      0.386      0.700
    COPE3             -0.020      0.041     -0.481      0.630
    FNR3               0.028      0.039      0.712      0.476
    LOSS3             -0.055      0.040     -1.360      0.174
    SLEEP3             0.049      0.044      1.109      0.267
    SOMATIC3           0.028      0.049      0.579      0.562
    PA3               -0.018      0.035     -0.524      0.600
    GENERAL4          -0.041      0.047     -0.859      0.390
    THREAT4           -0.024      0.035     -0.671      0.502
    COPE4              0.009      0.046      0.208      0.835
    FNR4              -0.005      0.044     -0.121      0.904
    LOSS4              0.003      0.041      0.078      0.938
    SLEEP4             0.008      0.040      0.192      0.847
    SOMATIC4          -0.001      0.044     -0.018      0.985
    PA4                0.008      0.040      0.209      0.835
    GENERAL567        -0.093      0.039     -2.399      0.016
    THREAT567         -0.004      0.031     -0.121      0.904
    COPE567            0.009      0.034      0.281      0.778
    FNR567             0.008      0.033      0.244      0.807
    LOSS567            0.009      0.032      0.283      0.777
    SLEEP567           0.025      0.034      0.732      0.464
    SOMATIC567         0.001      0.041      0.024      0.980
    PA567              0.015      0.029      0.531      0.596

 Variances
    GENERAL12          0.895      0.068     13.207      0.000
    THREAT12           0.374      0.028     13.308      0.000
    COPE12             0.471      0.035     13.437      0.000
    FNR12              0.463      0.035     13.382      0.000
    LOSS12             0.548      0.041     13.374      0.000
    SLEEP12            0.521      0.039     13.334      0.000
    SOMATIC12          0.550      0.042     13.235      0.000
    PA12               0.318      0.024     13.330      0.000
    GENERAL3           0.668      0.053     12.537      0.000
    THREAT3            0.319      0.027     11.909      0.000
    COPE3              0.508      0.044     11.652      0.000
    FNR3               0.440      0.038     11.652      0.000
    LOSS3              0.508      0.039     12.904      0.000
    SLEEP3             0.570      0.049     11.674      0.000
    SOMATIC3           0.694      0.058     12.005      0.000
    PA3                0.350      0.029     11.876      0.000
    GENERAL4           0.749      0.061     12.245      0.000
    THREAT4            0.365      0.030     12.027      0.000
    COPE4              0.617      0.051     12.155      0.000
    FNR4               0.575      0.048     12.075      0.000
    LOSS4              0.538      0.043     12.502      0.000
    SLEEP4             0.492      0.042     11.834      0.000
    SOMATIC4           0.556      0.047     11.955      0.000
    PA4                0.457      0.038     12.004      0.000
    GENERAL567         0.684      0.047     14.577      0.000
    THREAT567          0.395      0.027     14.545      0.000
    COPE567            0.480      0.033     14.483      0.000
    FNR567             0.463      0.032     14.513      0.000
    LOSS567            0.439      0.030     14.457      0.000
    SLEEP567           0.499      0.034     14.505      0.000
    SOMATIC567         0.641      0.047     13.642      0.000
    PA567              0.352      0.024     14.558      0.000


STANDARDIZED MODEL RESULTS


STDYX Standardization

                                                    Two-Tailed
                    Estimate       S.E.  Est./S.E.    P-Value

Latent Class 1

 GENERAL1 WITH
    GENERAL3           0.598      0.048     12.442      0.000

 GENERAL3 WITH
    GENERAL4           0.227      0.073      3.086      0.002

 GENERAL4 WITH
    GENERAL567         0.586      0.048     12.263      0.000

 THREAT12 WITH
    THREAT3            0.350      0.064      5.433      0.000

 THREAT3  WITH
    THREAT4            0.197      0.080      2.452      0.014

 THREAT4  WITH
    THREAT567          0.113      0.078      1.448      0.148

 COPE12   WITH
    COPE3              0.417      0.060      6.959      0.000

 COPE3    WITH
    COPE4              0.308      0.081      3.788      0.000

 COPE4    WITH
    COPE567            0.183      0.084      2.181      0.029

 FNR12    WITH
    FNR3               0.385      0.064      5.989      0.000

 FNR3     WITH
    FNR4               0.224      0.098      2.301      0.021

 FNR4     WITH
    FNR567             0.149      0.086      1.736      0.083

 LOSS12   WITH
    LOSS3              0.425      0.059      7.241      0.000

 LOSS3    WITH
    LOSS4              0.441      0.062      7.089      0.000

 LOSS4    WITH
    LOSS567            0.317      0.062      5.094      0.000

 SLEEP12  WITH
    SLEEP3             0.406      0.065      6.269      0.000

 SLEEP3   WITH
    SLEEP4             0.025      0.094      0.265      0.791

 SLEEP4   WITH
    SLEEP567           0.383      0.069      5.553      0.000

 SOMATIC1 WITH
    SOMATIC3           0.441      0.058      7.595      0.000

 SOMATIC3 WITH
    SOMATIC4          -0.002      0.072     -0.028      0.978

 SOMATIC4 WITH
    SOMATIC567        -0.226      0.079     -2.878      0.004

 PA12     WITH
    PA3                0.327      0.063      5.182      0.000

 PA3      WITH
    PA4                0.163      0.086      1.887      0.059

 PA4      WITH
    PA567              0.040      0.083      0.481      0.630

 Means
    GENERAL12          0.131      0.052      2.541      0.011
    THREAT12          -0.015      0.053     -0.278      0.781
    COPE12            -0.005      0.053     -0.096      0.923
    FNR12             -0.014      0.053     -0.258      0.797
    LOSS12            -0.017      0.052     -0.319      0.750
    SLEEP12           -0.013      0.053     -0.247      0.805
    SOMATIC12          0.000      0.052      0.008      0.993
    PA12               0.040      0.053      0.759      0.448
    GENERAL3          -0.056      0.056     -0.993      0.320
    THREAT3            0.023      0.059      0.386      0.700
    COPE3             -0.028      0.058     -0.482      0.630
    FNR3               0.042      0.059      0.712      0.476
    LOSS3             -0.077      0.057     -1.360      0.174
    SLEEP3             0.065      0.059      1.110      0.267
    SOMATIC3           0.034      0.058      0.580      0.562
    PA3               -0.031      0.059     -0.524      0.600
    GENERAL4          -0.047      0.055     -0.857      0.391
    THREAT4           -0.039      0.059     -0.670      0.503
    COPE4              0.012      0.058      0.208      0.835
    FNR4              -0.007      0.058     -0.121      0.904
    LOSS4              0.004      0.056      0.078      0.938
    SLEEP4             0.011      0.058      0.192      0.847
    SOMATIC4          -0.001      0.059     -0.018      0.985
    PA4                0.012      0.059      0.209      0.835
    GENERAL567        -0.113      0.047     -2.389      0.017
    THREAT567         -0.006      0.049     -0.121      0.904
    COPE567            0.014      0.048      0.281      0.778
    FNR567             0.012      0.049      0.244      0.807
    LOSS567            0.014      0.048      0.283      0.777
    SLEEP567           0.035      0.048      0.732      0.464
    SOMATIC567         0.001      0.052      0.024      0.980
    PA567              0.026      0.049      0.531      0.596

 Variances
    GENERAL12          1.000      0.000    999.000    999.000
    THREAT12           1.000      0.000    999.000    999.000
    COPE12             1.000      0.000    999.000    999.000
    FNR12              1.000      0.000    999.000    999.000
    LOSS12             1.000      0.000    999.000    999.000
    SLEEP12            1.000      0.000    999.000    999.000
    SOMATIC12          1.000      0.000    999.000    999.000
    PA12               1.000      0.000    999.000    999.000
    GENERAL3           1.000      0.000    999.000    999.000
    THREAT3            1.000      0.000    999.000    999.000
    COPE3              1.000      0.000    999.000    999.000
    FNR3               1.000      0.000    999.000    999.000
    LOSS3              1.000      0.000    999.000    999.000
    SLEEP3             1.000      0.000    999.000    999.000
    SOMATIC3           1.000      0.000    999.000    999.000
    PA3                1.000      0.000    999.000    999.000
    GENERAL4           1.000      0.000    999.000    999.000
    THREAT4            1.000      0.000    999.000    999.000
    COPE4              1.000      0.000    999.000    999.000
    FNR4               1.000      0.000    999.000    999.000
    LOSS4              1.000      0.000    999.000    999.000
    SLEEP4             1.000      0.000    999.000    999.000
    SOMATIC4           1.000      0.000    999.000    999.000
    PA4                1.000      0.000    999.000    999.000
    GENERAL567         1.000      0.000    999.000    999.000
    THREAT567          1.000      0.000    999.000    999.000
    COPE567            1.000      0.000    999.000    999.000
    FNR567             1.000      0.000    999.000    999.000
    LOSS567            1.000      0.000    999.000    999.000
    SLEEP567           1.000      0.000    999.000    999.000
    SOMATIC567         1.000      0.000    999.000    999.000
    PA567              1.000      0.000    999.000    999.000


R-SQUARE

Class 1


QUALITY OF NUMERICAL RESULTS

     Condition Number for the Information Matrix              0.170E-05
       (ratio of smallest to largest eigenvalue)


PLOT INFORMATION

The following plots are available:

  Histograms (sample values)
  Scatterplots (sample values)
  Sample means
  Estimated means, medians, modes, and percentiles
  Sample and estimated means
  Observed individual values
  Estimated means and observed individual values
  Estimated overall and class-specific distributions

     Beginning Time:  14:40:25
        Ending Time:  14:59:09
       Elapsed Time:  00:18:44



MUTHEN & MUTHEN
3463 Stoner Ave.
Los Angeles, CA  90066

Tel: (310) 391-9971
Fax: (310) 391-8971
Web: www.StatModel.com
Support: Support@StatModel.com

Copyright (c) 1998-2019 Muthen & Muthen
