Mplus VERSION 8.3
MUTHEN & MUTHEN
02/14/2023   2:59 PM

INPUT INSTRUCTIONS

  TITLE:
    2-component paper 2 normal mixture model
    !LPA with covariances added within adjacent factors
  DATA:
    File is C:\Users\bpinget\Desktop\factormeans.csv;

  VARIABLE:
    NAMES ARE ID General12 Threat12 Cope12 FNR12 Loss12 Sleep12 Somatic12 PA12
                 General3 Threat3 Cope3 FNR3 Loss3 Sleep3 Somatic3 PA3
                 General4 Threat4 Cope4 FNR4 Loss4 Sleep4 Somatic4 PA4
                 General567 Threat567 Cope567 FNR567 Loss567 Sleep567 Somatic567 PA567;
    USEVARIABLES General12 Threat12 Cope12 FNR12 Loss12 Sleep12 Somatic12 PA12
                 General3 Threat3 Cope3 FNR3 Loss3 Sleep3 Somatic3 PA3
                 General4 Threat4 Cope4 FNR4 Loss4 Sleep4 Somatic4 PA4
                 General567 Threat567 Cope567 FNR567 Loss567 Sleep567 Somatic567 PA567;
    IDVARIABLE IS ID;
    CLASSES = class (2);
    MISSING IS General12 Threat12 Cope12 FNR12 Loss12 Sleep12 Somatic12 PA12
                 General3 Threat3 Cope3 FNR3 Loss3 Sleep3 Somatic3 PA3
                 General4 Threat4 Cope4 FNR4 Loss4 Sleep4 Somatic4 PA4
                 General567 Threat567 Cope567 FNR567 Loss567 Sleep567 Somatic567 PA567(-99);

  ANALYSIS:
    TYPE = MIXTURE;
    STARTS = 10000 1000;
    ESTIMATOR = ML;

  MODEL:
  %class#1%
                 [General12 Threat12 Cope12 FNR12 Loss12 Sleep12 Somatic12 PA12
                 General3 Threat3 Cope3 FNR3 Loss3 Sleep3 Somatic3 PA3
                 General4 Threat4 Cope4 FNR4 Loss4 Sleep4 Somatic4 PA4
                 General567 Threat567 Cope567 FNR567 Loss567 Sleep567 Somatic567 PA567];

                 General12 Threat12 Cope12 FNR12 Loss12 Sleep12 Somatic12 PA12
                 General3 Threat3 Cope3 FNR3 Loss3 Sleep3 Somatic3 PA3
                 General4 Threat4 Cope4 FNR4 Loss4 Sleep4 Somatic4 PA4
                 General567 Threat567 Cope567 FNR567 Loss567 Sleep567 Somatic567 PA567;

                 General12 WITH General3;
                 General3 WITH General4;
                 General4 WITH General567;

                 Threat12 WITH Threat3;
                 Threat3 WITH Threat4;
                 Threat4 WITH Threat567;

                 Cope12 WITH Cope3;
                 Cope3 WITH Cope4;
                 Cope4 WITH Cope567;

                 FNR12 WITH FNR3;
                 FNR3 WITH FNR4;
                 FNR4 WITH FNR567;

                 Loss12 WITH Loss3;
                 Loss3 WITH Loss4;
                 Loss4 WITH Loss567;

                 Sleep12 WITH Sleep3;
                 Sleep3 WITH Sleep4;
                 Sleep4 WITH Sleep567;

                 Somatic12 WITH Somatic3;
                 Somatic3 WITH Somatic4;
                 Somatic4 WITH Somatic567;

                 PA12 WITH PA3;
                 PA3 WITH PA4;
                 PA4 WITH PA567;

  %class#2%
                 [General12 Threat12 Cope12 FNR12 Loss12 Sleep12 Somatic12 PA12
                 General3 Threat3 Cope3 FNR3 Loss3 Sleep3 Somatic3 PA3
                 General4 Threat4 Cope4 FNR4 Loss4 Sleep4 Somatic4 PA4
                 General567 Threat567 Cope567 FNR567 Loss567 Sleep567 Somatic567 PA567];

                 General12 Threat12 Cope12 FNR12 Loss12 Sleep12 Somatic12 PA12
                 General3 Threat3 Cope3 FNR3 Loss3 Sleep3 Somatic3 PA3
                 General4 Threat4 Cope4 FNR4 Loss4 Sleep4 Somatic4 PA4
                 General567 Threat567 Cope567 FNR567 Loss567 Sleep567 Somatic567 PA567;

                 General12 WITH General3;
                 General3 WITH General4;
                 General4 WITH General567;

                 Threat12 WITH Threat3;
                 Threat3 WITH Threat4;
                 Threat4 WITH Threat567;

                 Cope12 WITH Cope3;
                 Cope3 WITH Cope4;
                 Cope4 WITH Cope567;

                 FNR12 WITH FNR3;
                 FNR3 WITH FNR4;
                 FNR4 WITH FNR567;

                 Loss12 WITH Loss3;
                 Loss3 WITH Loss4;
                 Loss4 WITH Loss567;

                 Sleep12 WITH Sleep3;
                 Sleep3 WITH Sleep4;
                 Sleep4 WITH Sleep567;

                 Somatic12 WITH Somatic3;
                 Somatic3 WITH Somatic4;
                 Somatic4 WITH Somatic567;

                 PA12 WITH PA3;
                 PA3 WITH PA4;
                 PA4 WITH PA567;


  OUTPUT: STDYX;

  PLOT:
        TYPE=PLOT3;
        SERIES=
        General12 General3 General4 General567
        Threat12 Threat3 Threat4 Threat567
        Cope12 Cope3 Cope4 Cope567
        FNR12 FNR3 FNR4 FNR567
        Loss12 Loss3 Loss4 Loss567
        Sleep12 Sleep3 Sleep4 Sleep567
        Somatic12 Somatic3 Somatic4 Somatic567
        PA12 PA3 PA4 PA567(*);



*** WARNING in VARIABLE command
  Note that only the first 8 characters of variable names are used in the output.
  Shorten variable names to avoid any confusion.
*** WARNING in MODEL command
  All variables are uncorrelated with all other variables within class.
  Check that this is what is intended.
*** WARNING in PLOT command
  Note that only the first 8 characters of variable names are used in plots.
  If variable names are not unique within the first 8 characters, problems
  may occur.
   1 ERROR(S) FOUND IN THE INPUT INSTRUCTIONS
   3 WARNING(S) FOUND IN THE INPUT INSTRUCTIONS




2-component paper 2 normal mixture model

SUMMARY OF ANALYSIS

Number of groups                                                 1
Number of observations                                         617

Number of dependent variables                                   32
Number of independent variables                                  0
Number of continuous latent variables                            0
Number of categorical latent variables                           1

Observed dependent variables

  Continuous
   GENERAL12   THREAT12    COPE12      FNR12       LOSS12      SLEEP12
   SOMATIC12   PA12        GENERAL3    THREAT3     COPE3       FNR3
   LOSS3       SLEEP3      SOMATIC3    PA3         GENERAL4    THREAT4
   COPE4       FNR4        LOSS4       SLEEP4      SOMATIC4    PA4
   GENERAL567  THREAT567   COPE567     FNR567      LOSS567     SLEEP567
   SOMATIC567  PA567

Categorical latent variables
   CLASS

Variables with special functions

  ID variable           ID

Estimator                                                       ML
Information matrix                                        OBSERVED
Optimization Specifications for the Quasi-Newton Algorithm for
Continuous Outcomes
  Maximum number of iterations                                 100
  Convergence criterion                                  0.100D-05
Optimization Specifications for the EM Algorithm
  Maximum number of iterations                                 500
  Convergence criteria
    Loglikelihood change                                 0.100D-06
    Relative loglikelihood change                        0.100D-06
    Derivative                                           0.100D-05
Optimization Specifications for the M step of the EM Algorithm for
Categorical Latent variables
  Number of M step iterations                                    1
  M step convergence criterion                           0.100D-05
  Basis for M step termination                           ITERATION
Optimization Specifications for the M step of the EM Algorithm for
Censored, Binary or Ordered Categorical (Ordinal), Unordered
Categorical (Nominal) and Count Outcomes
  Number of M step iterations                                    1
  M step convergence criterion                           0.100D-05
  Basis for M step termination                           ITERATION
  Maximum value for logit thresholds                            15
  Minimum value for logit thresholds                           -15
  Minimum expected cell size for chi-square              0.100D-01
Maximum number of iterations for H1                           2000
Convergence criterion for H1                             0.100D-03
Optimization algorithm                                         EMA
Random Starts Specifications
  Number of initial stage random starts                      10000
  Number of final stage optimizations                         1000
  Number of initial stage iterations                            10
  Initial stage convergence criterion                    0.100D+01
  Random starts scale                                    0.500D+01
  Random seed for generating random starts                       0

Input data file(s)
  C:\Users\bpinget\Desktop\factormeans.csv
Input data format  FREE


SUMMARY OF DATA

     Number of missing data patterns            23
     Number of y missing data patterns          23
     Number of u missing data patterns           0


COVARIANCE COVERAGE OF DATA

Minimum covariance coverage value   0.100


     PROPORTION OF DATA PRESENT FOR Y


           Covariance Coverage
              GENERAL1      THREAT12      COPE12        FNR12         LOSS12
              ________      ________      ________      ________      ________
 GENERAL1       0.566
 THREAT12       0.566         0.566
 COPE12         0.566         0.566         0.566
 FNR12          0.566         0.566         0.566         0.566
 LOSS12         0.566         0.566         0.566         0.566         0.566
 SLEEP12        0.566         0.566         0.566         0.566         0.566
 SOMATIC1       0.566         0.566         0.566         0.566         0.566
 PA12           0.566         0.566         0.566         0.566         0.566
 GENERAL3       0.251         0.251         0.251         0.251         0.251
 THREAT3        0.251         0.251         0.251         0.251         0.251
 COPE3          0.251         0.251         0.251         0.251         0.251
 FNR3           0.251         0.251         0.251         0.251         0.251
 LOSS3          0.251         0.251         0.251         0.251         0.251
 SLEEP3         0.251         0.251         0.251         0.251         0.251
 SOMATIC3       0.251         0.251         0.251         0.251         0.251
 PA3            0.251         0.251         0.251         0.251         0.251
 GENERAL4       0.261         0.261         0.261         0.261         0.261
 THREAT4        0.261         0.261         0.261         0.261         0.261
 COPE4          0.261         0.261         0.261         0.261         0.261
 FNR4           0.261         0.261         0.261         0.261         0.261
 LOSS4          0.261         0.261         0.261         0.261         0.261
 SLEEP4         0.261         0.261         0.261         0.261         0.261
 SOMATIC4       0.261         0.261         0.261         0.261         0.261
 PA4            0.261         0.261         0.261         0.261         0.261
 GENERAL5       0.361         0.361         0.361         0.361         0.361
 THREAT56       0.361         0.361         0.361         0.361         0.361
 COPE567        0.361         0.361         0.361         0.361         0.361
 FNR567         0.361         0.361         0.361         0.361         0.361
 LOSS567        0.361         0.361         0.361         0.361         0.361
 SLEEP567       0.361         0.361         0.361         0.361         0.361
 SOMATIC5       0.310         0.310         0.310         0.310         0.310
 PA567          0.361         0.361         0.361         0.361         0.361


           Covariance Coverage
              SLEEP12       SOMATIC1      PA12          GENERAL3      THREAT3
              ________      ________      ________      ________      ________
 SLEEP12        0.566
 SOMATIC1       0.566         0.566
 PA12           0.566         0.566         0.566
 GENERAL3       0.251         0.251         0.251         0.447
 THREAT3        0.251         0.251         0.251         0.447         0.447
 COPE3          0.251         0.251         0.251         0.447         0.447
 FNR3           0.251         0.251         0.251         0.447         0.447
 LOSS3          0.251         0.251         0.251         0.447         0.447
 SLEEP3         0.251         0.251         0.251         0.447         0.447
 SOMATIC3       0.251         0.251         0.251         0.447         0.447
 PA3            0.251         0.251         0.251         0.447         0.447
 GENERAL4       0.261         0.261         0.261         0.203         0.203
 THREAT4        0.261         0.261         0.261         0.203         0.203
 COPE4          0.261         0.261         0.261         0.203         0.203
 FNR4           0.261         0.261         0.261         0.203         0.203
 LOSS4          0.261         0.261         0.261         0.203         0.203
 SLEEP4         0.261         0.261         0.261         0.203         0.203
 SOMATIC4       0.261         0.261         0.261         0.203         0.203
 PA4            0.261         0.261         0.261         0.203         0.203
 GENERAL5       0.361         0.361         0.361         0.288         0.288
 THREAT56       0.361         0.361         0.361         0.288         0.288
 COPE567        0.361         0.361         0.361         0.288         0.288
 FNR567         0.361         0.361         0.361         0.288         0.288
 LOSS567        0.361         0.361         0.361         0.288         0.288
 SLEEP567       0.361         0.361         0.361         0.288         0.288
 SOMATIC5       0.310         0.310         0.310         0.248         0.248
 PA567          0.361         0.361         0.361         0.288         0.288


           Covariance Coverage
              COPE3         FNR3          LOSS3         SLEEP3        SOMATIC3
              ________      ________      ________      ________      ________
 COPE3          0.447
 FNR3           0.447         0.447
 LOSS3          0.447         0.447         0.447
 SLEEP3         0.447         0.447         0.447         0.447
 SOMATIC3       0.447         0.447         0.447         0.447         0.447
 PA3            0.447         0.447         0.447         0.447         0.447
 GENERAL4       0.203         0.203         0.203         0.203         0.203
 THREAT4        0.203         0.203         0.203         0.203         0.203
 COPE4          0.203         0.203         0.203         0.203         0.203
 FNR4           0.203         0.203         0.203         0.203         0.203
 LOSS4          0.203         0.203         0.203         0.203         0.203
 SLEEP4         0.203         0.203         0.203         0.203         0.203
 SOMATIC4       0.203         0.203         0.203         0.203         0.203
 PA4            0.203         0.203         0.203         0.203         0.203
 GENERAL5       0.288         0.288         0.288         0.288         0.288
 THREAT56       0.288         0.288         0.288         0.288         0.288
 COPE567        0.288         0.288         0.288         0.288         0.288
 FNR567         0.288         0.288         0.288         0.288         0.288
 LOSS567        0.288         0.288         0.288         0.288         0.288
 SLEEP567       0.288         0.288         0.288         0.288         0.288
 SOMATIC5       0.248         0.248         0.248         0.248         0.248
 PA567          0.288         0.288         0.288         0.288         0.288


           Covariance Coverage
              PA3           GENERAL4      THREAT4       COPE4         FNR4
              ________      ________      ________      ________      ________
 PA3            0.447
 GENERAL4       0.203         0.465
 THREAT4        0.203         0.465         0.465
 COPE4          0.203         0.465         0.465         0.465
 FNR4           0.203         0.465         0.465         0.465         0.465
 LOSS4          0.203         0.465         0.465         0.465         0.465
 SLEEP4         0.203         0.465         0.465         0.465         0.465
 SOMATIC4       0.203         0.465         0.465         0.465         0.465
 PA4            0.203         0.465         0.465         0.465         0.465
 GENERAL5       0.288         0.301         0.301         0.301         0.301
 THREAT56       0.288         0.301         0.301         0.301         0.301
 COPE567        0.288         0.301         0.301         0.301         0.301
 FNR567         0.288         0.301         0.301         0.301         0.301
 LOSS567        0.288         0.301         0.301         0.301         0.301
 SLEEP567       0.288         0.301         0.301         0.301         0.301
 SOMATIC5       0.248         0.264         0.264         0.264         0.264
 PA567          0.288         0.301         0.301         0.301         0.301


           Covariance Coverage
              LOSS4         SLEEP4        SOMATIC4      PA4           GENERAL5
              ________      ________      ________      ________      ________
 LOSS4          0.465
 SLEEP4         0.465         0.465
 SOMATIC4       0.465         0.465         0.465
 PA4            0.465         0.465         0.465         0.465
 GENERAL5       0.301         0.301         0.301         0.301         0.687
 THREAT56       0.301         0.301         0.301         0.301         0.687
 COPE567        0.301         0.301         0.301         0.301         0.687
 FNR567         0.301         0.301         0.301         0.301         0.687
 LOSS567        0.301         0.301         0.301         0.301         0.687
 SLEEP567       0.301         0.301         0.301         0.301         0.687
 SOMATIC5       0.264         0.264         0.264         0.264         0.605
 PA567          0.301         0.301         0.301         0.301         0.687


           Covariance Coverage
              THREAT56      COPE567       FNR567        LOSS567       SLEEP567
              ________      ________      ________      ________      ________
 THREAT56       0.687
 COPE567        0.687         0.687
 FNR567         0.687         0.687         0.687
 LOSS567        0.687         0.687         0.687         0.687
 SLEEP567       0.687         0.687         0.687         0.687         0.687
 SOMATIC5       0.605         0.605         0.605         0.605         0.605
 PA567          0.687         0.687         0.687         0.687         0.687


           Covariance Coverage
              SOMATIC5      PA567
              ________      ________
 SOMATIC5       0.605
 PA567          0.605         0.687



UNIVARIATE SAMPLE STATISTICS


     UNIVARIATE HIGHER-ORDER MOMENT DESCRIPTIVE STATISTICS

         Variable/         Mean/     Skewness/   Minimum/ % with                Percentiles
        Sample Size      Variance    Kurtosis    Maximum  Min/Max      20%/60%    40%/80%    Median

     GENERAL12             0.101       1.007      -1.460    0.29%      -0.707     -0.350     -0.152
             349.000       0.879       0.638       3.615    0.29%       0.109      0.815
     THREAT12             -0.016       0.237      -1.801    0.29%      -0.529     -0.188     -0.026
             349.000       0.376       0.663       2.511    0.29%       0.111      0.480
     COPE12                0.000      -0.397      -2.481    0.29%      -0.486     -0.159      0.035
             349.000       0.480       0.763       1.693    0.29%       0.173      0.523
     FNR12                -0.013      -0.015      -2.476    0.29%      -0.560     -0.150      0.008
             349.000       0.470       0.582       2.258    0.29%       0.167      0.494
     LOSS12               -0.009       1.021      -1.986    0.29%      -0.536     -0.281     -0.138
             349.000       0.554       3.334       4.204    0.29%       0.072      0.492
     SLEEP12              -0.012       0.567      -2.139    0.29%      -0.576     -0.277     -0.108
             349.000       0.525       0.849       3.078    0.29%       0.077      0.554
     SOMATIC12            -0.002       0.079      -2.246    0.29%      -0.699     -0.215     -0.023
             349.000       0.549      -0.398       1.706    0.29%       0.204      0.589
     PA12                  0.029       0.088      -1.920    0.29%      -0.424     -0.134     -0.009
             349.000       0.321       0.501       1.966    0.29%       0.131      0.467
     GENERAL3             -0.023       0.829      -1.362    0.36%      -0.753     -0.381     -0.190
             276.000       0.711       0.417       3.153    0.36%       0.016      0.625
     THREAT3               0.012      -0.160      -1.940    0.36%      -0.498     -0.128     -0.007
             276.000       0.323       0.102       1.495    0.36%       0.173      0.478
     COPE3                -0.002       0.168      -2.308    0.36%      -0.535     -0.122      0.022
             276.000       0.497       1.897       3.396    0.36%       0.142      0.544
     FNR3                  0.015      -0.114      -2.235    0.36%      -0.454     -0.089      0.011
             276.000       0.433       0.528       1.798    0.36%       0.135      0.517
     LOSS3                -0.028       1.491      -2.387    0.36%      -0.524     -0.228     -0.097
             276.000       0.567       7.830       5.008    0.36%       0.052      0.417
     SLEEP3                0.026       0.329      -1.913    0.36%      -0.626     -0.201     -0.045
             276.000       0.564       0.130       2.084    0.36%       0.153      0.602
     SOMATIC3              0.006       0.050      -1.815    0.36%      -0.904     -0.281     -0.002
             276.000       0.710      -1.291       1.446    0.36%       0.241      0.893
     PA3                  -0.015       0.373      -1.901    0.36%      -0.466     -0.181     -0.048
             276.000       0.354       1.579       2.690    0.36%       0.092      0.442
     GENERAL4             -0.072       0.457      -2.430    0.35%      -0.790     -0.358     -0.148
             287.000       0.743       0.392       2.609    0.35%       0.037      0.620
     THREAT4              -0.028       0.824      -1.618    0.35%      -0.517     -0.217     -0.095
             287.000       0.367       2.027       2.704    0.35%       0.074      0.421
     COPE4                 0.004      -1.890      -4.758    0.35%      -0.452     -0.045      0.050
             287.000       0.628       9.018       1.748    0.35%       0.165      0.568
     FNR4                  0.000       2.344      -1.895    0.35%      -0.503     -0.148     -0.050
             287.000       0.581      13.263       5.046    0.35%       0.069      0.426
     LOSS4                -0.009       1.646      -1.779    0.35%      -0.564     -0.266     -0.119
             287.000       0.560       6.433       4.776    0.35%       0.014      0.537
     SLEEP4               -0.008       1.489      -1.169    0.35%      -0.500     -0.352     -0.234
             287.000       0.487       2.511       3.258    0.35%      -0.088      0.417
     SOMATIC4             -0.001       1.339      -1.838    0.35%      -0.568     -0.239     -0.082
             287.000       0.555       3.620       3.301    0.35%       0.036      0.439
     PA4                   0.011      -0.941      -3.067    0.35%      -0.473     -0.065      0.093
             287.000       0.459       2.412       2.094    0.35%       0.210      0.544
     GENERAL567           -0.100       1.216      -1.312    0.24%      -0.815     -0.492     -0.280
             424.000       0.676       1.506       3.372    0.24%      -0.106      0.474
     THREAT567            -0.005       0.328      -2.469    0.24%      -0.441     -0.147     -0.024
             424.000       0.395       2.225       2.835    0.24%       0.106      0.415
     COPE567               0.012      -0.197      -2.281    0.24%      -0.536     -0.093      0.036
             424.000       0.478       0.562       2.014    0.24%       0.153      0.534
     FNR567                0.006       0.083      -1.973    0.24%      -0.492     -0.103      0.009
             424.000       0.462       0.807       2.472    0.24%       0.136      0.514
     LOSS567               0.005       0.709      -2.362    0.24%      -0.461     -0.163     -0.062
             424.000       0.435       2.852       3.459    0.24%       0.078      0.462
     SLEEP567              0.015       0.797      -1.755    0.24%      -0.517     -0.215     -0.084
             424.000       0.496       1.072       2.498    0.24%       0.049      0.515
     SOMATIC567            0.003       0.254      -1.649    0.27%      -0.794     -0.218     -0.009
             373.000       0.640      -0.923       1.759    0.27%       0.173      0.745
     PA567                 0.016       0.034      -1.899    0.24%      -0.436     -0.121     -0.006
             424.000       0.351       0.628       2.023    0.24%       0.118      0.476

RANDOM STARTS RESULTS RANKED FROM THE BEST TO THE WORST LOGLIKELIHOOD VALUES

1343 perturbed starting value run(s) did not converge in the initial stage
optimizations.

Final stage loglikelihood values at local maxima, seeds, and initial stage start numbers:

          -10356.068  937885           426
          -10356.068  238317           812
          -10356.068  274041           8444
          -10356.068  840190           4373
          -10356.068  748492           7884
          -10356.068  80199            5390
          -10356.068  129198           1928
          -10356.068  137342           8456
          -10356.068  845466           3157
          -10356.068  373815           618
          -10356.068  901494           5905
          -10356.068  238260           7978
          -10356.068  340176           8226
          -10356.068  928686           3349
          -10356.068  889779           6583
          -10356.068  804903           5305
          -10356.068  338064           3691
          -10356.068  833095           5358
          -10356.068  102504           7215
          -10356.068  177970           8511
          -10356.068  518896           3970
          -10356.068  110522           9108
          -10356.068  345078           8283
          -10356.068  227492           8698
          -10356.068  43523            297
          -10356.068  632449           8877
          -10356.068  497478           5179
          -10356.068  882429           5889
          -10356.068  425133           3079
          -10356.068  299774           1777
          -10356.068  641141           9437
          -10356.068  503731           6207
          -10356.068  884632           9894
          -10356.068  625500           6855
          -10356.068  215483           1952
          -10356.068  76847            1959
          -10356.068  436892           565
          -10356.068  383979           603
          -10356.068  466048           5913
          -10356.068  526408           5415
          -10356.068  742450           2853
          -10356.068  543031           7895
          -10356.068  172187           8060
          -10356.068  923099           7064
          -10356.068  684744           7236
          -10356.068  96685            8717
          -10356.068  73288            7071
          -10356.068  390873           9281
          -10356.068  607642           1838
          -10356.068  588082           7995
          -10356.068  621441           2398
          -10356.068  736047           4944
          -10356.068  852314           7439
          -10356.068  909982           4709
          -10356.068  778787           1677
          -10356.068  865152           7677
          -10356.068  495995           1745
          -10356.068  909990           3843
          -10356.068  75212            8801
          -10356.068  583732           6224
          -10356.068  923803           1002
          -10356.068  274387           5491
          -10356.068  566428           6616
          -10356.068  406311           3560
          -10356.068  226990           9244
          -10356.068  698420           3334
          -10356.068  301697           5968
          -10356.068  391735           5495
          -10356.068  870721           3701
          -10356.068  325724           1043
          -10356.068  748083           4737
          -10356.068  231978           6568
          -10356.068  150002           8990
          -10356.068  473804           9057
          -10356.068  802487           9756
          -10356.068  unperturbed      0
          -10356.068  536017           2977
          -10356.068  906379           8570
          -10356.068  848579           2263
          -10356.068  856706           6798
          -10356.068  172544           6109
          -10356.068  329257           8028
          -10356.068  755800           8274
          -10356.068  81600            9778
          -10356.068  925636           8772
          -10356.068  93856            1127
          -10356.068  124605           5492
          -10356.068  508613           1494
          -10356.068  993821           7966
          -10356.068  956896           5494
          -10356.068  639303           7944
          -10356.068  258251           2982
          -10356.068  677447           3499
          -10356.068  714574           2046
          -10356.068  478421           311
          -10356.068  287191           5227
          -10356.068  563452           7834
          -10356.068  53584            5162
          -10356.068  739307           9257
          -10356.068  675755           3189
          -10356.068  184785           7445
          -10356.068  487869           6949
          -10356.068  417655           4366
          -10356.068  446499           8167
          -10356.068  847129           3854
          -10356.068  364465           6458
          -10356.068  614098           3308
          -10356.068  824535           3127
          -10356.068  188607           7600
          -10356.068  411310           6398
          -10356.068  861678           4993
          -10356.068  893446           5226
          -10356.068  732904           2739
          -10356.068  671580           2924
          -10356.068  194108           5925
          -10356.068  68850            462
          -10356.068  461091           6783
          -10356.068  498885           4133
          -10356.068  208706           6552
          -10356.068  372176           23
          -10356.068  416957           9662
          -10356.068  986875           4042
          -10356.068  751987           9831
          -10356.068  195705           7761
          -10356.068  136168           4012
          -10356.068  777244           2852
          -10356.068  236257           8381
          -10356.068  561513           3345
          -10356.068  205402           9132
          -10356.068  322897           9539
          -10356.068  568              3381
          -10356.068  735329           9908
          -10356.068  480009           2598
          -10356.068  755095           2991
          -10356.068  502532           445
          -10356.068  156106           9103
          -10356.068  479256           1915
          -10356.068  657909           2912
          -10356.068  340323           9104
          -10356.068  810705           626
          -10356.068  890000           4814
          -10356.068  391080           5095
          -10356.068  608363           1041
          -10356.068  399539           3218
          -10356.068  507276           5572
          -10356.068  539389           544
          -10356.068  781442           1230
          -10356.068  492751           6381
          -10356.068  69098            2788
          -10356.068  716642           3151
          -10356.068  674775           8541
          -10356.068  22362            365
          -10356.068  545848           5502
          -10356.068  330019           8100
          -10356.068  287787           1630
          -10356.068  941497           1317
          -10356.068  865693           1380
          -10356.068  362530           4096
          -10356.068  155622           507
          -10356.068  32782            5891
          -10356.068  704905           3749
          -10356.068  570518           6831
          -10356.068  373731           5310
          -10356.068  931896           2418
          -10356.068  467054           3103
          -10356.068  933860           8458
          -10356.068  813605           2152
          -10356.068  345196           3989
          -10356.068  686933           7378
          -10356.068  448247           9890
          -10356.068  535063           329
          -10356.068  852736           7934
          -10356.068  599087           9165
          -10356.068  726290           6571
          -10356.068  433283           5888
          -10356.068  198168           3382
          -10356.068  171616           8189
          -10356.068  474283           6159
          -10356.068  752555           7974
          -10356.068  908981           7645
          -10356.068  5568             8837
          -10356.068  383371           3818
          -10356.068  259437           9208
          -10356.068  11397            944
          -10356.068  495190           1014
          -10356.068  95308            2618
          -10356.068  734978           5042
          -10356.068  617186           6871
          -10356.068  459408           3621
          -10356.068  222996           7011
          -10356.068  818326           3401
          -10356.068  677999           3346
          -10356.068  533738           11
          -10356.068  785309           2490
          -10356.068  892537           2957
          -10356.068  456812           3246
          -10356.068  989029           4281
          -10356.068  506501           9153
          -10356.068  252507           9589
          -10356.068  568838           7689
          -10356.068  232337           9380
          -10356.068  780120           7947
          -10356.068  315325           5408
          -10356.068  69900            8251
          -10356.068  845853           8697
          -10356.068  962859           4380
          -10356.068  245197           7646
          -10356.068  377463           7679
          -10356.068  269374           2321
          -10356.068  651510           4764
          -10356.068  20436            5309
          -10356.068  820822           3986
          -10356.068  412899           5206
          -10356.068  303697           8110
          -10356.068  909803           7631
          -10356.068  94610            884
          -10356.068  420910           928
          -10356.068  280383           4836
          -10356.068  241758           9044
          -10356.068  426557           1306
          -10356.068  270418           8836
          -10356.068  656497           7343
          -10356.068  168599           6083
          -10356.068  257493           8240
          -10356.068  582181           2417
          -10356.068  969468           2674
          -10356.068  447262           5448
          -10356.068  362982           9481
          -10356.068  126727           8147
          -10356.068  820075           8680
          -10356.068  598569           4600
          -10356.068  760324           2626
          -10356.068  413831           8685
          -10356.068  199523           5379
          -10356.068  395865           2451
          -10356.068  901288           8054
          -10356.068  75168            1160
          -10356.068  124781           6796
          -10356.068  842721           8824
          -10356.068  786697           3291
          -10356.068  259161           2229
          -10356.068  535409           6008
          -10356.068  530291           2488
          -10356.068  177936           726
          -10356.068  753916           2300
          -10356.068  495089           8798
          -10356.068  314222           9164
          -10356.068  635624           5371
          -10356.068  586870           1538
          -10356.068  741206           8645
          -10356.068  393453           1355
          -10356.068  323772           8507
          -10356.068  456969           9011
          -10356.068  15886            4049
          -10356.068  123544           8638
          -10356.068  650236           6651
          -10356.068  477475           6934
          -10356.068  859902           9310
          -10356.068  159380           8504
          -10356.068  667455           2558
          -10356.068  158901           8325
          -10356.068  260102           5137
          -10356.068  542688           6950
          -10356.068  857751           3415
          -10356.068  899062           3493
          -10356.068  597046           4957
          -10356.068  149950           7323
          -10356.068  759802           4068
          -10356.068  240109           9215
          -10356.068  14721            3180
          -10356.068  410745           3424
          -10356.068  733337           1105
          -10356.068  739403           8763
          -10356.068  633681           2580
          -10356.068  274095           4062
          -10356.068  117177           9453
          -10356.068  32968            9482
          -10356.068  297024           7259
          -10356.068  338208           9534
          -10356.068  115218           1382
          -10356.068  761161           6344
          -10356.068  884619           1441
          -10356.068  487062           3009
          -10356.068  654041           3472
          -10356.068  988419           4614
          -10356.068  500011           5685
          -10356.068  657861           3779
          -10356.068  135              2132
          -10356.068  277475           2143
          -10356.068  718876           1104
          -10356.068  138750           4493
          -10356.068  62115            4430
          -10356.068  998027           9859
          -10356.068  771981           2860
          -10356.068  343014           3867
          -10356.068  254520           8940
          -10356.068  751512           4747
          -10356.068  262488           4939
          -10356.068  46162            6432
          -10356.068  923601           3890
          -10356.068  368648           4707
          -10356.068  735663           4273
          -10356.068  590834           785
          -10356.068  782179           835
          -10356.068  138695           783
          -10356.068  507154           387
          -10356.068  291601           7965
          -10356.068  882695           9747
          -10356.068  535533           6842
          -10356.068  305006           3775
          -10356.068  810730           4225
          -10356.068  659008           3762
          -10356.068  169819           3322
          -10356.068  559773           1440
          -10356.068  976313           9365
          -10356.068  704526           6256
          -10356.068  558149           9972
          -10356.068  387682           8802
          -10356.068  425831           2022
          -10356.068  482276           5935
          -10356.068  403235           6717
          -10356.068  755526           4743
          -10356.068  813954           2931
          -10356.068  581196           921
          -10356.068  406118           3827
          -10356.068  2066             1228
          -10356.068  503064           8604
          -10356.068  670281           721
          -10356.068  936981           4069
          -10356.068  152967           7268
          -10356.068  28834            8702
          -10356.068  320343           5411
          -10356.068  600373           2769
          -10356.068  364901           2873
          -10356.068  510814           3219
          -10356.068  284809           7993
          -10356.068  922227           4865
          -10356.068  122081           4809
          -10356.068  548301           5906
          -10356.068  335396           5902
          -10356.068  758445           5200
          -10356.068  738762           5144
          -10356.068  342197           3777
          -10356.068  326660           8722
          -10356.068  247610           2039
          -10356.068  699810           571
          -10356.068  444166           1443
          -10356.068  484624           8351
          -10356.068  442267           3460
          -10356.068  144709           4514
          -10356.068  232094           6958
          -10356.068  340878           7473
          -10356.068  385102           8610
          -10356.068  47719            962
          -10356.068  415538           1196
          -10356.068  902684           4829
          -10356.068  144139           1272
          -10356.068  89703            6496
          -10356.068  713232           9093
          -10356.068  733775           2617
          -10356.068  478386           2720
          -10356.068  484406           421
          -10356.068  774896           4173
          -10356.068  968175           2744
          -10356.068  664480           6295
          -10356.068  729588           5810
          -10356.068  462839           5579
          -10356.068  715121           9460
          -10356.068  49959            1074
          -10356.068  155759           4547
          -10356.068  494976           6559
          -10356.068  119513           821
          -10356.068  82983            7278
          -10356.068  665772           5973
          -10356.068  135072           2915
          -10356.068  993988           7484
          -10356.068  274423           9533
          -10356.068  716525           9592
          -10356.068  179326           8426
          -10356.068  927010           7382
          -10356.068  844111           5278
          -10356.068  479273           156
          -10356.068  214796           4721
          -10356.068  407248           7220
          -10356.068  854487           6966
          -10356.068  132680           7891
          -10356.068  818852           1650
          -10356.068  758130           5649
          -10356.068  737350           8074
          -10356.068  549012           9161
          -10356.068  467831           3896
          -10356.068  91817            6268
          -10356.068  499642           8895
          -10356.068  171846           3365
          -10356.068  163110           584
          -10356.068  843933           3832
          -10356.068  291470           8040
          -10356.068  163626           4023
          -10356.068  763231           7599
          -10356.068  699580           3190
          -10356.068  570378           9195
          -10356.068  261431           2506
          -10356.068  299996           1853
          -10356.068  414372           4094
          -10356.068  814807           4189
          -10356.068  29591            633
          -10356.068  428590           7720
          -10356.068  323107           9716
          -10356.068  572684           5754
          -10356.068  150412           6402
          -10356.068  777529           3477
          -10356.068  686482           215
          -10356.068  876943           650
          -10356.068  264605           4879
          -10356.068  323010           6856
          -10356.068  25846            4860
          -10356.068  821210           7283
          -10356.068  881897           6482
          -10356.068  464174           1461
          -10356.068  454426           6974
          -10356.068  891605           3611
          -10356.068  860029           760
          -10356.068  730577           6101
          -10356.068  782781           2587
          -10356.068  842859           4882
          -10356.068  22377            7744
          -10356.068  941047           5896
          -10356.068  90638            6723
          -10356.068  120368           6622
          -10356.068  518247           8159
          -10356.068  544077           809
          -10356.068  102093           1521
          -10356.068  606960           2657
          -10356.068  158848           5242
          -10356.068  710971           9689
          -10356.068  182318           1536
          -10356.068  140899           6624
          -10356.068  521822           9406
          -10356.068  827063           3234
          -10356.068  50005            5940
          -10356.068  898918           5401
          -10356.068  92355            1997
          -10356.068  451245           6956
          -10356.068  897975           3527
          -10356.068  265927           3685
          -10356.068  440963           3012
          -10356.068  971853           402
          -10356.068  325742           8919
          -10356.068  889020           2277
          -10356.068  982343           9733
          -10356.068  496186           8808
          -10356.068  662269           8046
          -10356.068  231373           2766
          -10356.068  260147           3064
          -10356.068  978208           6468
          -10356.068  291664           7959
          -10356.068  837741           7998
          -10356.068  879409           2041
          -10356.068  151923           2983
          -10356.068  875907           5433
          -10356.068  941043           3148
          -10356.068  783968           4429
          -10356.068  88015            8978
          -10356.068  176837           2193
          -10356.068  782823           8769
          -10356.068  891712           8011
          -10356.068  229537           4995
          -10356.068  219406           6590
          -10356.068  360597           1174
          -10356.068  978781           497
          -10356.068  429510           4040
          -10356.068  530079           3551
          -10356.068  837278           8622
          -10356.068  241997           2573
          -10356.068  928860           1651
          -10356.068  282829           7163
          -10356.068  36642            2509
          -10356.068  538748           8595
          -10356.963  332986           1193
          -10356.963  761302           744
          -10356.963  332156           4043
          -10356.963  657082           5319
          -10356.963  419474           3544
          -10356.963  176912           4293
          -10356.963  675876           9488
          -10356.963  477797           9984
          -10356.963  661337           1754
          -10356.963  392418           28
          -10356.963  977087           7896
          -10356.963  179090           2206
          -10356.963  940695           8540
          -10356.963  479110           1796
          -10356.963  913941           8985
          -10356.963  523432           6037
          -10356.963  334027           4184
          -10356.963  660142           9776
          -10356.963  886496           4680
          -10356.963  73609            6968
          -10356.963  378363           6188
          -10356.963  627679           4242
          -10356.963  961908           3194
          -10356.963  797742           7295
          -10356.963  471040           403
          -10356.963  93468            3
          -10356.963  37986            9796
          -10356.963  217645           2102
          -10356.963  91002            8998
          -10356.963  348637           749
          -10356.963  788197           3328
          -10356.963  89882            9296
          -10356.963  877578           9574
          -10356.963  790099           4838
          -10356.963  718310           7456
          -10356.963  912613           9722
          -10356.963  877705           3399
          -10356.963  846255           4851
          -10356.963  797493           1563
          -10356.963  420002           9847
          -10356.963  420002           2011
          -10356.963  932458           1132
          -10356.963  77571            980
          -10356.963  131464           5548
          -10356.963  965994           396
          -10356.963  224151           973
          -10356.963  302478           2925
          -10356.963  200506           3391
          -10356.963  224513           6973
          -10356.963  650169           9769
          -10356.963  364676           27
          -10356.963  430771           5118
          -10356.963  124822           6896
          -10356.963  628997           1188
          -10356.963  303429           1016
          -10356.963  781981           8207
          -10356.963  526244           3457
          -10356.963  956984           3898
          -10356.963  329626           2457
          -10356.963  725610           8761
          -10356.963  430616           9799
          -10356.963  165213           2343
          -10356.963  612578           1512
          -10356.963  399380           436
          -10356.963  436615           8653
          -10356.963  914807           9221
          -10356.963  783102           433
          -10356.963  456199           3845
          -10356.963  605319           8477
          -10356.963  764839           7988
          -10356.963  779242           5006
          -10356.963  173440           328
          -10356.963  238884           5339
          -10356.963  35478            2103
          -10356.963  892390           8449
          -10356.963  160779           2668
          -10356.963  889968           6472
          -10356.963  527412           7073
          -10356.963  766076           4014
          -10356.963  95387            2651
          -10356.963  324461           4566
          -10356.963  897782           545
          -10356.963  726491           4442
          -10356.963  26564            9278
          -10356.963  576917           9879
          -10356.963  274379           7292
          -10356.963  793318           7437
          -10356.963  660633           5171
          -10356.963  348892           1010
          -10356.963  159611           4548
          -10356.963  606024           7666
          -10356.963  288620           1171
          -10356.963  168357           8118
          -10356.963  809897           8067
          -10356.963  621197           1029
          -10356.963  193081           6820
          -10356.963  329099           3992
          -10356.963  384869           6680
          -10356.963  521025           9410
          -10356.963  132883           5328
          -10356.963  747511           3236
          -10356.963  46908            3949
          -10356.963  526094           5315
          -10356.963  170194           1653
          -10356.963  875043           5528
          -10356.963  712916           2592
          -10356.963  938409           1144
          -10356.963  794411           5790
          -10356.963  303634           169
          -10356.963  333096           5035
          -10356.963  353580           1794
          -10356.963  473657           3966
          -10356.963  645295           2443
          -10356.963  949451           2497
          -10356.963  863157           5145
          -10356.963  141327           6923
          -10356.963  663409           3751
          -10356.963  252346           528
          -10356.963  717359           9211
          -10356.963  684993           1148
          -10356.963  499951           3153
          -10356.963  128658           6995
          -10356.963  721467           3514
          -10356.963  755198           3814
          -10356.963  219306           6751
          -10356.963  111412           4358
          -10356.963  480340           8624
          -10356.963  621308           3960
          -10356.963  85352            2562
          -10356.963  875431           2148
          -10356.963  525001           4013
          -10356.963  82661            2252
          -10356.963  527572           9785
          -10356.963  310508           8580
          -10356.963  613342           3894
          -10356.963  140694           5735
          -10356.963  871314           9531
          -10356.963  901150           1143
          -10356.963  149797           6190
          -10356.963  15167            5677
          -10356.963  636329           8563
          -10356.963  625871           8124
          -10356.963  83862            8395
          -10356.963  123075           6383
          -10356.963  720229           7749
          -10356.963  113761           6406
          -10356.963  987445           7475
          -10356.963  196672           8744
          -10356.963  438372           4108
          -10356.963  415872           4685
          -10356.963  335561           2566
          -10356.963  874605           6419
          -10356.963  544075           8359
          -10356.963  54085            5617
          -10356.963  800978           5214
          -10356.963  263870           7601
          -10356.963  626232           7287
          -10356.963  175583           1362
          -10356.963  412626           5832
          -10356.963  970748           8255
          -10356.963  958223           3032
          -10356.963  981727           1781
          -10356.963  916506           8767
          -10356.963  302375           6550
          -10356.963  250631           2013
          -10356.963  941525           609
          -10356.963  888286           2472
          -10356.963  230621           4074
          -10356.963  36477            8734
          -10356.963  822821           9842
          -10356.963  715925           6780
          -10356.963  296494           8503
          -10356.963  286879           9582
          -10356.963  494273           9196
          -10356.963  617658           660
          -10356.963  767778           7158
          -10356.963  279725           5288
          -10356.963  991623           8832
          -10357.090  36599            9979
          -10357.090  627358           6291
          -10357.090  955502           1119
          -10357.090  396503           9135
          -10357.090  86663            9156
          -10357.090  896562           2773
          -10357.090  570805           4863
          -10357.090  381162           7022
          -10357.090  714782           4795
          -10357.090  847540           3988
          -10357.090  204677           9638
          -10357.090  457120           7970
          -10357.090  680576           9805
          -10357.090  143810           7103
          -10357.090  674167           9548
          -10357.090  619114           2697
          -10357.090  914076           5464
          -10357.090  710771           5070
          -10357.090  619818           8906
          -10357.090  866911           7458
          -10357.090  483996           9052
          -10357.090  875613           7665
          -10357.090  830367           1351
          -10357.090  824026           2867
          -10357.090  392751           480
          -10357.090  1548             384
          -10357.090  554890           6006
          -10357.090  641794           591
          -10357.090  641794           5098
          -10357.090  529389           4725
          -10357.090  843555           952
          -10357.090  83263            2251
          -10357.090  271591           5458
          -10357.090  571034           6776
          -10357.090  974611           9086
          -10357.090  736635           7286
          -10357.090  513949           1910
          -10357.090  851833           4786
          -10357.090  462228           298
          -10357.090  812927           6914
          -10357.090  791883           5817
          -10357.090  417342           6942
          -10357.090  480924           8191
          -10357.090  941919           6650
          -10357.090  913322           8034
          -10357.090  197621           1172
          -10357.090  854613           3023
          -10357.090  893936           8714
          -10357.090  110800           4689
          -10357.090  201077           8096
          -10357.090  978555           3508
          -10357.090  454487           5723
          -10357.090  523463           4305
          -10357.090  157844           9125
          -10357.090  794866           2795
          -10357.090  757461           7241
          -10357.090  124303           7695
          -10357.090  60814            5931
          -10357.090  682677           7340
          -10357.090  328429           4327
          -10357.090  466602           5120
          -10357.090  441620           6964
          -10357.090  543722           4577
          -10357.090  752953           5097
          -10357.090  876056           1000
          -10357.090  494115           2634
          -10357.090  853584           5879
          -10357.090  914505           838
          -10357.090  689529           516
          -10357.090  369973           2201
          -10357.090  683518           2521
          -10357.090  928789           3670
          -10357.090  850953           4066
          -10357.090  414828           322
          -10357.090  253673           5800
          -10357.090  48513            5239
          -10357.090  465976           6637
          -10357.090  704532           3637
          -10357.090  858940           8104
          -10357.090  168000           3882
          -10357.090  752147           9031
          -10357.090  980970           894
          -10357.090  692435           6807
          -10357.090  238115           5549
          -10357.090  692628           3554
          -10357.090  78364            3903
          -10357.090  966014           37
          -10357.090  611354           8650
          -10357.090  284400           1298
          -10357.090  372635           2849
          -10357.090  167280           3238
          -10357.090  277422           1485
          -10357.090  1418             6898
          -10357.090  572840           4621
          -10357.090  15715            274
          -10357.090  420322           1165
          -10357.090  316562           5395
          -10357.090  853195           431
          -10357.090  139864           8435
          -10357.090  802779           122
          -10357.090  860177           4271
          -10357.090  606843           7535
          -10357.090  991522           4304
          -10357.090  939870           655
          -10357.090  366739           1283
          -10357.090  283327           8983
          -10357.090  386235           3950
          -10357.090  923418           8326
          -10357.090  649715           4926
          -10357.090  882221           5523
          -10357.090  513053           5961
          -10357.090  515133           8584
          -10357.090  74736            2335
          -10357.090  576960           3456
          -10357.090  13921            6843
          -10357.090  881429           7336
          -10357.090  131818           5823
          -10357.090  297299           8490
          -10357.090  547702           767
          -10357.090  217990           1077
          -10357.090  57610            5561
          -10357.090  462159           6130
          -10357.090  322593           1893
          -10357.090  987461           9960
          -10357.090  902367           4158
          -10357.090  105022           3052
          -10357.090  592043           1090
          -10357.090  173997           3500
          -10357.090  11005            7683
          -10357.090  203018           3813
          -10357.090  307204           4410
          -10357.090  872628           2146
          -10357.090  376289           1798
          -10357.090  485590           3195
          -10357.090  257136           1774
          -10357.090  196844           3804
          -10357.090  672339           1693
          -10357.090  573574           1703
          -10357.090  196948           1465
          -10357.090  178341           1592
          -10357.090  37287            7531
          -10357.090  126944           8502
          -10357.090  309523           3620
          -10357.090  806234           2362
          -10357.090  933686           7996
          -10357.090  780421           9605
          -10357.090  657994           788
          -10357.090  387058           3120
          -10357.090  493140           5488
          -10357.090  937706           4464
          -10357.090  653495           9551
          -10357.090  36714            201
          -10357.090  105826           8131
          -10357.090  888391           8032
          -10357.090  390600           9536
          -10357.090  510020           4968
          -10357.090  960326           6162
          -10357.090  88617            8156
          -10357.090  45859            8380
          -10357.090  606437           8963
          -10357.090  137877           1679
          -10357.090  409172           6077
          -10357.090  389815           4093
          -10357.090  210021           9175
          -10357.090  734100           2162
          -10357.090  399671           13
          -10357.090  979836           8784
          -10357.090  292794           5362
          -10357.090  360419           356
          -10357.090  908201           2317
          -10357.090  960137           7223
          -10357.090  754867           7430
          -10357.090  676223           3227
          -10357.090  565969           8196
          -10357.090  74096            3359
          -10357.090  772315           1958
          -10357.090  919335           3253
          -10357.090  214047           8907
          -10357.090  358083           2344
          -10357.090  626264           3014
          -10357.090  407732           3211
          -10357.090  409744           2588
          -10357.090  483015           6456
          -10357.090  376290           6092
          -10357.090  799220           4081
          -10357.090  76736            1142
          -10357.090  786218           2338
          -10357.090  882590           6132
          -10357.090  254020           3167
          -10357.090  905019           4019
          -10357.090  777897           5360
          -10357.090  105624           3977
          -10357.090  197385           1259
          -10357.090  518277           7519
          -10357.090  358115           1724
          -10357.090  370639           7386
          -10357.090  614420           8973
          -10357.090  15418            6596
          -10357.090  691368           3416
          -10357.090  946002           3601
          -10357.090  87557            6633
          -10357.090  582791           9360
          -10357.090  748930           5274
          -10357.090  598245           1655
          -10357.090  14057            9648
          -10357.090  974877           6310
          -10357.090  352576           9565
          -10357.090  662033           4067
          -10357.090  768516           9260
          -10357.090  302198           9405
          -10357.090  448388           3844
          -10357.090  993067           4760
          -10357.090  352277           42
          -10357.090  751095           5987
          -10357.090  158512           7156
          -10357.090  260601           36
          -10357.090  434591           4144
          -10357.090  547106           7771
          -10357.090  144851           6140
          -10357.090  526742           1546
          -10357.090  173137           4109
          -10357.090  102728           9335
          -10357.090  870582           6543
          -10357.090  95624            1605
          -10357.090  779315           6232
          -10357.090  229150           7391
          -10357.090  632584           9884
          -10357.090  34731            7769
          -10357.090  148069           5706
          -10357.090  842969           7300
          -10357.090  979563           6171
          -10357.090  978061           488
          -10357.090  296890           8551
          -10357.090  417998           8227
          -10357.090  562716           300
          -10357.090  120100           5289
          -10357.090  460808           5450
          -10357.090  681079           3005
          -10357.090  776052           9801
          -10357.090  863378           2556
          -10357.090  818450           2894
          -10357.090  160428           6084
          -10357.090  618000           190
          -10357.090  910746           6363
          -10357.090  563156           7165
          -10357.090  645052           910
          -10357.090  193847           354
          -10357.090  128611           4121
          -10357.090  699834           723
          -10357.090  8903             7869
          -10357.090  941205           3741
          -10357.090  225991           5167
          -10357.090  584751           4113
          -10357.090  927314           4241
          -10357.090  396795           323
          -10357.090  730511           8633
          -10357.090  434478           7662
          -10357.090  53160            3996
          -10357.090  31106            6213
          -10357.090  945490           3300
          -10357.644  465028           2361
          -10357.644  17359            227
          -10357.644  217403           1028
          -10357.644  872295           2899
          -10357.644  483555           9956
          -10357.644  247224           94
          -10357.644  942358           644
          -10357.644  753789           3461
          -10357.644  722923           4751
          -10357.644  246967           1557
          -10357.644  117671           6525
          -10357.644  519511           4219
          -10357.644  509060           1548
          -10357.644  900041           3785
          -10357.644  775881           778
          -10357.644  939260           6133
          -10357.644  369080           7625
          -10357.644  37806            4535
          -10357.644  426430           6884
          -10357.644  252949           487
          -10357.644  573781           8025
          -10357.644  897341           5338
          -10357.644  460747           2274
          -10357.644  675197           7564
          -10357.644  678226           4640
          -10357.644  530309           6393
          -10357.644  510983           7252
          -10357.644  889772           2832
          -10357.644  249543           6977
          -10357.644  277870           5640
          -10357.644  90504            3842
          -10357.644  309989           2428
          -10357.644  926654           9322
          -10357.644  428684           6040
          -10357.644  488565           5839
          -10357.644  443530           5886
          -10357.644  388317           8840
          -10357.644  963967           941
          -10357.644  809269           6860
          -10357.644  494209           904
          -10357.644  822080           7987
          -10357.644  608849           224
          -10357.644  933255           6610
          -10357.644  37570            3925
          -10357.644  558795           8816
          -10357.644  624597           8741
          -10357.644  669328           8029
          -10357.644  86205            9759
          -10357.644  269529           1850
          -10357.644  814292           4967
          -10357.644  64717            1631
          -10357.644  320859           9829
          -10357.644  917702           693
          -10357.644  568534           961
          -10357.644  404917           1338
          -10357.644  335353           5419
          -10357.644  528938           1898
          -10357.644  961454           665
          -10357.644  356870           6621
          -10357.644  517364           7119
          -10357.644  553853           9091
          -10357.644  864683           2606
          -10357.644  460241           7265
          -10357.644  448580           2845
          -10357.644  113666           5635
          -10357.644  955828           2491
          -10357.644  334092           2974
          -10357.644  186678           7310
          -10357.644  165794           4312
          -10357.644  431145           7592
          -10357.644  804990           2154
          -10357.644  104785           5444
          -10357.644  638118           1588
          -10357.644  72306            7853
          -10357.644  202241           9706
          -10357.644  266178           7893
          -10357.644  715866           9486
          -10357.644  927406           8785
          -10357.644  352849           2962
          -10357.644  772645           6117
          -10357.644  721249           5329
          -10357.644  185789           5112
          -10357.644  285979           5089
          -10357.644  288282           6195



THE BEST LOGLIKELIHOOD VALUE HAS BEEN REPLICATED.  RERUN WITH AT LEAST TWICE THE
RANDOM STARTS TO CHECK THAT THE BEST LOGLIKELIHOOD IS STILL OBTAINED AND REPLICATED.


THE MODEL ESTIMATION TERMINATED NORMALLY



MODEL FIT INFORMATION

Number of Free Parameters                      177

Loglikelihood

          H0 Value                      -10356.068

Information Criteria

          Akaike (AIC)                   21066.136
          Bayesian (BIC)                 21849.338
          Sample-Size Adjusted BIC       21287.395
            (n* = (n + 2) / 24)



FINAL CLASS COUNTS AND PROPORTIONS FOR THE LATENT CLASSES
BASED ON THE ESTIMATED MODEL

    Latent
   Classes

       1        379.65154          0.61532
       2        237.34846          0.38468


FINAL CLASS COUNTS AND PROPORTIONS FOR THE LATENT CLASSES
BASED ON ESTIMATED POSTERIOR PROBABILITIES

    Latent
   Classes

       1        379.65154          0.61532
       2        237.34846          0.38468


FINAL CLASS COUNTS AND PROPORTIONS FOR THE LATENT CLASSES
BASED ON THEIR MOST LIKELY LATENT CLASS MEMBERSHIP

Class Counts and Proportions

    Latent
   Classes

       1              388          0.62885
       2              229          0.37115


CLASSIFICATION QUALITY

     Entropy                         0.809


Average Latent Class Probabilities for Most Likely Latent Class Membership (Row)
by Latent Class (Column)

           1        2

    1   0.944    0.056
    2   0.058    0.942


Classification Probabilities for the Most Likely Latent Class Membership (Column)
by Latent Class (Row)

           1        2

    1   0.965    0.035
    2   0.091    0.909


Logits for the Classification Probabilities for the Most Likely Latent Class Membership (Column)
by Latent Class (Row)

              1        2

    1      3.323    0.000
    2     -2.304    0.000


MODEL RESULTS

                                                    Two-Tailed
                    Estimate       S.E.  Est./S.E.    P-Value

Latent Class 1

 GENERAL1 WITH
    GENERAL3           0.294      0.048      6.120      0.000

 GENERAL3 WITH
    GENERAL4           0.053      0.037      1.424      0.155

 GENERAL4 WITH
    GENERAL567         0.113      0.033      3.476      0.001

 THREAT12 WITH
    THREAT3            0.119      0.028      4.322      0.000

 THREAT3  WITH
    THREAT4            0.029      0.028      1.060      0.289

 THREAT4  WITH
    THREAT567          0.001      0.018      0.029      0.977

 COPE12   WITH
    COPE3              0.139      0.033      4.222      0.000

 COPE3    WITH
    COPE4             -0.045      0.027     -1.655      0.098

 COPE4    WITH
    COPE567            0.065      0.028      2.377      0.017

 FNR12    WITH
    FNR3               0.132      0.033      4.031      0.000

 FNR3     WITH
    FNR4              -0.086      0.027     -3.201      0.001

 FNR4     WITH
    FNR567             0.070      0.027      2.594      0.009

 LOSS12   WITH
    LOSS3              0.051      0.020      2.620      0.009

 LOSS3    WITH
    LOSS4              0.007      0.020      0.332      0.740

 LOSS4    WITH
    LOSS567            0.035      0.019      1.869      0.062

 SLEEP12  WITH
    SLEEP3             0.211      0.043      4.855      0.000

 SLEEP3   WITH
    SLEEP4            -0.032      0.043     -0.748      0.455

 SLEEP4   WITH
    SLEEP567           0.086      0.026      3.269      0.001

 SOMATIC1 WITH
    SOMATIC3           0.254      0.055      4.653      0.000

 SOMATIC3 WITH
    SOMATIC4           0.006      0.041      0.146      0.884

 SOMATIC4 WITH
    SOMATIC567        -0.096      0.043     -2.256      0.024

 PA12     WITH
    PA3                0.087      0.026      3.306      0.001

 PA3      WITH
    PA4                0.002      0.024      0.086      0.931

 PA4      WITH
    PA567              0.024      0.020      1.195      0.232

 Means
    GENERAL12         -0.183      0.054     -3.420      0.001
    THREAT12          -0.174      0.038     -4.548      0.000
    COPE12             0.211      0.040      5.337      0.000
    FNR12             -0.209      0.042     -4.978      0.000
    LOSS12            -0.208      0.035     -5.925      0.000
    SLEEP12           -0.069      0.043     -1.599      0.110
    SOMATIC12          0.003      0.049      0.059      0.953
    PA12               0.189      0.036      5.329      0.000
    GENERAL3          -0.382      0.047     -8.146      0.000
    THREAT3           -0.095      0.044     -2.164      0.030
    COPE3              0.166      0.044      3.806      0.000
    FNR3              -0.143      0.043     -3.318      0.001
    LOSS3             -0.198      0.033     -5.940      0.000
    SLEEP3             0.069      0.056      1.245      0.213
    SOMATIC3          -0.055      0.064     -0.865      0.387
    PA3                0.115      0.045      2.570      0.010
    GENERAL4          -0.286      0.047     -6.093      0.000
    THREAT4           -0.240      0.033     -7.234      0.000
    COPE4              0.245      0.036      6.800      0.000
    FNR4              -0.202      0.036     -5.677      0.000
    LOSS4             -0.294      0.031     -9.490      0.000
    SLEEP4            -0.138      0.039     -3.570      0.000
    SOMATIC4          -0.065      0.040     -1.621      0.105
    PA4                0.256      0.031      8.140      0.000
    GENERAL567        -0.422      0.038    -11.112      0.000
    THREAT567         -0.098      0.030     -3.230      0.001
    COPE567            0.187      0.040      4.724      0.000
    FNR567            -0.168      0.040     -4.220      0.000
    LOSS567           -0.140      0.030     -4.728      0.000
    SLEEP567          -0.089      0.037     -2.390      0.017
    SOMATIC567         0.009      0.054      0.175      0.861
    PA567              0.143      0.034      4.268      0.000

 Variances
    GENERAL12          0.605      0.064      9.485      0.000
    THREAT12           0.297      0.029     10.299      0.000
    COPE12             0.317      0.032     10.009      0.000
    FNR12              0.358      0.036      9.969      0.000
    LOSS12             0.238      0.024      9.758      0.000
    SLEEP12            0.388      0.039     10.029      0.000
    SOMATIC12          0.503      0.049     10.260      0.000
    PA12               0.260      0.025     10.374      0.000
    GENERAL3           0.359      0.044      8.230      0.000
    THREAT3            0.325      0.035      9.228      0.000
    COPE3              0.318      0.036      8.916      0.000
    FNR3               0.313      0.035      8.980      0.000
    LOSS3              0.169      0.022      7.564      0.000
    SLEEP3             0.536      0.060      8.956      0.000
    SOMATIC3           0.700      0.074      9.465      0.000
    PA3                0.333      0.036      9.143      0.000
    GENERAL4           0.398      0.042      9.521      0.000
    THREAT4            0.190      0.021      9.146      0.000
    COPE4              0.228      0.025      9.256      0.000
    FNR4               0.229      0.025      9.155      0.000
    LOSS4              0.166      0.018      9.316      0.000
    SLEEP4             0.252      0.032      7.803      0.000
    SOMATIC4           0.282      0.030      9.338      0.000
    PA4                0.170      0.018      9.313      0.000
    GENERAL567         0.275      0.033      8.461      0.000
    THREAT567          0.221      0.020     11.016      0.000
    COPE567            0.371      0.034     10.897      0.000
    FNR567             0.369      0.034     10.917      0.000
    LOSS567            0.203      0.019     10.419      0.000
    SLEEP567           0.328      0.032     10.179      0.000
    SOMATIC567         0.616      0.058     10.530      0.000
    PA567              0.262      0.025     10.644      0.000

Latent Class 2

 GENERAL1 WITH
    GENERAL3           0.254      0.094      2.706      0.007

 GENERAL3 WITH
    GENERAL4           0.358      0.116      3.097      0.002

 GENERAL4 WITH
    GENERAL567         0.580      0.112      5.169      0.000

 THREAT12 WITH
    THREAT3            0.050      0.039      1.283      0.200

 THREAT3  WITH
    THREAT4            0.122      0.043      2.848      0.004

 THREAT4  WITH
    THREAT567          0.033      0.070      0.474      0.636

 COPE12   WITH
    COPE3              0.173      0.060      2.877      0.004

 COPE3    WITH
    COPE4              0.503      0.115      4.378      0.000

 COPE4    WITH
    COPE567           -0.012      0.097     -0.128      0.898

 FNR12    WITH
    FNR3               0.101      0.049      2.040      0.041

 FNR3     WITH
    FNR4               0.542      0.103      5.266      0.000

 FNR4     WITH
    FNR567            -0.032      0.082     -0.383      0.701

 LOSS12   WITH
    LOSS3              0.435      0.100      4.354      0.000

 LOSS3    WITH
    LOSS4              0.439      0.099      4.413      0.000

 LOSS4    WITH
    LOSS567            0.214      0.078      2.736      0.006

 SLEEP12  WITH
    SLEEP3             0.229      0.094      2.428      0.015

 SLEEP3   WITH
    SLEEP4             0.161      0.110      1.460      0.144

 SLEEP4   WITH
    SLEEP567           0.306      0.107      2.853      0.004

 SOMATIC1 WITH
    SOMATIC3           0.306      0.076      4.036      0.000

 SOMATIC3 WITH
    SOMATIC4          -0.054      0.100     -0.538      0.591

 SOMATIC4 WITH
    SOMATIC567        -0.180      0.112     -1.611      0.107

 PA12     WITH
    PA3                0.071      0.033      2.168      0.030

 PA3      WITH
    PA4                0.142      0.067      2.116      0.034

 PA4      WITH
    PA567             -0.077      0.066     -1.161      0.246

 Means
    GENERAL12          0.628      0.092      6.803      0.000
    THREAT12           0.279      0.057      4.908      0.000
    COPE12            -0.379      0.067     -5.696      0.000
    FNR12              0.344      0.064      5.396      0.000
    LOSS12             0.327      0.086      3.788      0.000
    SLEEP12            0.094      0.079      1.188      0.235
    SOMATIC12         -0.005      0.073     -0.074      0.941
    PA12              -0.265      0.050     -5.347      0.000
    GENERAL3           0.571      0.086      6.646      0.000
    THREAT3            0.185      0.054      3.415      0.001
    COPE3             -0.342      0.084     -4.094      0.000
    FNR3               0.321      0.075      4.273      0.000
    LOSS3              0.211      0.096      2.201      0.028
    SLEEP3             0.017      0.081      0.211      0.833
    SOMATIC3           0.176      0.084      2.096      0.036
    PA3               -0.247      0.057     -4.305      0.000
    GENERAL4           0.380      0.099      3.835      0.000
    THREAT4            0.387      0.068      5.647      0.000
    COPE4             -0.411      0.098     -4.218      0.000
    FNR4               0.360      0.091      3.934      0.000
    LOSS4              0.513      0.089      5.736      0.000
    SLEEP4             0.271      0.090      2.991      0.003
    SOMATIC4           0.121      0.103      1.178      0.239
    PA4               -0.444      0.083     -5.320      0.000
    GENERAL567         0.433      0.076      5.666      0.000
    THREAT567          0.151      0.066      2.300      0.021
    COPE567           -0.273      0.061     -4.489      0.000
    FNR567             0.288      0.060      4.836      0.000
    LOSS567            0.246      0.070      3.500      0.000
    SLEEP567           0.209      0.070      2.986      0.003
    SOMATIC567        -0.007      0.074     -0.091      0.928
    PA567             -0.182      0.055     -3.295      0.001

 Variances
    GENERAL12          0.956      0.122      7.809      0.000
    THREAT12           0.375      0.049      7.661      0.000
    COPE12             0.520      0.068      7.700      0.000
    FNR12              0.454      0.067      6.746      0.000
    LOSS12             0.909      0.118      7.725      0.000
    SLEEP12            0.738      0.095      7.728      0.000
    SOMATIC12          0.629      0.081      7.811      0.000
    PA12               0.290      0.038      7.725      0.000
    GENERAL3           0.691      0.099      6.956      0.000
    THREAT3            0.263      0.039      6.766      0.000
    COPE3              0.736      0.109      6.732      0.000
    FNR3               0.620      0.097      6.396      0.000
    LOSS3              0.978      0.125      7.845      0.000
    SLEEP3             0.623      0.093      6.677      0.000
    SOMATIC3           0.652      0.092      7.102      0.000
    PA3                0.305      0.045      6.768      0.000
    GENERAL4           1.139      0.155      7.361      0.000
    THREAT4            0.449      0.064      7.053      0.000
    COPE4              1.019      0.141      7.220      0.000
    FNR4               0.956      0.130      7.337      0.000
    LOSS4              0.824      0.112      7.325      0.000
    SLEEP4             0.831      0.119      7.011      0.000
    SOMATIC4           1.035      0.147      7.041      0.000
    PA4                0.685      0.099      6.932      0.000
    GENERAL567         0.883      0.103      8.612      0.000
    THREAT567          0.644      0.075      8.611      0.000
    COPE567            0.525      0.061      8.636      0.000
    FNR567             0.489      0.058      8.446      0.000
    LOSS567            0.736      0.085      8.669      0.000
    SLEEP567           0.727      0.084      8.626      0.000
    SOMATIC567         0.680      0.084      8.107      0.000
    PA567              0.433      0.051      8.453      0.000

Categorical Latent Variables

 Means
    CLASS#1            0.470      0.104      4.535      0.000


STANDARDIZED MODEL RESULTS


STDYX Standardization

                                                    Two-Tailed
                    Estimate       S.E.  Est./S.E.    P-Value

Latent Class 1

 GENERAL1 WITH
    GENERAL3           0.631      0.063     10.011      0.000

 GENERAL3 WITH
    GENERAL4           0.139      0.097      1.434      0.152

 GENERAL4 WITH
    GENERAL567         0.342      0.086      3.986      0.000

 THREAT12 WITH
    THREAT3            0.384      0.077      4.994      0.000

 THREAT3  WITH
    THREAT4            0.118      0.110      1.074      0.283

 THREAT4  WITH
    THREAT567          0.003      0.088      0.029      0.977

 COPE12   WITH
    COPE3              0.437      0.090      4.858      0.000

 COPE3    WITH
    COPE4             -0.167      0.099     -1.691      0.091

 COPE4    WITH
    COPE567            0.225      0.090      2.492      0.013

 FNR12    WITH
    FNR3               0.395      0.086      4.603      0.000

 FNR3     WITH
    FNR4              -0.322      0.092     -3.501      0.000

 FNR4     WITH
    FNR567             0.240      0.087      2.757      0.006

 LOSS12   WITH
    LOSS3              0.256      0.092      2.771      0.006

 LOSS3    WITH
    LOSS4              0.040      0.121      0.332      0.740

 LOSS4    WITH
    LOSS567            0.192      0.100      1.921      0.055

 SLEEP12  WITH
    SLEEP3             0.463      0.076      6.052      0.000

 SLEEP3   WITH
    SLEEP4            -0.087      0.115     -0.753      0.452

 SLEEP4   WITH
    SLEEP567           0.300      0.082      3.663      0.000

 SOMATIC1 WITH
    SOMATIC3           0.429      0.078      5.470      0.000

 SOMATIC3 WITH
    SOMATIC4           0.014      0.093      0.146      0.884

 SOMATIC4 WITH
    SOMATIC567        -0.231      0.098     -2.361      0.018

 PA12     WITH
    PA3                0.296      0.082      3.603      0.000

 PA3      WITH
    PA4                0.009      0.101      0.086      0.931

 PA4      WITH
    PA567              0.115      0.096      1.202      0.229

 Means
    GENERAL12         -0.235      0.072     -3.284      0.001
    THREAT12          -0.320      0.073     -4.377      0.000
    COPE12             0.375      0.074      5.057      0.000
    FNR12             -0.349      0.072     -4.837      0.000
    LOSS12            -0.426      0.075     -5.685      0.000
    SLEEP12           -0.110      0.069     -1.588      0.112
    SOMATIC12          0.004      0.068      0.059      0.953
    PA12               0.372      0.073      5.114      0.000
    GENERAL3          -0.636      0.093     -6.812      0.000
    THREAT3           -0.166      0.077     -2.151      0.031
    COPE3              0.295      0.080      3.694      0.000
    FNR3              -0.255      0.078     -3.267      0.001
    LOSS3             -0.483      0.085     -5.657      0.000
    SLEEP3             0.095      0.076      1.250      0.211
    SOMATIC3          -0.066      0.076     -0.863      0.388
    PA3                0.200      0.079      2.539      0.011
    GENERAL4          -0.453      0.078     -5.774      0.000
    THREAT4           -0.551      0.083     -6.619      0.000
    COPE4              0.513      0.081      6.311      0.000
    FNR4              -0.422      0.079     -5.366      0.000
    LOSS4             -0.721      0.087     -8.319      0.000
    SLEEP4            -0.275      0.082     -3.351      0.001
    SOMATIC4          -0.121      0.075     -1.617      0.106
    PA4                0.622      0.085      7.343      0.000
    GENERAL567        -0.804      0.099     -8.096      0.000
    THREAT567         -0.208      0.065     -3.192      0.001
    COPE567            0.307      0.067      4.565      0.000
    FNR567            -0.276      0.067     -4.110      0.000
    LOSS567           -0.310      0.068     -4.557      0.000
    SLEEP567          -0.156      0.066     -2.345      0.019
    SOMATIC567         0.012      0.068      0.175      0.861
    PA567              0.280      0.067      4.154      0.000

 Variances
    GENERAL12          1.000      0.000    999.000    999.000
    THREAT12           1.000      0.000    999.000    999.000
    COPE12             1.000      0.000    999.000    999.000
    FNR12              1.000      0.000    999.000    999.000
    LOSS12             1.000      0.000    999.000    999.000
    SLEEP12            1.000      0.000    999.000    999.000
    SOMATIC12          1.000      0.000    999.000    999.000
    PA12               1.000      0.000    999.000    999.000
    GENERAL3           1.000      0.000    999.000    999.000
    THREAT3            1.000      0.000    999.000    999.000
    COPE3              1.000      0.000    999.000    999.000
    FNR3               1.000      0.000    999.000    999.000
    LOSS3              1.000      0.000    999.000    999.000
    SLEEP3             1.000      0.000    999.000    999.000
    SOMATIC3           1.000      0.000    999.000    999.000
    PA3                1.000      0.000    999.000    999.000
    GENERAL4           1.000      0.000    999.000    999.000
    THREAT4            1.000      0.000    999.000    999.000
    COPE4              1.000      0.000    999.000    999.000
    FNR4               1.000      0.000    999.000    999.000
    LOSS4              1.000      0.000    999.000    999.000
    SLEEP4             1.000      0.000    999.000    999.000
    SOMATIC4           1.000      0.000    999.000    999.000
    PA4                1.000      0.000    999.000    999.000
    GENERAL567         1.000      0.000    999.000    999.000
    THREAT567          1.000      0.000    999.000    999.000
    COPE567            1.000      0.000    999.000    999.000
    FNR567             1.000      0.000    999.000    999.000
    LOSS567            1.000      0.000    999.000    999.000
    SLEEP567           1.000      0.000    999.000    999.000
    SOMATIC567         1.000      0.000    999.000    999.000
    PA567              1.000      0.000    999.000    999.000

Latent Class 2

 GENERAL1 WITH
    GENERAL3           0.313      0.108      2.885      0.004

 GENERAL3 WITH
    GENERAL4           0.403      0.115      3.496      0.000

 GENERAL4 WITH
    GENERAL567         0.578      0.080      7.229      0.000

 THREAT12 WITH
    THREAT3            0.160      0.122      1.308      0.191

 THREAT3  WITH
    THREAT4            0.355      0.113      3.135      0.002

 THREAT4  WITH
    THREAT567          0.062      0.130      0.475      0.635

 COPE12   WITH
    COPE3              0.279      0.090      3.087      0.002

 COPE3    WITH
    COPE4              0.581      0.098      5.906      0.000

 COPE4    WITH
    COPE567           -0.017      0.133     -0.128      0.898

 FNR12    WITH
    FNR3               0.190      0.091      2.087      0.037

 FNR3     WITH
    FNR4               0.704      0.080      8.770      0.000

 FNR4     WITH
    FNR567            -0.046      0.120     -0.385      0.700

 LOSS12   WITH
    LOSS3              0.461      0.088      5.225      0.000

 LOSS3    WITH
    LOSS4              0.489      0.091      5.349      0.000

 LOSS4    WITH
    LOSS567            0.275      0.095      2.906      0.004

 SLEEP12  WITH
    SLEEP3             0.338      0.127      2.666      0.008

 SLEEP3   WITH
    SLEEP4             0.223      0.151      1.484      0.138

 SLEEP4   WITH
    SLEEP567           0.394      0.124      3.191      0.001

 SOMATIC1 WITH
    SOMATIC3           0.477      0.097      4.921      0.000

 SOMATIC3 WITH
    SOMATIC4          -0.066      0.122     -0.539      0.590

 SOMATIC4 WITH
    SOMATIC567        -0.215      0.129     -1.664      0.096

 PA12     WITH
    PA3                0.238      0.104      2.284      0.022

 PA3      WITH
    PA4                0.312      0.137      2.271      0.023

 PA4      WITH
    PA567             -0.141      0.119     -1.185      0.236

 Means
    GENERAL12          0.642      0.101      6.350      0.000
    THREAT12           0.456      0.098      4.631      0.000
    COPE12            -0.526      0.099     -5.285      0.000
    FNR12              0.510      0.106      4.796      0.000
    LOSS12             0.343      0.094      3.645      0.000
    SLEEP12            0.109      0.092      1.187      0.235
    SOMATIC12         -0.007      0.092     -0.074      0.941
    PA12              -0.492      0.098     -5.029      0.000
    GENERAL3           0.687      0.117      5.853      0.000
    THREAT3            0.361      0.109      3.303      0.001
    COPE3             -0.399      0.099     -4.010      0.000
    FNR3               0.408      0.099      4.130      0.000
    LOSS3              0.213      0.099      2.166      0.030
    SLEEP3             0.022      0.103      0.211      0.833
    SOMATIC3           0.218      0.105      2.069      0.039
    PA3               -0.448      0.109     -4.095      0.000
    GENERAL4           0.356      0.094      3.773      0.000
    THREAT4            0.577      0.109      5.310      0.000
    COPE4             -0.407      0.101     -4.041      0.000
    FNR4               0.368      0.097      3.806      0.000
    LOSS4              0.565      0.106      5.326      0.000
    SLEEP4             0.297      0.100      2.970      0.003
    SOMATIC4           0.119      0.101      1.176      0.240
    PA4               -0.536      0.107     -4.994      0.000
    GENERAL567         0.461      0.086      5.337      0.000
    THREAT567          0.188      0.082      2.284      0.022
    COPE567           -0.376      0.087     -4.343      0.000
    FNR567             0.412      0.090      4.588      0.000
    LOSS567            0.287      0.083      3.451      0.001
    SLEEP567           0.246      0.083      2.972      0.003
    SOMATIC567        -0.008      0.090     -0.091      0.928
    PA567             -0.277      0.086     -3.215      0.001

 Variances
    GENERAL12          1.000      0.000    999.000    999.000
    THREAT12           1.000      0.000    999.000    999.000
    COPE12             1.000      0.000    999.000    999.000
    FNR12              1.000      0.000    999.000    999.000
    LOSS12             1.000      0.000    999.000    999.000
    SLEEP12            1.000      0.000    999.000    999.000
    SOMATIC12          1.000      0.000    999.000    999.000
    PA12               1.000      0.000    999.000    999.000
    GENERAL3           1.000      0.000    999.000    999.000
    THREAT3            1.000      0.000    999.000    999.000
    COPE3              1.000      0.000    999.000    999.000
    FNR3               1.000      0.000    999.000    999.000
    LOSS3              1.000      0.000    999.000    999.000
    SLEEP3             1.000      0.000    999.000    999.000
    SOMATIC3           1.000      0.000    999.000    999.000
    PA3                1.000      0.000    999.000    999.000
    GENERAL4           1.000      0.000    999.000    999.000
    THREAT4            1.000      0.000    999.000    999.000
    COPE4              1.000      0.000    999.000    999.000
    FNR4               1.000      0.000    999.000    999.000
    LOSS4              1.000      0.000    999.000    999.000
    SLEEP4             1.000      0.000    999.000    999.000
    SOMATIC4           1.000      0.000    999.000    999.000
    PA4                1.000      0.000    999.000    999.000
    GENERAL567         1.000      0.000    999.000    999.000
    THREAT567          1.000      0.000    999.000    999.000
    COPE567            1.000      0.000    999.000    999.000
    FNR567             1.000      0.000    999.000    999.000
    LOSS567            1.000      0.000    999.000    999.000
    SLEEP567           1.000      0.000    999.000    999.000
    SOMATIC567         1.000      0.000    999.000    999.000
    PA567              1.000      0.000    999.000    999.000


R-SQUARE

Class 1

Class 2


QUALITY OF NUMERICAL RESULTS

     Condition Number for the Information Matrix              0.127E-04
       (ratio of smallest to largest eigenvalue)


PLOT INFORMATION

The following plots are available:

  Histograms (sample values)
  Scatterplots (sample values)
  Sample means
  Estimated means, medians, modes, and percentiles
  Sample and estimated means
  Observed individual values
  Estimated means and observed individual values
  Estimated overall and class-specific distributions

     Beginning Time:  14:59:09
        Ending Time:  17:11:12
       Elapsed Time:  02:12:03



MUTHEN & MUTHEN
3463 Stoner Ave.
Los Angeles, CA  90066

Tel: (310) 391-9971
Fax: (310) 391-8971
Web: www.StatModel.com
Support: Support@StatModel.com

Copyright (c) 1998-2019 Muthen & Muthen
